mode: set
goldbox-rpg/cmd/server/main.go:11.13,14.16 2 0
goldbox-rpg/cmd/server/main.go:14.16,16.3 1 0
goldbox-rpg/cmd/server/main.go:18.2,22.16 3 0
goldbox-rpg/cmd/server/main.go:22.16,24.3 1 0
goldbox-rpg/cmd/server/main.go:25.2,26.16 2 0
goldbox-rpg/cmd/server/main.go:26.16,28.3 1 0
goldbox-rpg/cmd/server/main.go:31.2,32.47 2 0
goldbox-rpg/cmd/server/main.go:32.47,34.3 1 0
goldbox-rpg/pkg/config/loader.go:27.54,29.16 2 1
goldbox-rpg/pkg/config/loader.go:29.16,31.3 1 1
goldbox-rpg/pkg/config/loader.go:33.2,34.53 2 1
goldbox-rpg/pkg/config/loader.go:34.53,36.3 1 1
goldbox-rpg/pkg/config/loader.go:38.2,38.19 1 1
goldbox-rpg/pkg/pcg/manager.go:27.74,28.19 1 0
goldbox-rpg/pkg/pcg/manager.go:28.19,30.3 1 0
goldbox-rpg/pkg/pcg/manager.go:32.2,46.3 6 0
goldbox-rpg/pkg/pcg/manager.go:50.55,53.2 2 0
goldbox-rpg/pkg/pcg/manager.go:56.58,64.2 2 0
goldbox-rpg/pkg/pcg/manager.go:67.160,69.15 2 0
goldbox-rpg/pkg/pcg/manager.go:69.15,77.3 3 0
goldbox-rpg/pkg/pcg/manager.go:79.2,101.16 6 0
goldbox-rpg/pkg/pcg/manager.go:101.16,103.3 1 0
goldbox-rpg/pkg/pcg/manager.go:105.2,105.21 1 0
goldbox-rpg/pkg/pcg/manager.go:109.176,111.15 2 0
goldbox-rpg/pkg/pcg/manager.go:111.15,120.3 3 0
goldbox-rpg/pkg/pcg/manager.go:122.2,142.16 4 0
goldbox-rpg/pkg/pcg/manager.go:142.16,144.3 1 0
goldbox-rpg/pkg/pcg/manager.go:146.2,146.19 1 0
goldbox-rpg/pkg/pcg/manager.go:150.161,170.2 2 0
goldbox-rpg/pkg/pcg/manager.go:173.140,191.2 2 0
goldbox-rpg/pkg/pcg/manager.go:194.97,195.29 1 0
goldbox-rpg/pkg/pcg/manager.go:196.21,197.47 1 0
goldbox-rpg/pkg/pcg/manager.go:198.18,199.44 1 0
goldbox-rpg/pkg/pcg/manager.go:200.19,201.45 1 0
goldbox-rpg/pkg/pcg/manager.go:202.19,203.45 1 0
goldbox-rpg/pkg/pcg/manager.go:204.10,205.81 1 0
goldbox-rpg/pkg/pcg/manager.go:210.96,213.16 2 0
goldbox-rpg/pkg/pcg/manager.go:213.16,215.3 1 0
goldbox-rpg/pkg/pcg/manager.go:217.2,217.33 1 0
goldbox-rpg/pkg/pcg/manager.go:217.33,219.3 1 0
goldbox-rpg/pkg/pcg/manager.go:222.2,222.36 1 0
goldbox-rpg/pkg/pcg/manager.go:222.36,227.3 1 0
goldbox-rpg/pkg/pcg/manager.go:230.2,230.29 1 0
goldbox-rpg/pkg/pcg/manager.go:231.19,232.52 1 0
goldbox-rpg/pkg/pcg/manager.go:233.18,234.51 1 0
goldbox-rpg/pkg/pcg/manager.go:235.20,236.26 1 0
goldbox-rpg/pkg/pcg/manager.go:236.26,237.71 1 0
goldbox-rpg/pkg/pcg/manager.go:237.71,239.5 1 0
goldbox-rpg/pkg/pcg/manager.go:241.3,241.13 1 0
goldbox-rpg/pkg/pcg/manager.go:242.10,243.77 1 0
goldbox-rpg/pkg/pcg/manager.go:248.139,258.21 4 0
goldbox-rpg/pkg/pcg/manager.go:259.26,260.88 1 0
goldbox-rpg/pkg/pcg/manager.go:261.24,262.97 1 0
goldbox-rpg/pkg/pcg/manager.go:263.25,264.84 1 0
goldbox-rpg/pkg/pcg/manager.go:265.25,266.80 1 0
goldbox-rpg/pkg/pcg/manager.go:267.10,268.87 1 0
goldbox-rpg/pkg/pcg/manager.go:273.73,286.2 5 0
goldbox-rpg/pkg/pcg/manager.go:289.48,291.2 1 0
goldbox-rpg/pkg/pcg/manager.go:294.56,296.2 1 0
goldbox-rpg/pkg/pcg/manager.go:299.39,302.2 2 0
goldbox-rpg/pkg/pcg/manager.go:306.92,319.2 3 0
goldbox-rpg/pkg/pcg/manager.go:321.89,323.30 1 0
goldbox-rpg/pkg/pcg/manager.go:323.30,325.3 1 0
goldbox-rpg/pkg/pcg/manager.go:327.2,330.35 2 0
goldbox-rpg/pkg/pcg/manager.go:330.35,331.61 1 0
goldbox-rpg/pkg/pcg/manager.go:331.61,336.4 1 0
goldbox-rpg/pkg/pcg/manager.go:339.2,346.12 2 0
goldbox-rpg/pkg/pcg/manager.go:351.75,361.2 1 0
goldbox-rpg/pkg/pcg/manager.go:363.67,366.2 1 0
goldbox-rpg/pkg/pcg/manager.go:368.51,369.22 1 0
goldbox-rpg/pkg/pcg/manager.go:369.22,371.3 1 0
goldbox-rpg/pkg/pcg/manager.go:374.2,374.33 1 0
goldbox-rpg/pkg/pcg/manager.go:374.33,376.3 1 0
goldbox-rpg/pkg/pcg/manager.go:378.2,381.43 3 0
goldbox-rpg/pkg/pcg/manager.go:381.43,383.33 1 0
goldbox-rpg/pkg/pcg/manager.go:383.33,386.4 2 0
goldbox-rpg/pkg/pcg/manager.go:389.2,389.16 1 0
goldbox-rpg/pkg/pcg/manager.go:389.16,391.3 1 0
goldbox-rpg/pkg/pcg/manager.go:393.2,393.27 1 0
goldbox-rpg/pkg/pcg/manager.go:397.115,400.16 2 0
goldbox-rpg/pkg/pcg/manager.go:400.16,402.3 1 0
goldbox-rpg/pkg/pcg/manager.go:404.2,404.21 1 0
goldbox-rpg/pkg/pcg/manager.go:405.16,407.58 2 0
goldbox-rpg/pkg/pcg/manager.go:407.58,409.4 1 0
goldbox-rpg/pkg/pcg/manager.go:410.3,410.21 1 0
goldbox-rpg/pkg/pcg/manager.go:411.15,413.57 2 0
goldbox-rpg/pkg/pcg/manager.go:413.57,415.4 1 0
goldbox-rpg/pkg/pcg/manager.go:416.3,416.20 1 0
goldbox-rpg/pkg/pcg/manager.go:417.16,419.58 2 0
goldbox-rpg/pkg/pcg/manager.go:419.58,421.4 1 0
goldbox-rpg/pkg/pcg/manager.go:422.3,422.21 1 0
goldbox-rpg/pkg/pcg/manager.go:423.14,425.60 2 0
goldbox-rpg/pkg/pcg/manager.go:425.60,427.4 1 0
goldbox-rpg/pkg/pcg/manager.go:428.3,428.23 1 0
goldbox-rpg/pkg/pcg/manager.go:429.10,430.85 1 0
goldbox-rpg/pkg/pcg/manager.go:435.125,437.60 1 0
goldbox-rpg/pkg/pcg/manager.go:437.60,439.17 2 0
goldbox-rpg/pkg/pcg/manager.go:439.17,441.4 1 0
goldbox-rpg/pkg/pcg/manager.go:442.3,442.29 1 0
goldbox-rpg/pkg/pcg/manager.go:445.2,445.46 1 0
goldbox-rpg/pkg/pcg/metrics.go:20.48,26.2 1 1
goldbox-rpg/pkg/pcg/metrics.go:29.96,37.63 5 1
goldbox-rpg/pkg/pcg/metrics.go:37.63,40.3 2 1
goldbox-rpg/pkg/pcg/metrics.go:40.8,42.3 1 1
goldbox-rpg/pkg/pcg/metrics.go:46.67,51.2 3 1
goldbox-rpg/pkg/pcg/metrics.go:54.47,59.2 3 1
goldbox-rpg/pkg/pcg/metrics.go:62.48,67.2 3 1
goldbox-rpg/pkg/pcg/metrics.go:70.64,82.2 3 1
goldbox-rpg/pkg/pcg/metrics.go:85.80,90.2 3 1
goldbox-rpg/pkg/pcg/metrics.go:93.86,98.2 3 1
goldbox-rpg/pkg/pcg/metrics.go:101.75,106.2 3 1
goldbox-rpg/pkg/pcg/metrics.go:109.57,114.16 4 1
goldbox-rpg/pkg/pcg/metrics.go:114.16,116.3 1 1
goldbox-rpg/pkg/pcg/metrics.go:118.2,118.55 1 1
goldbox-rpg/pkg/pcg/metrics.go:122.38,132.2 8 1
goldbox-rpg/pkg/pcg/registry.go:22.51,23.19 1 0
goldbox-rpg/pkg/pcg/registry.go:23.19,25.3 1 0
goldbox-rpg/pkg/pcg/registry.go:27.2,30.3 1 0
goldbox-rpg/pkg/pcg/registry.go:35.78,42.38 4 0
goldbox-rpg/pkg/pcg/registry.go:42.38,44.3 1 0
goldbox-rpg/pkg/pcg/registry.go:47.2,47.58 1 0
goldbox-rpg/pkg/pcg/registry.go:47.58,49.3 1 0
goldbox-rpg/pkg/pcg/registry.go:51.2,59.12 3 0
goldbox-rpg/pkg/pcg/registry.go:63.84,67.38 3 0
goldbox-rpg/pkg/pcg/registry.go:67.38,69.3 1 0
goldbox-rpg/pkg/pcg/registry.go:71.2,71.59 1 0
goldbox-rpg/pkg/pcg/registry.go:71.59,73.3 1 0
goldbox-rpg/pkg/pcg/registry.go:75.2,82.12 3 0
goldbox-rpg/pkg/pcg/registry.go:86.90,90.38 3 0
goldbox-rpg/pkg/pcg/registry.go:90.38,92.3 1 0
goldbox-rpg/pkg/pcg/registry.go:94.2,95.13 2 0
goldbox-rpg/pkg/pcg/registry.go:95.13,97.3 1 0
goldbox-rpg/pkg/pcg/registry.go:99.2,99.23 1 0
goldbox-rpg/pkg/pcg/registry.go:103.69,107.38 3 0
goldbox-rpg/pkg/pcg/registry.go:107.38,109.3 1 0
goldbox-rpg/pkg/pcg/registry.go:111.2,112.46 2 0
goldbox-rpg/pkg/pcg/registry.go:112.46,114.3 1 0
goldbox-rpg/pkg/pcg/registry.go:116.2,116.14 1 0
goldbox-rpg/pkg/pcg/registry.go:120.65,125.52 4 0
goldbox-rpg/pkg/pcg/registry.go:125.52,127.32 2 0
goldbox-rpg/pkg/pcg/registry.go:127.32,129.4 1 0
goldbox-rpg/pkg/pcg/registry.go:130.3,130.30 1 0
goldbox-rpg/pkg/pcg/registry.go:133.2,133.15 1 0
goldbox-rpg/pkg/pcg/registry.go:137.150,139.16 2 0
goldbox-rpg/pkg/pcg/registry.go:139.16,141.3 1 0
goldbox-rpg/pkg/pcg/registry.go:144.2,144.51 1 0
goldbox-rpg/pkg/pcg/registry.go:144.51,146.3 1 0
goldbox-rpg/pkg/pcg/registry.go:148.2,159.12 4 0
goldbox-rpg/pkg/pcg/registry.go:159.12,161.17 2 0
goldbox-rpg/pkg/pcg/registry.go:161.17,164.4 2 0
goldbox-rpg/pkg/pcg/registry.go:165.3,165.23 1 0
goldbox-rpg/pkg/pcg/registry.go:168.2,168.9 1 0
goldbox-rpg/pkg/pcg/registry.go:169.30,174.21 2 0
goldbox-rpg/pkg/pcg/registry.go:176.26,182.18 2 0
goldbox-rpg/pkg/pcg/registry.go:184.20,189.24 2 0
goldbox-rpg/pkg/pcg/registry.go:200.69,205.2 1 0
goldbox-rpg/pkg/pcg/registry.go:208.123,210.16 2 0
goldbox-rpg/pkg/pcg/registry.go:210.16,212.3 1 0
goldbox-rpg/pkg/pcg/registry.go:214.2,215.9 2 0
goldbox-rpg/pkg/pcg/registry.go:215.9,217.3 1 0
goldbox-rpg/pkg/pcg/registry.go:219.2,219.21 1 0
goldbox-rpg/pkg/pcg/registry.go:223.117,225.16 2 0
goldbox-rpg/pkg/pcg/registry.go:225.16,227.3 1 0
goldbox-rpg/pkg/pcg/registry.go:230.2,230.28 1 0
goldbox-rpg/pkg/pcg/registry.go:231.18,232.30 1 0
goldbox-rpg/pkg/pcg/registry.go:233.20,234.16 1 0
goldbox-rpg/pkg/pcg/registry.go:235.19,237.20 2 0
goldbox-rpg/pkg/pcg/registry.go:237.20,239.4 1 0
goldbox-rpg/pkg/pcg/registry.go:240.3,240.20 1 0
goldbox-rpg/pkg/pcg/registry.go:241.10,242.80 1 0
goldbox-rpg/pkg/pcg/registry.go:247.117,249.16 2 0
goldbox-rpg/pkg/pcg/registry.go:249.16,251.3 1 0
goldbox-rpg/pkg/pcg/registry.go:253.2,254.9 2 0
goldbox-rpg/pkg/pcg/registry.go:254.9,256.3 1 0
goldbox-rpg/pkg/pcg/registry.go:258.2,258.19 1 0
goldbox-rpg/pkg/pcg/registry.go:262.117,264.16 2 0
goldbox-rpg/pkg/pcg/registry.go:264.16,266.3 1 0
goldbox-rpg/pkg/pcg/registry.go:268.2,269.9 2 0
goldbox-rpg/pkg/pcg/registry.go:269.9,271.3 1 0
goldbox-rpg/pkg/pcg/registry.go:273.2,273.19 1 0
goldbox-rpg/pkg/pcg/registry.go:277.58,284.2 2 0
goldbox-rpg/pkg/pcg/seed.go:19.50,20.19 1 0
goldbox-rpg/pkg/pcg/seed.go:20.19,22.3 1 0
goldbox-rpg/pkg/pcg/seed.go:24.2,27.3 1 0
goldbox-rpg/pkg/pcg/seed.go:31.44,33.2 1 0
goldbox-rpg/pkg/pcg/seed.go:38.86,41.54 2 0
goldbox-rpg/pkg/pcg/seed.go:41.54,43.3 1 0
goldbox-rpg/pkg/pcg/seed.go:46.2,54.13 6 0
goldbox-rpg/pkg/pcg/seed.go:59.91,69.45 3 0
goldbox-rpg/pkg/pcg/seed.go:69.45,71.3 1 0
goldbox-rpg/pkg/pcg/seed.go:73.2,76.49 3 0
goldbox-rpg/pkg/pcg/seed.go:81.108,86.2 3 0
goldbox-rpg/pkg/pcg/seed.go:90.84,101.2 6 0
goldbox-rpg/pkg/pcg/seed.go:110.57,115.2 1 0
goldbox-rpg/pkg/pcg/seed.go:118.55,122.48 3 0
goldbox-rpg/pkg/pcg/seed.go:122.48,124.3 1 0
goldbox-rpg/pkg/pcg/seed.go:137.131,147.2 2 0
goldbox-rpg/pkg/pcg/seed.go:150.65,151.49 1 0
goldbox-rpg/pkg/pcg/seed.go:151.49,153.3 1 0
goldbox-rpg/pkg/pcg/seed.go:155.2,157.15 3 0
goldbox-rpg/pkg/pcg/seed.go:162.54,163.16 1 0
goldbox-rpg/pkg/pcg/seed.go:163.16,165.3 1 0
goldbox-rpg/pkg/pcg/seed.go:166.2,166.31 1 0
goldbox-rpg/pkg/pcg/seed.go:170.71,172.29 2 0
goldbox-rpg/pkg/pcg/seed.go:172.29,174.3 1 0
goldbox-rpg/pkg/pcg/seed.go:175.2,175.16 1 0
goldbox-rpg/pkg/pcg/seed.go:179.64,181.29 2 0
goldbox-rpg/pkg/pcg/seed.go:181.29,183.3 1 0
goldbox-rpg/pkg/pcg/seed.go:184.2,184.14 1 0
goldbox-rpg/pkg/pcg/seed.go:188.68,189.23 1 0
goldbox-rpg/pkg/pcg/seed.go:189.23,191.3 1 0
goldbox-rpg/pkg/pcg/seed.go:192.2,192.43 1 0
goldbox-rpg/pkg/pcg/seed.go:196.52,198.2 1 0
goldbox-rpg/pkg/pcg/seed.go:201.73,203.2 1 0
goldbox-rpg/pkg/pcg/seed.go:206.63,207.16 1 0
goldbox-rpg/pkg/pcg/seed.go:207.16,209.3 1 0
goldbox-rpg/pkg/pcg/seed.go:210.2,210.37 1 0
goldbox-rpg/pkg/pcg/seed.go:214.89,215.55 1 0
goldbox-rpg/pkg/pcg/seed.go:215.55,217.3 1 0
goldbox-rpg/pkg/pcg/seed.go:220.2,221.33 2 0
goldbox-rpg/pkg/pcg/seed.go:221.33,223.3 1 0
goldbox-rpg/pkg/pcg/seed.go:225.2,225.22 1 0
goldbox-rpg/pkg/pcg/seed.go:225.22,227.3 1 0
goldbox-rpg/pkg/pcg/seed.go:230.2,234.33 3 0
goldbox-rpg/pkg/pcg/seed.go:234.33,236.35 2 0
goldbox-rpg/pkg/pcg/seed.go:236.35,238.4 1 0
goldbox-rpg/pkg/pcg/seed.go:242.2,242.32 1 0
goldbox-rpg/pkg/pcg/types.go:157.44,159.2 1 0
goldbox-rpg/pkg/pcg/types.go:162.53,167.2 1 0
goldbox-rpg/pkg/pcg/validation.go:18.44,20.2 1 0
goldbox-rpg/pkg/pcg/validation.go:23.48,25.2 1 0
goldbox-rpg/pkg/pcg/validation.go:28.54,31.2 2 0
goldbox-rpg/pkg/pcg/validation.go:34.56,36.2 1 0
goldbox-rpg/pkg/pcg/validation.go:39.60,42.18 3 0
goldbox-rpg/pkg/pcg/validation.go:42.18,44.3 1 0
goldbox-rpg/pkg/pcg/validation.go:53.47,57.2 1 0
goldbox-rpg/pkg/pcg/validation.go:60.89,66.53 2 0
goldbox-rpg/pkg/pcg/validation.go:66.53,68.3 1 0
goldbox-rpg/pkg/pcg/validation.go:71.2,71.55 1 0
goldbox-rpg/pkg/pcg/validation.go:71.55,73.3 1 0
goldbox-rpg/pkg/pcg/validation.go:76.2,76.25 1 0
goldbox-rpg/pkg/pcg/validation.go:76.25,78.3 1 0
goldbox-rpg/pkg/pcg/validation.go:80.2,80.15 1 0
goldbox-rpg/pkg/pcg/validation.go:84.83,94.41 4 0
goldbox-rpg/pkg/pcg/validation.go:94.41,95.37 1 0
goldbox-rpg/pkg/pcg/validation.go:95.37,97.9 2 0
goldbox-rpg/pkg/pcg/validation.go:100.2,100.12 1 0
goldbox-rpg/pkg/pcg/validation.go:100.12,102.3 1 0
goldbox-rpg/pkg/pcg/validation.go:105.2,105.50 1 0
goldbox-rpg/pkg/pcg/validation.go:105.50,107.3 1 0
goldbox-rpg/pkg/pcg/validation.go:110.2,110.56 1 0
goldbox-rpg/pkg/pcg/validation.go:110.56,112.3 1 0
goldbox-rpg/pkg/pcg/validation.go:115.2,115.54 1 0
goldbox-rpg/pkg/pcg/validation.go:115.54,117.3 1 0
goldbox-rpg/pkg/pcg/validation.go:119.2,119.15 1 0
goldbox-rpg/pkg/pcg/validation.go:123.77,134.44 4 0
goldbox-rpg/pkg/pcg/validation.go:134.44,135.38 1 0
goldbox-rpg/pkg/pcg/validation.go:135.38,137.9 2 0
goldbox-rpg/pkg/pcg/validation.go:140.2,140.15 1 0
goldbox-rpg/pkg/pcg/validation.go:140.15,142.3 1 0
goldbox-rpg/pkg/pcg/validation.go:145.2,146.44 2 0
goldbox-rpg/pkg/pcg/validation.go:146.44,147.38 1 0
goldbox-rpg/pkg/pcg/validation.go:147.38,149.9 2 0
goldbox-rpg/pkg/pcg/validation.go:152.2,152.15 1 0
goldbox-rpg/pkg/pcg/validation.go:152.15,154.3 1 0
goldbox-rpg/pkg/pcg/validation.go:157.2,157.66 1 0
goldbox-rpg/pkg/pcg/validation.go:157.66,159.3 1 0
goldbox-rpg/pkg/pcg/validation.go:162.2,162.60 1 0
goldbox-rpg/pkg/pcg/validation.go:162.60,164.3 1 0
goldbox-rpg/pkg/pcg/validation.go:166.2,166.15 1 0
goldbox-rpg/pkg/pcg/validation.go:170.79,174.25 2 0
goldbox-rpg/pkg/pcg/validation.go:174.25,176.3 1 0
goldbox-rpg/pkg/pcg/validation.go:178.2,178.39 1 0
goldbox-rpg/pkg/pcg/validation.go:178.39,180.3 1 0
goldbox-rpg/pkg/pcg/validation.go:182.2,182.27 1 0
goldbox-rpg/pkg/pcg/validation.go:182.27,184.3 1 0
goldbox-rpg/pkg/pcg/validation.go:187.2,187.28 1 0
goldbox-rpg/pkg/pcg/validation.go:187.28,189.3 1 0
goldbox-rpg/pkg/pcg/validation.go:191.2,191.44 1 0
goldbox-rpg/pkg/pcg/validation.go:191.44,193.3 1 0
goldbox-rpg/pkg/pcg/validation.go:195.2,195.15 1 0
goldbox-rpg/pkg/pcg/validation.go:199.78,202.20 2 0
goldbox-rpg/pkg/pcg/validation.go:202.20,205.3 2 0
goldbox-rpg/pkg/pcg/validation.go:208.2,208.47 1 0
goldbox-rpg/pkg/pcg/validation.go:208.47,210.3 1 0
goldbox-rpg/pkg/pcg/validation.go:213.2,213.42 1 0
goldbox-rpg/pkg/pcg/validation.go:213.42,215.3 1 0
goldbox-rpg/pkg/pcg/validation.go:217.2,217.36 1 0
goldbox-rpg/pkg/pcg/validation.go:217.36,218.32 1 0
goldbox-rpg/pkg/pcg/validation.go:218.32,220.4 1 0
goldbox-rpg/pkg/pcg/validation.go:224.2,224.18 1 0
goldbox-rpg/pkg/pcg/validation.go:224.18,225.42 1 0
goldbox-rpg/pkg/pcg/validation.go:225.42,227.4 1 0
goldbox-rpg/pkg/pcg/validation.go:230.2,230.15 1 0
goldbox-rpg/pkg/pcg/validation.go:234.69,237.17 2 0
goldbox-rpg/pkg/pcg/validation.go:237.17,240.3 2 0
goldbox-rpg/pkg/pcg/validation.go:243.2,243.38 1 0
goldbox-rpg/pkg/pcg/validation.go:243.38,245.3 1 0
goldbox-rpg/pkg/pcg/validation.go:247.2,247.40 1 0
goldbox-rpg/pkg/pcg/validation.go:247.40,249.3 1 0
goldbox-rpg/pkg/pcg/validation.go:251.2,251.40 1 0
goldbox-rpg/pkg/pcg/validation.go:251.40,253.3 1 0
goldbox-rpg/pkg/pcg/validation.go:256.2,256.20 1 0
goldbox-rpg/pkg/pcg/validation.go:256.20,258.3 1 0
goldbox-rpg/pkg/pcg/validation.go:261.2,261.21 1 0
goldbox-rpg/pkg/pcg/validation.go:261.21,263.3 1 0
goldbox-rpg/pkg/pcg/validation.go:266.2,266.42 1 0
goldbox-rpg/pkg/pcg/validation.go:266.42,268.3 1 0
goldbox-rpg/pkg/pcg/validation.go:271.2,271.67 1 0
goldbox-rpg/pkg/pcg/validation.go:271.67,273.3 1 0
goldbox-rpg/pkg/pcg/validation.go:275.2,275.15 1 0
goldbox-rpg/pkg/pcg/validation.go:279.72,282.18 2 0
goldbox-rpg/pkg/pcg/validation.go:282.18,285.3 2 0
goldbox-rpg/pkg/pcg/validation.go:288.2,288.39 1 0
goldbox-rpg/pkg/pcg/validation.go:288.39,290.3 1 0
goldbox-rpg/pkg/pcg/validation.go:292.2,292.41 1 0
goldbox-rpg/pkg/pcg/validation.go:292.41,294.3 1 0
goldbox-rpg/pkg/pcg/validation.go:297.2,297.43 1 0
goldbox-rpg/pkg/pcg/validation.go:297.43,299.3 1 0
goldbox-rpg/pkg/pcg/validation.go:302.2,302.38 1 0
goldbox-rpg/pkg/pcg/validation.go:302.38,304.3 1 0
goldbox-rpg/pkg/pcg/validation.go:306.2,306.34 1 0
goldbox-rpg/pkg/pcg/validation.go:306.34,307.30 1 0
goldbox-rpg/pkg/pcg/validation.go:307.30,309.4 1 0
goldbox-rpg/pkg/pcg/validation.go:312.2,312.15 1 0
goldbox-rpg/pkg/pcg/validation.go:316.72,319.18 2 0
goldbox-rpg/pkg/pcg/validation.go:319.18,322.3 2 0
goldbox-rpg/pkg/pcg/validation.go:325.2,325.39 1 0
goldbox-rpg/pkg/pcg/validation.go:325.39,327.3 1 0
goldbox-rpg/pkg/pcg/validation.go:329.2,329.42 1 0
goldbox-rpg/pkg/pcg/validation.go:329.42,331.3 1 0
goldbox-rpg/pkg/pcg/validation.go:333.2,333.48 1 0
goldbox-rpg/pkg/pcg/validation.go:333.48,335.3 1 0
goldbox-rpg/pkg/pcg/validation.go:338.2,344.44 3 0
goldbox-rpg/pkg/pcg/validation.go:344.44,345.34 1 0
goldbox-rpg/pkg/pcg/validation.go:345.34,347.9 2 0
goldbox-rpg/pkg/pcg/validation.go:350.2,350.18 1 0
goldbox-rpg/pkg/pcg/validation.go:350.18,352.3 1 0
goldbox-rpg/pkg/pcg/validation.go:355.2,355.32 1 0
goldbox-rpg/pkg/pcg/validation.go:355.32,357.3 1 0
goldbox-rpg/pkg/pcg/validation.go:360.2,360.29 1 0
goldbox-rpg/pkg/pcg/validation.go:360.29,362.3 1 0
goldbox-rpg/pkg/pcg/validation.go:364.2,364.15 1 0
goldbox-rpg/pkg/pcg/validation.go:368.73,369.38 1 0
goldbox-rpg/pkg/pcg/validation.go:369.38,371.3 1 0
goldbox-rpg/pkg/pcg/validation.go:373.2,374.29 2 0
goldbox-rpg/pkg/pcg/validation.go:374.29,376.3 1 0
goldbox-rpg/pkg/pcg/validation.go:378.2,379.45 2 0
goldbox-rpg/pkg/pcg/validation.go:383.70,385.2 1 0
goldbox-rpg/pkg/pcg/validation.go:388.78,390.38 2 0
goldbox-rpg/pkg/pcg/validation.go:390.38,391.38 1 0
goldbox-rpg/pkg/pcg/validation.go:391.38,392.36 1 0
goldbox-rpg/pkg/pcg/validation.go:392.36,394.5 1 0
goldbox-rpg/pkg/pcg/validation.go:397.2,397.22 1 0
goldbox-rpg/pkg/pcg/validation.go:401.101,409.21 6 0
goldbox-rpg/pkg/pcg/validation.go:409.21,414.41 4 0
goldbox-rpg/pkg/pcg/validation.go:414.41,418.4 3 0
goldbox-rpg/pkg/pcg/validation.go:421.2,421.23 1 0
goldbox-rpg/pkg/pcg/validation.go:425.61,432.2 1 0
goldbox-rpg/pkg/pcg/validation.go:435.172,438.33 2 0
goldbox-rpg/pkg/pcg/validation.go:438.33,444.99 2 0
goldbox-rpg/pkg/pcg/validation.go:444.99,446.4 1 0
goldbox-rpg/pkg/pcg/validation.go:449.2,449.17 1 0
goldbox-rpg/pkg/pcg/validation.go:453.84,455.2 1 0
goldbox-rpg/pkg/pcg/demo/metrics_demo.go:15.13,45.25 12 0
goldbox-rpg/pkg/pcg/demo/metrics_demo.go:45.25,50.17 4 0
goldbox-rpg/pkg/pcg/demo/metrics_demo.go:50.17,52.4 1 0
goldbox-rpg/pkg/pcg/demo/metrics_demo.go:56.2,56.25 1 0
goldbox-rpg/pkg/pcg/demo/metrics_demo.go:56.25,61.17 4 0
goldbox-rpg/pkg/pcg/demo/metrics_demo.go:61.17,63.4 1 0
goldbox-rpg/pkg/pcg/demo/metrics_demo.go:67.2,68.26 2 0
goldbox-rpg/pkg/pcg/demo/metrics_demo.go:68.26,69.15 1 0
goldbox-rpg/pkg/pcg/demo/metrics_demo.go:69.15,71.4 1 0
goldbox-rpg/pkg/pcg/demo/metrics_demo.go:71.9,73.4 1 0
goldbox-rpg/pkg/pcg/demo/metrics_demo.go:77.2,91.40 10 0
goldbox-rpg/pkg/pcg/demo/metrics_demo.go:94.51,106.43 4 0
goldbox-rpg/pkg/pcg/demo/metrics_demo.go:106.43,108.16 2 0
goldbox-rpg/pkg/pcg/demo/metrics_demo.go:108.16,113.4 3 0
goldbox-rpg/pkg/pcg/demo/metrics_demo.go:117.36,119.16 2 0
goldbox-rpg/pkg/pcg/demo/metrics_demo.go:119.16,122.3 2 0
goldbox-rpg/pkg/pcg/demo/metrics_demo.go:123.2,123.31 1 0
goldbox-rpg/pkg/pcg/items/enchantments.go:20.48,30.2 3 1
goldbox-rpg/pkg/pcg/items/enchantments.go:33.50,35.2 1 1
goldbox-rpg/pkg/pcg/items/enchantments.go:38.127,39.16 1 1
goldbox-rpg/pkg/pcg/items/enchantments.go:39.16,41.3 1 1
goldbox-rpg/pkg/pcg/items/enchantments.go:43.2,51.51 5 1
goldbox-rpg/pkg/pcg/items/enchantments.go:51.51,53.3 1 1
goldbox-rpg/pkg/pcg/items/enchantments.go:56.2,57.34 2 1
goldbox-rpg/pkg/pcg/items/enchantments.go:57.34,59.3 1 1
goldbox-rpg/pkg/pcg/items/enchantments.go:62.2,63.33 2 1
goldbox-rpg/pkg/pcg/items/enchantments.go:63.33,65.3 1 0
goldbox-rpg/pkg/pcg/items/enchantments.go:68.2,69.88 2 1
goldbox-rpg/pkg/pcg/items/enchantments.go:69.88,74.36 2 1
goldbox-rpg/pkg/pcg/items/enchantments.go:74.36,75.12 1 1
goldbox-rpg/pkg/pcg/items/enchantments.go:79.3,79.79 1 1
goldbox-rpg/pkg/pcg/items/enchantments.go:79.79,80.12 1 0
goldbox-rpg/pkg/pcg/items/enchantments.go:83.3,86.32 2 1
goldbox-rpg/pkg/pcg/items/enchantments.go:86.32,88.4 1 1
goldbox-rpg/pkg/pcg/items/enchantments.go:92.2,95.12 3 1
goldbox-rpg/pkg/pcg/items/enchantments.go:99.123,102.42 2 1
goldbox-rpg/pkg/pcg/items/enchantments.go:102.42,104.65 1 1
goldbox-rpg/pkg/pcg/items/enchantments.go:104.65,105.12 1 1
goldbox-rpg/pkg/pcg/items/enchantments.go:109.3,109.52 1 1
goldbox-rpg/pkg/pcg/items/enchantments.go:109.52,111.4 1 1
goldbox-rpg/pkg/pcg/items/enchantments.go:114.2,114.18 1 1
goldbox-rpg/pkg/pcg/items/enchantments.go:118.127,120.22 1 1
goldbox-rpg/pkg/pcg/items/enchantments.go:121.22,122.57 1 1
goldbox-rpg/pkg/pcg/items/enchantments.go:123.21,124.56 1 0
goldbox-rpg/pkg/pcg/items/enchantments.go:125.21,126.56 1 1
goldbox-rpg/pkg/pcg/items/enchantments.go:127.20,128.56 1 1
goldbox-rpg/pkg/pcg/items/enchantments.go:129.10,131.64 1 0
goldbox-rpg/pkg/pcg/items/enchantments.go:136.121,137.27 1 1
goldbox-rpg/pkg/pcg/items/enchantments.go:137.27,139.3 1 0
goldbox-rpg/pkg/pcg/items/enchantments.go:142.2,143.15 2 1
goldbox-rpg/pkg/pcg/items/enchantments.go:143.15,145.3 1 0
goldbox-rpg/pkg/pcg/items/enchantments.go:147.2,150.12 3 1
goldbox-rpg/pkg/pcg/items/enchantments.go:154.120,155.26 1 1
goldbox-rpg/pkg/pcg/items/enchantments.go:155.26,157.3 1 0
goldbox-rpg/pkg/pcg/items/enchantments.go:160.2,161.15 2 1
goldbox-rpg/pkg/pcg/items/enchantments.go:161.15,163.3 1 0
goldbox-rpg/pkg/pcg/items/enchantments.go:165.2,169.12 4 1
goldbox-rpg/pkg/pcg/items/enchantments.go:173.120,174.27 1 1
goldbox-rpg/pkg/pcg/items/enchantments.go:174.27,176.3 1 0
goldbox-rpg/pkg/pcg/items/enchantments.go:178.2,182.20 4 1
goldbox-rpg/pkg/pcg/items/enchantments.go:182.20,184.3 1 0
goldbox-rpg/pkg/pcg/items/enchantments.go:186.2,189.12 3 1
goldbox-rpg/pkg/pcg/items/enchantments.go:193.120,194.26 1 1
goldbox-rpg/pkg/pcg/items/enchantments.go:194.26,196.3 1 0
goldbox-rpg/pkg/pcg/items/enchantments.go:198.2,204.12 5 1
goldbox-rpg/pkg/pcg/items/enchantments.go:208.128,212.2 2 0
goldbox-rpg/pkg/pcg/items/enchantments.go:215.110,216.22 1 1
goldbox-rpg/pkg/pcg/items/enchantments.go:217.37,218.30 1 1
goldbox-rpg/pkg/pcg/items/enchantments.go:219.35,220.29 1 1
goldbox-rpg/pkg/pcg/items/enchantments.go:221.28,222.14 1 1
goldbox-rpg/pkg/pcg/items/enchantments.go:223.10,224.14 1 0
goldbox-rpg/pkg/pcg/items/enchantments.go:229.56,306.2 9 1
goldbox-rpg/pkg/pcg/items/generator.go:22.58,31.60 2 1
goldbox-rpg/pkg/pcg/items/generator.go:31.61,33.3 0 0
goldbox-rpg/pkg/pcg/items/generator.go:35.2,35.12 1 1
goldbox-rpg/pkg/pcg/items/generator.go:39.56,42.2 2 1
goldbox-rpg/pkg/pcg/items/generator.go:45.75,47.2 1 0
goldbox-rpg/pkg/pcg/items/generator.go:50.116,52.20 1 1
goldbox-rpg/pkg/pcg/items/generator.go:52.20,54.3 1 1
goldbox-rpg/pkg/pcg/items/generator.go:57.2,72.16 5 1
goldbox-rpg/pkg/pcg/items/generator.go:72.16,74.3 1 0
goldbox-rpg/pkg/pcg/items/generator.go:76.2,77.16 2 1
goldbox-rpg/pkg/pcg/items/generator.go:77.16,79.3 1 0
goldbox-rpg/pkg/pcg/items/generator.go:81.2,81.18 1 1
goldbox-rpg/pkg/pcg/items/generator.go:85.140,86.20 1 1
goldbox-rpg/pkg/pcg/items/generator.go:86.20,88.3 1 0
goldbox-rpg/pkg/pcg/items/generator.go:91.2,103.91 4 1
goldbox-rpg/pkg/pcg/items/generator.go:103.91,105.3 1 0
goldbox-rpg/pkg/pcg/items/generator.go:108.2,112.78 3 1
goldbox-rpg/pkg/pcg/items/generator.go:112.78,114.3 1 0
goldbox-rpg/pkg/pcg/items/generator.go:117.2,117.48 1 1
goldbox-rpg/pkg/pcg/items/generator.go:117.48,118.99 1 1
goldbox-rpg/pkg/pcg/items/generator.go:118.99,120.4 1 0
goldbox-rpg/pkg/pcg/items/generator.go:124.2,126.18 2 1
goldbox-rpg/pkg/pcg/items/generator.go:130.143,131.20 1 1
goldbox-rpg/pkg/pcg/items/generator.go:131.20,133.3 1 0
goldbox-rpg/pkg/pcg/items/generator.go:135.2,140.32 4 1
goldbox-rpg/pkg/pcg/items/generator.go:140.32,149.17 4 1
goldbox-rpg/pkg/pcg/items/generator.go:149.17,150.12 1 1
goldbox-rpg/pkg/pcg/items/generator.go:153.3,154.17 2 1
goldbox-rpg/pkg/pcg/items/generator.go:154.17,155.12 1 0
goldbox-rpg/pkg/pcg/items/generator.go:158.3,158.30 1 1
goldbox-rpg/pkg/pcg/items/generator.go:161.2,161.21 1 1
goldbox-rpg/pkg/pcg/items/generator.go:161.21,163.3 1 0
goldbox-rpg/pkg/pcg/items/generator.go:165.2,165.19 1 1
goldbox-rpg/pkg/pcg/items/generator.go:169.125,170.42 1 1
goldbox-rpg/pkg/pcg/items/generator.go:170.42,178.19 3 1
goldbox-rpg/pkg/pcg/items/generator.go:179.17,180.50 1 1
goldbox-rpg/pkg/pcg/items/generator.go:181.13,182.25 1 0
goldbox-rpg/pkg/pcg/items/generator.go:183.17,184.29 1 1
goldbox-rpg/pkg/pcg/items/generator.go:185.16,186.28 1 1
goldbox-rpg/pkg/pcg/items/generator.go:187.11,189.90 1 1
goldbox-rpg/pkg/pcg/items/generator.go:193.2,193.12 1 1
goldbox-rpg/pkg/pcg/items/generator.go:197.135,201.17 2 1
goldbox-rpg/pkg/pcg/items/generator.go:201.17,203.3 1 0
goldbox-rpg/pkg/pcg/items/generator.go:206.2,206.23 1 1
goldbox-rpg/pkg/pcg/items/generator.go:206.23,207.90 1 1
goldbox-rpg/pkg/pcg/items/generator.go:207.90,209.4 1 1
goldbox-rpg/pkg/pcg/items/generator.go:212.2,212.12 1 1
goldbox-rpg/pkg/pcg/items/generator.go:216.128,220.21 2 1
goldbox-rpg/pkg/pcg/items/generator.go:220.21,222.3 1 0
goldbox-rpg/pkg/pcg/items/generator.go:225.2,228.22 2 1
goldbox-rpg/pkg/pcg/items/generator.go:228.22,229.20 1 1
goldbox-rpg/pkg/pcg/items/generator.go:230.17,231.19 1 1
goldbox-rpg/pkg/pcg/items/generator.go:232.16,233.20 1 0
goldbox-rpg/pkg/pcg/items/generator.go:234.21,235.19 1 0
goldbox-rpg/pkg/pcg/items/generator.go:236.11,237.19 1 0
goldbox-rpg/pkg/pcg/items/generator.go:243.90,245.22 1 1
goldbox-rpg/pkg/pcg/items/generator.go:245.22,247.3 1 1
goldbox-rpg/pkg/pcg/items/generator.go:248.2,248.15 1 1
goldbox-rpg/pkg/pcg/items/generator.go:252.83,253.17 1 1
goldbox-rpg/pkg/pcg/items/generator.go:254.24,255.11 1 0
goldbox-rpg/pkg/pcg/items/generator.go:256.26,257.11 1 1
goldbox-rpg/pkg/pcg/items/generator.go:258.26,259.11 1 0
goldbox-rpg/pkg/pcg/items/generator.go:260.27,261.11 1 0
goldbox-rpg/pkg/pcg/items/generator.go:262.10,263.11 1 0
goldbox-rpg/pkg/pcg/items/generator.go:268.89,269.17 1 1
goldbox-rpg/pkg/pcg/items/generator.go:270.24,271.47 1 0
goldbox-rpg/pkg/pcg/items/generator.go:272.26,273.53 1 1
goldbox-rpg/pkg/pcg/items/generator.go:274.26,275.48 1 0
goldbox-rpg/pkg/pcg/items/generator.go:276.27,277.48 1 0
goldbox-rpg/pkg/pcg/items/generator.go:278.24,279.47 1 0
goldbox-rpg/pkg/pcg/items/generator.go:280.10,281.26 1 0
goldbox-rpg/pkg/pcg/items/generator.go:286.62,288.2 1 1
goldbox-rpg/pkg/pcg/items/generator.go:291.56,293.2 1 1
goldbox-rpg/pkg/pcg/items/generator.go:296.80,297.22 1 1
goldbox-rpg/pkg/pcg/items/generator.go:297.22,299.3 1 1
goldbox-rpg/pkg/pcg/items/generator.go:301.2,301.55 1 1
goldbox-rpg/pkg/pcg/items/generator.go:301.55,303.3 1 1
goldbox-rpg/pkg/pcg/items/generator.go:305.2,305.53 1 1
goldbox-rpg/pkg/pcg/items/generator.go:305.53,307.3 1 1
goldbox-rpg/pkg/pcg/items/generator.go:309.2,309.12 1 1
goldbox-rpg/pkg/pcg/items/generator.go:313.30,315.2 1 1
goldbox-rpg/pkg/pcg/items/generator.go:318.107,332.34 4 1
goldbox-rpg/pkg/pcg/items/generator.go:332.34,333.26 1 1
goldbox-rpg/pkg/pcg/items/generator.go:333.26,335.4 1 1
goldbox-rpg/pkg/pcg/items/generator.go:336.3,336.26 1 1
goldbox-rpg/pkg/pcg/items/generator.go:336.26,338.4 1 1
goldbox-rpg/pkg/pcg/items/generator.go:342.2,342.25 1 1
goldbox-rpg/pkg/pcg/items/generator.go:342.25,344.3 1 0
goldbox-rpg/pkg/pcg/items/generator.go:347.2,348.32 2 1
goldbox-rpg/pkg/pcg/items/templates.go:27.54,32.2 1 1
goldbox-rpg/pkg/pcg/items/templates.go:35.63,100.2 10 1
goldbox-rpg/pkg/pcg/items/templates.go:103.72,107.2 1 0
goldbox-rpg/pkg/pcg/items/templates.go:110.113,112.13 2 1
goldbox-rpg/pkg/pcg/items/templates.go:112.13,114.3 1 1
goldbox-rpg/pkg/pcg/items/templates.go:117.2,118.52 2 1
goldbox-rpg/pkg/pcg/items/templates.go:118.52,119.32 1 1
goldbox-rpg/pkg/pcg/items/templates.go:119.32,121.9 2 1
goldbox-rpg/pkg/pcg/items/templates.go:125.2,125.16 1 1
goldbox-rpg/pkg/pcg/items/templates.go:125.16,129.3 2 0
goldbox-rpg/pkg/pcg/items/templates.go:132.2,133.27 2 1
goldbox-rpg/pkg/pcg/items/templates.go:137.90,138.61 1 1
goldbox-rpg/pkg/pcg/items/templates.go:138.61,140.3 1 1
goldbox-rpg/pkg/pcg/items/templates.go:142.2,142.46 1 0
goldbox-rpg/pkg/pcg/items/templates.go:146.63,200.2 6 1
goldbox-rpg/pkg/pcg/items/templates.go:203.97,213.33 5 1
goldbox-rpg/pkg/pcg/items/templates.go:213.33,216.3 2 1
goldbox-rpg/pkg/pcg/items/templates.go:219.2,219.59 1 1
goldbox-rpg/pkg/pcg/items/templates.go:219.59,222.3 2 1
goldbox-rpg/pkg/pcg/items/templates.go:225.2,225.59 1 1
goldbox-rpg/pkg/pcg/items/templates.go:225.59,228.3 2 1
goldbox-rpg/pkg/pcg/items/templates.go:230.2,230.17 1 1
goldbox-rpg/pkg/pcg/utils/noise.go:14.46,23.2 3 1
goldbox-rpg/pkg/pcg/utils/noise.go:26.42,49.34 3 1
goldbox-rpg/pkg/pcg/utils/noise.go:49.34,53.3 3 1
goldbox-rpg/pkg/pcg/utils/noise.go:56.2,56.27 1 1
goldbox-rpg/pkg/pcg/utils/noise.go:56.27,59.3 2 1
goldbox-rpg/pkg/pcg/utils/noise.go:63.54,87.2 13 1
goldbox-rpg/pkg/pcg/utils/noise.go:90.100,95.31 4 0
goldbox-rpg/pkg/pcg/utils/noise.go:95.31,99.3 3 0
goldbox-rpg/pkg/pcg/utils/noise.go:101.2,101.14 1 0
goldbox-rpg/pkg/pcg/utils/noise.go:112.48,125.2 3 1
goldbox-rpg/pkg/pcg/utils/noise.go:128.43,130.27 2 1
goldbox-rpg/pkg/pcg/utils/noise.go:130.27,132.3 1 1
goldbox-rpg/pkg/pcg/utils/noise.go:135.2,136.34 2 1
goldbox-rpg/pkg/pcg/utils/noise.go:136.34,140.3 3 1
goldbox-rpg/pkg/pcg/utils/noise.go:143.2,143.27 1 1
goldbox-rpg/pkg/pcg/utils/noise.go:143.27,146.3 2 1
goldbox-rpg/pkg/pcg/utils/noise.go:150.55,167.13 12 1
goldbox-rpg/pkg/pcg/utils/noise.go:167.13,169.3 1 1
goldbox-rpg/pkg/pcg/utils/noise.go:169.8,171.3 1 1
goldbox-rpg/pkg/pcg/utils/noise.go:174.2,190.12 12 1
goldbox-rpg/pkg/pcg/utils/noise.go:190.12,192.3 1 0
goldbox-rpg/pkg/pcg/utils/noise.go:192.8,195.3 2 1
goldbox-rpg/pkg/pcg/utils/noise.go:197.2,198.12 2 1
goldbox-rpg/pkg/pcg/utils/noise.go:198.12,200.3 1 1
goldbox-rpg/pkg/pcg/utils/noise.go:200.8,203.3 2 1
goldbox-rpg/pkg/pcg/utils/noise.go:205.2,206.12 2 1
goldbox-rpg/pkg/pcg/utils/noise.go:206.12,208.3 1 0
goldbox-rpg/pkg/pcg/utils/noise.go:208.8,211.3 2 1
goldbox-rpg/pkg/pcg/utils/noise.go:214.2,214.30 1 1
goldbox-rpg/pkg/pcg/utils/noise.go:220.30,222.2 1 1
goldbox-rpg/pkg/pcg/utils/noise.go:225.36,227.2 1 1
goldbox-rpg/pkg/pcg/utils/noise.go:230.45,233.12 3 1
goldbox-rpg/pkg/pcg/utils/noise.go:233.12,235.3 1 1
goldbox-rpg/pkg/pcg/utils/noise.go:236.2,237.12 2 1
goldbox-rpg/pkg/pcg/utils/noise.go:237.12,239.3 1 1
goldbox-rpg/pkg/pcg/utils/noise.go:241.2,242.18 2 1
goldbox-rpg/pkg/pcg/utils/noise.go:242.18,244.3 1 1
goldbox-rpg/pkg/pcg/utils/noise.go:246.2,247.18 2 1
goldbox-rpg/pkg/pcg/utils/noise.go:247.18,249.3 1 1
goldbox-rpg/pkg/pcg/utils/noise.go:251.2,251.26 1 1
goldbox-rpg/pkg/pcg/utils/noise.go:255.47,257.2 1 1
goldbox-rpg/pkg/pcg/utils/pathfinding.go:30.35,30.53 1 1
goldbox-rpg/pkg/pcg/utils/pathfinding.go:32.45,34.2 1 1
goldbox-rpg/pkg/pcg/utils/pathfinding.go:36.40,40.2 3 1
goldbox-rpg/pkg/pcg/utils/pathfinding.go:42.46,47.2 4 1
goldbox-rpg/pkg/pcg/utils/pathfinding.go:49.44,56.2 6 1
goldbox-rpg/pkg/pcg/utils/pathfinding.go:59.89,61.73 1 1
goldbox-rpg/pkg/pcg/utils/pathfinding.go:61.73,63.3 1 1
goldbox-rpg/pkg/pcg/utils/pathfinding.go:66.2,66.90 1 1
goldbox-rpg/pkg/pcg/utils/pathfinding.go:66.90,68.3 1 1
goldbox-rpg/pkg/pcg/utils/pathfinding.go:71.2,89.24 9 1
goldbox-rpg/pkg/pcg/utils/pathfinding.go:89.24,94.31 2 1
goldbox-rpg/pkg/pcg/utils/pathfinding.go:94.31,101.4 2 1
goldbox-rpg/pkg/pcg/utils/pathfinding.go:104.3,108.41 3 1
goldbox-rpg/pkg/pcg/utils/pathfinding.go:108.41,109.30 1 1
goldbox-rpg/pkg/pcg/utils/pathfinding.go:109.30,110.13 1 1
goldbox-rpg/pkg/pcg/utils/pathfinding.go:113.4,117.15 3 1
goldbox-rpg/pkg/pcg/utils/pathfinding.go:117.15,128.5 4 1
goldbox-rpg/pkg/pcg/utils/pathfinding.go:128.10,128.42 1 1
goldbox-rpg/pkg/pcg/utils/pathfinding.go:128.42,134.5 4 0
goldbox-rpg/pkg/pcg/utils/pathfinding.go:139.2,139.41 1 1
goldbox-rpg/pkg/pcg/utils/pathfinding.go:143.76,144.83 1 1
goldbox-rpg/pkg/pcg/utils/pathfinding.go:144.83,146.3 1 1
goldbox-rpg/pkg/pcg/utils/pathfinding.go:148.2,154.21 5 1
goldbox-rpg/pkg/pcg/utils/pathfinding.go:154.21,158.23 3 1
goldbox-rpg/pkg/pcg/utils/pathfinding.go:158.23,159.12 1 1
goldbox-rpg/pkg/pcg/utils/pathfinding.go:162.3,162.90 1 1
goldbox-rpg/pkg/pcg/utils/pathfinding.go:162.90,163.12 1 1
goldbox-rpg/pkg/pcg/utils/pathfinding.go:166.3,177.38 4 1
goldbox-rpg/pkg/pcg/utils/pathfinding.go:177.38,178.26 1 1
goldbox-rpg/pkg/pcg/utils/pathfinding.go:178.26,180.5 1 1
goldbox-rpg/pkg/pcg/utils/pathfinding.go:184.2,184.15 1 1
goldbox-rpg/pkg/pcg/utils/pathfinding.go:188.55,191.38 2 1
goldbox-rpg/pkg/pcg/utils/pathfinding.go:191.38,192.38 1 1
goldbox-rpg/pkg/pcg/utils/pathfinding.go:192.38,193.36 1 1
goldbox-rpg/pkg/pcg/utils/pathfinding.go:193.36,195.5 1 1
goldbox-rpg/pkg/pcg/utils/pathfinding.go:199.2,199.29 1 1
goldbox-rpg/pkg/pcg/utils/pathfinding.go:199.29,201.3 1 1
goldbox-rpg/pkg/pcg/utils/pathfinding.go:204.2,207.45 2 1
goldbox-rpg/pkg/pcg/utils/pathfinding.go:213.69,215.2 1 1
goldbox-rpg/pkg/pcg/utils/pathfinding.go:218.48,220.2 1 1
goldbox-rpg/pkg/pcg/utils/pathfinding.go:223.77,232.37 3 1
goldbox-rpg/pkg/pcg/utils/pathfinding.go:232.37,233.91 1 1
goldbox-rpg/pkg/pcg/utils/pathfinding.go:233.91,235.4 1 1
goldbox-rpg/pkg/pcg/utils/pathfinding.go:238.2,238.23 1 1
goldbox-rpg/pkg/pcg/utils/pathfinding.go:242.50,246.21 3 1
goldbox-rpg/pkg/pcg/utils/pathfinding.go:246.21,249.3 2 1
goldbox-rpg/pkg/pcg/utils/pathfinding.go:251.2,251.13 1 1
goldbox-rpg/pkg/pcg/quests/generator.go:30.60,41.2 3 1
goldbox-rpg/pkg/pcg/quests/generator.go:44.63,46.2 1 1
goldbox-rpg/pkg/pcg/quests/generator.go:49.57,51.2 1 1
goldbox-rpg/pkg/pcg/quests/generator.go:54.81,55.53 1 1
goldbox-rpg/pkg/pcg/quests/generator.go:55.53,57.3 1 1
goldbox-rpg/pkg/pcg/quests/generator.go:60.2,60.66 1 1
goldbox-rpg/pkg/pcg/quests/generator.go:60.66,61.17 1 1
goldbox-rpg/pkg/pcg/quests/generator.go:61.17,63.4 1 1
goldbox-rpg/pkg/pcg/quests/generator.go:66.2,66.66 1 1
goldbox-rpg/pkg/pcg/quests/generator.go:66.66,67.67 1 1
goldbox-rpg/pkg/pcg/quests/generator.go:67.67,68.23 1 1
goldbox-rpg/pkg/pcg/quests/generator.go:68.23,70.5 1 1
goldbox-rpg/pkg/pcg/quests/generator.go:74.2,74.12 1 1
goldbox-rpg/pkg/pcg/quests/generator.go:78.117,79.45 1 1
goldbox-rpg/pkg/pcg/quests/generator.go:79.45,81.3 1 0
goldbox-rpg/pkg/pcg/quests/generator.go:84.2,96.71 2 1
goldbox-rpg/pkg/pcg/quests/generator.go:96.71,98.3 1 1
goldbox-rpg/pkg/pcg/quests/generator.go:101.2,101.66 1 1
goldbox-rpg/pkg/pcg/quests/generator.go:101.66,103.3 1 1
goldbox-rpg/pkg/pcg/quests/generator.go:104.2,104.66 1 1
goldbox-rpg/pkg/pcg/quests/generator.go:104.66,106.3 1 1
goldbox-rpg/pkg/pcg/quests/generator.go:109.2,109.73 1 1
goldbox-rpg/pkg/pcg/quests/generator.go:109.73,111.3 1 1
goldbox-rpg/pkg/pcg/quests/generator.go:113.2,113.67 1 1
goldbox-rpg/pkg/pcg/quests/generator.go:117.142,127.16 5 1
goldbox-rpg/pkg/pcg/quests/generator.go:127.16,129.3 1 0
goldbox-rpg/pkg/pcg/quests/generator.go:132.2,133.16 2 1
goldbox-rpg/pkg/pcg/quests/generator.go:133.16,135.3 1 0
goldbox-rpg/pkg/pcg/quests/generator.go:138.2,139.16 2 1
goldbox-rpg/pkg/pcg/quests/generator.go:139.16,141.3 1 0
goldbox-rpg/pkg/pcg/quests/generator.go:144.2,145.33 2 1
goldbox-rpg/pkg/pcg/quests/generator.go:145.33,152.3 1 1
goldbox-rpg/pkg/pcg/quests/generator.go:155.2,164.19 2 1
goldbox-rpg/pkg/pcg/quests/generator.go:168.141,169.21 1 1
goldbox-rpg/pkg/pcg/quests/generator.go:169.21,171.3 1 1
goldbox-rpg/pkg/pcg/quests/generator.go:173.2,176.35 3 1
goldbox-rpg/pkg/pcg/quests/generator.go:176.35,183.34 4 1
goldbox-rpg/pkg/pcg/quests/generator.go:183.34,185.4 1 0
goldbox-rpg/pkg/pcg/quests/generator.go:187.3,188.17 2 1
goldbox-rpg/pkg/pcg/quests/generator.go:188.17,190.4 1 0
goldbox-rpg/pkg/pcg/quests/generator.go:193.3,193.22 1 1
goldbox-rpg/pkg/pcg/quests/generator.go:193.22,195.4 1 1
goldbox-rpg/pkg/pcg/quests/generator.go:197.3,197.33 1 1
goldbox-rpg/pkg/pcg/quests/generator.go:200.2,200.20 1 1
goldbox-rpg/pkg/pcg/quests/generator.go:204.150,209.2 3 1
goldbox-rpg/pkg/pcg/quests/generator.go:212.183,214.36 2 1
goldbox-rpg/pkg/pcg/quests/generator.go:214.36,216.3 1 0
goldbox-rpg/pkg/pcg/quests/generator.go:218.2,220.29 2 1
goldbox-rpg/pkg/pcg/quests/generator.go:220.29,226.23 3 1
goldbox-rpg/pkg/pcg/quests/generator.go:226.23,228.4 1 1
goldbox-rpg/pkg/pcg/quests/generator.go:231.3,233.25 3 1
goldbox-rpg/pkg/pcg/quests/generator.go:233.25,235.4 1 1
goldbox-rpg/pkg/pcg/quests/generator.go:237.3,241.32 3 1
goldbox-rpg/pkg/pcg/quests/generator.go:241.32,243.4 1 1
goldbox-rpg/pkg/pcg/quests/generator.go:245.3,257.45 2 1
goldbox-rpg/pkg/pcg/quests/generator.go:260.2,260.24 1 1
goldbox-rpg/pkg/pcg/quests/generator.go:264.134,275.25 4 1
goldbox-rpg/pkg/pcg/quests/generator.go:275.25,281.3 2 1
goldbox-rpg/pkg/pcg/quests/generator.go:284.2,284.44 1 1
goldbox-rpg/pkg/pcg/quests/generator.go:284.44,291.3 2 1
goldbox-rpg/pkg/pcg/quests/generator.go:293.2,293.21 1 1
goldbox-rpg/pkg/pcg/quests/generator.go:297.66,381.2 5 1
goldbox-rpg/pkg/pcg/quests/narratives.go:46.44,56.2 3 1
goldbox-rpg/pkg/pcg/quests/narratives.go:59.174,61.36 2 1
goldbox-rpg/pkg/pcg/quests/narratives.go:61.36,63.3 1 1
goldbox-rpg/pkg/pcg/quests/narratives.go:66.2,90.23 8 1
goldbox-rpg/pkg/pcg/quests/narratives.go:94.74,95.32 1 1
goldbox-rpg/pkg/pcg/quests/narratives.go:95.32,103.3 1 0
goldbox-rpg/pkg/pcg/quests/narratives.go:105.2,105.58 1 1
goldbox-rpg/pkg/pcg/quests/narratives.go:109.123,121.35 3 1
goldbox-rpg/pkg/pcg/quests/narratives.go:121.35,123.3 1 1
goldbox-rpg/pkg/pcg/quests/narratives.go:125.2,134.45 4 1
goldbox-rpg/pkg/pcg/quests/narratives.go:138.129,142.25 2 1
goldbox-rpg/pkg/pcg/quests/narratives.go:142.25,146.26 3 1
goldbox-rpg/pkg/pcg/quests/narratives.go:146.26,148.4 1 1
goldbox-rpg/pkg/pcg/quests/narratives.go:149.3,149.18 1 1
goldbox-rpg/pkg/pcg/quests/narratives.go:152.2,152.17 1 1
goldbox-rpg/pkg/pcg/quests/narratives.go:156.123,167.2 3 1
goldbox-rpg/pkg/pcg/quests/narratives.go:170.121,181.2 3 1
goldbox-rpg/pkg/pcg/quests/narratives.go:184.57,269.2 4 1
goldbox-rpg/pkg/pcg/quests/objectives.go:16.67,18.2 1 1
goldbox-rpg/pkg/pcg/quests/objectives.go:21.129,22.19 1 1
goldbox-rpg/pkg/pcg/quests/objectives.go:22.19,24.3 1 1
goldbox-rpg/pkg/pcg/quests/objectives.go:26.2,26.39 1 1
goldbox-rpg/pkg/pcg/quests/objectives.go:26.39,28.3 1 1
goldbox-rpg/pkg/pcg/quests/objectives.go:30.2,31.26 2 1
goldbox-rpg/pkg/pcg/quests/objectives.go:31.26,33.3 1 0
goldbox-rpg/pkg/pcg/quests/objectives.go:35.2,45.25 7 1
goldbox-rpg/pkg/pcg/quests/objectives.go:45.25,47.3 1 0
goldbox-rpg/pkg/pcg/quests/objectives.go:48.2,62.23 3 1
goldbox-rpg/pkg/pcg/quests/objectives.go:66.131,67.19 1 1
goldbox-rpg/pkg/pcg/quests/objectives.go:67.19,69.3 1 1
goldbox-rpg/pkg/pcg/quests/objectives.go:71.2,71.41 1 1
goldbox-rpg/pkg/pcg/quests/objectives.go:71.41,73.3 1 1
goldbox-rpg/pkg/pcg/quests/objectives.go:76.2,77.25 2 1
goldbox-rpg/pkg/pcg/quests/objectives.go:77.25,79.3 1 0
goldbox-rpg/pkg/pcg/quests/objectives.go:81.2,86.28 4 1
goldbox-rpg/pkg/pcg/quests/objectives.go:86.28,88.3 1 1
goldbox-rpg/pkg/pcg/quests/objectives.go:91.2,92.24 2 1
goldbox-rpg/pkg/pcg/quests/objectives.go:92.24,94.3 1 0
goldbox-rpg/pkg/pcg/quests/objectives.go:96.2,99.63 3 1
goldbox-rpg/pkg/pcg/quests/objectives.go:99.63,101.3 1 0
goldbox-rpg/pkg/pcg/quests/objectives.go:103.2,115.23 2 1
goldbox-rpg/pkg/pcg/quests/objectives.go:119.140,120.19 1 1
goldbox-rpg/pkg/pcg/quests/objectives.go:120.19,122.3 1 1
goldbox-rpg/pkg/pcg/quests/objectives.go:124.2,125.31 2 1
goldbox-rpg/pkg/pcg/quests/objectives.go:125.31,127.3 1 0
goldbox-rpg/pkg/pcg/quests/objectives.go:129.2,137.25 5 1
goldbox-rpg/pkg/pcg/quests/objectives.go:137.25,139.3 1 0
goldbox-rpg/pkg/pcg/quests/objectives.go:140.2,140.25 1 1
goldbox-rpg/pkg/pcg/quests/objectives.go:140.25,142.3 1 0
goldbox-rpg/pkg/pcg/quests/objectives.go:144.2,145.28 2 1
goldbox-rpg/pkg/pcg/quests/objectives.go:145.28,147.3 1 0
goldbox-rpg/pkg/pcg/quests/objectives.go:149.2,161.23 2 1
goldbox-rpg/pkg/pcg/quests/objectives.go:166.86,183.66 3 1
goldbox-rpg/pkg/pcg/quests/objectives.go:183.66,184.54 1 1
goldbox-rpg/pkg/pcg/quests/objectives.go:184.54,186.4 1 1
goldbox-rpg/pkg/pcg/quests/objectives.go:189.2,189.16 1 1
goldbox-rpg/pkg/pcg/quests/objectives.go:192.81,194.22 1 1
goldbox-rpg/pkg/pcg/quests/objectives.go:194.22,196.3 1 1
goldbox-rpg/pkg/pcg/quests/objectives.go:196.8,196.29 1 1
goldbox-rpg/pkg/pcg/quests/objectives.go:196.29,198.3 1 1
goldbox-rpg/pkg/pcg/quests/objectives.go:198.8,198.30 1 1
goldbox-rpg/pkg/pcg/quests/objectives.go:198.30,200.3 1 1
goldbox-rpg/pkg/pcg/quests/objectives.go:200.8,200.30 1 1
goldbox-rpg/pkg/pcg/quests/objectives.go:200.30,202.3 1 1
goldbox-rpg/pkg/pcg/quests/objectives.go:202.8,204.3 1 1
goldbox-rpg/pkg/pcg/quests/objectives.go:207.64,221.2 1 1
goldbox-rpg/pkg/pcg/quests/objectives.go:223.83,236.2 1 1
goldbox-rpg/pkg/pcg/quests/objectives.go:238.41,247.2 2 1
goldbox-rpg/pkg/pcg/quests/objectives.go:249.24,250.11 1 1
goldbox-rpg/pkg/pcg/quests/objectives.go:250.11,252.3 1 1
goldbox-rpg/pkg/pcg/quests/objectives.go:253.2,253.10 1 1
goldbox-rpg/pkg/pcg/levels/demo/main.go:12.13,35.16 5 0
goldbox-rpg/pkg/pcg/levels/demo/main.go:35.16,37.3 1 0
goldbox-rpg/pkg/pcg/levels/demo/main.go:40.2,46.46 5 0
goldbox-rpg/pkg/pcg/levels/demo/main.go:46.46,47.46 1 0
goldbox-rpg/pkg/pcg/levels/demo/main.go:47.46,48.34 1 0
goldbox-rpg/pkg/pcg/levels/demo/main.go:48.34,50.5 1 0
goldbox-rpg/pkg/pcg/levels/demo/main.go:50.10,52.5 1 0
goldbox-rpg/pkg/pcg/levels/demo/main.go:54.3,54.16 1 0
goldbox-rpg/pkg/pcg/levels/demo/main.go:57.2,57.59 1 0
goldbox-rpg/scripts/find_untested_files.go:12.58,18.85 4 1
goldbox-rpg/scripts/find_untested_files.go:18.85,19.17 1 1
goldbox-rpg/scripts/find_untested_files.go:19.17,21.4 1 1
goldbox-rpg/scripts/find_untested_files.go:24.3,24.54 1 1
goldbox-rpg/scripts/find_untested_files.go:24.54,26.4 1 1
goldbox-rpg/scripts/find_untested_files.go:29.3,30.17 2 1
goldbox-rpg/scripts/find_untested_files.go:30.17,32.4 1 0
goldbox-rpg/scripts/find_untested_files.go:34.3,36.46 2 1
goldbox-rpg/scripts/find_untested_files.go:36.46,42.4 4 1
goldbox-rpg/scripts/find_untested_files.go:42.9,45.4 1 1
goldbox-rpg/scripts/find_untested_files.go:47.3,47.13 1 1
goldbox-rpg/scripts/find_untested_files.go:50.2,50.16 1 1
goldbox-rpg/scripts/find_untested_files.go:50.16,52.3 1 1
goldbox-rpg/scripts/find_untested_files.go:55.2,55.38 1 1
goldbox-rpg/scripts/find_untested_files.go:55.38,56.29 1 1
goldbox-rpg/scripts/find_untested_files.go:56.29,58.48 1 1
goldbox-rpg/scripts/find_untested_files.go:58.48,59.13 1 1
goldbox-rpg/scripts/find_untested_files.go:61.4,61.53 1 1
goldbox-rpg/scripts/find_untested_files.go:66.2,68.27 2 1
goldbox-rpg/scripts/find_untested_files.go:71.13,73.22 2 0
goldbox-rpg/scripts/find_untested_files.go:73.22,75.3 1 0
goldbox-rpg/scripts/find_untested_files.go:77.2,78.16 2 0
goldbox-rpg/scripts/find_untested_files.go:78.16,81.3 2 0
goldbox-rpg/scripts/find_untested_files.go:83.2,83.29 1 0
goldbox-rpg/scripts/find_untested_files.go:83.29,86.3 2 0
goldbox-rpg/scripts/find_untested_files.go:88.2,90.37 2 0
goldbox-rpg/scripts/find_untested_files.go:90.37,92.3 1 0
goldbox-rpg/scripts/find_untested_files.go:94.2,94.76 1 0
goldbox-rpg/pkg/pcg/terrain/biomes.go:109.72,111.13 2 1
goldbox-rpg/pkg/pcg/terrain/biomes.go:111.13,113.3 1 1
goldbox-rpg/pkg/pcg/terrain/biomes.go:116.2,117.21 2 1
goldbox-rpg/pkg/pcg/terrain/biomes.go:121.84,123.16 2 1
goldbox-rpg/pkg/pcg/terrain/biomes.go:123.16,125.3 1 0
goldbox-rpg/pkg/pcg/terrain/biomes.go:128.2,128.25 1 1
goldbox-rpg/pkg/pcg/terrain/biomes.go:128.25,130.3 1 1
goldbox-rpg/pkg/pcg/terrain/biomes.go:132.2,136.28 3 1
goldbox-rpg/pkg/pcg/terrain/biomes.go:136.28,138.3 1 1
goldbox-rpg/pkg/pcg/terrain/biomes.go:140.2,140.12 1 1
goldbox-rpg/pkg/pcg/terrain/biomes.go:144.74,146.16 2 1
goldbox-rpg/pkg/pcg/terrain/biomes.go:146.16,148.3 1 1
goldbox-rpg/pkg/pcg/terrain/biomes.go:150.2,150.26 1 1
goldbox-rpg/pkg/pcg/terrain/biomes.go:154.80,156.16 2 1
goldbox-rpg/pkg/pcg/terrain/biomes.go:156.16,158.3 1 0
goldbox-rpg/pkg/pcg/terrain/biomes.go:161.2,162.41 2 1
goldbox-rpg/pkg/pcg/terrain/biomes.go:162.41,164.3 1 1
goldbox-rpg/pkg/pcg/terrain/biomes.go:166.2,166.20 1 1
goldbox-rpg/pkg/pcg/terrain/cellular_automata.go:22.48,31.2 1 1
goldbox-rpg/pkg/pcg/terrain/cellular_automata.go:34.118,35.19 1 1
goldbox-rpg/pkg/pcg/terrain/cellular_automata.go:35.19,37.3 1 1
goldbox-rpg/pkg/pcg/terrain/cellular_automata.go:40.2,40.63 1 1
goldbox-rpg/pkg/pcg/terrain/cellular_automata.go:40.63,42.3 1 0
goldbox-rpg/pkg/pcg/terrain/cellular_automata.go:45.2,45.44 1 1
goldbox-rpg/pkg/pcg/terrain/cellular_automata.go:45.44,46.80 1 1
goldbox-rpg/pkg/pcg/terrain/cellular_automata.go:46.80,48.4 1 0
goldbox-rpg/pkg/pcg/terrain/cellular_automata.go:52.2,52.70 1 1
goldbox-rpg/pkg/pcg/terrain/cellular_automata.go:52.70,54.3 1 0
goldbox-rpg/pkg/pcg/terrain/cellular_automata.go:57.2,57.46 1 1
goldbox-rpg/pkg/pcg/terrain/cellular_automata.go:57.46,58.53 1 1
goldbox-rpg/pkg/pcg/terrain/cellular_automata.go:58.53,60.4 1 0
goldbox-rpg/pkg/pcg/terrain/cellular_automata.go:64.2,64.74 1 1
goldbox-rpg/pkg/pcg/terrain/cellular_automata.go:64.74,66.3 1 0
goldbox-rpg/pkg/pcg/terrain/cellular_automata.go:68.2,68.12 1 1
goldbox-rpg/pkg/pcg/terrain/cellular_automata.go:72.88,77.38 2 1
goldbox-rpg/pkg/pcg/terrain/cellular_automata.go:77.38,78.38 1 1
goldbox-rpg/pkg/pcg/terrain/cellular_automata.go:78.38,79.38 1 1
goldbox-rpg/pkg/pcg/terrain/cellular_automata.go:79.38,84.5 4 1
goldbox-rpg/pkg/pcg/terrain/cellular_automata.go:84.10,89.5 4 1
goldbox-rpg/pkg/pcg/terrain/cellular_automata.go:93.2,93.12 1 1
goldbox-rpg/pkg/pcg/terrain/cellular_automata.go:97.109,99.26 2 1
goldbox-rpg/pkg/pcg/terrain/cellular_automata.go:99.26,102.3 2 1
goldbox-rpg/pkg/pcg/terrain/cellular_automata.go:104.2,104.38 1 1
goldbox-rpg/pkg/pcg/terrain/cellular_automata.go:104.38,105.38 1 1
goldbox-rpg/pkg/pcg/terrain/cellular_automata.go:105.38,108.41 2 1
goldbox-rpg/pkg/pcg/terrain/cellular_automata.go:108.41,113.5 4 1
goldbox-rpg/pkg/pcg/terrain/cellular_automata.go:113.10,113.49 1 1
goldbox-rpg/pkg/pcg/terrain/cellular_automata.go:113.49,118.5 4 1
goldbox-rpg/pkg/pcg/terrain/cellular_automata.go:123.2,124.12 2 1
goldbox-rpg/pkg/pcg/terrain/cellular_automata.go:128.62,131.30 2 1
goldbox-rpg/pkg/pcg/terrain/cellular_automata.go:131.30,132.31 1 1
goldbox-rpg/pkg/pcg/terrain/cellular_automata.go:132.31,133.26 1 1
goldbox-rpg/pkg/pcg/terrain/cellular_automata.go:133.26,134.13 1 1
goldbox-rpg/pkg/pcg/terrain/cellular_automata.go:137.4,140.71 2 1
goldbox-rpg/pkg/pcg/terrain/cellular_automata.go:140.71,142.5 1 1
goldbox-rpg/pkg/pcg/terrain/cellular_automata.go:142.10,142.46 1 1
goldbox-rpg/pkg/pcg/terrain/cellular_automata.go:142.46,144.5 1 1
goldbox-rpg/pkg/pcg/terrain/cellular_automata.go:148.2,148.18 1 1
goldbox-rpg/pkg/pcg/terrain/cellular_automata.go:152.65,154.25 2 1
goldbox-rpg/pkg/pcg/terrain/cellular_automata.go:154.25,156.3 1 1
goldbox-rpg/pkg/pcg/terrain/cellular_automata.go:158.2,158.38 1 1
goldbox-rpg/pkg/pcg/terrain/cellular_automata.go:158.38,159.38 1 1
goldbox-rpg/pkg/pcg/terrain/cellular_automata.go:159.38,160.54 1 1
goldbox-rpg/pkg/pcg/terrain/cellular_automata.go:160.54,162.28 2 1
goldbox-rpg/pkg/pcg/terrain/cellular_automata.go:162.28,164.31 1 1
goldbox-rpg/pkg/pcg/terrain/cellular_automata.go:164.31,169.7 4 1
goldbox-rpg/pkg/pcg/terrain/cellular_automata.go:175.2,175.12 1 1
goldbox-rpg/pkg/pcg/terrain/cellular_automata.go:179.97,185.21 4 1
goldbox-rpg/pkg/pcg/terrain/cellular_automata.go:185.21,189.82 3 1
goldbox-rpg/pkg/pcg/terrain/cellular_automata.go:189.82,190.12 1 1
goldbox-rpg/pkg/pcg/terrain/cellular_automata.go:193.3,193.69 1 1
goldbox-rpg/pkg/pcg/terrain/cellular_automata.go:193.69,194.12 1 1
goldbox-rpg/pkg/pcg/terrain/cellular_automata.go:197.3,204.63 6 1
goldbox-rpg/pkg/pcg/terrain/cellular_automata.go:207.2,207.13 1 1
goldbox-rpg/pkg/pcg/terrain/cellular_automata.go:211.54,213.26 2 1
goldbox-rpg/pkg/pcg/terrain/cellular_automata.go:213.26,216.3 2 1
goldbox-rpg/pkg/pcg/terrain/cellular_automata.go:218.2,218.40 1 1
goldbox-rpg/pkg/pcg/terrain/cellular_automata.go:218.40,219.40 1 1
goldbox-rpg/pkg/pcg/terrain/cellular_automata.go:219.40,223.54 2 1
goldbox-rpg/pkg/pcg/terrain/cellular_automata.go:223.54,228.5 4 1
goldbox-rpg/pkg/pcg/terrain/cellular_automata.go:228.10,228.60 1 1
goldbox-rpg/pkg/pcg/terrain/cellular_automata.go:228.60,233.5 4 1
goldbox-rpg/pkg/pcg/terrain/cellular_automata.go:237.2,238.12 2 1
goldbox-rpg/pkg/pcg/terrain/cellular_automata.go:242.69,243.38 1 1
goldbox-rpg/pkg/pcg/terrain/cellular_automata.go:243.38,244.38 1 1
goldbox-rpg/pkg/pcg/terrain/cellular_automata.go:244.38,245.91 1 1
goldbox-rpg/pkg/pcg/terrain/cellular_automata.go:245.91,250.5 4 1
goldbox-rpg/pkg/pcg/terrain/cellular_automata.go:254.2,254.12 1 1
goldbox-rpg/pkg/pcg/terrain/generator.go:19.64,23.2 1 0
goldbox-rpg/pkg/pcg/terrain/generator.go:26.119,29.9 2 0
goldbox-rpg/pkg/pcg/terrain/generator.go:29.9,31.3 1 0
goldbox-rpg/pkg/pcg/terrain/generator.go:34.2,35.9 2 0
goldbox-rpg/pkg/pcg/terrain/generator.go:35.9,37.3 1 0
goldbox-rpg/pkg/pcg/terrain/generator.go:39.2,40.9 2 0
goldbox-rpg/pkg/pcg/terrain/generator.go:40.9,42.3 1 0
goldbox-rpg/pkg/pcg/terrain/generator.go:44.2,44.63 1 0
goldbox-rpg/pkg/pcg/terrain/generator.go:48.144,61.30 4 0
goldbox-rpg/pkg/pcg/terrain/generator.go:61.30,63.3 1 0
goldbox-rpg/pkg/pcg/terrain/generator.go:66.2,70.34 3 0
goldbox-rpg/pkg/pcg/terrain/generator.go:70.34,72.10 1 0
goldbox-rpg/pkg/pcg/terrain/generator.go:73.21,74.25 1 0
goldbox-rpg/pkg/pcg/terrain/generator.go:75.11,75.11 0 0
goldbox-rpg/pkg/pcg/terrain/generator.go:78.3,78.49 1 0
goldbox-rpg/pkg/pcg/terrain/generator.go:82.2,82.68 1 0
goldbox-rpg/pkg/pcg/terrain/generator.go:82.68,84.3 1 0
goldbox-rpg/pkg/pcg/terrain/generator.go:87.2,87.49 1 0
goldbox-rpg/pkg/pcg/terrain/generator.go:87.49,88.86 1 0
goldbox-rpg/pkg/pcg/terrain/generator.go:88.86,90.4 1 0
goldbox-rpg/pkg/pcg/terrain/generator.go:93.2,93.21 1 0
goldbox-rpg/pkg/pcg/terrain/generator.go:97.166,102.2 2 0
goldbox-rpg/pkg/pcg/terrain/generator.go:105.88,109.2 3 0
goldbox-rpg/pkg/pcg/terrain/generator.go:112.65,114.2 1 0
goldbox-rpg/pkg/pcg/terrain/generator.go:117.59,119.2 1 0
goldbox-rpg/pkg/pcg/terrain/generator.go:122.83,126.56 2 0
goldbox-rpg/pkg/pcg/terrain/generator.go:126.56,128.3 1 0
goldbox-rpg/pkg/pcg/terrain/generator.go:130.2,131.9 2 0
goldbox-rpg/pkg/pcg/terrain/generator.go:131.9,133.3 1 0
goldbox-rpg/pkg/pcg/terrain/generator.go:135.2,136.23 2 0
goldbox-rpg/pkg/pcg/terrain/generator.go:136.23,138.3 1 0
goldbox-rpg/pkg/pcg/terrain/generator.go:140.2,140.12 1 0
goldbox-rpg/pkg/pcg/terrain/generator.go:144.141,147.26 2 0
goldbox-rpg/pkg/pcg/terrain/generator.go:147.26,149.3 1 0
goldbox-rpg/pkg/pcg/terrain/generator.go:151.2,151.38 1 0
goldbox-rpg/pkg/pcg/terrain/generator.go:151.38,152.38 1 0
goldbox-rpg/pkg/pcg/terrain/generator.go:152.38,154.73 1 0
goldbox-rpg/pkg/pcg/terrain/generator.go:154.73,156.5 1 0
goldbox-rpg/pkg/pcg/terrain/generator.go:156.10,158.47 1 0
goldbox-rpg/pkg/pcg/terrain/generator.go:158.47,160.6 1 0
goldbox-rpg/pkg/pcg/terrain/generator.go:160.11,162.6 1 0
goldbox-rpg/pkg/pcg/terrain/generator.go:169.119,171.38 2 0
goldbox-rpg/pkg/pcg/terrain/generator.go:171.38,173.3 1 0
goldbox-rpg/pkg/pcg/terrain/generator.go:175.2,175.38 1 0
goldbox-rpg/pkg/pcg/terrain/generator.go:175.38,176.38 1 0
goldbox-rpg/pkg/pcg/terrain/generator.go:176.38,180.22 2 0
goldbox-rpg/pkg/pcg/terrain/generator.go:180.22,182.5 1 0
goldbox-rpg/pkg/pcg/terrain/generator.go:182.10,182.29 1 0
goldbox-rpg/pkg/pcg/terrain/generator.go:182.29,184.5 1 0
goldbox-rpg/pkg/pcg/terrain/generator.go:184.10,187.5 1 0
goldbox-rpg/pkg/pcg/terrain/generator.go:191.2,191.26 1 0
goldbox-rpg/pkg/pcg/terrain/generator.go:195.107,198.44 2 0
goldbox-rpg/pkg/pcg/terrain/generator.go:198.44,199.45 1 0
goldbox-rpg/pkg/pcg/terrain/generator.go:199.45,201.67 1 0
goldbox-rpg/pkg/pcg/terrain/generator.go:201.67,203.5 1 0
goldbox-rpg/pkg/pcg/terrain/generator.go:203.10,203.44 1 0
goldbox-rpg/pkg/pcg/terrain/generator.go:203.44,205.5 1 0
goldbox-rpg/pkg/pcg/terrain/generator.go:209.2,209.14 1 0
goldbox-rpg/pkg/pcg/terrain/generator.go:213.140,214.26 1 0
goldbox-rpg/pkg/pcg/terrain/generator.go:215.21,216.54 1 0
goldbox-rpg/pkg/pcg/terrain/generator.go:217.24,218.57 1 0
goldbox-rpg/pkg/pcg/terrain/generator.go:219.22,220.55 1 0
goldbox-rpg/pkg/pcg/terrain/generator.go:221.10,222.57 1 0
goldbox-rpg/pkg/pcg/terrain/generator.go:227.141,229.27 1 0
goldbox-rpg/pkg/pcg/terrain/generator.go:229.27,231.3 1 0
goldbox-rpg/pkg/pcg/terrain/generator.go:234.2,234.28 1 0
goldbox-rpg/pkg/pcg/terrain/generator.go:234.28,236.3 1 0
goldbox-rpg/pkg/pcg/terrain/generator.go:238.2,238.12 1 0
goldbox-rpg/pkg/pcg/terrain/generator.go:242.144,250.2 3 0
goldbox-rpg/pkg/pcg/terrain/generator.go:253.142,261.2 3 0
goldbox-rpg/pkg/pcg/terrain/generator.go:264.144,266.27 1 0
goldbox-rpg/pkg/pcg/terrain/generator.go:266.27,268.3 1 0
goldbox-rpg/pkg/pcg/terrain/generator.go:270.2,270.12 1 0
goldbox-rpg/pkg/pcg/terrain/generator.go:274.147,275.15 1 0
goldbox-rpg/pkg/pcg/terrain/generator.go:276.31,277.56 1 0
goldbox-rpg/pkg/pcg/terrain/generator.go:278.32,279.57 1 0
goldbox-rpg/pkg/pcg/terrain/generator.go:280.28,281.53 1 0
goldbox-rpg/pkg/pcg/terrain/generator.go:282.32,283.57 1 0
goldbox-rpg/pkg/pcg/terrain/generator.go:284.10,285.13 1 0
goldbox-rpg/pkg/pcg/terrain/generator.go:290.125,294.23 2 0
goldbox-rpg/pkg/pcg/terrain/generator.go:294.23,296.3 1 0
goldbox-rpg/pkg/pcg/terrain/generator.go:299.2,300.33 2 0
goldbox-rpg/pkg/pcg/terrain/generator.go:300.33,301.22 1 0
goldbox-rpg/pkg/pcg/terrain/generator.go:301.22,303.4 1 0
goldbox-rpg/pkg/pcg/terrain/generator.go:306.2,306.12 1 0
goldbox-rpg/pkg/pcg/terrain/generator.go:310.126,313.2 1 0
goldbox-rpg/pkg/pcg/terrain/generator.go:315.122,318.2 1 0
goldbox-rpg/pkg/pcg/terrain/generator.go:320.126,323.2 1 0
goldbox-rpg/pkg/pcg/terrain/generator.go:326.69,333.2 1 0
goldbox-rpg/pkg/pcg/terrain/generator.go:335.70,342.2 1 0
goldbox-rpg/pkg/pcg/terrain/generator.go:344.70,351.2 1 0
goldbox-rpg/pkg/pcg/terrain/generator.go:354.79,357.2 1 0
goldbox-rpg/pkg/pcg/terrain/generator.go:359.125,362.15 2 0
goldbox-rpg/pkg/pcg/terrain/generator.go:363.21,365.28 2 0
goldbox-rpg/pkg/pcg/terrain/generator.go:366.24,368.29 2 0
goldbox-rpg/pkg/pcg/terrain/generator.go:369.22,371.28 2 0
goldbox-rpg/pkg/pcg/terrain/generator.go:374.2,374.17 1 0
goldbox-rpg/pkg/pcg/terrain/generator.go:378.130,380.40 1 0
goldbox-rpg/pkg/pcg/terrain/generator.go:380.40,381.40 1 0
goldbox-rpg/pkg/pcg/terrain/generator.go:381.40,382.73 1 0
goldbox-rpg/pkg/pcg/terrain/generator.go:382.73,384.5 1 0
goldbox-rpg/pkg/pcg/terrain/generator.go:389.129,392.2 0 0
goldbox-rpg/pkg/pcg/terrain/generator.go:394.110,397.2 0 0
goldbox-rpg/pkg/pcg/terrain/generator.go:399.112,402.2 0 0
goldbox-rpg/pkg/pcg/terrain/generator.go:404.125,407.2 0 0
goldbox-rpg/pkg/pcg/terrain/generator.go:410.100,414.2 1 0
goldbox-rpg/pkg/pcg/terrain/generator.go:416.88,420.33 3 0
goldbox-rpg/pkg/pcg/terrain/generator.go:420.33,421.28 1 0
goldbox-rpg/pkg/pcg/terrain/generator.go:421.28,424.4 2 0
goldbox-rpg/pkg/pcg/terrain/generator.go:427.2,427.17 1 0
goldbox-rpg/pkg/pcg/terrain/generator.go:430.112,433.2 0 0
goldbox-rpg/pkg/pcg/terrain/maze.go:17.40,19.2 1 1
goldbox-rpg/pkg/pcg/terrain/maze.go:22.106,25.9 2 1
goldbox-rpg/pkg/pcg/terrain/maze.go:25.9,27.3 1 1
goldbox-rpg/pkg/pcg/terrain/maze.go:30.2,31.9 2 1
goldbox-rpg/pkg/pcg/terrain/maze.go:31.9,33.3 1 1
goldbox-rpg/pkg/pcg/terrain/maze.go:35.2,36.9 2 1
goldbox-rpg/pkg/pcg/terrain/maze.go:36.9,38.3 1 1
goldbox-rpg/pkg/pcg/terrain/maze.go:40.2,40.62 1 1
goldbox-rpg/pkg/pcg/terrain/maze.go:44.52,46.2 1 1
goldbox-rpg/pkg/pcg/terrain/maze.go:49.46,51.2 1 1
goldbox-rpg/pkg/pcg/terrain/maze.go:54.70,56.31 1 1
goldbox-rpg/pkg/pcg/terrain/maze.go:56.31,58.3 1 1
goldbox-rpg/pkg/pcg/terrain/maze.go:61.2,61.69 1 1
goldbox-rpg/pkg/pcg/terrain/maze.go:61.69,63.3 1 1
goldbox-rpg/pkg/pcg/terrain/maze.go:65.2,65.72 1 1
goldbox-rpg/pkg/pcg/terrain/maze.go:65.72,67.3 1 1
goldbox-rpg/pkg/pcg/terrain/maze.go:69.2,69.12 1 1
goldbox-rpg/pkg/pcg/terrain/maze.go:73.131,79.75 3 1
goldbox-rpg/pkg/pcg/terrain/maze.go:79.75,81.3 1 0
goldbox-rpg/pkg/pcg/terrain/maze.go:84.2,90.31 2 1
goldbox-rpg/pkg/pcg/terrain/maze.go:90.31,92.3 1 1
goldbox-rpg/pkg/pcg/terrain/maze.go:95.2,95.55 1 1
goldbox-rpg/pkg/pcg/terrain/maze.go:95.55,97.3 1 0
goldbox-rpg/pkg/pcg/terrain/maze.go:100.2,100.67 1 1
goldbox-rpg/pkg/pcg/terrain/maze.go:100.67,102.3 1 0
goldbox-rpg/pkg/pcg/terrain/maze.go:105.2,105.71 1 1
goldbox-rpg/pkg/pcg/terrain/maze.go:105.71,107.3 1 0
goldbox-rpg/pkg/pcg/terrain/maze.go:110.2,110.79 1 1
goldbox-rpg/pkg/pcg/terrain/maze.go:110.79,112.3 1 0
goldbox-rpg/pkg/pcg/terrain/maze.go:114.2,114.21 1 1
goldbox-rpg/pkg/pcg/terrain/maze.go:118.75,121.54 2 1
goldbox-rpg/pkg/pcg/terrain/maze.go:121.54,122.54 1 1
goldbox-rpg/pkg/pcg/terrain/maze.go:122.54,123.36 1 1
goldbox-rpg/pkg/pcg/terrain/maze.go:123.36,125.5 1 1
goldbox-rpg/pkg/pcg/terrain/maze.go:129.2,129.18 1 1
goldbox-rpg/pkg/pcg/terrain/maze.go:129.18,131.3 1 1
goldbox-rpg/pkg/pcg/terrain/maze.go:134.2,135.38 2 1
goldbox-rpg/pkg/pcg/terrain/maze.go:135.38,136.38 1 1
goldbox-rpg/pkg/pcg/terrain/maze.go:136.38,137.36 1 1
goldbox-rpg/pkg/pcg/terrain/maze.go:137.36,139.5 1 1
goldbox-rpg/pkg/pcg/terrain/maze.go:144.2,145.25 2 1
goldbox-rpg/pkg/pcg/terrain/maze.go:145.25,147.3 1 1
goldbox-rpg/pkg/pcg/terrain/maze.go:149.2,152.35 2 1
goldbox-rpg/pkg/pcg/terrain/maze.go:156.153,160.2 2 1
goldbox-rpg/pkg/pcg/terrain/maze.go:163.74,164.38 1 1
goldbox-rpg/pkg/pcg/terrain/maze.go:164.38,165.38 1 1
goldbox-rpg/pkg/pcg/terrain/maze.go:165.38,170.4 4 1
goldbox-rpg/pkg/pcg/terrain/maze.go:172.2,172.12 1 1
goldbox-rpg/pkg/pcg/terrain/maze.go:176.109,180.25 3 1
goldbox-rpg/pkg/pcg/terrain/maze.go:180.25,182.3 1 1
goldbox-rpg/pkg/pcg/terrain/maze.go:185.2,186.29 2 1
goldbox-rpg/pkg/pcg/terrain/maze.go:186.29,188.3 1 0
goldbox-rpg/pkg/pcg/terrain/maze.go:189.2,189.30 1 1
goldbox-rpg/pkg/pcg/terrain/maze.go:189.30,191.3 1 0
goldbox-rpg/pkg/pcg/terrain/maze.go:194.2,202.21 7 1
goldbox-rpg/pkg/pcg/terrain/maze.go:202.21,208.25 3 1
goldbox-rpg/pkg/pcg/terrain/maze.go:208.25,230.4 13 1
goldbox-rpg/pkg/pcg/terrain/maze.go:230.9,233.4 1 1
goldbox-rpg/pkg/pcg/terrain/maze.go:236.2,236.12 1 1
goldbox-rpg/pkg/pcg/terrain/maze.go:240.124,251.33 3 1
goldbox-rpg/pkg/pcg/terrain/maze.go:251.33,254.70 2 1
goldbox-rpg/pkg/pcg/terrain/maze.go:254.70,255.24 1 1
goldbox-rpg/pkg/pcg/terrain/maze.go:255.24,257.5 1 1
goldbox-rpg/pkg/pcg/terrain/maze.go:261.2,261.18 1 1
goldbox-rpg/pkg/pcg/terrain/maze.go:265.131,268.19 2 1
goldbox-rpg/pkg/pcg/terrain/maze.go:268.19,270.3 1 1
goldbox-rpg/pkg/pcg/terrain/maze.go:271.2,271.19 1 1
goldbox-rpg/pkg/pcg/terrain/maze.go:271.19,273.3 1 0
goldbox-rpg/pkg/pcg/terrain/maze.go:275.2,275.33 1 1
goldbox-rpg/pkg/pcg/terrain/maze.go:275.33,281.43 4 1
goldbox-rpg/pkg/pcg/terrain/maze.go:281.43,282.44 1 1
goldbox-rpg/pkg/pcg/terrain/maze.go:282.44,283.48 1 1
goldbox-rpg/pkg/pcg/terrain/maze.go:283.48,288.6 4 1
goldbox-rpg/pkg/pcg/terrain/maze.go:293.2,293.12 1 1
goldbox-rpg/pkg/pcg/terrain/maze.go:297.139,299.16 2 1
goldbox-rpg/pkg/pcg/terrain/maze.go:299.16,301.3 1 0
goldbox-rpg/pkg/pcg/terrain/maze.go:304.2,304.35 1 1
goldbox-rpg/pkg/pcg/terrain/maze.go:304.35,305.33 1 1
goldbox-rpg/pkg/pcg/terrain/maze.go:305.33,306.19 1 1
goldbox-rpg/pkg/pcg/terrain/maze.go:307.26,308.41 1 0
goldbox-rpg/pkg/pcg/terrain/maze.go:309.26,310.40 1 1
goldbox-rpg/pkg/pcg/terrain/maze.go:311.32,312.39 1 1
goldbox-rpg/pkg/pcg/terrain/maze.go:317.2,317.12 1 1
goldbox-rpg/pkg/pcg/terrain/maze.go:321.97,324.34 2 0
goldbox-rpg/pkg/pcg/terrain/maze.go:324.34,328.35 3 0
goldbox-rpg/pkg/pcg/terrain/maze.go:328.35,331.4 2 0
goldbox-rpg/pkg/pcg/terrain/maze.go:336.96,339.33 2 1
goldbox-rpg/pkg/pcg/terrain/maze.go:339.33,343.35 3 1
goldbox-rpg/pkg/pcg/terrain/maze.go:343.35,346.4 2 1
goldbox-rpg/pkg/pcg/terrain/maze.go:351.95,354.35 2 1
goldbox-rpg/pkg/pcg/terrain/maze.go:354.35,358.36 3 1
goldbox-rpg/pkg/pcg/terrain/maze.go:358.36,361.72 1 1
goldbox-rpg/pkg/pcg/terrain/maze.go:361.72,366.5 4 1
goldbox-rpg/pkg/pcg/terrain/maze.go:372.106,373.85 1 1
goldbox-rpg/pkg/pcg/terrain/maze.go:373.85,375.3 1 1
goldbox-rpg/pkg/pcg/terrain/maze.go:377.2,377.72 1 1
goldbox-rpg/pkg/pcg/terrain/maze.go:377.72,379.3 1 1
goldbox-rpg/pkg/pcg/terrain/maze.go:381.2,390.14 7 1
goldbox-rpg/pkg/pcg/levels/corridors.go:19.83,24.2 1 1
goldbox-rpg/pkg/pcg/levels/corridors.go:27.125,40.16 4 1
goldbox-rpg/pkg/pcg/levels/corridors.go:40.16,42.3 1 0
goldbox-rpg/pkg/pcg/levels/corridors.go:45.2,47.22 2 1
goldbox-rpg/pkg/pcg/levels/corridors.go:51.57,52.18 1 1
goldbox-rpg/pkg/pcg/levels/corridors.go:53.27,54.11 1 1
goldbox-rpg/pkg/pcg/levels/corridors.go:55.28,56.28 1 1
goldbox-rpg/pkg/pcg/levels/corridors.go:57.25,58.28 1 1
goldbox-rpg/pkg/pcg/levels/corridors.go:59.24,60.11 1 1
goldbox-rpg/pkg/pcg/levels/corridors.go:61.27,62.28 1 1
goldbox-rpg/pkg/pcg/levels/corridors.go:63.10,64.11 1 0
goldbox-rpg/pkg/pcg/levels/corridors.go:69.114,70.18 1 1
goldbox-rpg/pkg/pcg/levels/corridors.go:71.28,72.45 1 1
goldbox-rpg/pkg/pcg/levels/corridors.go:73.25,74.42 1 1
goldbox-rpg/pkg/pcg/levels/corridors.go:75.24,76.41 1 1
goldbox-rpg/pkg/pcg/levels/corridors.go:77.27,78.44 1 1
goldbox-rpg/pkg/pcg/levels/corridors.go:79.27,80.44 1 1
goldbox-rpg/pkg/pcg/levels/corridors.go:81.10,82.45 1 0
goldbox-rpg/pkg/pcg/levels/corridors.go:87.100,96.21 5 1
goldbox-rpg/pkg/pcg/levels/corridors.go:96.21,98.26 1 1
goldbox-rpg/pkg/pcg/levels/corridors.go:98.26,99.25 1 1
goldbox-rpg/pkg/pcg/levels/corridors.go:99.25,101.5 1 1
goldbox-rpg/pkg/pcg/levels/corridors.go:101.10,103.5 1 1
goldbox-rpg/pkg/pcg/levels/corridors.go:104.4,104.32 1 1
goldbox-rpg/pkg/pcg/levels/corridors.go:108.3,108.26 1 1
goldbox-rpg/pkg/pcg/levels/corridors.go:108.26,109.25 1 1
goldbox-rpg/pkg/pcg/levels/corridors.go:109.25,111.5 1 1
goldbox-rpg/pkg/pcg/levels/corridors.go:111.10,113.5 1 1
goldbox-rpg/pkg/pcg/levels/corridors.go:114.4,114.32 1 1
goldbox-rpg/pkg/pcg/levels/corridors.go:116.8,118.26 1 1
goldbox-rpg/pkg/pcg/levels/corridors.go:118.26,119.25 1 1
goldbox-rpg/pkg/pcg/levels/corridors.go:119.25,121.5 1 1
goldbox-rpg/pkg/pcg/levels/corridors.go:121.10,123.5 1 1
goldbox-rpg/pkg/pcg/levels/corridors.go:124.4,124.32 1 1
goldbox-rpg/pkg/pcg/levels/corridors.go:128.3,128.26 1 1
goldbox-rpg/pkg/pcg/levels/corridors.go:128.26,129.25 1 1
goldbox-rpg/pkg/pcg/levels/corridors.go:129.25,131.5 1 1
goldbox-rpg/pkg/pcg/levels/corridors.go:131.10,133.5 1 1
goldbox-rpg/pkg/pcg/levels/corridors.go:134.4,134.32 1 1
goldbox-rpg/pkg/pcg/levels/corridors.go:138.2,138.18 1 1
goldbox-rpg/pkg/pcg/levels/corridors.go:142.97,148.47 4 1
goldbox-rpg/pkg/pcg/levels/corridors.go:148.47,158.13 5 1
goldbox-rpg/pkg/pcg/levels/corridors.go:158.13,161.4 2 1
goldbox-rpg/pkg/pcg/levels/corridors.go:163.3,163.13 1 1
goldbox-rpg/pkg/pcg/levels/corridors.go:163.13,166.4 2 1
goldbox-rpg/pkg/pcg/levels/corridors.go:168.3,168.13 1 1
goldbox-rpg/pkg/pcg/levels/corridors.go:168.13,171.4 2 1
goldbox-rpg/pkg/pcg/levels/corridors.go:173.3,173.13 1 1
goldbox-rpg/pkg/pcg/levels/corridors.go:173.13,176.4 2 1
goldbox-rpg/pkg/pcg/levels/corridors.go:179.3,179.26 1 1
goldbox-rpg/pkg/pcg/levels/corridors.go:179.26,185.4 4 1
goldbox-rpg/pkg/pcg/levels/corridors.go:185.9,186.9 1 0
goldbox-rpg/pkg/pcg/levels/corridors.go:190.3,190.29 1 1
goldbox-rpg/pkg/pcg/levels/corridors.go:190.29,192.41 1 1
goldbox-rpg/pkg/pcg/levels/corridors.go:192.41,194.5 1 1
goldbox-rpg/pkg/pcg/levels/corridors.go:194.10,194.22 1 1
goldbox-rpg/pkg/pcg/levels/corridors.go:194.22,196.5 1 1
goldbox-rpg/pkg/pcg/levels/corridors.go:197.4,197.32 1 1
goldbox-rpg/pkg/pcg/levels/corridors.go:201.2,201.18 1 1
goldbox-rpg/pkg/pcg/levels/corridors.go:205.96,214.37 5 1
goldbox-rpg/pkg/pcg/levels/corridors.go:214.37,216.58 1 1
goldbox-rpg/pkg/pcg/levels/corridors.go:216.58,217.31 1 1
goldbox-rpg/pkg/pcg/levels/corridors.go:217.31,218.31 1 1
goldbox-rpg/pkg/pcg/levels/corridors.go:218.31,220.6 1 1
goldbox-rpg/pkg/pcg/levels/corridors.go:220.11,222.6 1 1
goldbox-rpg/pkg/pcg/levels/corridors.go:223.10,223.38 1 1
goldbox-rpg/pkg/pcg/levels/corridors.go:223.38,224.31 1 1
goldbox-rpg/pkg/pcg/levels/corridors.go:224.31,226.6 1 1
goldbox-rpg/pkg/pcg/levels/corridors.go:226.11,228.6 1 1
goldbox-rpg/pkg/pcg/levels/corridors.go:230.4,230.32 1 1
goldbox-rpg/pkg/pcg/levels/corridors.go:234.2,234.18 1 1
goldbox-rpg/pkg/pcg/levels/corridors.go:238.99,246.75 6 1
goldbox-rpg/pkg/pcg/levels/corridors.go:246.75,258.25 5 1
goldbox-rpg/pkg/pcg/levels/corridors.go:258.25,260.4 1 1
goldbox-rpg/pkg/pcg/levels/corridors.go:260.9,260.32 1 1
goldbox-rpg/pkg/pcg/levels/corridors.go:260.32,262.4 1 1
goldbox-rpg/pkg/pcg/levels/corridors.go:264.3,264.25 1 1
goldbox-rpg/pkg/pcg/levels/corridors.go:264.25,266.4 1 1
goldbox-rpg/pkg/pcg/levels/corridors.go:266.9,266.32 1 1
goldbox-rpg/pkg/pcg/levels/corridors.go:266.32,268.4 1 1
goldbox-rpg/pkg/pcg/levels/corridors.go:271.3,271.29 1 1
goldbox-rpg/pkg/pcg/levels/corridors.go:271.29,273.4 1 1
goldbox-rpg/pkg/pcg/levels/corridors.go:275.3,275.31 1 1
goldbox-rpg/pkg/pcg/levels/corridors.go:279.2,279.47 1 1
goldbox-rpg/pkg/pcg/levels/corridors.go:279.47,280.24 1 1
goldbox-rpg/pkg/pcg/levels/corridors.go:280.24,282.4 1 1
goldbox-rpg/pkg/pcg/levels/corridors.go:282.9,282.31 1 1
goldbox-rpg/pkg/pcg/levels/corridors.go:282.31,284.4 1 1
goldbox-rpg/pkg/pcg/levels/corridors.go:284.9,284.31 1 1
goldbox-rpg/pkg/pcg/levels/corridors.go:284.31,286.4 1 1
goldbox-rpg/pkg/pcg/levels/corridors.go:286.9,286.31 1 1
goldbox-rpg/pkg/pcg/levels/corridors.go:286.31,288.4 1 1
goldbox-rpg/pkg/pcg/levels/corridors.go:289.3,289.31 1 1
goldbox-rpg/pkg/pcg/levels/corridors.go:292.2,292.18 1 1
goldbox-rpg/pkg/pcg/levels/corridors.go:296.99,302.47 4 1
goldbox-rpg/pkg/pcg/levels/corridors.go:302.47,306.47 2 1
goldbox-rpg/pkg/pcg/levels/corridors.go:306.47,307.25 1 1
goldbox-rpg/pkg/pcg/levels/corridors.go:307.25,309.5 1 1
goldbox-rpg/pkg/pcg/levels/corridors.go:309.10,311.5 1 1
goldbox-rpg/pkg/pcg/levels/corridors.go:312.4,312.25 1 1
goldbox-rpg/pkg/pcg/levels/corridors.go:312.25,314.5 1 1
goldbox-rpg/pkg/pcg/levels/corridors.go:314.10,316.5 1 0
goldbox-rpg/pkg/pcg/levels/corridors.go:317.4,317.16 1 1
goldbox-rpg/pkg/pcg/levels/corridors.go:318.9,320.26 1 1
goldbox-rpg/pkg/pcg/levels/corridors.go:320.26,321.26 1 0
goldbox-rpg/pkg/pcg/levels/corridors.go:321.26,323.6 1 0
goldbox-rpg/pkg/pcg/levels/corridors.go:323.11,325.6 1 0
goldbox-rpg/pkg/pcg/levels/corridors.go:326.5,326.17 1 0
goldbox-rpg/pkg/pcg/levels/corridors.go:327.10,327.33 1 1
goldbox-rpg/pkg/pcg/levels/corridors.go:327.33,328.26 1 1
goldbox-rpg/pkg/pcg/levels/corridors.go:328.26,330.6 1 1
goldbox-rpg/pkg/pcg/levels/corridors.go:330.11,332.6 1 0
goldbox-rpg/pkg/pcg/levels/corridors.go:333.5,333.17 1 1
goldbox-rpg/pkg/pcg/levels/corridors.go:337.3,337.12 1 1
goldbox-rpg/pkg/pcg/levels/corridors.go:337.12,339.4 1 1
goldbox-rpg/pkg/pcg/levels/corridors.go:339.9,340.9 1 0
goldbox-rpg/pkg/pcg/levels/corridors.go:344.2,344.18 1 1
goldbox-rpg/pkg/pcg/levels/corridors.go:348.99,351.29 2 1
goldbox-rpg/pkg/pcg/levels/corridors.go:351.29,362.3 6 1
goldbox-rpg/pkg/pcg/levels/corridors.go:365.2,367.18 2 1
goldbox-rpg/pkg/pcg/levels/corridors.go:371.113,372.26 1 1
goldbox-rpg/pkg/pcg/levels/corridors.go:372.26,374.3 1 0
goldbox-rpg/pkg/pcg/levels/corridors.go:376.2,377.33 2 1
goldbox-rpg/pkg/pcg/levels/corridors.go:377.33,379.3 1 1
goldbox-rpg/pkg/pcg/levels/corridors.go:381.2,381.22 1 1
goldbox-rpg/pkg/pcg/levels/corridors.go:381.22,383.3 1 0
goldbox-rpg/pkg/pcg/levels/corridors.go:385.2,388.33 3 1
goldbox-rpg/pkg/pcg/levels/corridors.go:388.33,390.24 2 1
goldbox-rpg/pkg/pcg/levels/corridors.go:390.24,392.4 1 1
goldbox-rpg/pkg/pcg/levels/corridors.go:395.2,395.38 1 0
goldbox-rpg/pkg/pcg/levels/corridors.go:399.119,405.62 3 1
goldbox-rpg/pkg/pcg/levels/corridors.go:405.62,406.29 1 1
goldbox-rpg/pkg/pcg/levels/corridors.go:406.29,418.4 3 1
goldbox-rpg/pkg/pcg/levels/corridors.go:421.2,421.17 1 1
goldbox-rpg/pkg/pcg/levels/corridors.go:425.83,437.13 3 1
goldbox-rpg/pkg/pcg/levels/corridors.go:437.13,439.3 1 0
goldbox-rpg/pkg/pcg/levels/corridors.go:441.2,441.55 1 1
goldbox-rpg/pkg/pcg/levels/generator.go:25.56,35.2 3 1
goldbox-rpg/pkg/pcg/levels/generator.go:38.67,50.2 11 1
goldbox-rpg/pkg/pcg/levels/generator.go:53.55,55.2 1 1
goldbox-rpg/pkg/pcg/levels/generator.go:58.61,60.2 1 1
goldbox-rpg/pkg/pcg/levels/generator.go:63.55,65.2 1 1
goldbox-rpg/pkg/pcg/levels/generator.go:68.79,70.9 2 1
goldbox-rpg/pkg/pcg/levels/generator.go:70.9,72.3 1 1
goldbox-rpg/pkg/pcg/levels/generator.go:74.2,74.30 1 1
goldbox-rpg/pkg/pcg/levels/generator.go:74.30,76.3 1 1
goldbox-rpg/pkg/pcg/levels/generator.go:78.2,78.49 1 1
goldbox-rpg/pkg/pcg/levels/generator.go:78.49,80.3 1 1
goldbox-rpg/pkg/pcg/levels/generator.go:82.2,82.53 1 1
goldbox-rpg/pkg/pcg/levels/generator.go:82.53,84.3 1 1
goldbox-rpg/pkg/pcg/levels/generator.go:86.2,86.55 1 1
goldbox-rpg/pkg/pcg/levels/generator.go:86.55,88.3 1 0
goldbox-rpg/pkg/pcg/levels/generator.go:90.2,90.12 1 1
goldbox-rpg/pkg/pcg/levels/generator.go:94.115,96.9 2 1
goldbox-rpg/pkg/pcg/levels/generator.go:96.9,98.3 1 0
goldbox-rpg/pkg/pcg/levels/generator.go:101.2,103.44 2 1
goldbox-rpg/pkg/pcg/levels/generator.go:107.115,117.16 5 1
goldbox-rpg/pkg/pcg/levels/generator.go:117.16,119.3 1 0
goldbox-rpg/pkg/pcg/levels/generator.go:122.2,123.16 2 1
goldbox-rpg/pkg/pcg/levels/generator.go:123.16,125.3 1 0
goldbox-rpg/pkg/pcg/levels/generator.go:128.2,129.16 2 1
goldbox-rpg/pkg/pcg/levels/generator.go:129.16,131.3 1 0
goldbox-rpg/pkg/pcg/levels/generator.go:134.2,135.16 2 1
goldbox-rpg/pkg/pcg/levels/generator.go:135.16,137.3 1 0
goldbox-rpg/pkg/pcg/levels/generator.go:140.2,141.16 2 1
goldbox-rpg/pkg/pcg/levels/generator.go:141.16,143.3 1 0
goldbox-rpg/pkg/pcg/levels/generator.go:146.2,147.16 2 1
goldbox-rpg/pkg/pcg/levels/generator.go:147.16,149.3 1 0
goldbox-rpg/pkg/pcg/levels/generator.go:151.2,151.19 1 1
goldbox-rpg/pkg/pcg/levels/generator.go:155.104,162.27 3 1
goldbox-rpg/pkg/pcg/levels/generator.go:163.24,164.37 1 1
goldbox-rpg/pkg/pcg/levels/generator.go:165.23,167.43 1 1
goldbox-rpg/pkg/pcg/levels/generator.go:168.24,170.77 1 1
goldbox-rpg/pkg/pcg/levels/generator.go:171.27,173.37 1 1
goldbox-rpg/pkg/pcg/levels/generator.go:174.10,175.37 1 1
goldbox-rpg/pkg/pcg/levels/generator.go:179.2,179.16 1 1
goldbox-rpg/pkg/pcg/levels/generator.go:179.16,181.3 1 0
goldbox-rpg/pkg/pcg/levels/generator.go:182.2,182.17 1 1
goldbox-rpg/pkg/pcg/levels/generator.go:182.17,184.3 1 0
goldbox-rpg/pkg/pcg/levels/generator.go:186.2,186.22 1 1
goldbox-rpg/pkg/pcg/levels/generator.go:190.155,200.32 5 1
goldbox-rpg/pkg/pcg/levels/generator.go:200.32,213.3 3 1
goldbox-rpg/pkg/pcg/levels/generator.go:216.2,218.25 2 1
goldbox-rpg/pkg/pcg/levels/generator.go:222.103,223.22 1 1
goldbox-rpg/pkg/pcg/levels/generator.go:223.22,225.3 1 1
goldbox-rpg/pkg/pcg/levels/generator.go:228.2,231.38 3 1
goldbox-rpg/pkg/pcg/levels/generator.go:231.38,242.3 7 1
goldbox-rpg/pkg/pcg/levels/generator.go:242.8,242.47 1 1
goldbox-rpg/pkg/pcg/levels/generator.go:242.47,253.3 7 1
goldbox-rpg/pkg/pcg/levels/generator.go:253.8,256.3 1 1
goldbox-rpg/pkg/pcg/levels/generator.go:258.2,258.14 1 1
goldbox-rpg/pkg/pcg/levels/generator.go:262.105,264.16 1 1
goldbox-rpg/pkg/pcg/levels/generator.go:264.16,266.3 1 1
goldbox-rpg/pkg/pcg/levels/generator.go:269.2,269.22 1 1
goldbox-rpg/pkg/pcg/levels/generator.go:269.22,271.3 1 1
goldbox-rpg/pkg/pcg/levels/generator.go:274.2,274.40 1 1
goldbox-rpg/pkg/pcg/levels/generator.go:274.40,276.3 1 1
goldbox-rpg/pkg/pcg/levels/generator.go:279.2,279.31 1 1
goldbox-rpg/pkg/pcg/levels/generator.go:279.31,281.3 1 1
goldbox-rpg/pkg/pcg/levels/generator.go:284.2,285.9 2 1
goldbox-rpg/pkg/pcg/levels/generator.go:286.18,287.28 1 1
goldbox-rpg/pkg/pcg/levels/generator.go:288.18,289.30 1 1
goldbox-rpg/pkg/pcg/levels/generator.go:290.19,291.28 1 0
goldbox-rpg/pkg/pcg/levels/generator.go:292.19,293.26 1 0
goldbox-rpg/pkg/pcg/levels/generator.go:294.19,295.26 1 1
goldbox-rpg/pkg/pcg/levels/generator.go:296.10,297.28 1 0
goldbox-rpg/pkg/pcg/levels/generator.go:302.109,306.35 3 1
goldbox-rpg/pkg/pcg/levels/generator.go:306.35,307.40 1 1
goldbox-rpg/pkg/pcg/levels/generator.go:307.40,309.4 1 1
goldbox-rpg/pkg/pcg/levels/generator.go:310.3,310.36 1 1
goldbox-rpg/pkg/pcg/levels/generator.go:310.36,312.4 1 1
goldbox-rpg/pkg/pcg/levels/generator.go:316.2,316.42 1 1
goldbox-rpg/pkg/pcg/levels/generator.go:316.42,318.3 1 0
goldbox-rpg/pkg/pcg/levels/generator.go:321.2,321.38 1 1
goldbox-rpg/pkg/pcg/levels/generator.go:321.38,323.3 1 0
goldbox-rpg/pkg/pcg/levels/generator.go:327.141,328.41 1 1
goldbox-rpg/pkg/pcg/levels/generator.go:328.41,330.14 2 1
goldbox-rpg/pkg/pcg/levels/generator.go:330.14,333.4 1 0
goldbox-rpg/pkg/pcg/levels/generator.go:335.3,336.17 2 1
goldbox-rpg/pkg/pcg/levels/generator.go:336.17,338.4 1 0
goldbox-rpg/pkg/pcg/levels/generator.go:341.3,344.51 4 1
goldbox-rpg/pkg/pcg/levels/generator.go:347.2,347.12 1 1
goldbox-rpg/pkg/pcg/levels/generator.go:351.142,359.41 4 1
goldbox-rpg/pkg/pcg/levels/generator.go:359.41,366.17 2 1
goldbox-rpg/pkg/pcg/levels/generator.go:366.17,368.4 1 0
goldbox-rpg/pkg/pcg/levels/generator.go:370.3,380.4 3 1
goldbox-rpg/pkg/pcg/levels/generator.go:383.2,383.23 1 1
goldbox-rpg/pkg/pcg/levels/generator.go:395.102,399.36 2 1
goldbox-rpg/pkg/pcg/levels/generator.go:399.36,409.3 3 1
goldbox-rpg/pkg/pcg/levels/generator.go:412.2,412.20 1 1
goldbox-rpg/pkg/pcg/levels/generator.go:412.20,423.3 3 1
goldbox-rpg/pkg/pcg/levels/generator.go:425.2,425.20 1 1
goldbox-rpg/pkg/pcg/levels/generator.go:429.91,431.25 1 1
goldbox-rpg/pkg/pcg/levels/generator.go:432.9,436.4 1 1
goldbox-rpg/pkg/pcg/levels/generator.go:437.9,441.4 1 1
goldbox-rpg/pkg/pcg/levels/generator.go:442.9,446.4 1 1
goldbox-rpg/pkg/pcg/levels/generator.go:447.10,451.4 1 1
goldbox-rpg/pkg/pcg/levels/generator.go:456.146,459.35 2 1
goldbox-rpg/pkg/pcg/levels/generator.go:459.35,460.38 1 1
goldbox-rpg/pkg/pcg/levels/generator.go:460.38,462.4 1 0
goldbox-rpg/pkg/pcg/levels/generator.go:466.2,466.68 1 1
goldbox-rpg/pkg/pcg/levels/generator.go:466.68,469.44 2 1
goldbox-rpg/pkg/pcg/levels/generator.go:469.44,480.4 2 1
goldbox-rpg/pkg/pcg/levels/generator.go:483.2,483.12 1 1
goldbox-rpg/pkg/pcg/levels/generator.go:487.106,492.29 3 1
goldbox-rpg/pkg/pcg/levels/generator.go:492.29,493.26 1 1
goldbox-rpg/pkg/pcg/levels/generator.go:493.26,495.4 1 0
goldbox-rpg/pkg/pcg/levels/generator.go:499.2,501.29 3 1
goldbox-rpg/pkg/pcg/levels/generator.go:501.29,502.40 1 1
goldbox-rpg/pkg/pcg/levels/generator.go:502.40,504.4 1 1
goldbox-rpg/pkg/pcg/levels/generator.go:505.3,505.36 1 1
goldbox-rpg/pkg/pcg/levels/generator.go:505.36,507.4 1 1
goldbox-rpg/pkg/pcg/levels/generator.go:510.2,510.18 1 1
goldbox-rpg/pkg/pcg/levels/generator.go:510.18,512.3 1 0
goldbox-rpg/pkg/pcg/levels/generator.go:513.2,513.14 1 1
goldbox-rpg/pkg/pcg/levels/generator.go:513.14,515.3 1 0
goldbox-rpg/pkg/pcg/levels/generator.go:517.2,517.12 1 1
goldbox-rpg/pkg/pcg/levels/generator.go:521.121,522.23 1 1
goldbox-rpg/pkg/pcg/levels/generator.go:522.23,524.3 1 1
goldbox-rpg/pkg/pcg/levels/generator.go:526.2,530.29 3 1
goldbox-rpg/pkg/pcg/levels/generator.go:530.29,531.24 1 1
goldbox-rpg/pkg/pcg/levels/generator.go:531.24,533.9 2 1
goldbox-rpg/pkg/pcg/levels/generator.go:537.2,537.24 1 1
goldbox-rpg/pkg/pcg/levels/generator.go:537.24,539.3 1 0
goldbox-rpg/pkg/pcg/levels/generator.go:542.2,542.52 1 1
goldbox-rpg/pkg/pcg/levels/generator.go:542.52,544.3 1 1
goldbox-rpg/pkg/pcg/levels/generator.go:548.169,560.30 2 1
goldbox-rpg/pkg/pcg/levels/generator.go:560.30,562.30 2 1
goldbox-rpg/pkg/pcg/levels/generator.go:562.30,568.4 1 1
goldbox-rpg/pkg/pcg/levels/generator.go:572.2,572.29 1 1
goldbox-rpg/pkg/pcg/levels/generator.go:572.29,573.68 1 1
goldbox-rpg/pkg/pcg/levels/generator.go:573.68,574.71 1 1
goldbox-rpg/pkg/pcg/levels/generator.go:574.71,576.5 1 1
goldbox-rpg/pkg/pcg/levels/generator.go:581.2,581.37 1 1
goldbox-rpg/pkg/pcg/levels/generator.go:581.37,582.37 1 1
goldbox-rpg/pkg/pcg/levels/generator.go:582.37,583.67 1 1
goldbox-rpg/pkg/pcg/levels/generator.go:583.67,589.5 1 1
goldbox-rpg/pkg/pcg/levels/generator.go:594.2,601.19 7 1
goldbox-rpg/pkg/pcg/levels/generator.go:605.163,607.13 2 1
goldbox-rpg/pkg/pcg/levels/generator.go:607.13,609.3 1 0
goldbox-rpg/pkg/pcg/levels/generator.go:611.2,614.85 3 1
goldbox-rpg/pkg/pcg/levels/rooms.go:14.162,25.37 2 1
goldbox-rpg/pkg/pcg/levels/rooms.go:25.37,27.37 2 1
goldbox-rpg/pkg/pcg/levels/rooms.go:27.37,29.71 1 1
goldbox-rpg/pkg/pcg/levels/rooms.go:29.71,35.5 1 1
goldbox-rpg/pkg/pcg/levels/rooms.go:35.10,41.5 1 1
goldbox-rpg/pkg/pcg/levels/rooms.go:46.2,49.36 3 1
goldbox-rpg/pkg/pcg/levels/rooms.go:49.36,52.3 2 1
goldbox-rpg/pkg/pcg/levels/rooms.go:55.2,62.18 5 1
goldbox-rpg/pkg/pcg/levels/rooms.go:65.149,81.2 5 1
goldbox-rpg/pkg/pcg/levels/rooms.go:83.109,88.33 3 1
goldbox-rpg/pkg/pcg/levels/rooms.go:88.33,93.15 3 1
goldbox-rpg/pkg/pcg/levels/rooms.go:94.10,96.9 2 1
goldbox-rpg/pkg/pcg/levels/rooms.go:97.10,99.37 2 1
goldbox-rpg/pkg/pcg/levels/rooms.go:100.10,102.25 2 1
goldbox-rpg/pkg/pcg/levels/rooms.go:103.10,105.37 2 1
goldbox-rpg/pkg/pcg/levels/rooms.go:108.3,108.73 1 1
goldbox-rpg/pkg/pcg/levels/rooms.go:111.2,111.14 1 1
goldbox-rpg/pkg/pcg/levels/rooms.go:114.97,117.15 2 1
goldbox-rpg/pkg/pcg/levels/rooms.go:118.24,119.50 1 1
goldbox-rpg/pkg/pcg/levels/rooms.go:120.23,121.51 1 0
goldbox-rpg/pkg/pcg/levels/rooms.go:122.24,123.47 1 1
goldbox-rpg/pkg/pcg/levels/rooms.go:124.27,125.56 1 0
goldbox-rpg/pkg/pcg/levels/rooms.go:126.24,127.52 1 1
goldbox-rpg/pkg/pcg/levels/rooms.go:128.23,129.51 1 0
goldbox-rpg/pkg/pcg/levels/rooms.go:130.26,131.77 1 0
goldbox-rpg/pkg/pcg/levels/rooms.go:132.10,133.48 1 0
goldbox-rpg/pkg/pcg/levels/rooms.go:137.2,137.21 1 1
goldbox-rpg/pkg/pcg/levels/rooms.go:137.21,139.3 1 0
goldbox-rpg/pkg/pcg/levels/rooms.go:141.2,141.16 1 1
goldbox-rpg/pkg/pcg/levels/rooms.go:147.164,158.37 2 1
goldbox-rpg/pkg/pcg/levels/rooms.go:158.37,160.37 2 1
goldbox-rpg/pkg/pcg/levels/rooms.go:160.37,161.71 1 1
goldbox-rpg/pkg/pcg/levels/rooms.go:161.71,167.5 1 1
goldbox-rpg/pkg/pcg/levels/rooms.go:167.10,173.5 1 1
goldbox-rpg/pkg/pcg/levels/rooms.go:177.2,181.37 3 1
goldbox-rpg/pkg/pcg/levels/rooms.go:181.37,196.3 4 1
goldbox-rpg/pkg/pcg/levels/rooms.go:199.2,199.20 1 1
goldbox-rpg/pkg/pcg/levels/rooms.go:199.20,208.3 1 1
goldbox-rpg/pkg/pcg/levels/rooms.go:211.2,218.18 4 1
goldbox-rpg/pkg/pcg/levels/rooms.go:221.92,222.9 1 1
goldbox-rpg/pkg/pcg/levels/rooms.go:223.22,224.18 1 0
goldbox-rpg/pkg/pcg/levels/rooms.go:225.23,226.20 1 1
goldbox-rpg/pkg/pcg/levels/rooms.go:227.23,228.16 1 1
goldbox-rpg/pkg/pcg/levels/rooms.go:229.10,230.16 1 0
goldbox-rpg/pkg/pcg/levels/rooms.go:234.101,237.20 2 1
goldbox-rpg/pkg/pcg/levels/rooms.go:237.20,239.3 1 1
goldbox-rpg/pkg/pcg/levels/rooms.go:240.2,240.20 1 1
goldbox-rpg/pkg/pcg/levels/rooms.go:240.20,242.3 1 1
goldbox-rpg/pkg/pcg/levels/rooms.go:243.2,243.21 1 1
goldbox-rpg/pkg/pcg/levels/rooms.go:243.21,245.3 1 0
goldbox-rpg/pkg/pcg/levels/rooms.go:247.2,247.17 1 1
goldbox-rpg/pkg/pcg/levels/rooms.go:253.162,264.37 2 0
goldbox-rpg/pkg/pcg/levels/rooms.go:264.37,266.37 2 0
goldbox-rpg/pkg/pcg/levels/rooms.go:266.37,267.71 1 0
goldbox-rpg/pkg/pcg/levels/rooms.go:267.71,273.5 1 0
goldbox-rpg/pkg/pcg/levels/rooms.go:273.10,279.5 1 0
goldbox-rpg/pkg/pcg/levels/rooms.go:283.2,304.18 10 0
goldbox-rpg/pkg/pcg/levels/rooms.go:307.111,310.15 2 0
goldbox-rpg/pkg/pcg/levels/rooms.go:311.24,312.68 1 0
goldbox-rpg/pkg/pcg/levels/rooms.go:313.27,314.72 1 0
goldbox-rpg/pkg/pcg/levels/rooms.go:315.24,316.75 1 0
goldbox-rpg/pkg/pcg/levels/rooms.go:317.10,318.68 1 0
goldbox-rpg/pkg/pcg/levels/rooms.go:321.2,321.40 1 0
goldbox-rpg/pkg/pcg/levels/rooms.go:324.147,329.20 3 0
goldbox-rpg/pkg/pcg/levels/rooms.go:330.24,331.37 1 0
goldbox-rpg/pkg/pcg/levels/rooms.go:331.37,342.4 3 0
goldbox-rpg/pkg/pcg/levels/rooms.go:343.25,344.37 1 0
goldbox-rpg/pkg/pcg/levels/rooms.go:344.37,355.4 3 0
goldbox-rpg/pkg/pcg/levels/rooms.go:356.10,366.5 3 0
goldbox-rpg/pkg/pcg/levels/rooms.go:369.2,369.17 1 0
goldbox-rpg/pkg/pcg/levels/rooms.go:375.160,386.37 2 1
goldbox-rpg/pkg/pcg/levels/rooms.go:386.37,388.37 2 1
goldbox-rpg/pkg/pcg/levels/rooms.go:388.37,389.71 1 1
goldbox-rpg/pkg/pcg/levels/rooms.go:389.71,395.5 1 1
[...]
goldbox-rpg/pkg/server/server.go:402.26,404.45 2 0
goldbox-rpg/pkg/server/server.go:405.23,407.42 2 0
goldbox-rpg/pkg/server/server.go:408.25,410.44 2 0
goldbox-rpg/pkg/server/server.go:411.26,413.45 2 0
goldbox-rpg/pkg/server/server.go:414.24,416.43 2 0
goldbox-rpg/pkg/server/server.go:417.27,419.46 2 0
goldbox-rpg/pkg/server/server.go:420.29,422.48 2 0
goldbox-rpg/pkg/server/server.go:423.23,425.42 2 0
goldbox-rpg/pkg/server/server.go:426.22,428.41 2 0
goldbox-rpg/pkg/server/server.go:429.29,431.48 2 0
goldbox-rpg/pkg/server/server.go:432.32,434.51 2 0
goldbox-rpg/pkg/server/server.go:435.25,437.44 2 0
goldbox-rpg/pkg/server/server.go:438.22,440.41 2 0
goldbox-rpg/pkg/server/server.go:441.30,443.49 2 0
goldbox-rpg/pkg/server/server.go:444.31,446.50 2 0
goldbox-rpg/pkg/server/server.go:447.26,449.45 2 0
goldbox-rpg/pkg/server/server.go:450.26,452.45 2 0
goldbox-rpg/pkg/server/server.go:453.31,455.50 2 0
goldbox-rpg/pkg/server/server.go:456.32,458.51 2 0
goldbox-rpg/pkg/server/server.go:459.31,461.50 2 0
goldbox-rpg/pkg/server/server.go:462.21,464.40 2 1
goldbox-rpg/pkg/server/server.go:465.23,467.42 2 1
goldbox-rpg/pkg/server/server.go:468.29,470.48 2 0
goldbox-rpg/pkg/server/server.go:471.31,473.50 2 0
goldbox-rpg/pkg/server/server.go:474.27,476.46 2 0
goldbox-rpg/pkg/server/server.go:477.27,479.46 2 0
goldbox-rpg/pkg/server/server.go:480.27,482.46 2 0
goldbox-rpg/pkg/server/server.go:483.25,485.44 2 0
goldbox-rpg/pkg/server/server.go:486.29,488.48 2 0
goldbox-rpg/pkg/server/server.go:489.10,492.18 3 0
goldbox-rpg/pkg/server/server.go:495.2,495.16 1 1
goldbox-rpg/pkg/server/server.go:495.16,498.3 2 1
goldbox-rpg/pkg/server/server.go:500.2,501.20 2 1
goldbox-rpg/pkg/server/server.go:519.67,536.60 5 0
goldbox-rpg/pkg/server/server.go:536.60,539.3 2 0
goldbox-rpg/pkg/server/server.go:541.2,544.39 2 0
goldbox-rpg/pkg/server/server.go:568.84,598.60 5 0
goldbox-rpg/pkg/server/server.go:598.60,601.3 2 0
goldbox-rpg/pkg/server/server.go:603.2,606.36 2 0
goldbox-rpg/pkg/server/server.go:618.28,620.2 1 1
goldbox-rpg/pkg/server/server.go:638.56,650.75 5 0
goldbox-rpg/pkg/server/server.go:650.75,653.3 2 0
goldbox-rpg/pkg/server/server.go:655.2,656.12 2 0
goldbox-rpg/pkg/server/session.go:22.67,23.50 1 1
goldbox-rpg/pkg/server/session.go:23.50,25.3 1 1
goldbox-rpg/pkg/server/session.go:27.2,27.9 1 1
goldbox-rpg/pkg/server/session.go:28.38,29.14 1 1
goldbox-rpg/pkg/server/session.go:30.40,35.15 2 1
goldbox-rpg/pkg/server/session.go:64.104,74.16 5 1
goldbox-rpg/pkg/server/session.go:74.16,75.58 1 1
goldbox-rpg/pkg/server/session.go:75.58,83.4 4 1
goldbox-rpg/pkg/server/session.go:84.3,87.49 1 1
goldbox-rpg/pkg/server/session.go:90.2,118.21 8 1
goldbox-rpg/pkg/server/session.go:191.43,193.12 2 1
goldbox-rpg/pkg/server/session.go:193.12,194.7 1 1
goldbox-rpg/pkg/server/session.go:194.7,195.11 1 1
goldbox-rpg/pkg/server/session.go:196.20,197.31 1 0
goldbox-rpg/pkg/server/session.go:198.18,200.11 2 1
goldbox-rpg/pkg/server/session.go:206.46,211.38 4 1
goldbox-rpg/pkg/server/session.go:211.38,212.51 1 1
goldbox-rpg/pkg/server/session.go:212.51,214.25 1 1
goldbox-rpg/pkg/server/session.go:214.25,216.13 1 1
goldbox-rpg/pkg/server/session.go:219.4,219.29 1 1
goldbox-rpg/pkg/server/session.go:219.29,221.5 1 0
goldbox-rpg/pkg/server/session.go:222.4,222.26 1 1
goldbox-rpg/pkg/server/session.go:228.73,233.12 4 1
goldbox-rpg/pkg/server/session.go:233.12,235.3 1 1
goldbox-rpg/pkg/server/session.go:236.2,236.24 1 1
goldbox-rpg/pkg/server/session.go:240.74,245.2 3 0
goldbox-rpg/pkg/server/session.go:248.60,249.20 1 1
goldbox-rpg/pkg/server/session.go:249.20,251.3 1 1
goldbox-rpg/pkg/server/spell.go:32.135,35.66 2 1
goldbox-rpg/pkg/server/spell.go:35.66,38.3 2 1
goldbox-rpg/pkg/server/spell.go:40.2,43.16 3 1
goldbox-rpg/pkg/server/spell.go:43.16,45.3 1 0
goldbox-rpg/pkg/server/spell.go:47.2,47.20 1 1
goldbox-rpg/pkg/server/spell.go:51.96,58.2 1 1
goldbox-rpg/pkg/server/spell.go:61.92,63.2 1 1
goldbox-rpg/pkg/server/spell.go:66.56,71.2 1 1
goldbox-rpg/pkg/server/spell.go:74.65,79.2 1 1
goldbox-rpg/pkg/server/spell.go:82.140,83.22 1 1
goldbox-rpg/pkg/server/spell.go:84.28,85.58 1 1
goldbox-rpg/pkg/server/spell.go:86.30,87.60 1 1
goldbox-rpg/pkg/server/spell.go:88.27,89.52 1 1
goldbox-rpg/pkg/server/spell.go:90.10,95.56 2 1
goldbox-rpg/pkg/server/spell.go:100.56,105.2 1 0
goldbox-rpg/pkg/server/spells.go:11.96,18.19 2 1
goldbox-rpg/pkg/server/spells.go:19.28,21.40 1 1
goldbox-rpg/pkg/server/spells.go:21.40,27.4 2 0
goldbox-rpg/pkg/server/spells.go:28.3,28.14 1 1
goldbox-rpg/pkg/server/spells.go:30.29,32.40 1 1
goldbox-rpg/pkg/server/spells.go:32.40,38.4 2 0
goldbox-rpg/pkg/server/spells.go:39.3,39.14 1 1
goldbox-rpg/pkg/server/spells.go:41.30,43.41 1 1
goldbox-rpg/pkg/server/spells.go:43.41,44.37 1 1
goldbox-rpg/pkg/server/spells.go:44.37,49.5 2 1
goldbox-rpg/pkg/server/spells.go:51.3,55.15 2 1
goldbox-rpg/pkg/server/spells.go:57.10,62.15 2 0
goldbox-rpg/pkg/server/spells.go:66.85,74.32 2 1
goldbox-rpg/pkg/server/spells.go:74.32,81.3 2 1
goldbox-rpg/pkg/server/spells.go:84.2,84.45 1 1
goldbox-rpg/pkg/server/spells.go:84.45,85.46 1 1
goldbox-rpg/pkg/server/spells.go:85.46,91.4 2 1
goldbox-rpg/pkg/server/spells.go:94.2,97.12 2 1
goldbox-rpg/pkg/server/spells.go:101.121,108.16 4 1
goldbox-rpg/pkg/server/spells.go:108.16,110.3 1 0
goldbox-rpg/pkg/server/spells.go:112.2,113.16 2 1
goldbox-rpg/pkg/server/spells.go:113.16,115.3 1 0
goldbox-rpg/pkg/server/spells.go:118.2,118.33 1 1
goldbox-rpg/pkg/server/spells.go:118.33,120.17 2 1
goldbox-rpg/pkg/server/spells.go:120.17,122.4 1 0
goldbox-rpg/pkg/server/spells.go:125.2,136.20 3 1
goldbox-rpg/pkg/server/spells.go:140.101,147.2 1 1
goldbox-rpg/pkg/server/spells.go:150.119,152.16 2 1
goldbox-rpg/pkg/server/spells.go:152.16,155.3 2 0
goldbox-rpg/pkg/server/spells.go:156.2,159.22 4 1
goldbox-rpg/pkg/server/spells.go:159.22,161.3 1 1
goldbox-rpg/pkg/server/spells.go:162.2,162.73 1 1
goldbox-rpg/pkg/server/spells.go:162.73,165.3 2 0
goldbox-rpg/pkg/server/spells.go:166.2,166.38 1 1
goldbox-rpg/pkg/server/spells.go:170.120,172.16 2 1
goldbox-rpg/pkg/server/spells.go:172.16,175.3 2 0
goldbox-rpg/pkg/server/spells.go:176.2,178.63 3 1
goldbox-rpg/pkg/server/spells.go:178.63,181.3 2 0
goldbox-rpg/pkg/server/spells.go:182.2,182.39 1 1
goldbox-rpg/pkg/server/spells.go:186.121,189.72 3 1
goldbox-rpg/pkg/server/spells.go:189.72,192.3 2 0
goldbox-rpg/pkg/server/spells.go:193.2,193.32 1 1
goldbox-rpg/pkg/server/spells.go:202.26,217.23 2 1
goldbox-rpg/pkg/server/spells.go:217.23,219.3 1 1
goldbox-rpg/pkg/server/spells.go:220.2,220.24 1 1
goldbox-rpg/pkg/server/spells.go:220.24,222.3 1 1
goldbox-rpg/pkg/server/spells.go:223.2,223.15 1 1
goldbox-rpg/pkg/server/spells.go:227.98,235.2 1 1
goldbox-rpg/pkg/server/spells.go:237.123,257.2 4 1
goldbox-rpg/pkg/server/spells.go:259.122,279.2 4 1
goldbox-rpg/pkg/server/spells.go:281.119,301.2 4 1
goldbox-rpg/pkg/server/spells.go:304.70,310.21 3 1
goldbox-rpg/pkg/server/spells.go:310.21,312.3 1 1
goldbox-rpg/pkg/server/spells.go:315.2,317.45 2 1
goldbox-rpg/pkg/server/spells.go:321.61,322.18 1 0
goldbox-rpg/pkg/server/spells.go:323.18,325.37 1 0
goldbox-rpg/pkg/server/spells.go:326.24,328.37 1 0
goldbox-rpg/pkg/server/spells.go:329.23,331.41 1 0
goldbox-rpg/pkg/server/spells.go:332.10,334.47 1 0
goldbox-rpg/pkg/server/spells.go:339.62,340.18 1 0
goldbox-rpg/pkg/server/spells.go:341.14,343.37 1 0
goldbox-rpg/pkg/server/spells.go:344.21,346.37 1 0
goldbox-rpg/pkg/server/spells.go:347.22,349.37 1 0
goldbox-rpg/pkg/server/spells.go:350.10,352.47 1 0
goldbox-rpg/pkg/server/spells.go:357.41,358.34 1 0
goldbox-rpg/pkg/server/spells.go:358.34,360.3 1 0
goldbox-rpg/pkg/server/spells.go:362.2,363.31 2 0
goldbox-rpg/pkg/server/spells.go:363.31,365.3 1 0
goldbox-rpg/pkg/server/spells.go:366.2,366.14 1 0
goldbox-rpg/pkg/server/spells.go:370.92,380.37 3 1
goldbox-rpg/pkg/server/spells.go:380.37,381.41 1 0
goldbox-rpg/pkg/server/spells.go:381.41,387.17 4 0
goldbox-rpg/pkg/server/spells.go:387.17,389.5 1 0
goldbox-rpg/pkg/server/spells.go:391.4,401.14 3 0
goldbox-rpg/pkg/server/spells.go:404.2,413.12 3 1
goldbox-rpg/pkg/server/spells.go:417.75,426.37 3 1
goldbox-rpg/pkg/server/spells.go:426.37,427.41 1 0
goldbox-rpg/pkg/server/spells.go:427.41,434.21 5 0
goldbox-rpg/pkg/server/spells.go:434.21,436.5 1 0
goldbox-rpg/pkg/server/spells.go:438.4,449.14 3 0
goldbox-rpg/pkg/server/spells.go:452.2,461.12 3 1
goldbox-rpg/pkg/server/state.go:56.56,57.45 1 0
goldbox-rpg/pkg/server/state.go:57.45,59.3 1 0
goldbox-rpg/pkg/server/state.go:61.2,65.26 3 0
goldbox-rpg/pkg/server/state.go:65.26,67.3 1 0
goldbox-rpg/pkg/server/state.go:70.2,70.34 1 0
goldbox-rpg/pkg/server/state.go:70.34,72.3 1 0
goldbox-rpg/pkg/server/state.go:75.2,75.64 1 0
goldbox-rpg/pkg/server/state.go:79.56,81.52 1 0
goldbox-rpg/pkg/server/state.go:81.52,82.55 1 0
goldbox-rpg/pkg/server/state.go:82.55,83.63 1 0
goldbox-rpg/pkg/server/state.go:83.63,85.5 1 0
goldbox-rpg/pkg/server/state.go:90.2,112.39 14 0
goldbox-rpg/pkg/server/state.go:112.39,114.3 1 0
goldbox-rpg/pkg/server/state.go:115.2,124.14 6 0
goldbox-rpg/pkg/server/state.go:127.39,131.22 1 0
goldbox-rpg/pkg/server/state.go:131.22,133.3 1 0
goldbox-rpg/pkg/server/state.go:134.2,134.12 1 0
goldbox-rpg/pkg/server/state.go:138.72,150.15 9 0
goldbox-rpg/pkg/server/state.go:150.15,155.3 4 0
goldbox-rpg/pkg/server/state.go:158.2,158.27 1 0
goldbox-rpg/pkg/server/state.go:158.27,160.3 1 0
goldbox-rpg/pkg/server/state.go:163.2,164.12 2 0
goldbox-rpg/pkg/server/state.go:164.12,166.3 1 0
goldbox-rpg/pkg/server/state.go:168.2,168.9 1 0
goldbox-rpg/pkg/server/state.go:169.21,170.17 1 0
goldbox-rpg/pkg/server/state.go:170.17,173.4 2 0
goldbox-rpg/pkg/server/state.go:174.37,176.40 2 0
goldbox-rpg/pkg/server/state.go:179.2,183.12 3 0
goldbox-rpg/pkg/server/state.go:186.45,187.52 1 0
goldbox-rpg/pkg/server/state.go:187.52,196.3 6 0
goldbox-rpg/pkg/server/state.go:196.8,198.3 1 0
goldbox-rpg/pkg/server/state.go:201.73,203.71 1 0
goldbox-rpg/pkg/server/state.go:203.71,204.60 1 0
goldbox-rpg/pkg/server/state.go:204.60,206.4 1 0
goldbox-rpg/pkg/server/state.go:210.2,210.69 1 0
goldbox-rpg/pkg/server/state.go:210.69,211.82 1 0
goldbox-rpg/pkg/server/state.go:211.82,212.60 1 0
goldbox-rpg/pkg/server/state.go:212.60,214.5 1 0
goldbox-rpg/pkg/server/state.go:219.2,219.70 1 0
goldbox-rpg/pkg/server/state.go:219.70,220.60 1 0
goldbox-rpg/pkg/server/state.go:220.60,222.4 1 0
goldbox-rpg/pkg/server/state.go:226.2,226.76 1 0
goldbox-rpg/pkg/server/state.go:226.76,227.42 1 0
goldbox-rpg/pkg/server/state.go:227.42,228.50 1 0
goldbox-rpg/pkg/server/state.go:228.50,229.61 1 0
goldbox-rpg/pkg/server/state.go:229.61,230.54 1 0
goldbox-rpg/pkg/server/state.go:230.54,232.7 1 0
goldbox-rpg/pkg/server/state.go:238.2,238.12 1 0
goldbox-rpg/pkg/server/state.go:241.43,259.39 3 0
goldbox-rpg/pkg/server/state.go:259.39,261.3 1 0
goldbox-rpg/pkg/server/state.go:263.2,263.17 1 0
goldbox-rpg/pkg/server/state.go:287.58,296.45 1 0
goldbox-rpg/pkg/server/state.go:296.45,298.44 2 0
goldbox-rpg/pkg/server/state.go:298.44,306.5 1 0
goldbox-rpg/pkg/server/state.go:307.4,307.17 1 0
goldbox-rpg/pkg/server/state.go:368.36,391.2 4 1
goldbox-rpg/pkg/server/types.go:87.72,88.14 1 1
goldbox-rpg/pkg/server/types.go:88.14,90.3 1 1
goldbox-rpg/pkg/server/types.go:92.2,92.36 1 1
goldbox-rpg/pkg/server/types.go:92.36,93.14 1 1
goldbox-rpg/pkg/server/types.go:94.17,95.60 1 1
goldbox-rpg/pkg/server/types.go:95.60,97.5 1 1
goldbox-rpg/pkg/server/types.go:98.20,99.41 1 1
goldbox-rpg/pkg/server/types.go:99.41,101.5 1 1
goldbox-rpg/pkg/server/types.go:102.21,103.46 1 1
goldbox-rpg/pkg/server/types.go:103.46,105.5 1 1
goldbox-rpg/pkg/server/types.go:106.20,107.43 1 1
goldbox-rpg/pkg/server/types.go:107.43,109.5 1 1
goldbox-rpg/pkg/server/types.go:113.2,113.12 1 1
goldbox-rpg/pkg/server/types.go:117.48,118.14 1 1
goldbox-rpg/pkg/server/types.go:118.14,120.3 1 1
goldbox-rpg/pkg/server/types.go:122.2,132.14 2 1
goldbox-rpg/pkg/server/types.go:136.50,148.2 1 1
goldbox-rpg/pkg/server/types.go:151.34,153.2 1 1
goldbox-rpg/pkg/server/types.go:156.35,158.2 1 1
goldbox-rpg/pkg/server/types.go:161.40,163.2 1 1
goldbox-rpg/pkg/server/util.go:32.68,45.34 5 0
goldbox-rpg/pkg/server/util.go:45.34,47.60 2 0
goldbox-rpg/pkg/server/util.go:47.60,48.45 1 0
goldbox-rpg/pkg/server/util.go:48.45,60.5 4 0
goldbox-rpg/pkg/server/util.go:60.10,67.5 3 0
goldbox-rpg/pkg/server/util.go:68.9,70.4 1 0
goldbox-rpg/pkg/server/util.go:73.2,73.40 1 0
goldbox-rpg/pkg/server/util.go:73.40,75.3 1 0
goldbox-rpg/pkg/server/util.go:77.2,78.29 2 0
goldbox-rpg/pkg/server/util.go:78.29,80.3 1 0
goldbox-rpg/pkg/server/util.go:82.2,83.15 2 0
goldbox-rpg/pkg/server/util.go:100.78,112.49 6 0
goldbox-rpg/pkg/server/util.go:112.49,114.45 2 0
goldbox-rpg/pkg/server/util.go:114.45,120.4 2 0
goldbox-rpg/pkg/server/util.go:123.2,124.23 2 0
goldbox-rpg/pkg/server/util.go:142.74,149.63 3 0
goldbox-rpg/pkg/server/util.go:149.63,153.3 3 0
goldbox-rpg/pkg/server/util.go:154.2,155.12 2 0
goldbox-rpg/pkg/server/util.go:175.78,182.37 3 0
goldbox-rpg/pkg/server/util.go:182.37,185.3 2 0
goldbox-rpg/pkg/server/util.go:187.2,200.14 3 0
goldbox-rpg/pkg/server/util.go:217.65,225.52 4 0
goldbox-rpg/pkg/server/util.go:225.52,227.60 2 0
goldbox-rpg/pkg/server/util.go:227.60,228.49 1 0
goldbox-rpg/pkg/server/util.go:228.49,230.31 2 0
goldbox-rpg/pkg/server/util.go:230.31,233.43 3 0
goldbox-rpg/pkg/server/util.go:233.43,235.7 1 0
goldbox-rpg/pkg/server/util.go:236.11,238.6 1 0
goldbox-rpg/pkg/server/util.go:239.10,241.5 1 0
goldbox-rpg/pkg/server/util.go:242.9,244.4 1 0
goldbox-rpg/pkg/server/util.go:247.2,248.16 2 0
goldbox-rpg/pkg/server/util.go:266.68,286.2 8 0
goldbox-rpg/pkg/server/util.go:303.70,310.53 3 1
goldbox-rpg/pkg/server/util.go:310.53,314.34 3 1
goldbox-rpg/pkg/server/util.go:314.34,316.67 2 0
goldbox-rpg/pkg/server/util.go:316.67,319.5 2 0
goldbox-rpg/pkg/server/util.go:319.10,321.5 1 0
goldbox-rpg/pkg/server/util.go:323.8,325.3 1 0
goldbox-rpg/pkg/server/util.go:337.39,352.2 8 0
goldbox-rpg/pkg/server/util.go:382.59,393.2 5 1
goldbox-rpg/pkg/server/util.go:409.65,416.24 3 1
goldbox-rpg/pkg/server/util.go:416.24,417.30 1 1
goldbox-rpg/pkg/server/util.go:417.30,420.4 2 1
goldbox-rpg/pkg/server/util.go:423.2,424.12 2 1
goldbox-rpg/pkg/server/util.go:441.73,448.27 3 1
goldbox-rpg/pkg/server/util.go:448.27,449.32 1 1
goldbox-rpg/pkg/server/util.go:449.32,452.4 2 1
goldbox-rpg/pkg/server/util.go:455.2,456.12 2 1
goldbox-rpg/pkg/server/util.go:496.43,507.50 4 1
goldbox-rpg/pkg/server/util.go:507.50,510.3 2 1
goldbox-rpg/pkg/server/util.go:512.2,513.20 2 1
goldbox-rpg/pkg/server/util.go:513.20,516.3 2 1
goldbox-rpg/pkg/server/util.go:519.2,520.22 2 1
goldbox-rpg/pkg/server/util.go:520.22,523.17 3 1
goldbox-rpg/pkg/server/util.go:523.17,526.4 2 1
goldbox-rpg/pkg/server/util.go:529.2,530.16 2 1
goldbox-rpg/pkg/server/util.go:530.16,533.3 2 1
goldbox-rpg/pkg/server/util.go:535.2,536.22 2 1
goldbox-rpg/pkg/server/util.go:536.22,539.17 3 1
goldbox-rpg/pkg/server/util.go:539.17,542.4 2 1
goldbox-rpg/pkg/server/util.go:546.2,556.15 4 1
goldbox-rpg/pkg/server/util.go:570.24,578.11 3 1
goldbox-rpg/pkg/server/util.go:578.11,581.3 2 1
goldbox-rpg/pkg/server/util.go:582.2,583.10 2 1
goldbox-rpg/pkg/server/util.go:601.44,616.45 5 1
goldbox-rpg/pkg/server/util.go:616.45,617.23 1 1
goldbox-rpg/pkg/server/util.go:617.23,620.4 2 1
goldbox-rpg/pkg/server/util.go:622.2,623.14 2 1
goldbox-rpg/pkg/server/websocket.go:33.51,36.26 2 1
goldbox-rpg/pkg/server/websocket.go:36.26,37.26 1 1
goldbox-rpg/pkg/server/websocket.go:37.26,39.4 1 1
goldbox-rpg/pkg/server/websocket.go:39.9,39.38 1 1
goldbox-rpg/pkg/server/websocket.go:39.38,41.4 1 1
goldbox-rpg/pkg/server/websocket.go:41.9,43.4 1 0
goldbox-rpg/pkg/server/websocket.go:47.2,57.15 8 1
goldbox-rpg/pkg/server/websocket.go:73.50,75.19 2 1
goldbox-rpg/pkg/server/websocket.go:75.19,81.20 4 1
goldbox-rpg/pkg/server/websocket.go:81.20,83.32 2 0
goldbox-rpg/pkg/server/websocket.go:83.32,85.5 1 0
goldbox-rpg/pkg/server/websocket.go:87.3,88.20 2 1
goldbox-rpg/pkg/server/websocket.go:88.20,90.32 2 0
goldbox-rpg/pkg/server/websocket.go:90.32,93.5 1 0
goldbox-rpg/pkg/server/websocket.go:95.3,96.42 2 1
goldbox-rpg/pkg/server/websocket.go:96.42,99.4 2 1
goldbox-rpg/pkg/server/websocket.go:101.3,101.15 1 1
goldbox-rpg/pkg/server/websocket.go:103.2,103.36 1 0
goldbox-rpg/pkg/server/websocket.go:115.82,116.41 1 1
goldbox-rpg/pkg/server/websocket.go:116.41,117.43 1 1
goldbox-rpg/pkg/server/websocket.go:117.43,119.4 1 1
goldbox-rpg/pkg/server/websocket.go:121.2,121.14 1 1
goldbox-rpg/pkg/server/websocket.go:137.52,141.43 1 1
goldbox-rpg/pkg/server/websocket.go:141.43,146.16 4 1
goldbox-rpg/pkg/server/websocket.go:146.16,151.5 1 1
goldbox-rpg/pkg/server/websocket.go:153.4,153.18 1 1
goldbox-rpg/pkg/server/websocket.go:156.2,156.18 1 1
goldbox-rpg/pkg/server/websocket.go:202.54,208.2 1 1
goldbox-rpg/pkg/server/websocket.go:219.62,228.2 1 1
goldbox-rpg/pkg/server/websocket.go:248.77,251.20 3 0
goldbox-rpg/pkg/server/websocket.go:251.20,254.3 2 0
goldbox-rpg/pkg/server/websocket.go:256.2,257.16 2 0
goldbox-rpg/pkg/server/websocket.go:257.16,260.3 2 0
goldbox-rpg/pkg/server/websocket.go:261.2,270.17 2 0
goldbox-rpg/pkg/server/websocket.go:270.17,273.3 2 0
goldbox-rpg/pkg/server/websocket.go:275.2,279.6 3 0
goldbox-rpg/pkg/server/websocket.go:279.6,281.45 2 0
goldbox-rpg/pkg/server/websocket.go:281.45,282.9 1 0
goldbox-rpg/pkg/server/websocket.go:286.3,286.24 1 0
goldbox-rpg/pkg/server/websocket.go:286.24,288.4 1 0
goldbox-rpg/pkg/server/websocket.go:289.3,296.17 4 0
goldbox-rpg/pkg/server/websocket.go:296.17,299.12 3 0
goldbox-rpg/pkg/server/websocket.go:302.3,303.17 2 0
goldbox-rpg/pkg/server/websocket.go:303.17,306.12 3 0
goldbox-rpg/pkg/server/websocket.go:309.3,309.69 1 0
goldbox-rpg/pkg/server/websocket.go:309.69,311.9 2 0
goldbox-rpg/pkg/server/websocket.go:327.92,329.9 2 0
goldbox-rpg/pkg/server/websocket.go:329.9,331.3 1 0
goldbox-rpg/pkg/server/websocket.go:333.2,333.38 1 0
goldbox-rpg/pkg/server/websocket.go:351.82,371.56 6 0
goldbox-rpg/pkg/server/websocket.go:371.56,373.3 1 0
goldbox-rpg/pkg/server/websocket.go:373.8,375.3 1 0
goldbox-rpg/pkg/server/websocket.go:395.103,428.56 6 0
goldbox-rpg/pkg/server/websocket.go:428.56,430.3 1 0
goldbox-rpg/pkg/server/websocket.go:430.8,432.3 1 0
goldbox-rpg/pkg/server/websocket.go:453.80,454.21 1 1
goldbox-rpg/pkg/server/websocket.go:454.21,456.3 1 1
goldbox-rpg/pkg/server/websocket.go:458.2,460.13 3 1
goldbox-rpg/pkg/server/websocket.go:460.13,463.3 2 1
goldbox-rpg/pkg/server/websocket.go:466.2,466.27 1 1
goldbox-rpg/pkg/server/websocket.go:466.27,469.3 2 1
goldbox-rpg/pkg/server/websocket.go:472.2,476.21 4 1
goldbox-rpg/pkg/server/websocket.go:510.71,516.2 1 1
goldbox-rpg/pkg/server/websocket.go:527.41,531.15 3 1
goldbox-rpg/pkg/server/websocket.go:531.15,533.3 1 0
goldbox-rpg/pkg/server/websocket.go:536.2,545.39 8 1
goldbox-rpg/pkg/server/websocket.go:545.39,547.3 1 1
goldbox-rpg/pkg/server/websocket.go:549.2,550.76 2 1
goldbox-rpg/pkg/server/websocket.go:554.40,561.2 5 0
goldbox-rpg/pkg/server/websocket.go:567.67,573.33 5 1
goldbox-rpg/pkg/server/websocket.go:573.33,575.3 1 0
goldbox-rpg/pkg/server/websocket.go:578.2,588.28 2 1
goldbox-rpg/pkg/server/websocket.go:595.69,598.45 3 1
goldbox-rpg/pkg/server/websocket.go:598.45,599.67 1 1
goldbox-rpg/pkg/server/websocket.go:599.67,601.4 1 1
goldbox-rpg/pkg/server/websocket.go:603.2,605.24 2 1
goldbox-rpg/pkg/server/websocket.go:605.24,607.3 1 0
goldbox-rpg/pkg/server/websocket.go:609.2,610.35 2 1
goldbox-rpg/pkg/server/websocket.go:610.35,612.28 1 1
goldbox-rpg/pkg/server/websocket.go:612.28,614.11 1 1
goldbox-rpg/pkg/server/websocket.go:614.11,615.18 1 1
goldbox-rpg/pkg/server/websocket.go:615.18,616.34 1 1
goldbox-rpg/pkg/server/websocket.go:616.34,621.7 1 1
goldbox-rpg/pkg/server/websocket.go:624.5,624.61 1 1
goldbox-rpg/pkg/server/websocket.go:624.61,629.6 1 0
goldbox-rpg/pkg/server/websocket.go:629.11,631.6 1 0
goldbox-rpg/pkg/server/websocket.go:636.2,640.43 1 1
