mode: set
goldbox-rpg/cmd/content-creator/main.go:31.27,44.2 12 0
goldbox-rpg/cmd/content-creator/main.go:47.19,84.2 1 0
goldbox-rpg/cmd/content-creator/main.go:87.13,89.33 2 0
goldbox-rpg/cmd/content-creator/main.go:89.33,92.3 2 0
goldbox-rpg/cmd/content-creator/main.go:96.29,97.27 1 0
goldbox-rpg/cmd/content-creator/main.go:97.27,100.3 2 0
goldbox-rpg/cmd/content-creator/main.go:102.2,102.42 1 0
goldbox-rpg/cmd/content-creator/main.go:103.15,104.26 1 0
goldbox-rpg/cmd/content-creator/main.go:105.14,106.25 1 0
goldbox-rpg/cmd/content-creator/main.go:107.10,108.84 1 0
goldbox-rpg/cmd/content-creator/main.go:113.37,117.24 2 0
goldbox-rpg/cmd/content-creator/main.go:117.24,120.17 3 0
goldbox-rpg/cmd/content-creator/main.go:120.17,122.4 1 0
goldbox-rpg/cmd/content-creator/main.go:126.2,126.21 1 0
goldbox-rpg/cmd/content-creator/main.go:126.21,129.17 3 0
goldbox-rpg/cmd/content-creator/main.go:129.17,131.4 1 0
goldbox-rpg/cmd/content-creator/main.go:132.8,132.31 1 0
goldbox-rpg/cmd/content-creator/main.go:132.31,135.3 2 0
goldbox-rpg/cmd/content-creator/main.go:138.2,138.45 1 0
goldbox-rpg/cmd/content-creator/main.go:138.45,140.3 1 0
goldbox-rpg/cmd/content-creator/main.go:142.2,142.43 1 0
goldbox-rpg/cmd/content-creator/main.go:146.65,214.9 3 0
goldbox-rpg/cmd/content-creator/main.go:214.9,216.3 1 0
goldbox-rpg/cmd/content-creator/main.go:217.2,217.19 1 0
goldbox-rpg/cmd/content-creator/main.go:221.60,245.2 19 0
goldbox-rpg/cmd/content-creator/main.go:248.89,256.17 7 0
goldbox-rpg/cmd/content-creator/main.go:256.17,258.3 1 0
goldbox-rpg/cmd/content-creator/main.go:261.2,261.73 1 0
goldbox-rpg/cmd/content-creator/main.go:261.73,263.3 1 0
goldbox-rpg/cmd/content-creator/main.go:266.2,267.31 2 0
goldbox-rpg/cmd/content-creator/main.go:267.31,268.20 1 0
goldbox-rpg/cmd/content-creator/main.go:268.20,270.4 1 0
goldbox-rpg/cmd/content-creator/main.go:273.2,274.16 2 0
goldbox-rpg/cmd/content-creator/main.go:278.44,279.20 1 0
goldbox-rpg/cmd/content-creator/main.go:279.20,281.3 1 0
goldbox-rpg/cmd/content-creator/main.go:282.2,282.22 1 0
goldbox-rpg/cmd/content-creator/main.go:282.22,284.3 1 0
goldbox-rpg/cmd/content-creator/main.go:285.2,285.40 1 0
goldbox-rpg/cmd/content-creator/main.go:285.40,287.3 1 0
goldbox-rpg/cmd/content-creator/main.go:288.2,288.21 1 0
goldbox-rpg/cmd/content-creator/main.go:288.21,290.3 1 0
goldbox-rpg/cmd/content-creator/main.go:291.2,291.12 1 0
goldbox-rpg/cmd/content-creator/main.go:295.61,297.16 2 0
goldbox-rpg/cmd/content-creator/main.go:297.16,299.3 1 0
goldbox-rpg/cmd/content-creator/main.go:301.2,304.22 2 0
goldbox-rpg/cmd/content-creator/main.go:304.22,307.3 2 0
goldbox-rpg/cmd/content-creator/main.go:309.2,309.72 1 0
goldbox-rpg/cmd/content-creator/main.go:309.72,311.3 1 0
goldbox-rpg/cmd/content-creator/main.go:313.2,314.12 2 0
goldbox-rpg/cmd/content-creator/main.go:318.36,321.24 2 0
goldbox-rpg/cmd/content-creator/main.go:321.24,324.17 3 0
goldbox-rpg/cmd/content-creator/main.go:324.17,326.4 1 0
goldbox-rpg/cmd/content-creator/main.go:329.2,329.21 1 0
goldbox-rpg/cmd/content-creator/main.go:329.21,332.17 3 0
goldbox-rpg/cmd/content-creator/main.go:332.17,334.4 1 0
goldbox-rpg/cmd/content-creator/main.go:335.8,335.31 1 0
goldbox-rpg/cmd/content-creator/main.go:335.31,338.3 2 0
goldbox-rpg/cmd/content-creator/main.go:340.2,340.43 1 0
goldbox-rpg/cmd/content-creator/main.go:340.43,342.3 1 0
goldbox-rpg/cmd/content-creator/main.go:344.2,344.41 1 0
goldbox-rpg/cmd/content-creator/main.go:348.63,387.9 3 0
goldbox-rpg/cmd/content-creator/main.go:387.9,389.3 1 0
goldbox-rpg/cmd/content-creator/main.go:390.2,390.18 1 0
goldbox-rpg/cmd/content-creator/main.go:394.57,407.27 10 0
goldbox-rpg/cmd/content-creator/main.go:407.27,409.3 1 0
goldbox-rpg/cmd/content-creator/main.go:411.2,411.26 1 0
goldbox-rpg/cmd/content-creator/main.go:411.26,413.3 1 0
goldbox-rpg/cmd/content-creator/main.go:416.2,421.17 6 0
goldbox-rpg/cmd/content-creator/main.go:421.17,423.30 2 0
goldbox-rpg/cmd/content-creator/main.go:423.30,425.15 2 0
goldbox-rpg/cmd/content-creator/main.go:425.15,427.5 1 0
goldbox-rpg/cmd/content-creator/main.go:431.2,431.18 1 0
goldbox-rpg/cmd/content-creator/main.go:435.41,436.19 1 0
goldbox-rpg/cmd/content-creator/main.go:436.19,438.3 1 0
goldbox-rpg/cmd/content-creator/main.go:439.2,439.21 1 0
goldbox-rpg/cmd/content-creator/main.go:439.21,441.3 1 0
goldbox-rpg/cmd/content-creator/main.go:442.2,442.20 1 0
goldbox-rpg/cmd/content-creator/main.go:442.20,444.3 1 0
goldbox-rpg/cmd/content-creator/main.go:445.2,445.12 1 0
goldbox-rpg/cmd/content-creator/main.go:449.58,451.16 2 0
goldbox-rpg/cmd/content-creator/main.go:451.16,453.3 1 0
goldbox-rpg/cmd/content-creator/main.go:455.2,458.22 2 0
goldbox-rpg/cmd/content-creator/main.go:458.22,461.3 2 0
goldbox-rpg/cmd/content-creator/main.go:463.2,463.72 1 0
goldbox-rpg/cmd/content-creator/main.go:463.72,465.3 1 0
goldbox-rpg/cmd/content-creator/main.go:467.2,468.12 2 0
goldbox-rpg/cmd/content-creator/main.go:472.83,473.22 1 0
goldbox-rpg/cmd/content-creator/main.go:473.22,475.3 1 0
goldbox-rpg/cmd/content-creator/main.go:475.8,475.25 1 0
goldbox-rpg/cmd/content-creator/main.go:475.25,477.3 1 0
goldbox-rpg/cmd/content-creator/main.go:477.8,479.3 1 0
goldbox-rpg/cmd/content-creator/main.go:481.2,484.17 3 0
goldbox-rpg/cmd/content-creator/main.go:484.17,485.23 1 0
goldbox-rpg/cmd/content-creator/main.go:485.23,487.4 1 0
goldbox-rpg/cmd/content-creator/main.go:488.3,488.19 1 0
goldbox-rpg/cmd/content-creator/main.go:488.19,490.4 1 0
goldbox-rpg/cmd/content-creator/main.go:492.2,492.14 1 0
goldbox-rpg/cmd/content-creator/main.go:496.73,501.17 4 0
goldbox-rpg/cmd/content-creator/main.go:501.17,503.3 1 0
goldbox-rpg/cmd/content-creator/main.go:505.2,506.16 2 0
goldbox-rpg/cmd/content-creator/main.go:506.16,509.3 2 0
goldbox-rpg/cmd/content-creator/main.go:510.2,510.12 1 0
goldbox-rpg/cmd/dungeon-demo/main.go:54.37,68.2 1 1
goldbox-rpg/cmd/dungeon-demo/main.go:70.13,71.30 1 1
goldbox-rpg/cmd/dungeon-demo/main.go:71.30,74.3 2 0
goldbox-rpg/cmd/dungeon-demo/main.go:78.18,84.16 5 1
goldbox-rpg/cmd/dungeon-demo/main.go:84.16,86.3 1 0
goldbox-rpg/cmd/dungeon-demo/main.go:88.2,89.12 2 1
goldbox-rpg/cmd/dungeon-demo/main.go:95.70,107.16 9 1
goldbox-rpg/cmd/dungeon-demo/main.go:107.16,115.3 2 0
goldbox-rpg/cmd/dungeon-demo/main.go:117.2,118.9 2 1
goldbox-rpg/cmd/dungeon-demo/main.go:118.9,125.3 2 0
goldbox-rpg/cmd/dungeon-demo/main.go:127.2,136.21 2 1
goldbox-rpg/cmd/dungeon-demo/main.go:141.76,157.44 13 1
goldbox-rpg/cmd/dungeon-demo/main.go:157.44,164.36 4 1
goldbox-rpg/cmd/dungeon-demo/main.go:164.36,166.4 1 1
goldbox-rpg/cmd/dungeon-demo/main.go:168.3,169.42 2 1
goldbox-rpg/cmd/dungeon-demo/main.go:169.42,171.4 1 1
goldbox-rpg/cmd/dungeon-demo/main.go:172.3,175.33 2 1
goldbox-rpg/cmd/dungeon-demo/main.go:175.33,177.4 1 1
goldbox-rpg/cmd/dungeon-demo/main.go:180.2,183.34 2 1
goldbox-rpg/cmd/dungeon-demo/main.go:183.34,185.44 2 1
goldbox-rpg/cmd/dungeon-demo/main.go:185.44,190.4 1 1
goldbox-rpg/cmd/dungeon-demo/main.go:193.2,195.91 3 1
goldbox-rpg/cmd/dungeon-demo/main.go:198.61,199.19 1 1
goldbox-rpg/cmd/dungeon-demo/main.go:199.19,202.3 2 1
goldbox-rpg/cmd/dungeon-demo/main.go:203.2,203.15 1 1
goldbox-rpg/cmd/dungeon-demo/main.go:206.62,220.2 1 1
goldbox-rpg/cmd/dungeon-demo/main.go:222.88,255.2 1 1
goldbox-rpg/cmd/bootstrap-demo/main.go:96.39,98.21 1 1
goldbox-rpg/cmd/bootstrap-demo/main.go:98.21,100.3 1 1
goldbox-rpg/cmd/bootstrap-demo/main.go:103.2,103.26 1 1
goldbox-rpg/cmd/bootstrap-demo/main.go:103.26,104.24 1 1
goldbox-rpg/cmd/bootstrap-demo/main.go:104.24,106.4 1 1
goldbox-rpg/cmd/bootstrap-demo/main.go:107.3,107.13 1 1
goldbox-rpg/cmd/bootstrap-demo/main.go:111.2,111.37 1 1
goldbox-rpg/cmd/bootstrap-demo/main.go:111.37,113.3 1 1
goldbox-rpg/cmd/bootstrap-demo/main.go:116.2,116.47 1 1
goldbox-rpg/cmd/bootstrap-demo/main.go:116.47,118.3 1 1
goldbox-rpg/cmd/bootstrap-demo/main.go:121.2,121.41 1 1
goldbox-rpg/cmd/bootstrap-demo/main.go:121.41,123.3 1 1
goldbox-rpg/cmd/bootstrap-demo/main.go:126.2,126.22 1 1
goldbox-rpg/cmd/bootstrap-demo/main.go:126.22,128.3 1 1
goldbox-rpg/cmd/bootstrap-demo/main.go:131.2,131.25 1 1
goldbox-rpg/cmd/bootstrap-demo/main.go:131.25,133.3 1 1
goldbox-rpg/cmd/bootstrap-demo/main.go:136.2,136.23 1 1
goldbox-rpg/cmd/bootstrap-demo/main.go:136.23,138.3 1 1
goldbox-rpg/cmd/bootstrap-demo/main.go:140.2,140.12 1 1
goldbox-rpg/cmd/bootstrap-demo/main.go:143.13,144.30 1 0
goldbox-rpg/cmd/bootstrap-demo/main.go:144.30,147.3 2 0
goldbox-rpg/cmd/bootstrap-demo/main.go:152.18,157.42 3 1
goldbox-rpg/cmd/bootstrap-demo/main.go:157.42,159.3 1 0
goldbox-rpg/cmd/bootstrap-demo/main.go:162.2,162.26 1 1
goldbox-rpg/cmd/bootstrap-demo/main.go:162.26,163.50 1 1
goldbox-rpg/cmd/bootstrap-demo/main.go:163.50,165.4 1 0
goldbox-rpg/cmd/bootstrap-demo/main.go:166.3,166.13 1 1
goldbox-rpg/cmd/bootstrap-demo/main.go:169.2,181.49 2 0
goldbox-rpg/cmd/bootstrap-demo/main.go:181.49,183.3 1 0
goldbox-rpg/cmd/bootstrap-demo/main.go:185.2,186.12 2 0
goldbox-rpg/cmd/bootstrap-demo/main.go:189.31,207.2 14 1
goldbox-rpg/cmd/bootstrap-demo/main.go:209.33,215.13 2 1
goldbox-rpg/cmd/bootstrap-demo/main.go:215.13,217.3 1 1
goldbox-rpg/cmd/bootstrap-demo/main.go:217.8,219.3 1 1
goldbox-rpg/cmd/bootstrap-demo/main.go:226.37,228.16 2 1
goldbox-rpg/cmd/bootstrap-demo/main.go:228.16,230.3 1 0
goldbox-rpg/cmd/bootstrap-demo/main.go:232.2,232.25 1 1
goldbox-rpg/cmd/bootstrap-demo/main.go:232.25,235.3 2 1
goldbox-rpg/cmd/bootstrap-demo/main.go:237.2,238.37 2 0
goldbox-rpg/cmd/bootstrap-demo/main.go:238.37,240.3 1 0
goldbox-rpg/cmd/bootstrap-demo/main.go:242.2,247.12 5 0
goldbox-rpg/cmd/bootstrap-demo/main.go:250.49,252.78 1 1
goldbox-rpg/cmd/bootstrap-demo/main.go:252.78,254.3 1 0
goldbox-rpg/cmd/bootstrap-demo/main.go:257.2,260.31 3 1
goldbox-rpg/cmd/bootstrap-demo/main.go:260.31,264.17 3 1
goldbox-rpg/cmd/bootstrap-demo/main.go:264.17,266.4 1 0
goldbox-rpg/cmd/bootstrap-demo/main.go:268.3,268.51 1 1
goldbox-rpg/cmd/bootstrap-demo/main.go:269.8,272.17 2 1
goldbox-rpg/cmd/bootstrap-demo/main.go:272.17,274.4 1 0
goldbox-rpg/cmd/bootstrap-demo/main.go:278.2,286.15 6 1
goldbox-rpg/cmd/bootstrap-demo/main.go:286.15,289.3 2 0
goldbox-rpg/cmd/bootstrap-demo/main.go:292.2,299.16 6 1
goldbox-rpg/cmd/bootstrap-demo/main.go:299.16,301.3 1 0
goldbox-rpg/cmd/bootstrap-demo/main.go:303.2,309.63 3 1
goldbox-rpg/cmd/bootstrap-demo/main.go:309.63,311.3 1 0
goldbox-rpg/cmd/bootstrap-demo/main.go:313.2,313.12 1 1
goldbox-rpg/cmd/bootstrap-demo/main.go:321.81,331.27 2 1
goldbox-rpg/cmd/bootstrap-demo/main.go:332.15,333.51 1 1
goldbox-rpg/cmd/bootstrap-demo/main.go:334.16,335.52 1 1
goldbox-rpg/cmd/bootstrap-demo/main.go:336.14,337.50 1 1
goldbox-rpg/cmd/bootstrap-demo/main.go:338.10,339.71 1 1
goldbox-rpg/cmd/bootstrap-demo/main.go:342.2,342.32 1 1
goldbox-rpg/cmd/bootstrap-demo/main.go:343.16,344.57 1 1
goldbox-rpg/cmd/bootstrap-demo/main.go:345.18,346.59 1 1
goldbox-rpg/cmd/bootstrap-demo/main.go:347.18,348.59 1 1
goldbox-rpg/cmd/bootstrap-demo/main.go:349.10,350.81 1 1
goldbox-rpg/cmd/bootstrap-demo/main.go:353.2,353.29 1 1
goldbox-rpg/cmd/bootstrap-demo/main.go:354.25,355.57 1 1
goldbox-rpg/cmd/bootstrap-demo/main.go:356.18,357.51 1 1
goldbox-rpg/cmd/bootstrap-demo/main.go:358.20,359.52 1 1
goldbox-rpg/cmd/bootstrap-demo/main.go:360.21,361.53 1 1
goldbox-rpg/cmd/bootstrap-demo/main.go:362.10,363.75 1 1
goldbox-rpg/cmd/bootstrap-demo/main.go:366.2,366.29 1 1
goldbox-rpg/cmd/bootstrap-demo/main.go:373.110,397.29 16 1
goldbox-rpg/cmd/bootstrap-demo/main.go:397.29,399.3 1 1
goldbox-rpg/cmd/bootstrap-demo/main.go:401.2,401.43 1 1
goldbox-rpg/cmd/bootstrap-demo/main.go:401.43,403.3 1 1
goldbox-rpg/cmd/bootstrap-demo/main.go:405.2,408.29 3 1
goldbox-rpg/cmd/bootstrap-demo/main.go:408.29,413.3 3 1
goldbox-rpg/cmd/bootstrap-demo/main.go:415.2,420.24 5 1
goldbox-rpg/cmd/bootstrap-demo/main.go:427.51,434.37 3 1
goldbox-rpg/cmd/bootstrap-demo/main.go:434.37,436.54 2 1
goldbox-rpg/cmd/bootstrap-demo/main.go:436.54,438.4 1 1
goldbox-rpg/cmd/bootstrap-demo/main.go:441.2,442.12 2 1
goldbox-rpg/cmd/map-editor/main.go:64.27,79.2 14 0
goldbox-rpg/cmd/map-editor/main.go:82.19,125.2 1 0
goldbox-rpg/cmd/map-editor/main.go:128.13,130.33 2 0
goldbox-rpg/cmd/map-editor/main.go:130.33,133.3 2 0
goldbox-rpg/cmd/map-editor/main.go:137.29,141.24 2 0
goldbox-rpg/cmd/map-editor/main.go:141.24,144.17 3 0
goldbox-rpg/cmd/map-editor/main.go:144.17,146.4 1 0
goldbox-rpg/cmd/map-editor/main.go:147.8,147.31 1 0
goldbox-rpg/cmd/map-editor/main.go:147.31,150.17 3 0
goldbox-rpg/cmd/map-editor/main.go:150.17,152.4 1 0
goldbox-rpg/cmd/map-editor/main.go:153.8,155.3 1 0
goldbox-rpg/cmd/map-editor/main.go:158.2,158.49 1 0
goldbox-rpg/cmd/map-editor/main.go:158.49,160.3 1 0
goldbox-rpg/cmd/map-editor/main.go:162.2,162.43 1 0
goldbox-rpg/cmd/map-editor/main.go:166.54,168.30 2 0
goldbox-rpg/cmd/map-editor/main.go:168.30,170.30 2 0
goldbox-rpg/cmd/map-editor/main.go:170.30,172.4 1 0
goldbox-rpg/cmd/map-editor/main.go:174.2,174.66 1 0
goldbox-rpg/cmd/map-editor/main.go:178.88,181.39 2 0
goldbox-rpg/cmd/map-editor/main.go:182.17,183.32 1 0
goldbox-rpg/cmd/map-editor/main.go:184.17,185.32 1 0
goldbox-rpg/cmd/map-editor/main.go:186.14,187.29 1 0
goldbox-rpg/cmd/map-editor/main.go:188.14,189.29 1 0
goldbox-rpg/cmd/map-editor/main.go:190.10,191.101 1 0
goldbox-rpg/cmd/map-editor/main.go:194.2,194.21 1 0
goldbox-rpg/cmd/map-editor/main.go:198.44,200.32 1 0
goldbox-rpg/cmd/map-editor/main.go:200.32,201.32 1 0
goldbox-rpg/cmd/map-editor/main.go:201.32,203.4 1 0
goldbox-rpg/cmd/map-editor/main.go:206.2,208.39 3 0
goldbox-rpg/cmd/map-editor/main.go:208.39,209.40 1 0
goldbox-rpg/cmd/map-editor/main.go:209.40,211.4 1 0
goldbox-rpg/cmd/map-editor/main.go:214.2,218.54 4 0
goldbox-rpg/cmd/map-editor/main.go:222.44,224.32 1 0
goldbox-rpg/cmd/map-editor/main.go:224.32,225.32 1 0
goldbox-rpg/cmd/map-editor/main.go:225.32,227.4 1 0
goldbox-rpg/cmd/map-editor/main.go:230.2,230.31 1 0
goldbox-rpg/cmd/map-editor/main.go:230.31,231.15 1 0
goldbox-rpg/cmd/map-editor/main.go:231.15,234.4 2 0
goldbox-rpg/cmd/map-editor/main.go:237.2,237.31 1 0
goldbox-rpg/cmd/map-editor/main.go:237.31,239.3 1 0
goldbox-rpg/cmd/map-editor/main.go:241.2,241.42 1 0
goldbox-rpg/cmd/map-editor/main.go:245.41,247.32 1 0
goldbox-rpg/cmd/map-editor/main.go:247.32,248.32 1 0
goldbox-rpg/cmd/map-editor/main.go:248.32,250.4 1 0
goldbox-rpg/cmd/map-editor/main.go:253.2,254.34 2 0
goldbox-rpg/cmd/map-editor/main.go:254.34,255.34 1 0
goldbox-rpg/cmd/map-editor/main.go:255.34,259.46 3 0
goldbox-rpg/cmd/map-editor/main.go:259.46,261.5 1 0
goldbox-rpg/cmd/map-editor/main.go:265.2,269.49 4 0
goldbox-rpg/cmd/map-editor/main.go:273.41,275.32 1 0
goldbox-rpg/cmd/map-editor/main.go:275.32,276.32 1 0
goldbox-rpg/cmd/map-editor/main.go:276.32,278.4 1 0
goldbox-rpg/cmd/map-editor/main.go:281.2,281.31 1 0
goldbox-rpg/cmd/map-editor/main.go:281.31,283.3 1 0
goldbox-rpg/cmd/map-editor/main.go:284.2,284.32 1 0
goldbox-rpg/cmd/map-editor/main.go:284.32,286.3 1 0
goldbox-rpg/cmd/map-editor/main.go:288.2,289.37 2 0
goldbox-rpg/cmd/map-editor/main.go:289.37,290.38 1 0
goldbox-rpg/cmd/map-editor/main.go:290.38,292.4 1 0
goldbox-rpg/cmd/map-editor/main.go:294.2,296.42 2 0
goldbox-rpg/cmd/map-editor/main.go:300.54,302.16 2 0
goldbox-rpg/cmd/map-editor/main.go:302.16,304.3 1 0
goldbox-rpg/cmd/map-editor/main.go:305.2,306.55 2 0
goldbox-rpg/cmd/map-editor/main.go:306.55,308.3 1 0
goldbox-rpg/cmd/map-editor/main.go:309.2,309.22 1 0
goldbox-rpg/cmd/map-editor/main.go:313.45,320.6 5 0
goldbox-rpg/cmd/map-editor/main.go:320.6,325.18 4 0
goldbox-rpg/cmd/map-editor/main.go:325.18,326.12 1 0
goldbox-rpg/cmd/map-editor/main.go:329.3,332.14 3 0
goldbox-rpg/cmd/map-editor/main.go:333.23,334.14 1 0
goldbox-rpg/cmd/map-editor/main.go:335.20,337.14 2 0
goldbox-rpg/cmd/map-editor/main.go:338.26,339.17 1 0
goldbox-rpg/cmd/map-editor/main.go:340.20,341.15 1 0
goldbox-rpg/cmd/map-editor/main.go:342.15,343.22 1 0
goldbox-rpg/cmd/map-editor/main.go:343.22,345.13 2 0
goldbox-rpg/cmd/map-editor/main.go:347.4,348.17 2 0
goldbox-rpg/cmd/map-editor/main.go:349.15,350.22 1 0
goldbox-rpg/cmd/map-editor/main.go:350.22,352.13 2 0
goldbox-rpg/cmd/map-editor/main.go:354.4,354.55 1 0
goldbox-rpg/cmd/map-editor/main.go:354.55,356.5 1 0
goldbox-rpg/cmd/map-editor/main.go:356.10,358.5 1 0
goldbox-rpg/cmd/map-editor/main.go:359.16,360.22 1 0
goldbox-rpg/cmd/map-editor/main.go:360.22,362.13 2 0
goldbox-rpg/cmd/map-editor/main.go:364.4,364.54 1 0
goldbox-rpg/cmd/map-editor/main.go:364.54,366.5 1 0
goldbox-rpg/cmd/map-editor/main.go:366.10,368.5 1 0
goldbox-rpg/cmd/map-editor/main.go:369.11,371.23 1 0
goldbox-rpg/cmd/map-editor/main.go:371.23,372.58 1 0
goldbox-rpg/cmd/map-editor/main.go:372.58,374.6 1 0
goldbox-rpg/cmd/map-editor/main.go:374.11,376.6 1 0
goldbox-rpg/cmd/map-editor/main.go:377.10,379.5 1 0
goldbox-rpg/cmd/map-editor/main.go:385.34,390.31 3 0
goldbox-rpg/cmd/map-editor/main.go:390.31,392.3 1 0
goldbox-rpg/cmd/map-editor/main.go:393.2,395.32 2 0
goldbox-rpg/cmd/map-editor/main.go:395.32,397.32 2 0
goldbox-rpg/cmd/map-editor/main.go:397.32,401.4 3 0
goldbox-rpg/cmd/map-editor/main.go:402.3,402.16 1 0
goldbox-rpg/cmd/map-editor/main.go:407.41,408.34 1 0
goldbox-rpg/cmd/map-editor/main.go:408.34,409.61 1 0
goldbox-rpg/cmd/map-editor/main.go:409.61,411.4 1 0
goldbox-rpg/cmd/map-editor/main.go:413.2,413.12 1 0
goldbox-rpg/cmd/map-editor/main.go:417.18,428.2 10 0
goldbox-rpg/cmd/map-editor/main.go:431.42,433.9 2 0
goldbox-rpg/cmd/map-editor/main.go:433.9,436.3 2 0
goldbox-rpg/cmd/map-editor/main.go:437.2,437.32 1 0
goldbox-rpg/cmd/map-editor/main.go:437.32,438.32 1 0
goldbox-rpg/cmd/map-editor/main.go:438.32,440.4 1 0
goldbox-rpg/cmd/map-editor/main.go:445.58,447.21 2 0
goldbox-rpg/cmd/map-editor/main.go:447.21,449.3 1 0
goldbox-rpg/cmd/map-editor/main.go:451.2,452.16 2 0
goldbox-rpg/cmd/map-editor/main.go:452.16,454.3 1 0
goldbox-rpg/cmd/map-editor/main.go:455.2,456.16 2 0
goldbox-rpg/cmd/map-editor/main.go:456.16,458.3 1 0
goldbox-rpg/cmd/map-editor/main.go:460.2,460.53 1 0
goldbox-rpg/cmd/map-editor/main.go:460.53,462.3 1 0
goldbox-rpg/cmd/map-editor/main.go:464.2,465.9 2 0
goldbox-rpg/cmd/map-editor/main.go:465.9,467.3 1 0
goldbox-rpg/cmd/map-editor/main.go:469.2,470.12 2 0
goldbox-rpg/cmd/map-editor/main.go:474.66,476.21 2 0
goldbox-rpg/cmd/map-editor/main.go:476.21,478.3 1 0
goldbox-rpg/cmd/map-editor/main.go:480.2,487.9 7 0
goldbox-rpg/cmd/map-editor/main.go:487.9,489.3 1 0
goldbox-rpg/cmd/map-editor/main.go:492.2,492.12 1 0
goldbox-rpg/cmd/map-editor/main.go:492.12,494.3 1 0
goldbox-rpg/cmd/map-editor/main.go:495.2,495.12 1 0
goldbox-rpg/cmd/map-editor/main.go:495.12,497.3 1 0
goldbox-rpg/cmd/map-editor/main.go:498.2,498.19 1 0
goldbox-rpg/cmd/map-editor/main.go:498.19,500.3 1 0
goldbox-rpg/cmd/map-editor/main.go:501.2,501.20 1 0
goldbox-rpg/cmd/map-editor/main.go:501.20,503.3 1 0
goldbox-rpg/cmd/map-editor/main.go:505.2,505.12 1 0
goldbox-rpg/cmd/map-editor/main.go:505.12,506.29 1 0
goldbox-rpg/cmd/map-editor/main.go:506.29,507.30 1 0
goldbox-rpg/cmd/map-editor/main.go:507.30,509.5 1 0
goldbox-rpg/cmd/map-editor/main.go:511.8,513.29 1 0
goldbox-rpg/cmd/map-editor/main.go:513.29,516.4 2 0
goldbox-rpg/cmd/map-editor/main.go:517.3,517.29 1 0
goldbox-rpg/cmd/map-editor/main.go:517.29,520.4 2 0
goldbox-rpg/cmd/map-editor/main.go:523.2,523.12 1 0
goldbox-rpg/cmd/map-editor/main.go:527.58,529.16 2 0
goldbox-rpg/cmd/map-editor/main.go:529.16,531.3 1 0
goldbox-rpg/cmd/map-editor/main.go:533.2,533.22 1 0
goldbox-rpg/cmd/map-editor/main.go:533.22,536.3 2 0
goldbox-rpg/cmd/map-editor/main.go:538.2,538.62 1 0
goldbox-rpg/cmd/map-editor/main.go:538.62,540.3 1 0
goldbox-rpg/cmd/map-editor/main.go:542.2,543.12 2 0
goldbox-rpg/cmd/pcg-demo/main.go:26.29,36.2 3 1
goldbox-rpg/cmd/pcg-demo/main.go:40.32,42.16 2 1
goldbox-rpg/cmd/pcg-demo/main.go:42.16,44.3 1 1
goldbox-rpg/cmd/pcg-demo/main.go:46.2,71.39 10 1
goldbox-rpg/cmd/pcg-demo/main.go:71.39,76.17 4 1
goldbox-rpg/cmd/pcg-demo/main.go:76.17,78.4 1 1
goldbox-rpg/cmd/pcg-demo/main.go:82.2,82.36 1 1
goldbox-rpg/cmd/pcg-demo/main.go:82.36,87.17 4 1
goldbox-rpg/cmd/pcg-demo/main.go:87.17,89.4 1 1
goldbox-rpg/cmd/pcg-demo/main.go:93.2,94.26 2 1
goldbox-rpg/cmd/pcg-demo/main.go:94.26,95.15 1 1
goldbox-rpg/cmd/pcg-demo/main.go:95.15,97.4 1 1
goldbox-rpg/cmd/pcg-demo/main.go:97.9,99.4 1 1
goldbox-rpg/cmd/pcg-demo/main.go:103.2,108.79 4 1
goldbox-rpg/cmd/pcg-demo/main.go:108.79,110.3 1 0
goldbox-rpg/cmd/pcg-demo/main.go:113.2,119.12 6 1
goldbox-rpg/cmd/pcg-demo/main.go:123.66,135.43 4 1
goldbox-rpg/cmd/pcg-demo/main.go:135.43,137.16 2 1
goldbox-rpg/cmd/pcg-demo/main.go:137.16,142.4 3 0
goldbox-rpg/cmd/pcg-demo/main.go:147.57,149.16 2 1
goldbox-rpg/cmd/pcg-demo/main.go:149.16,151.3 1 1
goldbox-rpg/cmd/pcg-demo/main.go:152.2,153.12 2 1
goldbox-rpg/cmd/pcg-demo/main.go:156.13,158.37 2 0
goldbox-rpg/cmd/pcg-demo/main.go:158.37,161.3 2 0
goldbox-rpg/cmd/openapi-gen/main.go:34.13,43.43 5 0
goldbox-rpg/cmd/openapi-gen/main.go:43.43,45.3 1 0
goldbox-rpg/cmd/openapi-gen/main.go:47.2,47.50 1 0
goldbox-rpg/cmd/openapi-gen/main.go:51.55,53.43 1 1
goldbox-rpg/cmd/openapi-gen/main.go:53.43,55.3 1 0
goldbox-rpg/cmd/openapi-gen/main.go:58.2,59.16 2 1
goldbox-rpg/cmd/openapi-gen/main.go:59.16,62.3 2 1
goldbox-rpg/cmd/openapi-gen/main.go:65.2,65.56 1 1
goldbox-rpg/cmd/openapi-gen/main.go:65.56,67.3 1 0
goldbox-rpg/cmd/openapi-gen/main.go:70.2,70.60 1 1
goldbox-rpg/cmd/openapi-gen/main.go:70.60,72.3 1 0
goldbox-rpg/cmd/openapi-gen/main.go:74.2,75.12 2 1
goldbox-rpg/cmd/openapi-gen/main.go:79.86,82.29 2 1
goldbox-rpg/cmd/openapi-gen/main.go:82.29,84.3 1 0
goldbox-rpg/cmd/openapi-gen/main.go:86.2,86.34 1 1
goldbox-rpg/cmd/openapi-gen/main.go:86.34,87.49 1 1
goldbox-rpg/cmd/openapi-gen/main.go:87.49,88.41 1 1
goldbox-rpg/cmd/openapi-gen/main.go:88.41,89.48 1 1
goldbox-rpg/cmd/openapi-gen/main.go:89.48,90.14 1 1
goldbox-rpg/cmd/openapi-gen/main.go:93.5,94.34 2 1
goldbox-rpg/cmd/openapi-gen/main.go:94.34,95.65 1 1
goldbox-rpg/cmd/openapi-gen/main.go:95.65,97.7 1 1
goldbox-rpg/cmd/openapi-gen/main.go:100.5,100.25 1 1
goldbox-rpg/cmd/openapi-gen/main.go:100.25,107.6 2 1
goldbox-rpg/cmd/openapi-gen/main.go:112.2,112.16 1 1
goldbox-rpg/cmd/openapi-gen/main.go:116.124,118.44 2 1
goldbox-rpg/cmd/openapi-gen/main.go:118.44,120.3 1 1
goldbox-rpg/cmd/openapi-gen/main.go:123.2,124.25 2 1
goldbox-rpg/cmd/openapi-gen/main.go:124.25,126.3 1 1
goldbox-rpg/cmd/openapi-gen/main.go:128.2,131.25 2 1
goldbox-rpg/cmd/openapi-gen/main.go:131.25,133.3 1 1
goldbox-rpg/cmd/openapi-gen/main.go:135.2,135.51 1 1
goldbox-rpg/cmd/openapi-gen/main.go:139.51,145.16 4 1
goldbox-rpg/cmd/openapi-gen/main.go:145.16,147.3 1 1
goldbox-rpg/cmd/openapi-gen/main.go:150.2,151.42 2 1
goldbox-rpg/cmd/openapi-gen/main.go:151.42,152.42 1 1
goldbox-rpg/cmd/openapi-gen/main.go:152.42,154.35 2 1
goldbox-rpg/cmd/openapi-gen/main.go:154.35,156.5 1 1
goldbox-rpg/cmd/openapi-gen/main.go:158.3,158.14 1 1
goldbox-rpg/cmd/openapi-gen/main.go:162.2,164.16 3 1
goldbox-rpg/cmd/openapi-gen/main.go:164.16,165.51 1 1
goldbox-rpg/cmd/openapi-gen/main.go:165.51,166.45 1 1
goldbox-rpg/cmd/openapi-gen/main.go:166.45,167.85 1 1
goldbox-rpg/cmd/openapi-gen/main.go:167.85,168.55 1 1
goldbox-rpg/cmd/openapi-gen/main.go:168.55,171.7 2 1
goldbox-rpg/cmd/openapi-gen/main.go:174.4,174.15 1 1
goldbox-rpg/cmd/openapi-gen/main.go:179.2,179.33 1 1
goldbox-rpg/cmd/openapi-gen/main.go:179.33,181.3 1 1
goldbox-rpg/cmd/openapi-gen/main.go:182.2,182.44 1 1
goldbox-rpg/cmd/openapi-gen/main.go:182.44,184.3 1 1
goldbox-rpg/cmd/openapi-gen/main.go:186.2,186.12 1 1
goldbox-rpg/cmd/openapi-gen/main.go:190.70,191.9 1 1
goldbox-rpg/cmd/openapi-gen/main.go:192.44,193.28 1 1
goldbox-rpg/cmd/openapi-gen/main.go:194.44,195.28 1 1
goldbox-rpg/cmd/openapi-gen/main.go:196.44,197.32 1 1
goldbox-rpg/cmd/openapi-gen/main.go:198.128,199.41 1 1
goldbox-rpg/cmd/openapi-gen/main.go:200.88,201.27 1 1
goldbox-rpg/cmd/openapi-gen/main.go:202.108,203.18 1 1
goldbox-rpg/cmd/openapi-gen/main.go:204.100,205.24 1 1
goldbox-rpg/cmd/openapi-gen/main.go:206.81,207.22 1 1
goldbox-rpg/cmd/openapi-gen/main.go:208.36,209.27 1 1
goldbox-rpg/cmd/openapi-gen/main.go:210.10,211.19 1 1
goldbox-rpg/cmd/openapi-gen/main.go:216.90,218.16 2 1
goldbox-rpg/cmd/openapi-gen/main.go:218.16,220.3 1 1
goldbox-rpg/cmd/openapi-gen/main.go:222.2,223.52 2 1
goldbox-rpg/cmd/openapi-gen/main.go:223.52,225.3 1 0
goldbox-rpg/cmd/openapi-gen/main.go:227.2,227.18 1 1
goldbox-rpg/cmd/openapi-gen/main.go:231.68,248.2 1 1
goldbox-rpg/cmd/openapi-gen/main.go:251.79,254.9 2 1
goldbox-rpg/cmd/openapi-gen/main.go:254.9,257.3 2 1
goldbox-rpg/cmd/openapi-gen/main.go:260.2,261.9 2 1
goldbox-rpg/cmd/openapi-gen/main.go:261.9,269.3 2 1
goldbox-rpg/cmd/openapi-gen/main.go:272.2,273.9 2 1
goldbox-rpg/cmd/openapi-gen/main.go:273.9,276.3 2 0
goldbox-rpg/cmd/openapi-gen/main.go:278.2,279.9 2 1
goldbox-rpg/cmd/openapi-gen/main.go:279.9,282.3 2 1
goldbox-rpg/cmd/openapi-gen/main.go:285.2,288.35 3 1
goldbox-rpg/cmd/openapi-gen/main.go:288.35,291.3 2 1
goldbox-rpg/cmd/openapi-gen/main.go:294.2,299.12 5 1
goldbox-rpg/cmd/openapi-gen/main.go:303.86,305.16 2 1
goldbox-rpg/cmd/openapi-gen/main.go:305.16,307.3 1 0
goldbox-rpg/cmd/openapi-gen/main.go:310.2,322.60 3 1
goldbox-rpg/cmd/openapi-gen/main.go:322.60,324.3 1 0
goldbox-rpg/cmd/openapi-gen/main.go:326.2,326.12 1 1
goldbox-rpg/cmd/metrics-demo/main.go:22.27,26.2 3 1
goldbox-rpg/cmd/metrics-demo/main.go:40.96,41.18 1 1
goldbox-rpg/cmd/metrics-demo/main.go:41.18,43.3 1 1
goldbox-rpg/cmd/metrics-demo/main.go:45.2,53.8 4 1
goldbox-rpg/cmd/metrics-demo/main.go:57.53,58.25 1 1
goldbox-rpg/cmd/metrics-demo/main.go:58.25,63.3 4 1
goldbox-rpg/cmd/metrics-demo/main.go:67.51,68.25 1 1
goldbox-rpg/cmd/metrics-demo/main.go:68.25,73.23 4 1
goldbox-rpg/cmd/metrics-demo/main.go:73.23,75.4 1 1
goldbox-rpg/cmd/metrics-demo/main.go:77.3,79.17 2 1
goldbox-rpg/cmd/metrics-demo/main.go:79.17,81.4 1 1
goldbox-rpg/cmd/metrics-demo/main.go:81.9,83.4 1 1
goldbox-rpg/cmd/metrics-demo/main.go:88.50,89.25 1 1
goldbox-rpg/cmd/metrics-demo/main.go:89.25,94.3 4 1
goldbox-rpg/cmd/metrics-demo/main.go:98.50,142.37 2 1
goldbox-rpg/cmd/metrics-demo/main.go:142.37,146.3 2 1
goldbox-rpg/cmd/metrics-demo/main.go:157.52,166.32 2 1
goldbox-rpg/cmd/metrics-demo/main.go:166.32,168.18 2 1
goldbox-rpg/cmd/metrics-demo/main.go:168.18,170.4 1 1
goldbox-rpg/cmd/metrics-demo/main.go:170.9,172.4 1 1
goldbox-rpg/cmd/metrics-demo/main.go:177.45,186.55 7 1
goldbox-rpg/cmd/metrics-demo/main.go:186.55,188.3 1 1
goldbox-rpg/cmd/metrics-demo/main.go:190.2,191.56 2 1
goldbox-rpg/cmd/metrics-demo/main.go:191.56,193.14 2 1
goldbox-rpg/cmd/metrics-demo/main.go:193.14,195.4 1 1
goldbox-rpg/cmd/metrics-demo/main.go:196.3,196.46 1 1
goldbox-rpg/cmd/metrics-demo/main.go:199.2,199.37 1 1
goldbox-rpg/cmd/metrics-demo/main.go:199.37,201.46 2 1
goldbox-rpg/cmd/metrics-demo/main.go:201.46,203.4 1 1
goldbox-rpg/cmd/metrics-demo/main.go:206.2,206.36 1 1
goldbox-rpg/cmd/metrics-demo/main.go:206.36,208.47 2 0
goldbox-rpg/cmd/metrics-demo/main.go:208.47,210.4 1 0
goldbox-rpg/cmd/metrics-demo/main.go:213.2,214.47 2 1
goldbox-rpg/cmd/metrics-demo/main.go:214.47,216.3 1 1
goldbox-rpg/cmd/metrics-demo/main.go:220.49,233.2 10 1
goldbox-rpg/cmd/metrics-demo/main.go:236.47,241.9 4 1
goldbox-rpg/cmd/metrics-demo/main.go:242.27,243.98 1 1
goldbox-rpg/cmd/metrics-demo/main.go:244.27,245.112 1 0
goldbox-rpg/cmd/metrics-demo/main.go:246.27,247.107 1 0
goldbox-rpg/cmd/metrics-demo/main.go:248.27,249.92 1 0
goldbox-rpg/cmd/metrics-demo/main.go:250.10,251.93 1 1
goldbox-rpg/cmd/metrics-demo/main.go:256.27,264.2 7 1
goldbox-rpg/cmd/metrics-demo/main.go:268.29,269.16 1 1
goldbox-rpg/cmd/metrics-demo/main.go:269.16,271.3 1 0
goldbox-rpg/cmd/metrics-demo/main.go:273.2,288.16 8 1
goldbox-rpg/cmd/metrics-demo/main.go:288.16,290.3 1 0
goldbox-rpg/cmd/metrics-demo/main.go:292.2,320.12 16 1
goldbox-rpg/cmd/metrics-demo/main.go:325.13,326.33 1 0
goldbox-rpg/cmd/metrics-demo/main.go:326.33,328.3 1 0
goldbox-rpg/cmd/quest-builder/main.go:30.27,41.2 10 0
goldbox-rpg/cmd/quest-builder/main.go:44.19,74.2 1 0
goldbox-rpg/cmd/quest-builder/main.go:77.13,79.33 2 0
goldbox-rpg/cmd/quest-builder/main.go:79.33,82.3 2 0
goldbox-rpg/cmd/quest-builder/main.go:86.29,90.24 2 0
goldbox-rpg/cmd/quest-builder/main.go:90.24,93.17 3 0
goldbox-rpg/cmd/quest-builder/main.go:93.17,95.4 1 0
goldbox-rpg/cmd/quest-builder/main.go:99.2,99.21 1 0
goldbox-rpg/cmd/quest-builder/main.go:99.21,102.17 3 0
goldbox-rpg/cmd/quest-builder/main.go:102.17,104.4 1 0
goldbox-rpg/cmd/quest-builder/main.go:105.8,105.31 1 0
goldbox-rpg/cmd/quest-builder/main.go:105.31,109.3 2 0
goldbox-rpg/cmd/quest-builder/main.go:112.2,112.45 1 0
goldbox-rpg/cmd/quest-builder/main.go:112.45,114.3 1 0
goldbox-rpg/cmd/quest-builder/main.go:117.2,117.43 1 0
goldbox-rpg/cmd/quest-builder/main.go:121.66,199.9 3 0
goldbox-rpg/cmd/quest-builder/main.go:199.9,201.3 1 0
goldbox-rpg/cmd/quest-builder/main.go:202.2,202.19 1 0
goldbox-rpg/cmd/quest-builder/main.go:206.61,231.2 12 0
goldbox-rpg/cmd/quest-builder/main.go:234.83,235.22 1 0
goldbox-rpg/cmd/quest-builder/main.go:235.22,237.3 1 0
goldbox-rpg/cmd/quest-builder/main.go:237.8,237.25 1 0
goldbox-rpg/cmd/quest-builder/main.go:237.25,239.3 1 0
goldbox-rpg/cmd/quest-builder/main.go:239.8,241.3 1 0
goldbox-rpg/cmd/quest-builder/main.go:243.2,246.17 3 0
goldbox-rpg/cmd/quest-builder/main.go:246.17,247.23 1 0
goldbox-rpg/cmd/quest-builder/main.go:247.23,249.4 1 0
goldbox-rpg/cmd/quest-builder/main.go:250.3,250.19 1 0
goldbox-rpg/cmd/quest-builder/main.go:250.19,252.4 1 0
goldbox-rpg/cmd/quest-builder/main.go:254.2,254.14 1 0
goldbox-rpg/cmd/quest-builder/main.go:258.73,263.17 4 0
goldbox-rpg/cmd/quest-builder/main.go:263.17,265.3 1 0
goldbox-rpg/cmd/quest-builder/main.go:267.2,268.16 2 0
goldbox-rpg/cmd/quest-builder/main.go:268.16,271.3 2 0
goldbox-rpg/cmd/quest-builder/main.go:272.2,272.12 1 0
goldbox-rpg/cmd/quest-builder/main.go:276.99,280.25 2 0
goldbox-rpg/cmd/quest-builder/main.go:280.25,282.34 2 0
goldbox-rpg/cmd/quest-builder/main.go:282.34,284.4 1 0
goldbox-rpg/cmd/quest-builder/main.go:285.3,285.16 1 0
goldbox-rpg/cmd/quest-builder/main.go:289.2,291.54 3 0
goldbox-rpg/cmd/quest-builder/main.go:291.54,292.26 1 0
goldbox-rpg/cmd/quest-builder/main.go:292.26,294.4 1 0
goldbox-rpg/cmd/quest-builder/main.go:296.8,298.3 1 0
goldbox-rpg/cmd/quest-builder/main.go:301.2,302.20 2 0
goldbox-rpg/cmd/quest-builder/main.go:302.20,305.17 3 0
goldbox-rpg/cmd/quest-builder/main.go:305.17,306.28 1 0
goldbox-rpg/cmd/quest-builder/main.go:306.28,309.13 3 0
goldbox-rpg/cmd/quest-builder/main.go:311.4,311.9 1 0
goldbox-rpg/cmd/quest-builder/main.go:313.3,319.5 2 0
goldbox-rpg/cmd/quest-builder/main.go:322.2,322.19 1 0
goldbox-rpg/cmd/quest-builder/main.go:326.90,330.22 2 0
goldbox-rpg/cmd/quest-builder/main.go:330.22,332.29 2 0
goldbox-rpg/cmd/quest-builder/main.go:332.29,333.24 1 0
goldbox-rpg/cmd/quest-builder/main.go:333.24,335.5 1 0
goldbox-rpg/cmd/quest-builder/main.go:335.10,337.5 1 0
goldbox-rpg/cmd/quest-builder/main.go:339.3,339.16 1 0
goldbox-rpg/cmd/quest-builder/main.go:343.2,345.54 3 0
goldbox-rpg/cmd/quest-builder/main.go:345.54,346.23 1 0
goldbox-rpg/cmd/quest-builder/main.go:346.23,348.4 1 0
goldbox-rpg/cmd/quest-builder/main.go:349.8,351.3 1 0
goldbox-rpg/cmd/quest-builder/main.go:354.2,356.20 3 0
goldbox-rpg/cmd/quest-builder/main.go:356.20,359.18 3 0
goldbox-rpg/cmd/quest-builder/main.go:359.18,360.9 1 0
goldbox-rpg/cmd/quest-builder/main.go:363.3,364.59 2 0
goldbox-rpg/cmd/quest-builder/main.go:364.59,367.12 3 0
goldbox-rpg/cmd/quest-builder/main.go:370.3,373.22 3 0
goldbox-rpg/cmd/quest-builder/main.go:373.22,375.4 1 0
goldbox-rpg/cmd/quest-builder/main.go:377.3,377.36 1 0
goldbox-rpg/cmd/quest-builder/main.go:380.2,380.16 1 0
goldbox-rpg/cmd/quest-builder/main.go:384.44,385.20 1 0
goldbox-rpg/cmd/quest-builder/main.go:385.20,387.3 1 0
goldbox-rpg/cmd/quest-builder/main.go:388.2,388.23 1 0
goldbox-rpg/cmd/quest-builder/main.go:388.23,390.3 1 0
goldbox-rpg/cmd/quest-builder/main.go:391.2,391.32 1 0
goldbox-rpg/cmd/quest-builder/main.go:391.32,393.3 1 0
goldbox-rpg/cmd/quest-builder/main.go:394.2,394.39 1 0
goldbox-rpg/cmd/quest-builder/main.go:394.39,395.28 1 0
goldbox-rpg/cmd/quest-builder/main.go:395.28,397.4 1 0
goldbox-rpg/cmd/quest-builder/main.go:398.3,398.24 1 0
goldbox-rpg/cmd/quest-builder/main.go:398.24,400.4 1 0
goldbox-rpg/cmd/quest-builder/main.go:402.2,402.34 1 0
goldbox-rpg/cmd/quest-builder/main.go:402.34,403.62 1 0
goldbox-rpg/cmd/quest-builder/main.go:403.62,405.4 1 0
goldbox-rpg/cmd/quest-builder/main.go:406.3,406.19 1 0
goldbox-rpg/cmd/quest-builder/main.go:406.19,408.4 1 0
goldbox-rpg/cmd/quest-builder/main.go:409.3,409.41 1 0
goldbox-rpg/cmd/quest-builder/main.go:409.41,411.4 1 0
goldbox-rpg/cmd/quest-builder/main.go:413.2,413.12 1 0
goldbox-rpg/cmd/quest-builder/main.go:417.61,419.16 2 0
goldbox-rpg/cmd/quest-builder/main.go:419.16,421.3 1 0
goldbox-rpg/cmd/quest-builder/main.go:424.2,427.22 2 0
goldbox-rpg/cmd/quest-builder/main.go:427.22,430.3 2 0
goldbox-rpg/cmd/quest-builder/main.go:432.2,432.72 1 0
goldbox-rpg/cmd/quest-builder/main.go:432.72,434.3 1 0
goldbox-rpg/cmd/quest-builder/main.go:436.2,437.12 2 0
goldbox-rpg/cmd/validator-demo/main.go:26.27,32.2 5 0
goldbox-rpg/cmd/validator-demo/main.go:39.13,41.44 2 0
goldbox-rpg/cmd/validator-demo/main.go:41.44,44.3 2 0
goldbox-rpg/cmd/validator-demo/main.go:48.58,50.2 1 1
goldbox-rpg/cmd/validator-demo/main.go:53.50,54.19 1 1
goldbox-rpg/cmd/validator-demo/main.go:54.19,56.3 1 1
goldbox-rpg/cmd/validator-demo/main.go:56.8,58.3 1 1
goldbox-rpg/cmd/validator-demo/main.go:62.58,64.2 1 1
goldbox-rpg/cmd/validator-demo/main.go:69.42,78.62 6 1
goldbox-rpg/cmd/validator-demo/main.go:78.62,80.3 1 0
goldbox-rpg/cmd/validator-demo/main.go:81.2,81.64 1 1
goldbox-rpg/cmd/validator-demo/main.go:81.64,83.3 1 0
goldbox-rpg/cmd/validator-demo/main.go:84.2,84.63 1 1
goldbox-rpg/cmd/validator-demo/main.go:84.63,86.3 1 0
goldbox-rpg/cmd/validator-demo/main.go:88.2,92.12 4 1
goldbox-rpg/cmd/validator-demo/main.go:96.59,99.17 3 1
goldbox-rpg/cmd/validator-demo/main.go:99.17,105.3 2 1
goldbox-rpg/cmd/validator-demo/main.go:105.8,107.3 1 1
goldbox-rpg/cmd/validator-demo/main.go:108.2,108.15 1 1
goldbox-rpg/cmd/validator-demo/main.go:112.44,121.17 8 1
goldbox-rpg/cmd/validator-demo/main.go:121.17,124.3 2 1
goldbox-rpg/cmd/validator-demo/main.go:128.98,142.16 4 1
goldbox-rpg/cmd/validator-demo/main.go:142.16,144.3 1 0
goldbox-rpg/cmd/validator-demo/main.go:146.2,147.33 2 1
goldbox-rpg/cmd/validator-demo/main.go:147.33,149.3 1 1
goldbox-rpg/cmd/validator-demo/main.go:150.2,150.12 1 1
goldbox-rpg/cmd/validator-demo/main.go:154.100,168.16 4 1
goldbox-rpg/cmd/validator-demo/main.go:168.16,170.3 1 0
goldbox-rpg/cmd/validator-demo/main.go:172.2,177.9 5 1
goldbox-rpg/cmd/validator-demo/main.go:177.9,179.3 1 0
goldbox-rpg/cmd/validator-demo/main.go:180.2,183.12 4 1
goldbox-rpg/cmd/validator-demo/main.go:187.99,196.16 4 1
goldbox-rpg/cmd/validator-demo/main.go:196.16,198.3 1 0
goldbox-rpg/cmd/validator-demo/main.go:200.2,202.9 3 1
goldbox-rpg/cmd/validator-demo/main.go:202.9,204.3 1 0
goldbox-rpg/cmd/validator-demo/main.go:205.2,206.41 2 1
goldbox-rpg/cmd/validator-demo/main.go:206.41,208.3 1 1
goldbox-rpg/cmd/validator-demo/main.go:209.2,209.12 1 1
goldbox-rpg/cmd/validator-demo/main.go:213.65,220.2 6 1
goldbox-rpg/cmd/events-demo/main.go:29.30,33.2 1 1
goldbox-rpg/cmd/events-demo/main.go:36.27,41.2 4 1
goldbox-rpg/cmd/events-demo/main.go:53.47,79.2 10 1
goldbox-rpg/cmd/events-demo/main.go:82.62,88.2 5 1
goldbox-rpg/cmd/events-demo/main.go:91.79,96.2 4 1
goldbox-rpg/cmd/events-demo/main.go:99.51,105.16 4 1
goldbox-rpg/cmd/events-demo/main.go:105.16,121.3 3 1
goldbox-rpg/cmd/events-demo/main.go:123.2,128.16 4 1
goldbox-rpg/cmd/events-demo/main.go:128.16,138.3 2 1
goldbox-rpg/cmd/events-demo/main.go:138.8,139.30 1 0
goldbox-rpg/cmd/events-demo/main.go:139.30,142.4 2 0
goldbox-rpg/cmd/events-demo/main.go:146.2,148.26 3 1
goldbox-rpg/cmd/events-demo/main.go:148.26,151.63 3 1
goldbox-rpg/cmd/events-demo/main.go:151.63,153.4 1 1
goldbox-rpg/cmd/events-demo/main.go:157.2,159.64 3 1
goldbox-rpg/cmd/events-demo/main.go:163.48,224.45 3 1
goldbox-rpg/cmd/events-demo/main.go:224.45,230.3 4 1
goldbox-rpg/cmd/events-demo/main.go:234.46,264.43 3 1
goldbox-rpg/cmd/events-demo/main.go:264.43,279.3 4 1
goldbox-rpg/cmd/events-demo/main.go:283.66,289.22 5 1
goldbox-rpg/cmd/events-demo/main.go:289.22,291.34 2 1
goldbox-rpg/cmd/events-demo/main.go:291.34,294.32 2 1
goldbox-rpg/cmd/events-demo/main.go:294.32,296.5 1 1
goldbox-rpg/cmd/events-demo/main.go:298.8,300.3 1 1
goldbox-rpg/cmd/events-demo/main.go:304.76,307.24 3 1
goldbox-rpg/cmd/events-demo/main.go:307.24,311.61 3 1
goldbox-rpg/cmd/events-demo/main.go:311.61,313.4 1 1
goldbox-rpg/cmd/events-demo/main.go:315.3,315.43 1 1
goldbox-rpg/cmd/events-demo/main.go:315.43,317.52 2 0
goldbox-rpg/cmd/events-demo/main.go:317.52,319.5 1 0
goldbox-rpg/cmd/events-demo/main.go:322.3,322.42 1 1
goldbox-rpg/cmd/events-demo/main.go:322.42,324.53 2 0
goldbox-rpg/cmd/events-demo/main.go:324.53,326.5 1 0
goldbox-rpg/cmd/events-demo/main.go:329.2,329.20 1 1
goldbox-rpg/cmd/events-demo/main.go:333.114,339.56 6 1
goldbox-rpg/cmd/events-demo/main.go:339.56,340.60 1 1
goldbox-rpg/cmd/events-demo/main.go:340.60,342.4 1 1
goldbox-rpg/cmd/events-demo/main.go:343.3,343.27 1 1
goldbox-rpg/cmd/events-demo/main.go:348.26,356.2 7 1
goldbox-rpg/cmd/events-demo/main.go:358.13,383.2 15 1
goldbox-rpg/cmd/server/main.go:25.13,30.47 3 0
goldbox-rpg/cmd/server/main.go:30.47,33.63 2 0
goldbox-rpg/cmd/server/main.go:33.63,35.4 1 0
goldbox-rpg/cmd/server/main.go:37.3,37.69 1 0
goldbox-rpg/cmd/server/main.go:40.2,41.44 2 0
goldbox-rpg/cmd/server/main.go:47.72,61.15 7 1
goldbox-rpg/cmd/server/main.go:61.15,64.3 2 1
goldbox-rpg/cmd/server/main.go:66.2,67.16 2 1
goldbox-rpg/cmd/server/main.go:67.16,69.3 1 0
goldbox-rpg/cmd/server/main.go:71.2,71.12 1 1
goldbox-rpg/cmd/server/main.go:75.46,77.16 2 1
goldbox-rpg/cmd/server/main.go:77.16,79.3 1 0
goldbox-rpg/cmd/server/main.go:81.2,83.12 3 1
goldbox-rpg/cmd/server/main.go:87.40,89.16 2 1
goldbox-rpg/cmd/server/main.go:89.16,92.3 2 1
goldbox-rpg/cmd/server/main.go:93.2,93.24 1 1
goldbox-rpg/cmd/server/main.go:97.41,105.2 1 1
goldbox-rpg/cmd/server/main.go:108.77,110.16 2 1
goldbox-rpg/cmd/server/main.go:110.16,112.3 1 0
goldbox-rpg/cmd/server/main.go:114.2,115.16 2 1
goldbox-rpg/cmd/server/main.go:115.16,117.3 1 0
goldbox-rpg/cmd/server/main.go:119.2,119.22 1 1
goldbox-rpg/cmd/server/main.go:123.95,128.2 4 0
goldbox-rpg/cmd/server/main.go:131.59,136.2 4 1
goldbox-rpg/cmd/server/main.go:141.89,142.12 1 1
goldbox-rpg/cmd/server/main.go:142.12,143.16 1 1
goldbox-rpg/cmd/server/main.go:143.16,144.32 1 1
goldbox-rpg/cmd/server/main.go:144.32,147.5 2 1
goldbox-rpg/cmd/server/main.go:149.3,150.45 2 1
goldbox-rpg/cmd/server/main.go:150.45,152.4 1 1
goldbox-rpg/cmd/server/main.go:157.72,158.9 1 1
goldbox-rpg/cmd/server/main.go:159.24,160.67 1 1
goldbox-rpg/cmd/server/main.go:161.24,162.46 1 1
goldbox-rpg/cmd/server/main.go:169.96,176.32 4 1
goldbox-rpg/cmd/server/main.go:176.32,179.3 2 0
goldbox-rpg/cmd/server/main.go:182.2,182.27 1 1
goldbox-rpg/cmd/server/main.go:182.27,185.91 2 1
goldbox-rpg/cmd/server/main.go:185.91,187.4 1 0
goldbox-rpg/cmd/server/main.go:188.3,188.21 1 1
goldbox-rpg/cmd/server/main.go:188.21,190.4 1 1
goldbox-rpg/cmd/server/main.go:190.9,192.4 1 0
goldbox-rpg/cmd/server/main.go:195.2,195.41 1 1
goldbox-rpg/cmd/server/main.go:195.41,197.3 1 0
goldbox-rpg/cmd/server/main.go:199.2,199.9 1 1
goldbox-rpg/cmd/server/main.go:200.28,201.57 1 1
goldbox-rpg/cmd/server/main.go:202.45,203.43 1 1
goldbox-rpg/pkg/pcg/quests/generator.go:30.60,41.2 3 1
goldbox-rpg/pkg/pcg/quests/generator.go:44.63,46.2 1 1
goldbox-rpg/pkg/pcg/quests/generator.go:49.57,51.2 1 1
goldbox-rpg/pkg/pcg/quests/generator.go:54.81,55.53 1 1
goldbox-rpg/pkg/pcg/quests/generator.go:55.53,57.3 1 1
goldbox-rpg/pkg/pcg/quests/generator.go:60.2,64.29 3 1
goldbox-rpg/pkg/pcg/quests/generator.go:64.29,66.3 1 1
goldbox-rpg/pkg/pcg/quests/generator.go:69.2,69.47 1 1
goldbox-rpg/pkg/pcg/quests/generator.go:69.47,71.3 1 1
goldbox-rpg/pkg/pcg/quests/generator.go:73.2,73.12 1 1
goldbox-rpg/pkg/pcg/quests/generator.go:77.117,78.45 1 1
goldbox-rpg/pkg/pcg/quests/generator.go:78.45,80.3 1 0
goldbox-rpg/pkg/pcg/quests/generator.go:83.2,95.71 2 1
goldbox-rpg/pkg/pcg/quests/generator.go:95.71,97.3 1 1
goldbox-rpg/pkg/pcg/quests/generator.go:100.2,100.66 1 1
goldbox-rpg/pkg/pcg/quests/generator.go:100.66,102.3 1 1
goldbox-rpg/pkg/pcg/quests/generator.go:103.2,103.66 1 1
goldbox-rpg/pkg/pcg/quests/generator.go:103.66,105.3 1 1
goldbox-rpg/pkg/pcg/quests/generator.go:108.2,108.73 1 1
goldbox-rpg/pkg/pcg/quests/generator.go:108.73,110.3 1 1
goldbox-rpg/pkg/pcg/quests/generator.go:112.2,112.67 1 1
goldbox-rpg/pkg/pcg/quests/generator.go:116.142,126.16 5 1
goldbox-rpg/pkg/pcg/quests/generator.go:126.16,128.3 1 0
goldbox-rpg/pkg/pcg/quests/generator.go:131.2,132.16 2 1
goldbox-rpg/pkg/pcg/quests/generator.go:132.16,134.3 1 0
goldbox-rpg/pkg/pcg/quests/generator.go:137.2,138.16 2 1
goldbox-rpg/pkg/pcg/quests/generator.go:138.16,140.3 1 0
goldbox-rpg/pkg/pcg/quests/generator.go:143.2,144.33 2 1
goldbox-rpg/pkg/pcg/quests/generator.go:144.33,151.3 1 1
goldbox-rpg/pkg/pcg/quests/generator.go:154.2,163.19 2 1
goldbox-rpg/pkg/pcg/quests/generator.go:167.141,168.21 1 1
goldbox-rpg/pkg/pcg/quests/generator.go:168.21,170.3 1 1
goldbox-rpg/pkg/pcg/quests/generator.go:172.2,175.35 3 1
goldbox-rpg/pkg/pcg/quests/generator.go:175.35,182.34 4 1
goldbox-rpg/pkg/pcg/quests/generator.go:182.34,184.4 1 1
goldbox-rpg/pkg/pcg/quests/generator.go:186.3,187.17 2 1
goldbox-rpg/pkg/pcg/quests/generator.go:187.17,189.4 1 0
goldbox-rpg/pkg/pcg/quests/generator.go:192.3,192.22 1 1
goldbox-rpg/pkg/pcg/quests/generator.go:192.22,194.4 1 1
goldbox-rpg/pkg/pcg/quests/generator.go:196.3,196.33 1 1
goldbox-rpg/pkg/pcg/quests/generator.go:199.2,199.20 1 1
goldbox-rpg/pkg/pcg/quests/generator.go:203.150,208.2 3 1
goldbox-rpg/pkg/pcg/quests/generator.go:211.183,213.36 2 1
goldbox-rpg/pkg/pcg/quests/generator.go:213.36,215.3 1 0
goldbox-rpg/pkg/pcg/quests/generator.go:217.2,219.29 2 1
goldbox-rpg/pkg/pcg/quests/generator.go:219.29,225.23 3 1
goldbox-rpg/pkg/pcg/quests/generator.go:225.23,227.4 1 1
goldbox-rpg/pkg/pcg/quests/generator.go:230.3,232.25 3 1
goldbox-rpg/pkg/pcg/quests/generator.go:232.25,234.4 1 1
goldbox-rpg/pkg/pcg/quests/generator.go:236.3,240.32 3 1
goldbox-rpg/pkg/pcg/quests/generator.go:240.32,242.4 1 1
goldbox-rpg/pkg/pcg/quests/generator.go:244.3,256.45 2 1
goldbox-rpg/pkg/pcg/quests/generator.go:259.2,259.24 1 1
goldbox-rpg/pkg/pcg/quests/generator.go:263.134,274.25 4 1
goldbox-rpg/pkg/pcg/quests/generator.go:274.25,280.3 2 1
goldbox-rpg/pkg/pcg/quests/generator.go:283.2,283.44 1 1
goldbox-rpg/pkg/pcg/quests/generator.go:283.44,290.3 2 1
goldbox-rpg/pkg/pcg/quests/generator.go:292.2,292.21 1 1
goldbox-rpg/pkg/pcg/quests/generator.go:296.66,380.2 5 1
goldbox-rpg/pkg/pcg/quests/narratives.go:46.44,56.2 3 1
goldbox-rpg/pkg/pcg/quests/narratives.go:59.174,61.36 2 1
goldbox-rpg/pkg/pcg/quests/narratives.go:61.36,63.3 1 1
goldbox-rpg/pkg/pcg/quests/narratives.go:66.2,90.23 8 1
goldbox-rpg/pkg/pcg/quests/narratives.go:94.74,95.32 1 1
goldbox-rpg/pkg/pcg/quests/narratives.go:95.32,103.3 1 0
goldbox-rpg/pkg/pcg/quests/narratives.go:105.2,105.58 1 1
goldbox-rpg/pkg/pcg/quests/narratives.go:109.123,121.35 3 1
goldbox-rpg/pkg/pcg/quests/narratives.go:121.35,123.3 1 1
goldbox-rpg/pkg/pcg/quests/narratives.go:125.2,134.45 4 1
goldbox-rpg/pkg/pcg/quests/narratives.go:138.129,142.25 2 1
goldbox-rpg/pkg/pcg/quests/narratives.go:142.25,146.26 3 1
goldbox-rpg/pkg/pcg/quests/narratives.go:146.26,148.4 1 1
goldbox-rpg/pkg/pcg/quests/narratives.go:149.3,149.18 1 1
goldbox-rpg/pkg/pcg/quests/narratives.go:152.2,152.17 1 1
goldbox-rpg/pkg/pcg/quests/narratives.go:156.123,167.2 3 1
goldbox-rpg/pkg/pcg/quests/narratives.go:170.121,181.2 3 1
goldbox-rpg/pkg/pcg/quests/narratives.go:184.57,269.2 4 1
goldbox-rpg/pkg/pcg/quests/objectives.go:18.50,20.2 1 1
goldbox-rpg/pkg/pcg/quests/objectives.go:23.69,24.19 1 1
goldbox-rpg/pkg/pcg/quests/objectives.go:24.19,26.3 1 1
goldbox-rpg/pkg/pcg/quests/objectives.go:27.2,27.12 1 1
goldbox-rpg/pkg/pcg/quests/objectives.go:32.154,33.58 1 1
goldbox-rpg/pkg/pcg/quests/objectives.go:33.58,35.3 1 1
goldbox-rpg/pkg/pcg/quests/objectives.go:37.2,37.32 1 1
goldbox-rpg/pkg/pcg/quests/objectives.go:37.32,39.3 1 1
goldbox-rpg/pkg/pcg/quests/objectives.go:41.2,42.21 2 1
goldbox-rpg/pkg/pcg/quests/objectives.go:42.21,44.3 1 0
goldbox-rpg/pkg/pcg/quests/objectives.go:46.2,48.26 3 1
goldbox-rpg/pkg/pcg/quests/objectives.go:52.102,54.35 2 1
goldbox-rpg/pkg/pcg/quests/objectives.go:54.35,56.3 1 0
goldbox-rpg/pkg/pcg/quests/objectives.go:57.2,57.49 1 1
goldbox-rpg/pkg/pcg/quests/objectives.go:61.129,63.16 2 1
goldbox-rpg/pkg/pcg/quests/objectives.go:63.16,65.3 1 1
goldbox-rpg/pkg/pcg/quests/objectives.go:67.2,76.16 6 1
goldbox-rpg/pkg/pcg/quests/objectives.go:76.16,78.3 1 0
goldbox-rpg/pkg/pcg/quests/objectives.go:80.2,92.23 2 1
goldbox-rpg/pkg/pcg/quests/objectives.go:96.131,98.16 2 1
goldbox-rpg/pkg/pcg/quests/objectives.go:98.16,100.3 1 1
goldbox-rpg/pkg/pcg/quests/objectives.go:102.2,106.28 3 1
goldbox-rpg/pkg/pcg/quests/objectives.go:106.28,108.3 1 1
goldbox-rpg/pkg/pcg/quests/objectives.go:111.2,112.16 2 1
goldbox-rpg/pkg/pcg/quests/objectives.go:112.16,114.3 1 0
goldbox-rpg/pkg/pcg/quests/objectives.go:116.2,117.16 2 1
goldbox-rpg/pkg/pcg/quests/objectives.go:117.16,119.3 1 0
goldbox-rpg/pkg/pcg/quests/objectives.go:121.2,121.41 1 1
goldbox-rpg/pkg/pcg/quests/objectives.go:121.41,123.3 1 0
goldbox-rpg/pkg/pcg/quests/objectives.go:125.2,137.23 2 1
goldbox-rpg/pkg/pcg/quests/objectives.go:143.116,144.19 1 1
goldbox-rpg/pkg/pcg/quests/objectives.go:144.19,146.3 1 1
goldbox-rpg/pkg/pcg/quests/objectives.go:148.2,149.31 2 1
goldbox-rpg/pkg/pcg/quests/objectives.go:149.31,151.3 1 0
goldbox-rpg/pkg/pcg/quests/objectives.go:153.2,161.25 5 1
goldbox-rpg/pkg/pcg/quests/objectives.go:161.25,163.3 1 0
goldbox-rpg/pkg/pcg/quests/objectives.go:164.2,164.25 1 1
goldbox-rpg/pkg/pcg/quests/objectives.go:164.25,166.3 1 0
goldbox-rpg/pkg/pcg/quests/objectives.go:168.2,169.28 2 1
goldbox-rpg/pkg/pcg/quests/objectives.go:169.28,171.3 1 0
goldbox-rpg/pkg/pcg/quests/objectives.go:173.2,185.23 2 1
goldbox-rpg/pkg/pcg/quests/objectives.go:190.86,207.66 3 1
goldbox-rpg/pkg/pcg/quests/objectives.go:207.66,208.54 1 1
goldbox-rpg/pkg/pcg/quests/objectives.go:208.54,210.4 1 1
goldbox-rpg/pkg/pcg/quests/objectives.go:213.2,213.16 1 1
goldbox-rpg/pkg/pcg/quests/objectives.go:216.81,218.22 1 1
goldbox-rpg/pkg/pcg/quests/objectives.go:218.22,220.3 1 1
goldbox-rpg/pkg/pcg/quests/objectives.go:220.8,220.29 1 1
goldbox-rpg/pkg/pcg/quests/objectives.go:220.29,222.3 1 1
goldbox-rpg/pkg/pcg/quests/objectives.go:222.8,222.30 1 1
goldbox-rpg/pkg/pcg/quests/objectives.go:222.30,224.3 1 1
goldbox-rpg/pkg/pcg/quests/objectives.go:224.8,224.30 1 1
goldbox-rpg/pkg/pcg/quests/objectives.go:224.30,226.3 1 1
goldbox-rpg/pkg/pcg/quests/objectives.go:226.8,228.3 1 1
goldbox-rpg/pkg/pcg/quests/objectives.go:235.64,248.2 1 1
goldbox-rpg/pkg/pcg/quests/objectives.go:254.61,265.2 1 1
goldbox-rpg/pkg/pcg/quests/objectives.go:267.41,276.2 2 1
goldbox-rpg/pkg/pcg/quests/objectives.go:278.24,279.11 1 1
goldbox-rpg/pkg/pcg/quests/objectives.go:279.11,281.3 1 1
goldbox-rpg/pkg/pcg/quests/objectives.go:282.2,282.10 1 1
goldbox-rpg/pkg/pcg/utils/noise.go:14.46,23.2 3 1
goldbox-rpg/pkg/pcg/utils/noise.go:26.42,49.34 3 1
goldbox-rpg/pkg/pcg/utils/noise.go:49.34,53.3 3 1
goldbox-rpg/pkg/pcg/utils/noise.go:56.2,56.27 1 1
goldbox-rpg/pkg/pcg/utils/noise.go:56.27,59.3 2 1
goldbox-rpg/pkg/pcg/utils/noise.go:63.54,87.2 13 1
goldbox-rpg/pkg/pcg/utils/noise.go:90.100,95.31 4 1
goldbox-rpg/pkg/pcg/utils/noise.go:95.31,99.3 3 1
goldbox-rpg/pkg/pcg/utils/noise.go:101.2,101.14 1 1
goldbox-rpg/pkg/pcg/utils/noise.go:123.48,145.2 3 1
goldbox-rpg/pkg/pcg/utils/noise.go:148.43,150.27 2 1
goldbox-rpg/pkg/pcg/utils/noise.go:150.27,152.3 1 1
goldbox-rpg/pkg/pcg/utils/noise.go:155.2,156.34 2 1
goldbox-rpg/pkg/pcg/utils/noise.go:156.34,160.3 3 1
goldbox-rpg/pkg/pcg/utils/noise.go:163.2,163.27 1 1
goldbox-rpg/pkg/pcg/utils/noise.go:163.27,166.3 2 1
goldbox-rpg/pkg/pcg/utils/noise.go:170.55,187.13 12 1
goldbox-rpg/pkg/pcg/utils/noise.go:187.13,189.3 1 1
goldbox-rpg/pkg/pcg/utils/noise.go:189.8,191.3 1 1
goldbox-rpg/pkg/pcg/utils/noise.go:194.2,210.12 12 1
goldbox-rpg/pkg/pcg/utils/noise.go:210.12,212.3 1 0
goldbox-rpg/pkg/pcg/utils/noise.go:212.8,215.3 2 1
goldbox-rpg/pkg/pcg/utils/noise.go:217.2,218.12 2 1
goldbox-rpg/pkg/pcg/utils/noise.go:218.12,220.3 1 1
goldbox-rpg/pkg/pcg/utils/noise.go:220.8,223.3 2 1
goldbox-rpg/pkg/pcg/utils/noise.go:225.2,226.12 2 1
goldbox-rpg/pkg/pcg/utils/noise.go:226.12,228.3 1 0
goldbox-rpg/pkg/pcg/utils/noise.go:228.8,231.3 2 1
goldbox-rpg/pkg/pcg/utils/noise.go:234.2,234.30 1 1
goldbox-rpg/pkg/pcg/utils/noise.go:246.30,248.2 1 1
goldbox-rpg/pkg/pcg/utils/noise.go:260.36,262.2 1 1
goldbox-rpg/pkg/pcg/utils/noise.go:273.45,276.12 3 1
goldbox-rpg/pkg/pcg/utils/noise.go:276.12,278.3 1 1
goldbox-rpg/pkg/pcg/utils/noise.go:279.2,280.12 2 1
goldbox-rpg/pkg/pcg/utils/noise.go:280.12,282.3 1 1
goldbox-rpg/pkg/pcg/utils/noise.go:284.2,285.18 2 1
goldbox-rpg/pkg/pcg/utils/noise.go:285.18,287.3 1 1
goldbox-rpg/pkg/pcg/utils/noise.go:289.2,290.18 2 1
goldbox-rpg/pkg/pcg/utils/noise.go:290.18,292.3 1 1
goldbox-rpg/pkg/pcg/utils/noise.go:294.2,294.26 1 1
goldbox-rpg/pkg/pcg/utils/noise.go:305.47,307.2 1 1
goldbox-rpg/pkg/pcg/utils/noise.go:310.30,312.2 1 1
goldbox-rpg/pkg/pcg/utils/noise.go:314.36,316.2 1 1
goldbox-rpg/pkg/pcg/utils/noise.go:318.45,320.2 1 1
goldbox-rpg/pkg/pcg/utils/noise.go:322.47,324.2 1 1
goldbox-rpg/pkg/pcg/utils/pathfinding.go:41.35,41.53 1 1
goldbox-rpg/pkg/pcg/utils/pathfinding.go:43.45,45.2 1 1
goldbox-rpg/pkg/pcg/utils/pathfinding.go:47.40,51.2 3 1
goldbox-rpg/pkg/pcg/utils/pathfinding.go:53.46,58.2 4 1
goldbox-rpg/pkg/pcg/utils/pathfinding.go:60.44,67.2 6 1
goldbox-rpg/pkg/pcg/utils/pathfinding.go:70.89,72.73 1 1
goldbox-rpg/pkg/pcg/utils/pathfinding.go:72.73,74.3 1 1
goldbox-rpg/pkg/pcg/utils/pathfinding.go:77.2,77.90 1 1
goldbox-rpg/pkg/pcg/utils/pathfinding.go:77.90,79.3 1 1
goldbox-rpg/pkg/pcg/utils/pathfinding.go:82.2,100.24 9 1
goldbox-rpg/pkg/pcg/utils/pathfinding.go:100.24,105.31 2 1
goldbox-rpg/pkg/pcg/utils/pathfinding.go:105.31,112.4 2 1
goldbox-rpg/pkg/pcg/utils/pathfinding.go:115.3,119.41 3 1
goldbox-rpg/pkg/pcg/utils/pathfinding.go:119.41,120.30 1 1
goldbox-rpg/pkg/pcg/utils/pathfinding.go:120.30,121.13 1 1
goldbox-rpg/pkg/pcg/utils/pathfinding.go:124.4,128.15 3 1
goldbox-rpg/pkg/pcg/utils/pathfinding.go:128.15,139.5 4 1
goldbox-rpg/pkg/pcg/utils/pathfinding.go:139.10,139.42 1 1
goldbox-rpg/pkg/pcg/utils/pathfinding.go:139.42,145.5 4 0
goldbox-rpg/pkg/pcg/utils/pathfinding.go:150.2,150.41 1 1
goldbox-rpg/pkg/pcg/utils/pathfinding.go:154.76,155.83 1 1
goldbox-rpg/pkg/pcg/utils/pathfinding.go:155.83,157.3 1 1
goldbox-rpg/pkg/pcg/utils/pathfinding.go:159.2,165.21 5 1
goldbox-rpg/pkg/pcg/utils/pathfinding.go:165.21,169.23 3 1
goldbox-rpg/pkg/pcg/utils/pathfinding.go:169.23,170.12 1 1
goldbox-rpg/pkg/pcg/utils/pathfinding.go:173.3,173.90 1 1
goldbox-rpg/pkg/pcg/utils/pathfinding.go:173.90,174.12 1 1
goldbox-rpg/pkg/pcg/utils/pathfinding.go:177.3,188.38 4 1
goldbox-rpg/pkg/pcg/utils/pathfinding.go:188.38,189.26 1 1
goldbox-rpg/pkg/pcg/utils/pathfinding.go:189.26,191.5 1 1
goldbox-rpg/pkg/pcg/utils/pathfinding.go:195.2,195.15 1 1
goldbox-rpg/pkg/pcg/utils/pathfinding.go:199.55,202.38 2 1
goldbox-rpg/pkg/pcg/utils/pathfinding.go:202.38,203.38 1 1
goldbox-rpg/pkg/pcg/utils/pathfinding.go:203.38,204.36 1 1
goldbox-rpg/pkg/pcg/utils/pathfinding.go:204.36,206.5 1 1
goldbox-rpg/pkg/pcg/utils/pathfinding.go:210.2,210.29 1 1
goldbox-rpg/pkg/pcg/utils/pathfinding.go:210.29,212.3 1 1
goldbox-rpg/pkg/pcg/utils/pathfinding.go:215.2,218.45 2 1
goldbox-rpg/pkg/pcg/utils/pathfinding.go:224.69,226.2 1 1
goldbox-rpg/pkg/pcg/utils/pathfinding.go:229.48,231.2 1 1
goldbox-rpg/pkg/pcg/utils/pathfinding.go:234.77,243.37 3 1
goldbox-rpg/pkg/pcg/utils/pathfinding.go:243.37,244.91 1 1
goldbox-rpg/pkg/pcg/utils/pathfinding.go:244.91,246.4 1 1
goldbox-rpg/pkg/pcg/utils/pathfinding.go:249.2,249.23 1 1
goldbox-rpg/pkg/pcg/utils/pathfinding.go:253.50,257.21 3 1
goldbox-rpg/pkg/pcg/utils/pathfinding.go:257.21,260.3 2 1
goldbox-rpg/pkg/pcg/utils/pathfinding.go:262.2,262.13 1 1
goldbox-rpg/pkg/pcg/utils/random.go:7.90,8.23 1 0
goldbox-rpg/pkg/pcg/utils/random.go:8.23,10.3 1 0
goldbox-rpg/pkg/pcg/utils/random.go:12.2,13.33 2 0
goldbox-rpg/pkg/pcg/utils/random.go:13.33,15.3 1 0
goldbox-rpg/pkg/pcg/utils/random.go:17.2,17.22 1 0
goldbox-rpg/pkg/pcg/utils/random.go:17.22,19.3 1 0
goldbox-rpg/pkg/pcg/utils/random.go:21.2,24.35 3 0
goldbox-rpg/pkg/pcg/utils/random.go:24.35,26.34 2 0
goldbox-rpg/pkg/pcg/utils/random.go:26.34,28.4 1 0
goldbox-rpg/pkg/pcg/utils/random.go:31.2,31.17 1 0
goldbox-rpg/pkg/pcg/items/enchantments.go:21.48,31.2 3 1
goldbox-rpg/pkg/pcg/items/enchantments.go:34.50,36.2 1 1
goldbox-rpg/pkg/pcg/items/enchantments.go:39.127,40.16 1 1
goldbox-rpg/pkg/pcg/items/enchantments.go:40.16,42.3 1 1
goldbox-rpg/pkg/pcg/items/enchantments.go:44.2,52.51 5 1
goldbox-rpg/pkg/pcg/items/enchantments.go:52.51,54.3 1 1
goldbox-rpg/pkg/pcg/items/enchantments.go:57.2,58.34 2 1
goldbox-rpg/pkg/pcg/items/enchantments.go:58.34,60.3 1 1
goldbox-rpg/pkg/pcg/items/enchantments.go:63.2,64.33 2 1
goldbox-rpg/pkg/pcg/items/enchantments.go:64.33,66.3 1 0
goldbox-rpg/pkg/pcg/items/enchantments.go:69.2,70.88 2 1
goldbox-rpg/pkg/pcg/items/enchantments.go:70.88,75.36 2 1
goldbox-rpg/pkg/pcg/items/enchantments.go:75.36,76.12 1 1
goldbox-rpg/pkg/pcg/items/enchantments.go:80.3,80.79 1 1
goldbox-rpg/pkg/pcg/items/enchantments.go:80.79,81.12 1 0
goldbox-rpg/pkg/pcg/items/enchantments.go:84.3,87.32 2 1
goldbox-rpg/pkg/pcg/items/enchantments.go:87.32,89.4 1 1
goldbox-rpg/pkg/pcg/items/enchantments.go:93.2,96.12 3 1
goldbox-rpg/pkg/pcg/items/enchantments.go:100.123,103.42 2 1
goldbox-rpg/pkg/pcg/items/enchantments.go:103.42,105.65 1 1
goldbox-rpg/pkg/pcg/items/enchantments.go:105.65,106.12 1 1
goldbox-rpg/pkg/pcg/items/enchantments.go:110.3,110.52 1 1
goldbox-rpg/pkg/pcg/items/enchantments.go:110.52,112.4 1 1
goldbox-rpg/pkg/pcg/items/enchantments.go:116.2,116.44 1 1
goldbox-rpg/pkg/pcg/items/enchantments.go:116.44,118.3 1 1
goldbox-rpg/pkg/pcg/items/enchantments.go:120.2,120.18 1 1
goldbox-rpg/pkg/pcg/items/enchantments.go:124.127,126.22 1 1
goldbox-rpg/pkg/pcg/items/enchantments.go:127.22,128.57 1 0
goldbox-rpg/pkg/pcg/items/enchantments.go:129.21,130.56 1 0
goldbox-rpg/pkg/pcg/items/enchantments.go:131.21,132.56 1 1
goldbox-rpg/pkg/pcg/items/enchantments.go:133.20,134.56 1 0
goldbox-rpg/pkg/pcg/items/enchantments.go:135.10,137.64 1 0
goldbox-rpg/pkg/pcg/items/enchantments.go:142.121,143.27 1 1
goldbox-rpg/pkg/pcg/items/enchantments.go:143.27,145.3 1 0
goldbox-rpg/pkg/pcg/items/enchantments.go:148.2,149.15 2 1
goldbox-rpg/pkg/pcg/items/enchantments.go:149.15,151.3 1 0
goldbox-rpg/pkg/pcg/items/enchantments.go:153.2,156.12 3 1
goldbox-rpg/pkg/pcg/items/enchantments.go:160.120,161.26 1 1
goldbox-rpg/pkg/pcg/items/enchantments.go:161.26,163.3 1 0
goldbox-rpg/pkg/pcg/items/enchantments.go:166.2,167.15 2 1
goldbox-rpg/pkg/pcg/items/enchantments.go:167.15,169.3 1 0
goldbox-rpg/pkg/pcg/items/enchantments.go:171.2,175.12 4 1
goldbox-rpg/pkg/pcg/items/enchantments.go:179.120,180.27 1 1
goldbox-rpg/pkg/pcg/items/enchantments.go:180.27,182.3 1 0
goldbox-rpg/pkg/pcg/items/enchantments.go:184.2,188.20 4 1
goldbox-rpg/pkg/pcg/items/enchantments.go:188.20,190.3 1 0
goldbox-rpg/pkg/pcg/items/enchantments.go:192.2,195.12 3 1
goldbox-rpg/pkg/pcg/items/enchantments.go:199.120,200.26 1 1
goldbox-rpg/pkg/pcg/items/enchantments.go:200.26,202.3 1 0
goldbox-rpg/pkg/pcg/items/enchantments.go:204.2,210.12 5 1
goldbox-rpg/pkg/pcg/items/enchantments.go:214.128,218.2 2 0
goldbox-rpg/pkg/pcg/items/enchantments.go:221.110,222.22 1 1
goldbox-rpg/pkg/pcg/items/enchantments.go:223.37,224.30 1 1
goldbox-rpg/pkg/pcg/items/enchantments.go:225.35,226.29 1 1
goldbox-rpg/pkg/pcg/items/enchantments.go:227.28,228.14 1 1
goldbox-rpg/pkg/pcg/items/enchantments.go:229.10,230.14 1 0
goldbox-rpg/pkg/pcg/items/enchantments.go:235.56,312.2 9 1
goldbox-rpg/pkg/pcg/items/generator.go:22.58,31.60 2 1
goldbox-rpg/pkg/pcg/items/generator.go:31.61,33.3 0 0
goldbox-rpg/pkg/pcg/items/generator.go:35.2,35.12 1 1
goldbox-rpg/pkg/pcg/items/generator.go:39.56,42.2 2 1
goldbox-rpg/pkg/pcg/items/generator.go:45.75,47.2 1 1
goldbox-rpg/pkg/pcg/items/generator.go:50.116,52.20 1 1
goldbox-rpg/pkg/pcg/items/generator.go:52.20,54.3 1 1
goldbox-rpg/pkg/pcg/items/generator.go:57.2,72.16 5 1
goldbox-rpg/pkg/pcg/items/generator.go:72.16,74.3 1 0
goldbox-rpg/pkg/pcg/items/generator.go:76.2,77.16 2 1
goldbox-rpg/pkg/pcg/items/generator.go:77.16,79.3 1 0
goldbox-rpg/pkg/pcg/items/generator.go:81.2,81.18 1 1
goldbox-rpg/pkg/pcg/items/generator.go:85.140,86.20 1 1
goldbox-rpg/pkg/pcg/items/generator.go:86.20,88.3 1 0
goldbox-rpg/pkg/pcg/items/generator.go:91.2,103.91 4 1
goldbox-rpg/pkg/pcg/items/generator.go:103.91,105.3 1 0
goldbox-rpg/pkg/pcg/items/generator.go:108.2,112.78 3 1
goldbox-rpg/pkg/pcg/items/generator.go:112.78,114.3 1 0
goldbox-rpg/pkg/pcg/items/generator.go:117.2,117.48 1 1
goldbox-rpg/pkg/pcg/items/generator.go:117.48,118.99 1 1
goldbox-rpg/pkg/pcg/items/generator.go:118.99,120.4 1 0
goldbox-rpg/pkg/pcg/items/generator.go:124.2,126.18 2 1
goldbox-rpg/pkg/pcg/items/generator.go:130.143,131.20 1 1
goldbox-rpg/pkg/pcg/items/generator.go:131.20,133.3 1 0
goldbox-rpg/pkg/pcg/items/generator.go:135.2,140.32 4 1
goldbox-rpg/pkg/pcg/items/generator.go:140.32,149.17 4 1
goldbox-rpg/pkg/pcg/items/generator.go:149.17,150.12 1 1
goldbox-rpg/pkg/pcg/items/generator.go:153.3,154.17 2 1
goldbox-rpg/pkg/pcg/items/generator.go:154.17,155.12 1 0
goldbox-rpg/pkg/pcg/items/generator.go:158.3,158.30 1 1
goldbox-rpg/pkg/pcg/items/generator.go:161.2,161.21 1 1
goldbox-rpg/pkg/pcg/items/generator.go:161.21,163.3 1 0
goldbox-rpg/pkg/pcg/items/generator.go:165.2,165.19 1 1
goldbox-rpg/pkg/pcg/items/generator.go:169.125,170.42 1 1
goldbox-rpg/pkg/pcg/items/generator.go:170.42,178.19 3 1
goldbox-rpg/pkg/pcg/items/generator.go:179.17,180.50 1 1
goldbox-rpg/pkg/pcg/items/generator.go:181.13,182.25 1 0
goldbox-rpg/pkg/pcg/items/generator.go:183.17,184.29 1 1
goldbox-rpg/pkg/pcg/items/generator.go:185.16,186.28 1 1
goldbox-rpg/pkg/pcg/items/generator.go:187.11,189.90 1 1
goldbox-rpg/pkg/pcg/items/generator.go:193.2,193.12 1 1
goldbox-rpg/pkg/pcg/items/generator.go:197.135,201.17 2 1
goldbox-rpg/pkg/pcg/items/generator.go:201.17,203.3 1 0
goldbox-rpg/pkg/pcg/items/generator.go:206.2,206.23 1 1
goldbox-rpg/pkg/pcg/items/generator.go:206.23,207.90 1 1
goldbox-rpg/pkg/pcg/items/generator.go:207.90,209.4 1 1
goldbox-rpg/pkg/pcg/items/generator.go:212.2,212.12 1 1
goldbox-rpg/pkg/pcg/items/generator.go:216.128,220.21 2 1
goldbox-rpg/pkg/pcg/items/generator.go:220.21,222.3 1 0
goldbox-rpg/pkg/pcg/items/generator.go:225.2,228.22 2 1
goldbox-rpg/pkg/pcg/items/generator.go:228.22,229.20 1 1
goldbox-rpg/pkg/pcg/items/generator.go:230.17,231.19 1 1
goldbox-rpg/pkg/pcg/items/generator.go:232.16,233.20 1 0
goldbox-rpg/pkg/pcg/items/generator.go:234.21,235.19 1 0
goldbox-rpg/pkg/pcg/items/generator.go:236.11,237.19 1 0
goldbox-rpg/pkg/pcg/items/generator.go:243.90,245.22 1 1
goldbox-rpg/pkg/pcg/items/generator.go:245.22,247.3 1 1
goldbox-rpg/pkg/pcg/items/generator.go:248.2,248.15 1 1
goldbox-rpg/pkg/pcg/items/generator.go:252.83,253.17 1 1
goldbox-rpg/pkg/pcg/items/generator.go:254.24,255.11 1 0
goldbox-rpg/pkg/pcg/items/generator.go:256.26,257.11 1 1
goldbox-rpg/pkg/pcg/items/generator.go:258.26,259.11 1 0
goldbox-rpg/pkg/pcg/items/generator.go:260.27,261.11 1 0
goldbox-rpg/pkg/pcg/items/generator.go:262.10,263.11 1 0
goldbox-rpg/pkg/pcg/items/generator.go:268.89,269.17 1 1
goldbox-rpg/pkg/pcg/items/generator.go:270.24,271.47 1 0
goldbox-rpg/pkg/pcg/items/generator.go:272.26,273.53 1 1
goldbox-rpg/pkg/pcg/items/generator.go:274.26,275.48 1 0
goldbox-rpg/pkg/pcg/items/generator.go:276.27,277.48 1 0
goldbox-rpg/pkg/pcg/items/generator.go:278.24,279.47 1 0
goldbox-rpg/pkg/pcg/items/generator.go:280.10,281.26 1 0
goldbox-rpg/pkg/pcg/items/generator.go:286.62,288.2 1 1
goldbox-rpg/pkg/pcg/items/generator.go:291.56,293.2 1 1
goldbox-rpg/pkg/pcg/items/generator.go:296.80,297.22 1 1
goldbox-rpg/pkg/pcg/items/generator.go:297.22,299.3 1 1
goldbox-rpg/pkg/pcg/items/generator.go:301.2,301.55 1 1
goldbox-rpg/pkg/pcg/items/generator.go:301.55,303.3 1 1
goldbox-rpg/pkg/pcg/items/generator.go:305.2,305.53 1 1
goldbox-rpg/pkg/pcg/items/generator.go:305.53,307.3 1 1
goldbox-rpg/pkg/pcg/items/generator.go:309.2,309.12 1 1
goldbox-rpg/pkg/pcg/items/generator.go:313.30,315.2 1 1
goldbox-rpg/pkg/pcg/items/generator.go:318.107,332.34 4 1
goldbox-rpg/pkg/pcg/items/generator.go:332.34,333.26 1 1
goldbox-rpg/pkg/pcg/items/generator.go:333.26,335.4 1 1
goldbox-rpg/pkg/pcg/items/generator.go:336.3,336.26 1 1
goldbox-rpg/pkg/pcg/items/generator.go:336.26,338.4 1 1
goldbox-rpg/pkg/pcg/items/generator.go:342.2,342.25 1 1
goldbox-rpg/pkg/pcg/items/generator.go:342.25,344.3 1 0
goldbox-rpg/pkg/pcg/items/generator.go:347.2,348.32 2 1
goldbox-rpg/pkg/pcg/items/templates.go:36.54,41.2 1 1
goldbox-rpg/pkg/pcg/items/templates.go:44.63,109.2 10 1
goldbox-rpg/pkg/pcg/items/templates.go:112.70,113.29 1 1
goldbox-rpg/pkg/pcg/items/templates.go:113.29,115.3 1 0
goldbox-rpg/pkg/pcg/items/templates.go:116.2,116.34 1 1
goldbox-rpg/pkg/pcg/items/templates.go:116.34,118.3 1 0
goldbox-rpg/pkg/pcg/items/templates.go:119.2,119.12 1 1
goldbox-rpg/pkg/pcg/items/templates.go:123.72,125.16 2 1
goldbox-rpg/pkg/pcg/items/templates.go:125.16,127.3 1 1
goldbox-rpg/pkg/pcg/items/templates.go:129.2,130.58 2 1
goldbox-rpg/pkg/pcg/items/templates.go:130.58,132.3 1 1
goldbox-rpg/pkg/pcg/items/templates.go:135.2,135.51 1 1
goldbox-rpg/pkg/pcg/items/templates.go:135.51,136.22 1 1
goldbox-rpg/pkg/pcg/items/templates.go:136.22,137.12 1 0
goldbox-rpg/pkg/pcg/items/templates.go:139.3,139.58 1 1
goldbox-rpg/pkg/pcg/items/templates.go:139.58,141.4 1 0
goldbox-rpg/pkg/pcg/items/templates.go:142.3,142.33 1 1
goldbox-rpg/pkg/pcg/items/templates.go:146.2,146.59 1 1
goldbox-rpg/pkg/pcg/items/templates.go:146.59,148.3 1 1
goldbox-rpg/pkg/pcg/items/templates.go:151.2,151.29 1 1
goldbox-rpg/pkg/pcg/items/templates.go:151.29,153.3 1 1
goldbox-rpg/pkg/pcg/items/templates.go:154.2,154.35 1 1
goldbox-rpg/pkg/pcg/items/templates.go:154.35,156.3 1 1
goldbox-rpg/pkg/pcg/items/templates.go:158.2,158.12 1 1
goldbox-rpg/pkg/pcg/items/templates.go:162.113,164.13 2 1
goldbox-rpg/pkg/pcg/items/templates.go:164.13,166.3 1 1
goldbox-rpg/pkg/pcg/items/templates.go:169.2,170.52 2 1
goldbox-rpg/pkg/pcg/items/templates.go:170.52,171.32 1 1
goldbox-rpg/pkg/pcg/items/templates.go:171.32,173.9 2 1
goldbox-rpg/pkg/pcg/items/templates.go:177.2,177.16 1 1
goldbox-rpg/pkg/pcg/items/templates.go:177.16,181.3 2 0
goldbox-rpg/pkg/pcg/items/templates.go:184.2,185.27 2 1
goldbox-rpg/pkg/pcg/items/templates.go:189.90,190.61 1 1
goldbox-rpg/pkg/pcg/items/templates.go:190.61,192.3 1 1
goldbox-rpg/pkg/pcg/items/templates.go:194.2,194.46 1 0
goldbox-rpg/pkg/pcg/items/templates.go:198.63,252.2 6 1
goldbox-rpg/pkg/pcg/items/templates.go:255.97,265.33 5 1
goldbox-rpg/pkg/pcg/items/templates.go:265.33,268.3 2 1
goldbox-rpg/pkg/pcg/items/templates.go:271.2,271.59 1 1
goldbox-rpg/pkg/pcg/items/templates.go:271.59,274.3 2 1
goldbox-rpg/pkg/pcg/items/templates.go:277.2,277.59 1 1
goldbox-rpg/pkg/pcg/items/templates.go:277.59,280.3 2 1
goldbox-rpg/pkg/pcg/items/templates.go:282.2,282.17 1 1
goldbox-rpg/pkg/pcg/terrain/biomes.go:109.72,111.13 2 1
goldbox-rpg/pkg/pcg/terrain/biomes.go:111.13,113.3 1 1
goldbox-rpg/pkg/pcg/terrain/biomes.go:116.2,117.21 2 1
goldbox-rpg/pkg/pcg/terrain/biomes.go:121.84,123.16 2 1
goldbox-rpg/pkg/pcg/terrain/biomes.go:123.16,125.3 1 0
goldbox-rpg/pkg/pcg/terrain/biomes.go:128.2,128.25 1 1
goldbox-rpg/pkg/pcg/terrain/biomes.go:128.25,130.3 1 1
goldbox-rpg/pkg/pcg/terrain/biomes.go:132.2,136.28 3 1
goldbox-rpg/pkg/pcg/terrain/biomes.go:136.28,138.3 1 1
goldbox-rpg/pkg/pcg/terrain/biomes.go:140.2,140.12 1 1
goldbox-rpg/pkg/pcg/terrain/biomes.go:144.74,146.16 2 1
goldbox-rpg/pkg/pcg/terrain/biomes.go:146.16,148.3 1 1
goldbox-rpg/pkg/pcg/terrain/biomes.go:150.2,150.26 1 1
goldbox-rpg/pkg/pcg/terrain/biomes.go:154.80,156.16 2 1
goldbox-rpg/pkg/pcg/terrain/biomes.go:156.16,158.3 1 0
goldbox-rpg/pkg/pcg/terrain/biomes.go:161.2,162.41 2 1
goldbox-rpg/pkg/pcg/terrain/biomes.go:162.41,164.3 1 1
goldbox-rpg/pkg/pcg/terrain/biomes.go:166.2,166.20 1 1
goldbox-rpg/pkg/pcg/terrain/cellular_automata.go:26.48,38.2 1 1
goldbox-rpg/pkg/pcg/terrain/cellular_automata.go:41.51,53.2 1 1
goldbox-rpg/pkg/pcg/terrain/cellular_automata.go:56.118,57.19 1 1
goldbox-rpg/pkg/pcg/terrain/cellular_automata.go:57.19,59.3 1 1
goldbox-rpg/pkg/pcg/terrain/cellular_automata.go:62.2,63.27 2 1
goldbox-rpg/pkg/pcg/terrain/cellular_automata.go:63.27,65.3 1 1
goldbox-rpg/pkg/pcg/terrain/cellular_automata.go:65.8,67.3 1 1
goldbox-rpg/pkg/pcg/terrain/cellular_automata.go:68.2,68.16 1 1
goldbox-rpg/pkg/pcg/terrain/cellular_automata.go:68.16,70.3 1 0
goldbox-rpg/pkg/pcg/terrain/cellular_automata.go:73.2,73.44 1 1
goldbox-rpg/pkg/pcg/terrain/cellular_automata.go:73.44,74.80 1 1
goldbox-rpg/pkg/pcg/terrain/cellular_automata.go:74.80,76.4 1 0
goldbox-rpg/pkg/pcg/terrain/cellular_automata.go:80.2,80.70 1 1
goldbox-rpg/pkg/pcg/terrain/cellular_automata.go:80.70,82.3 1 0
goldbox-rpg/pkg/pcg/terrain/cellular_automata.go:85.2,85.46 1 1
goldbox-rpg/pkg/pcg/terrain/cellular_automata.go:85.46,86.53 1 1
goldbox-rpg/pkg/pcg/terrain/cellular_automata.go:86.53,88.4 1 0
goldbox-rpg/pkg/pcg/terrain/cellular_automata.go:92.2,92.74 1 1
goldbox-rpg/pkg/pcg/terrain/cellular_automata.go:92.74,94.3 1 0
goldbox-rpg/pkg/pcg/terrain/cellular_automata.go:96.2,96.12 1 1
goldbox-rpg/pkg/pcg/terrain/cellular_automata.go:100.88,105.38 2 1
goldbox-rpg/pkg/pcg/terrain/cellular_automata.go:105.38,106.38 1 1
goldbox-rpg/pkg/pcg/terrain/cellular_automata.go:106.38,107.38 1 1
goldbox-rpg/pkg/pcg/terrain/cellular_automata.go:107.38,112.5 4 1
goldbox-rpg/pkg/pcg/terrain/cellular_automata.go:112.10,117.5 4 1
goldbox-rpg/pkg/pcg/terrain/cellular_automata.go:121.2,121.12 1 1
goldbox-rpg/pkg/pcg/terrain/cellular_automata.go:127.114,128.37 1 1
goldbox-rpg/pkg/pcg/terrain/cellular_automata.go:128.37,130.3 1 1
goldbox-rpg/pkg/pcg/terrain/cellular_automata.go:133.2,136.16 2 1
goldbox-rpg/pkg/pcg/terrain/cellular_automata.go:136.16,138.3 1 1
goldbox-rpg/pkg/pcg/terrain/cellular_automata.go:140.2,140.38 1 1
goldbox-rpg/pkg/pcg/terrain/cellular_automata.go:140.38,141.38 1 1
goldbox-rpg/pkg/pcg/terrain/cellular_automata.go:141.38,149.40 3 1
goldbox-rpg/pkg/pcg/terrain/cellular_automata.go:149.40,154.5 4 1
goldbox-rpg/pkg/pcg/terrain/cellular_automata.go:154.10,159.5 4 1
goldbox-rpg/pkg/pcg/terrain/cellular_automata.go:163.2,163.12 1 1
goldbox-rpg/pkg/pcg/terrain/cellular_automata.go:167.109,169.26 2 1
goldbox-rpg/pkg/pcg/terrain/cellular_automata.go:169.26,172.3 2 1
goldbox-rpg/pkg/pcg/terrain/cellular_automata.go:174.2,174.38 1 1
goldbox-rpg/pkg/pcg/terrain/cellular_automata.go:174.38,175.38 1 1
goldbox-rpg/pkg/pcg/terrain/cellular_automata.go:175.38,178.41 2 1
goldbox-rpg/pkg/pcg/terrain/cellular_automata.go:178.41,183.5 4 1
goldbox-rpg/pkg/pcg/terrain/cellular_automata.go:183.10,183.49 1 1
goldbox-rpg/pkg/pcg/terrain/cellular_automata.go:183.49,188.5 4 1
goldbox-rpg/pkg/pcg/terrain/cellular_automata.go:193.2,194.12 2 1
goldbox-rpg/pkg/pcg/terrain/cellular_automata.go:198.62,201.30 2 1
goldbox-rpg/pkg/pcg/terrain/cellular_automata.go:201.30,202.31 1 1
goldbox-rpg/pkg/pcg/terrain/cellular_automata.go:202.31,203.26 1 1
goldbox-rpg/pkg/pcg/terrain/cellular_automata.go:203.26,204.13 1 1
goldbox-rpg/pkg/pcg/terrain/cellular_automata.go:207.4,210.71 2 1
goldbox-rpg/pkg/pcg/terrain/cellular_automata.go:210.71,212.5 1 1
goldbox-rpg/pkg/pcg/terrain/cellular_automata.go:212.10,212.46 1 1
goldbox-rpg/pkg/pcg/terrain/cellular_automata.go:212.46,214.5 1 1
goldbox-rpg/pkg/pcg/terrain/cellular_automata.go:218.2,218.18 1 1
goldbox-rpg/pkg/pcg/terrain/cellular_automata.go:222.65,224.25 2 1
goldbox-rpg/pkg/pcg/terrain/cellular_automata.go:224.25,226.3 1 1
goldbox-rpg/pkg/pcg/terrain/cellular_automata.go:228.2,228.38 1 1
goldbox-rpg/pkg/pcg/terrain/cellular_automata.go:228.38,229.38 1 1
goldbox-rpg/pkg/pcg/terrain/cellular_automata.go:229.38,230.54 1 1
goldbox-rpg/pkg/pcg/terrain/cellular_automata.go:230.54,232.28 2 1
goldbox-rpg/pkg/pcg/terrain/cellular_automata.go:232.28,234.31 1 1
goldbox-rpg/pkg/pcg/terrain/cellular_automata.go:234.31,239.7 4 1
goldbox-rpg/pkg/pcg/terrain/cellular_automata.go:245.2,245.12 1 1
goldbox-rpg/pkg/pcg/terrain/cellular_automata.go:249.97,255.21 4 1
goldbox-rpg/pkg/pcg/terrain/cellular_automata.go:255.21,259.82 3 1
goldbox-rpg/pkg/pcg/terrain/cellular_automata.go:259.82,260.12 1 1
goldbox-rpg/pkg/pcg/terrain/cellular_automata.go:263.3,263.69 1 1
goldbox-rpg/pkg/pcg/terrain/cellular_automata.go:263.69,264.12 1 1
goldbox-rpg/pkg/pcg/terrain/cellular_automata.go:267.3,274.63 6 1
goldbox-rpg/pkg/pcg/terrain/cellular_automata.go:277.2,277.13 1 1
goldbox-rpg/pkg/pcg/terrain/cellular_automata.go:281.54,283.26 2 1
goldbox-rpg/pkg/pcg/terrain/cellular_automata.go:283.26,286.3 2 1
goldbox-rpg/pkg/pcg/terrain/cellular_automata.go:288.2,288.40 1 1
goldbox-rpg/pkg/pcg/terrain/cellular_automata.go:288.40,289.40 1 1
goldbox-rpg/pkg/pcg/terrain/cellular_automata.go:289.40,293.54 2 1
goldbox-rpg/pkg/pcg/terrain/cellular_automata.go:293.54,298.5 4 1
goldbox-rpg/pkg/pcg/terrain/cellular_automata.go:298.10,298.60 1 1
goldbox-rpg/pkg/pcg/terrain/cellular_automata.go:298.60,303.5 4 1
goldbox-rpg/pkg/pcg/terrain/cellular_automata.go:307.2,308.12 2 1
goldbox-rpg/pkg/pcg/terrain/cellular_automata.go:312.69,313.38 1 1
goldbox-rpg/pkg/pcg/terrain/cellular_automata.go:313.38,314.38 1 1
goldbox-rpg/pkg/pcg/terrain/cellular_automata.go:314.38,315.91 1 1
goldbox-rpg/pkg/pcg/terrain/cellular_automata.go:315.91,320.5 4 1
goldbox-rpg/pkg/pcg/terrain/cellular_automata.go:324.2,324.12 1 1
goldbox-rpg/pkg/pcg/terrain/generator.go:13.103,15.9 2 1
goldbox-rpg/pkg/pcg/terrain/generator.go:15.9,17.3 1 1
goldbox-rpg/pkg/pcg/terrain/generator.go:19.2,20.9 2 1
goldbox-rpg/pkg/pcg/terrain/generator.go:20.9,22.3 1 1
goldbox-rpg/pkg/pcg/terrain/generator.go:24.2,25.9 2 1
goldbox-rpg/pkg/pcg/terrain/generator.go:25.9,27.3 1 1
goldbox-rpg/pkg/pcg/terrain/generator.go:29.2,29.42 1 1
goldbox-rpg/pkg/pcg/terrain/generator.go:39.64,43.2 1 1
goldbox-rpg/pkg/pcg/terrain/generator.go:46.119,48.16 2 0
goldbox-rpg/pkg/pcg/terrain/generator.go:48.16,50.3 1 0
goldbox-rpg/pkg/pcg/terrain/generator.go:51.2,51.63 1 0
goldbox-rpg/pkg/pcg/terrain/generator.go:55.144,68.30 4 0
goldbox-rpg/pkg/pcg/terrain/generator.go:68.30,70.3 1 0
goldbox-rpg/pkg/pcg/terrain/generator.go:73.2,77.34 3 0
goldbox-rpg/pkg/pcg/terrain/generator.go:77.34,79.10 1 0
goldbox-rpg/pkg/pcg/terrain/generator.go:80.21,81.25 1 0
goldbox-rpg/pkg/pcg/terrain/generator.go:82.11,82.11 0 0
goldbox-rpg/pkg/pcg/terrain/generator.go:85.3,85.49 1 0
goldbox-rpg/pkg/pcg/terrain/generator.go:89.2,89.68 1 0
goldbox-rpg/pkg/pcg/terrain/generator.go:89.68,91.3 1 0
goldbox-rpg/pkg/pcg/terrain/generator.go:94.2,94.49 1 0
goldbox-rpg/pkg/pcg/terrain/generator.go:94.49,95.86 1 0
goldbox-rpg/pkg/pcg/terrain/generator.go:95.86,97.4 1 0
goldbox-rpg/pkg/pcg/terrain/generator.go:100.2,100.21 1 0
goldbox-rpg/pkg/pcg/terrain/generator.go:104.166,109.2 2 0
goldbox-rpg/pkg/pcg/terrain/generator.go:112.88,116.2 3 0
goldbox-rpg/pkg/pcg/terrain/generator.go:119.65,121.2 1 0
goldbox-rpg/pkg/pcg/terrain/generator.go:124.59,126.2 1 0
goldbox-rpg/pkg/pcg/terrain/generator.go:129.83,133.56 2 0
goldbox-rpg/pkg/pcg/terrain/generator.go:133.56,135.3 1 0
goldbox-rpg/pkg/pcg/terrain/generator.go:137.2,138.9 2 0
goldbox-rpg/pkg/pcg/terrain/generator.go:138.9,140.3 1 0
goldbox-rpg/pkg/pcg/terrain/generator.go:142.2,143.23 2 0
goldbox-rpg/pkg/pcg/terrain/generator.go:143.23,145.3 1 0
goldbox-rpg/pkg/pcg/terrain/generator.go:147.2,147.12 1 0
goldbox-rpg/pkg/pcg/terrain/generator.go:151.141,154.26 2 0
goldbox-rpg/pkg/pcg/terrain/generator.go:154.26,156.3 1 0
goldbox-rpg/pkg/pcg/terrain/generator.go:158.2,158.38 1 0
goldbox-rpg/pkg/pcg/terrain/generator.go:158.38,159.38 1 0
goldbox-rpg/pkg/pcg/terrain/generator.go:159.38,161.73 1 0
goldbox-rpg/pkg/pcg/terrain/generator.go:161.73,163.5 1 0
goldbox-rpg/pkg/pcg/terrain/generator.go:163.10,165.47 1 0
goldbox-rpg/pkg/pcg/terrain/generator.go:165.47,167.6 1 0
goldbox-rpg/pkg/pcg/terrain/generator.go:167.11,169.6 1 0
goldbox-rpg/pkg/pcg/terrain/generator.go:176.119,178.38 2 0
goldbox-rpg/pkg/pcg/terrain/generator.go:178.38,180.3 1 0
goldbox-rpg/pkg/pcg/terrain/generator.go:182.2,182.38 1 0
goldbox-rpg/pkg/pcg/terrain/generator.go:182.38,183.38 1 0
goldbox-rpg/pkg/pcg/terrain/generator.go:183.38,187.22 2 0
goldbox-rpg/pkg/pcg/terrain/generator.go:187.22,189.5 1 0
goldbox-rpg/pkg/pcg/terrain/generator.go:189.10,189.29 1 0
goldbox-rpg/pkg/pcg/terrain/generator.go:189.29,191.5 1 0
goldbox-rpg/pkg/pcg/terrain/generator.go:191.10,194.5 1 0
goldbox-rpg/pkg/pcg/terrain/generator.go:198.2,198.26 1 0
goldbox-rpg/pkg/pcg/terrain/generator.go:202.107,205.44 2 1
goldbox-rpg/pkg/pcg/terrain/generator.go:205.44,206.45 1 1
goldbox-rpg/pkg/pcg/terrain/generator.go:206.45,208.67 1 1
goldbox-rpg/pkg/pcg/terrain/generator.go:208.67,210.5 1 0
goldbox-rpg/pkg/pcg/terrain/generator.go:210.10,210.44 1 1
goldbox-rpg/pkg/pcg/terrain/generator.go:210.44,212.5 1 1
goldbox-rpg/pkg/pcg/terrain/generator.go:216.2,216.14 1 1
goldbox-rpg/pkg/pcg/terrain/generator.go:220.140,221.26 1 0
goldbox-rpg/pkg/pcg/terrain/generator.go:222.21,223.54 1 0
goldbox-rpg/pkg/pcg/terrain/generator.go:224.24,225.57 1 0
goldbox-rpg/pkg/pcg/terrain/generator.go:226.22,227.55 1 0
goldbox-rpg/pkg/pcg/terrain/generator.go:228.10,229.57 1 0
goldbox-rpg/pkg/pcg/terrain/generator.go:234.141,236.27 1 0
goldbox-rpg/pkg/pcg/terrain/generator.go:236.27,238.3 1 0
goldbox-rpg/pkg/pcg/terrain/generator.go:241.2,241.28 1 0
goldbox-rpg/pkg/pcg/terrain/generator.go:241.28,243.3 1 0
goldbox-rpg/pkg/pcg/terrain/generator.go:245.2,245.12 1 0
goldbox-rpg/pkg/pcg/terrain/generator.go:249.144,257.2 3 0
goldbox-rpg/pkg/pcg/terrain/generator.go:260.142,268.2 3 0
goldbox-rpg/pkg/pcg/terrain/generator.go:271.144,273.27 1 0
goldbox-rpg/pkg/pcg/terrain/generator.go:273.27,275.3 1 0
goldbox-rpg/pkg/pcg/terrain/generator.go:277.2,277.12 1 0
goldbox-rpg/pkg/pcg/terrain/generator.go:281.147,282.15 1 0
goldbox-rpg/pkg/pcg/terrain/generator.go:283.31,284.56 1 0
goldbox-rpg/pkg/pcg/terrain/generator.go:285.32,286.57 1 0
goldbox-rpg/pkg/pcg/terrain/generator.go:287.28,288.53 1 0
goldbox-rpg/pkg/pcg/terrain/generator.go:289.32,290.57 1 0
goldbox-rpg/pkg/pcg/terrain/generator.go:291.10,292.13 1 0
goldbox-rpg/pkg/pcg/terrain/generator.go:297.125,301.23 2 1
goldbox-rpg/pkg/pcg/terrain/generator.go:301.23,303.3 1 1
goldbox-rpg/pkg/pcg/terrain/generator.go:306.2,307.33 2 1
goldbox-rpg/pkg/pcg/terrain/generator.go:307.33,308.22 1 1
goldbox-rpg/pkg/pcg/terrain/generator.go:308.22,310.4 1 1
goldbox-rpg/pkg/pcg/terrain/generator.go:313.2,313.12 1 1
goldbox-rpg/pkg/pcg/terrain/generator.go:318.126,320.23 2 1
goldbox-rpg/pkg/pcg/terrain/generator.go:320.23,322.3 1 0
goldbox-rpg/pkg/pcg/terrain/generator.go:325.2,326.33 2 1
goldbox-rpg/pkg/pcg/terrain/generator.go:326.33,327.22 1 1
goldbox-rpg/pkg/pcg/terrain/generator.go:327.22,329.4 1 1
goldbox-rpg/pkg/pcg/terrain/generator.go:333.2,333.22 1 1
goldbox-rpg/pkg/pcg/terrain/generator.go:333.22,335.23 2 1
goldbox-rpg/pkg/pcg/terrain/generator.go:335.23,337.4 1 0
goldbox-rpg/pkg/pcg/terrain/generator.go:338.3,338.39 1 1
goldbox-rpg/pkg/pcg/terrain/generator.go:338.39,342.27 3 1
goldbox-rpg/pkg/pcg/terrain/generator.go:342.27,344.5 1 0
goldbox-rpg/pkg/pcg/terrain/generator.go:345.4,345.43 1 1
goldbox-rpg/pkg/pcg/terrain/generator.go:345.43,347.5 1 0
goldbox-rpg/pkg/pcg/terrain/generator.go:348.4,348.61 1 1
goldbox-rpg/pkg/pcg/terrain/generator.go:352.2,352.12 1 1
goldbox-rpg/pkg/pcg/terrain/generator.go:357.122,359.23 2 1
goldbox-rpg/pkg/pcg/terrain/generator.go:359.23,361.3 1 0
goldbox-rpg/pkg/pcg/terrain/generator.go:364.2,365.33 2 1
goldbox-rpg/pkg/pcg/terrain/generator.go:365.33,366.22 1 1
goldbox-rpg/pkg/pcg/terrain/generator.go:366.22,368.4 1 1
goldbox-rpg/pkg/pcg/terrain/generator.go:372.2,372.25 1 1
goldbox-rpg/pkg/pcg/terrain/generator.go:372.25,374.42 2 1
goldbox-rpg/pkg/pcg/terrain/generator.go:374.42,376.4 1 1
goldbox-rpg/pkg/pcg/terrain/generator.go:379.2,379.12 1 1
goldbox-rpg/pkg/pcg/terrain/generator.go:384.126,386.23 2 1
goldbox-rpg/pkg/pcg/terrain/generator.go:386.23,388.3 1 0
goldbox-rpg/pkg/pcg/terrain/generator.go:391.2,392.33 2 1
goldbox-rpg/pkg/pcg/terrain/generator.go:392.33,393.22 1 1
goldbox-rpg/pkg/pcg/terrain/generator.go:393.22,395.4 1 1
goldbox-rpg/pkg/pcg/terrain/generator.go:399.2,402.36 2 1
goldbox-rpg/pkg/pcg/terrain/generator.go:402.36,403.41 1 1
goldbox-rpg/pkg/pcg/terrain/generator.go:403.41,405.25 2 1
goldbox-rpg/pkg/pcg/terrain/generator.go:405.25,407.5 1 1
goldbox-rpg/pkg/pcg/terrain/generator.go:411.2,411.12 1 1
goldbox-rpg/pkg/pcg/terrain/generator.go:416.103,417.68 1 1
goldbox-rpg/pkg/pcg/terrain/generator.go:417.68,419.3 1 1
goldbox-rpg/pkg/pcg/terrain/generator.go:421.2,424.33 3 1
goldbox-rpg/pkg/pcg/terrain/generator.go:424.33,425.21 1 1
goldbox-rpg/pkg/pcg/terrain/generator.go:425.21,426.12 1 1
goldbox-rpg/pkg/pcg/terrain/generator.go:428.3,429.25 2 1
goldbox-rpg/pkg/pcg/terrain/generator.go:429.25,432.4 2 1
goldbox-rpg/pkg/pcg/terrain/generator.go:435.2,435.19 1 1
goldbox-rpg/pkg/pcg/terrain/generator.go:439.92,440.44 1 1
goldbox-rpg/pkg/pcg/terrain/generator.go:440.44,442.3 1 1
goldbox-rpg/pkg/pcg/terrain/generator.go:444.2,445.29 2 1
goldbox-rpg/pkg/pcg/terrain/generator.go:445.29,446.30 1 1
goldbox-rpg/pkg/pcg/terrain/generator.go:446.30,448.22 2 1
goldbox-rpg/pkg/pcg/terrain/generator.go:448.22,450.5 1 1
goldbox-rpg/pkg/pcg/terrain/generator.go:453.2,453.16 1 1
goldbox-rpg/pkg/pcg/terrain/generator.go:458.124,459.22 1 1
goldbox-rpg/pkg/pcg/terrain/generator.go:459.22,461.3 1 0
goldbox-rpg/pkg/pcg/terrain/generator.go:465.2,469.20 3 1
goldbox-rpg/pkg/pcg/terrain/generator.go:469.20,471.3 1 1
goldbox-rpg/pkg/pcg/terrain/generator.go:473.2,473.18 1 1
goldbox-rpg/pkg/pcg/terrain/generator.go:477.69,484.2 1 0
goldbox-rpg/pkg/pcg/terrain/generator.go:486.70,493.2 1 1
goldbox-rpg/pkg/pcg/terrain/generator.go:495.70,502.2 1 0
goldbox-rpg/pkg/pcg/terrain/generator.go:505.79,508.2 1 0
goldbox-rpg/pkg/pcg/terrain/generator.go:510.125,513.15 2 0
goldbox-rpg/pkg/pcg/terrain/generator.go:514.21,516.28 2 0
goldbox-rpg/pkg/pcg/terrain/generator.go:517.24,519.29 2 0
goldbox-rpg/pkg/pcg/terrain/generator.go:520.22,522.28 2 0
goldbox-rpg/pkg/pcg/terrain/generator.go:525.2,525.17 1 0
goldbox-rpg/pkg/pcg/terrain/generator.go:529.130,531.40 1 0
goldbox-rpg/pkg/pcg/terrain/generator.go:531.40,532.40 1 0
goldbox-rpg/pkg/pcg/terrain/generator.go:532.40,533.73 1 0
goldbox-rpg/pkg/pcg/terrain/generator.go:533.73,535.5 1 0
goldbox-rpg/pkg/pcg/terrain/generator.go:542.128,543.55 1 1
goldbox-rpg/pkg/pcg/terrain/generator.go:543.55,545.3 1 1
goldbox-rpg/pkg/pcg/terrain/generator.go:547.2,547.40 1 1
goldbox-rpg/pkg/pcg/terrain/generator.go:547.40,548.40 1 1
goldbox-rpg/pkg/pcg/terrain/generator.go:548.40,550.22 2 1
goldbox-rpg/pkg/pcg/terrain/generator.go:550.22,551.13 1 1
goldbox-rpg/pkg/pcg/terrain/generator.go:555.4,556.22 2 1
goldbox-rpg/pkg/pcg/terrain/generator.go:556.22,557.13 1 1
goldbox-rpg/pkg/pcg/terrain/generator.go:561.4,562.42 2 1
goldbox-rpg/pkg/pcg/terrain/generator.go:562.42,567.5 2 1
goldbox-rpg/pkg/pcg/terrain/generator.go:574.109,575.37 1 1
[...]
goldbox-rpg/pkg/server/tracing.go:40.76,42.2 1 1
goldbox-rpg/pkg/server/tracing.go:45.98,50.66 3 1
goldbox-rpg/pkg/server/tracing.go:50.66,52.3 1 1
goldbox-rpg/pkg/server/tracing.go:53.2,53.58 1 1
goldbox-rpg/pkg/server/tracing.go:53.58,55.3 1 1
goldbox-rpg/pkg/server/tracing.go:57.2,57.47 1 1
goldbox-rpg/pkg/server/tracing.go:61.83,78.16 7 1
goldbox-rpg/pkg/server/tracing.go:78.16,81.3 2 1
goldbox-rpg/pkg/server/tracing.go:81.8,83.3 1 1
goldbox-rpg/pkg/server/tracing.go:85.2,85.12 1 1
goldbox-rpg/pkg/server/tracing.go:89.78,93.31 3 1
goldbox-rpg/pkg/server/tracing.go:93.31,95.3 1 1
goldbox-rpg/pkg/server/tracing.go:96.2,96.27 1 1
goldbox-rpg/pkg/server/tracing.go:96.27,98.3 1 1
goldbox-rpg/pkg/server/tracing.go:100.2,100.21 1 1
goldbox-rpg/pkg/server/tracing.go:100.21,102.3 1 1
goldbox-rpg/pkg/server/tracing.go:103.2,103.15 1 1
goldbox-rpg/pkg/server/tracing.go:107.68,111.16 3 1
goldbox-rpg/pkg/server/tracing.go:111.16,117.3 2 1
goldbox-rpg/pkg/server/types.go:90.72,91.14 1 1
goldbox-rpg/pkg/server/types.go:91.14,93.3 1 1
goldbox-rpg/pkg/server/types.go:95.2,95.36 1 1
goldbox-rpg/pkg/server/types.go:95.36,96.14 1 1
goldbox-rpg/pkg/server/types.go:97.17,98.60 1 1
goldbox-rpg/pkg/server/types.go:98.60,100.5 1 1
goldbox-rpg/pkg/server/types.go:101.20,102.41 1 1
goldbox-rpg/pkg/server/types.go:102.41,104.5 1 1
goldbox-rpg/pkg/server/types.go:105.21,106.46 1 1
goldbox-rpg/pkg/server/types.go:106.46,108.5 1 1
goldbox-rpg/pkg/server/types.go:109.20,110.43 1 1
goldbox-rpg/pkg/server/types.go:110.43,112.5 1 1
goldbox-rpg/pkg/server/types.go:116.2,116.12 1 1
goldbox-rpg/pkg/server/types.go:120.48,121.14 1 1
goldbox-rpg/pkg/server/types.go:121.14,123.3 1 1
goldbox-rpg/pkg/server/types.go:125.2,135.14 2 1
goldbox-rpg/pkg/server/types.go:139.50,151.2 1 1
goldbox-rpg/pkg/server/types.go:154.34,156.2 1 1
goldbox-rpg/pkg/server/types.go:159.35,161.2 1 1
goldbox-rpg/pkg/server/types.go:164.40,166.2 1 1
goldbox-rpg/pkg/server/types.go:171.47,172.24 1 1
goldbox-rpg/pkg/server/types.go:172.24,173.27 1 1
goldbox-rpg/pkg/server/types.go:173.27,175.4 1 1
goldbox-rpg/pkg/server/util.go:32.68,45.34 5 1
goldbox-rpg/pkg/server/util.go:45.34,47.60 2 0
goldbox-rpg/pkg/server/util.go:47.60,48.45 1 0
goldbox-rpg/pkg/server/util.go:48.45,60.5 4 0
goldbox-rpg/pkg/server/util.go:60.10,67.5 3 0
goldbox-rpg/pkg/server/util.go:68.9,70.4 1 0
goldbox-rpg/pkg/server/util.go:73.2,73.40 1 1
goldbox-rpg/pkg/server/util.go:73.40,75.3 1 0
goldbox-rpg/pkg/server/util.go:77.2,78.29 2 1
goldbox-rpg/pkg/server/util.go:78.29,80.3 1 0
goldbox-rpg/pkg/server/util.go:82.2,83.15 2 1
goldbox-rpg/pkg/server/util.go:100.78,112.49 6 0
goldbox-rpg/pkg/server/util.go:112.49,114.45 2 0
goldbox-rpg/pkg/server/util.go:114.45,120.4 2 0
goldbox-rpg/pkg/server/util.go:123.2,124.23 2 0
goldbox-rpg/pkg/server/util.go:142.74,149.63 3 0
goldbox-rpg/pkg/server/util.go:149.63,153.3 3 0
goldbox-rpg/pkg/server/util.go:154.2,155.12 2 0
goldbox-rpg/pkg/server/util.go:175.78,182.37 3 0
goldbox-rpg/pkg/server/util.go:182.37,185.3 2 0
goldbox-rpg/pkg/server/util.go:187.2,200.14 3 0
goldbox-rpg/pkg/server/util.go:217.65,225.52 4 0
goldbox-rpg/pkg/server/util.go:225.52,227.60 2 0
goldbox-rpg/pkg/server/util.go:227.60,228.49 1 0
goldbox-rpg/pkg/server/util.go:228.49,230.31 2 0
goldbox-rpg/pkg/server/util.go:230.31,233.43 3 0
goldbox-rpg/pkg/server/util.go:233.43,235.7 1 0
goldbox-rpg/pkg/server/util.go:236.11,238.6 1 0
goldbox-rpg/pkg/server/util.go:239.10,241.5 1 0
goldbox-rpg/pkg/server/util.go:242.9,244.4 1 0
goldbox-rpg/pkg/server/util.go:247.2,248.16 2 0
goldbox-rpg/pkg/server/util.go:266.68,286.2 8 0
goldbox-rpg/pkg/server/util.go:303.70,310.53 3 1
goldbox-rpg/pkg/server/util.go:310.53,314.34 3 1
goldbox-rpg/pkg/server/util.go:314.34,316.67 2 0
goldbox-rpg/pkg/server/util.go:316.67,319.5 2 0
goldbox-rpg/pkg/server/util.go:319.10,321.5 1 0
goldbox-rpg/pkg/server/util.go:323.8,325.3 1 0
goldbox-rpg/pkg/server/util.go:337.39,352.2 8 0
goldbox-rpg/pkg/server/util.go:382.59,393.2 5 1
goldbox-rpg/pkg/server/util.go:409.65,416.24 3 1
goldbox-rpg/pkg/server/util.go:416.24,417.30 1 1
goldbox-rpg/pkg/server/util.go:417.30,420.4 2 1
goldbox-rpg/pkg/server/util.go:423.2,424.12 2 1
goldbox-rpg/pkg/server/util.go:441.73,448.27 3 1
goldbox-rpg/pkg/server/util.go:448.27,449.32 1 1
goldbox-rpg/pkg/server/util.go:449.32,452.4 2 1
goldbox-rpg/pkg/server/util.go:455.2,456.12 2 1
goldbox-rpg/pkg/server/util.go:496.43,507.50 4 1
goldbox-rpg/pkg/server/util.go:507.50,510.3 2 1
goldbox-rpg/pkg/server/util.go:512.2,513.20 2 1
goldbox-rpg/pkg/server/util.go:513.20,516.3 2 1
goldbox-rpg/pkg/server/util.go:519.2,520.22 2 1
goldbox-rpg/pkg/server/util.go:520.22,523.17 3 1
goldbox-rpg/pkg/server/util.go:523.17,526.4 2 1
goldbox-rpg/pkg/server/util.go:529.2,530.16 2 1
goldbox-rpg/pkg/server/util.go:530.16,533.3 2 1
goldbox-rpg/pkg/server/util.go:535.2,536.22 2 1
goldbox-rpg/pkg/server/util.go:536.22,539.17 3 1
goldbox-rpg/pkg/server/util.go:539.17,542.4 2 1
goldbox-rpg/pkg/server/util.go:546.2,556.15 4 1
goldbox-rpg/pkg/server/util.go:570.24,578.11 3 1
goldbox-rpg/pkg/server/util.go:578.11,581.3 2 1
goldbox-rpg/pkg/server/util.go:582.2,583.10 2 1
goldbox-rpg/pkg/server/util.go:601.44,616.45 5 1
goldbox-rpg/pkg/server/util.go:616.45,617.23 1 1
goldbox-rpg/pkg/server/util.go:617.23,620.4 2 1
goldbox-rpg/pkg/server/util.go:622.2,623.14 2 1
goldbox-rpg/pkg/server/websocket.go:33.51,36.26 2 1
goldbox-rpg/pkg/server/websocket.go:36.26,37.26 1 1
goldbox-rpg/pkg/server/websocket.go:37.26,39.4 1 1
goldbox-rpg/pkg/server/websocket.go:39.9,39.38 1 1
goldbox-rpg/pkg/server/websocket.go:39.38,41.4 1 1
goldbox-rpg/pkg/server/websocket.go:41.9,43.4 1 1
goldbox-rpg/pkg/server/websocket.go:47.2,57.15 8 1
goldbox-rpg/pkg/server/websocket.go:73.50,75.19 2 1
goldbox-rpg/pkg/server/websocket.go:75.19,77.58 1 1
goldbox-rpg/pkg/server/websocket.go:77.58,79.4 1 1
goldbox-rpg/pkg/server/websocket.go:83.3,86.20 4 1
goldbox-rpg/pkg/server/websocket.go:86.20,88.32 2 0
goldbox-rpg/pkg/server/websocket.go:88.32,90.5 1 0
goldbox-rpg/pkg/server/websocket.go:92.3,93.20 2 1
goldbox-rpg/pkg/server/websocket.go:93.20,95.32 2 0
goldbox-rpg/pkg/server/websocket.go:95.32,98.5 1 0
goldbox-rpg/pkg/server/websocket.go:100.3,101.42 2 1
goldbox-rpg/pkg/server/websocket.go:101.42,104.4 2 1
goldbox-rpg/pkg/server/websocket.go:106.3,106.15 1 1
goldbox-rpg/pkg/server/websocket.go:108.2,108.36 1 1
goldbox-rpg/pkg/server/websocket.go:120.82,121.41 1 1
goldbox-rpg/pkg/server/websocket.go:121.41,122.43 1 1
goldbox-rpg/pkg/server/websocket.go:122.43,124.4 1 1
goldbox-rpg/pkg/server/websocket.go:126.2,126.14 1 1
goldbox-rpg/pkg/server/websocket.go:142.52,146.43 1 1
goldbox-rpg/pkg/server/websocket.go:146.43,150.49 2 1
goldbox-rpg/pkg/server/websocket.go:150.49,156.5 2 1
goldbox-rpg/pkg/server/websocket.go:159.4,162.16 3 1
goldbox-rpg/pkg/server/websocket.go:162.16,168.5 1 1
goldbox-rpg/pkg/server/websocket.go:168.10,174.5 1 1
goldbox-rpg/pkg/server/websocket.go:176.4,176.18 1 1
goldbox-rpg/pkg/server/websocket.go:179.2,179.18 1 1
goldbox-rpg/pkg/server/websocket.go:225.54,231.2 1 1
goldbox-rpg/pkg/server/websocket.go:242.62,251.2 1 1
goldbox-rpg/pkg/server/websocket.go:271.77,276.23 3 1
goldbox-rpg/pkg/server/websocket.go:276.23,280.3 3 0
goldbox-rpg/pkg/server/websocket.go:282.2,283.27 2 1
goldbox-rpg/pkg/server/websocket.go:283.27,287.3 3 0
goldbox-rpg/pkg/server/websocket.go:289.2,290.16 2 1
goldbox-rpg/pkg/server/websocket.go:290.16,292.3 1 1
goldbox-rpg/pkg/server/websocket.go:293.2,293.15 1 0
goldbox-rpg/pkg/server/websocket.go:293.15,297.3 3 0
goldbox-rpg/pkg/server/websocket.go:299.2,299.65 1 0
goldbox-rpg/pkg/server/websocket.go:299.65,301.3 1 0
goldbox-rpg/pkg/server/websocket.go:303.2,307.50 4 0
goldbox-rpg/pkg/server/websocket.go:311.104,313.16 2 1
goldbox-rpg/pkg/server/websocket.go:313.16,316.3 2 1
goldbox-rpg/pkg/server/websocket.go:317.2,317.18 1 0
goldbox-rpg/pkg/server/websocket.go:321.97,330.56 2 0
goldbox-rpg/pkg/server/websocket.go:330.56,333.3 2 0
goldbox-rpg/pkg/server/websocket.go:334.2,334.12 1 0
goldbox-rpg/pkg/server/websocket.go:338.113,339.6 1 0
goldbox-rpg/pkg/server/websocket.go:339.6,341.45 2 0
goldbox-rpg/pkg/server/websocket.go:341.45,342.9 1 0
goldbox-rpg/pkg/server/websocket.go:345.3,345.79 1 0
goldbox-rpg/pkg/server/websocket.go:345.79,346.9 1 0
goldbox-rpg/pkg/server/websocket.go:352.135,356.16 3 0
goldbox-rpg/pkg/server/websocket.go:356.16,360.3 3 0
goldbox-rpg/pkg/server/websocket.go:362.2,363.16 2 0
goldbox-rpg/pkg/server/websocket.go:363.16,367.3 3 0
goldbox-rpg/pkg/server/websocket.go:369.2,369.68 1 0
goldbox-rpg/pkg/server/websocket.go:369.68,372.3 2 0
goldbox-rpg/pkg/server/websocket.go:373.2,373.12 1 0
goldbox-rpg/pkg/server/websocket.go:377.113,378.19 1 0
goldbox-rpg/pkg/server/websocket.go:378.19,380.3 1 0
goldbox-rpg/pkg/server/websocket.go:381.2,382.15 2 0
goldbox-rpg/pkg/server/websocket.go:396.92,398.9 2 0
goldbox-rpg/pkg/server/websocket.go:398.9,400.3 1 0
goldbox-rpg/pkg/server/websocket.go:402.2,402.38 1 0
goldbox-rpg/pkg/server/websocket.go:420.82,440.56 6 0
goldbox-rpg/pkg/server/websocket.go:440.56,442.3 1 0
goldbox-rpg/pkg/server/websocket.go:442.8,444.3 1 0
goldbox-rpg/pkg/server/websocket.go:464.103,497.56 6 0
goldbox-rpg/pkg/server/websocket.go:497.56,499.3 1 0
goldbox-rpg/pkg/server/websocket.go:499.8,501.3 1 0
goldbox-rpg/pkg/server/websocket.go:522.80,523.21 1 1
goldbox-rpg/pkg/server/websocket.go:523.21,525.3 1 1
goldbox-rpg/pkg/server/websocket.go:527.2,529.13 3 1
goldbox-rpg/pkg/server/websocket.go:529.13,532.3 2 1
goldbox-rpg/pkg/server/websocket.go:535.2,539.21 4 1
goldbox-rpg/pkg/server/websocket.go:591.71,597.2 1 1
goldbox-rpg/pkg/server/websocket.go:608.41,612.15 3 1
goldbox-rpg/pkg/server/websocket.go:612.15,614.3 1 0
goldbox-rpg/pkg/server/websocket.go:617.2,628.39 10 1
goldbox-rpg/pkg/server/websocket.go:628.39,630.3 1 1
goldbox-rpg/pkg/server/websocket.go:632.2,633.76 2 1
goldbox-rpg/pkg/server/websocket.go:637.40,644.2 5 1
goldbox-rpg/pkg/server/websocket.go:650.67,656.33 5 1
goldbox-rpg/pkg/server/websocket.go:656.33,658.3 1 0
goldbox-rpg/pkg/server/websocket.go:661.2,662.9 2 1
goldbox-rpg/pkg/server/websocket.go:662.9,664.3 1 0
goldbox-rpg/pkg/server/websocket.go:667.2,677.28 2 1
goldbox-rpg/pkg/server/websocket.go:684.69,687.45 3 1
goldbox-rpg/pkg/server/websocket.go:687.45,688.67 1 1
goldbox-rpg/pkg/server/websocket.go:688.67,690.4 1 1
goldbox-rpg/pkg/server/websocket.go:692.2,694.24 2 1
goldbox-rpg/pkg/server/websocket.go:694.24,696.3 1 0
goldbox-rpg/pkg/server/websocket.go:698.2,699.35 2 1
goldbox-rpg/pkg/server/websocket.go:699.35,701.28 1 1
goldbox-rpg/pkg/server/websocket.go:701.28,703.11 1 1
goldbox-rpg/pkg/server/websocket.go:703.11,704.18 1 1
goldbox-rpg/pkg/server/websocket.go:704.18,705.34 1 1
goldbox-rpg/pkg/server/websocket.go:705.34,710.7 1 1
goldbox-rpg/pkg/server/websocket.go:714.5,717.61 3 1
goldbox-rpg/pkg/server/websocket.go:717.61,722.6 1 0
goldbox-rpg/pkg/server/websocket.go:722.11,724.6 1 0
goldbox-rpg/pkg/server/websocket.go:729.2,733.43 1 1
goldbox-rpg/test/e2e/client.go:61.40,81.2 4 1
goldbox-rpg/test/e2e/client.go:84.90,98.16 7 1
goldbox-rpg/test/e2e/client.go:98.16,100.3 1 0
goldbox-rpg/test/e2e/client.go:102.2,109.16 3 1
goldbox-rpg/test/e2e/client.go:109.16,111.3 1 0
goldbox-rpg/test/e2e/client.go:112.2,115.16 3 1
goldbox-rpg/test/e2e/client.go:115.16,117.3 1 0
goldbox-rpg/test/e2e/client.go:119.2,120.56 2 1
goldbox-rpg/test/e2e/client.go:120.56,122.3 1 0
goldbox-rpg/test/e2e/client.go:124.2,124.27 1 1
goldbox-rpg/test/e2e/client.go:124.27,125.33 1 1
goldbox-rpg/test/e2e/client.go:125.33,127.4 1 1
goldbox-rpg/test/e2e/client.go:128.3,128.90 1 1
goldbox-rpg/test/e2e/client.go:131.2,131.29 1 1
goldbox-rpg/test/e2e/client.go:135.43,139.21 3 1
goldbox-rpg/test/e2e/client.go:139.21,141.3 1 0
goldbox-rpg/test/e2e/client.go:143.2,144.16 2 1
goldbox-rpg/test/e2e/client.go:144.16,146.3 1 0
goldbox-rpg/test/e2e/client.go:149.2,150.25 2 1
goldbox-rpg/test/e2e/client.go:150.25,152.3 1 0
goldbox-rpg/test/e2e/client.go:153.2,159.24 4 1
goldbox-rpg/test/e2e/client.go:159.24,161.23 2 1
goldbox-rpg/test/e2e/client.go:161.23,163.35 2 1
goldbox-rpg/test/e2e/client.go:163.35,165.5 1 1
goldbox-rpg/test/e2e/client.go:166.4,166.50 1 1
goldbox-rpg/test/e2e/client.go:170.2,174.16 3 1
goldbox-rpg/test/e2e/client.go:174.16,176.3 1 0
goldbox-rpg/test/e2e/client.go:178.2,183.12 3 1
goldbox-rpg/test/e2e/client.go:187.43,188.23 1 1
goldbox-rpg/test/e2e/client.go:188.23,190.3 1 0
goldbox-rpg/test/e2e/client.go:191.2,192.36 2 1
goldbox-rpg/test/e2e/client.go:192.36,194.3 1 0
goldbox-rpg/test/e2e/client.go:195.2,195.15 1 1
goldbox-rpg/test/e2e/client.go:199.42,200.15 1 1
goldbox-rpg/test/e2e/client.go:200.15,202.30 1 1
goldbox-rpg/test/e2e/client.go:202.30,204.4 1 1
goldbox-rpg/test/e2e/client.go:205.3,205.30 1 1
goldbox-rpg/test/e2e/client.go:205.30,207.4 1 1
goldbox-rpg/test/e2e/client.go:210.2,210.6 1 1
goldbox-rpg/test/e2e/client.go:210.6,211.10 1 1
goldbox-rpg/test/e2e/client.go:212.22,213.10 1 1
goldbox-rpg/test/e2e/client.go:214.11,220.19 4 1
goldbox-rpg/test/e2e/client.go:220.19,222.5 1 0
goldbox-rpg/test/e2e/client.go:224.4,225.46 2 1
goldbox-rpg/test/e2e/client.go:225.46,226.102 1 1
goldbox-rpg/test/e2e/client.go:226.102,228.6 1 0
goldbox-rpg/test/e2e/client.go:229.5,229.11 1 1
goldbox-rpg/test/e2e/client.go:231.4,231.23 1 1
goldbox-rpg/test/e2e/client.go:238.104,242.6 3 1
goldbox-rpg/test/e2e/client.go:242.6,243.10 1 1
goldbox-rpg/test/e2e/client.go:244.34,245.11 1 1
goldbox-rpg/test/e2e/client.go:245.11,248.5 1 0
goldbox-rpg/test/e2e/client.go:249.4,249.32 1 1
goldbox-rpg/test/e2e/client.go:249.32,251.5 1 1
goldbox-rpg/test/e2e/client.go:254.32,255.11 1 0
goldbox-rpg/test/e2e/client.go:255.11,257.5 1 0
goldbox-rpg/test/e2e/client.go:258.4,258.19 1 0
goldbox-rpg/test/e2e/client.go:259.18,260.69 1 1
goldbox-rpg/test/e2e/client.go:266.86,270.9 3 0
goldbox-rpg/test/e2e/client.go:271.29,272.18 1 0
goldbox-rpg/test/e2e/client.go:273.27,274.18 1 0
goldbox-rpg/test/e2e/client.go:275.17,276.54 1 0
goldbox-rpg/test/e2e/client.go:281.41,285.21 3 1
goldbox-rpg/test/e2e/client.go:285.21,287.3 1 0
goldbox-rpg/test/e2e/client.go:290.2,290.26 1 1
goldbox-rpg/test/e2e/client.go:290.26,292.3 1 1
goldbox-rpg/test/e2e/client.go:294.2,298.16 2 1
goldbox-rpg/test/e2e/client.go:298.16,300.3 1 0
goldbox-rpg/test/e2e/client.go:302.2,302.41 1 1
goldbox-rpg/test/e2e/client.go:302.41,304.3 1 0
goldbox-rpg/test/e2e/client.go:306.2,307.12 2 1
goldbox-rpg/test/e2e/client.go:311.32,312.21 1 1
goldbox-rpg/test/e2e/client.go:312.21,314.3 1 0
goldbox-rpg/test/e2e/client.go:315.2,315.12 1 1
goldbox-rpg/test/e2e/client.go:319.61,322.34 2 1
goldbox-rpg/test/e2e/client.go:322.34,324.53 2 1
goldbox-rpg/test/e2e/client.go:324.53,327.4 2 1
goldbox-rpg/test/e2e/client.go:328.3,328.18 1 1
goldbox-rpg/test/e2e/client.go:328.18,330.4 1 0
goldbox-rpg/test/e2e/client.go:332.3,332.37 1 1
goldbox-rpg/test/e2e/client.go:335.2,335.71 1 0
goldbox-rpg/test/e2e/client.go:341.62,347.16 3 1
goldbox-rpg/test/e2e/client.go:347.16,349.3 1 1
goldbox-rpg/test/e2e/client.go:351.2,352.9 2 1
goldbox-rpg/test/e2e/client.go:352.9,354.3 1 0
goldbox-rpg/test/e2e/client.go:356.2,356.23 1 1
goldbox-rpg/test/e2e/client.go:362.106,372.16 3 1
goldbox-rpg/test/e2e/client.go:372.16,374.3 1 1
goldbox-rpg/test/e2e/client.go:377.2,377.61 1 1
goldbox-rpg/test/e2e/client.go:377.61,380.3 2 0
goldbox-rpg/test/e2e/client.go:383.2,384.9 2 1
goldbox-rpg/test/e2e/client.go:384.9,386.3 1 0
goldbox-rpg/test/e2e/client.go:389.2,390.9 2 1
goldbox-rpg/test/e2e/client.go:390.9,392.3 1 0
goldbox-rpg/test/e2e/client.go:393.2,394.9 2 1
goldbox-rpg/test/e2e/client.go:394.9,396.3 1 0
goldbox-rpg/test/e2e/client.go:398.2,398.34 1 1
goldbox-rpg/test/e2e/client.go:402.62,410.2 3 1
goldbox-rpg/test/e2e/client.go:413.81,419.2 2 1
goldbox-rpg/test/e2e/fixtures.go:50.35,52.2 1 1
goldbox-rpg/test/e2e/fixtures.go:55.36,57.2 1 1
goldbox-rpg/test/e2e/fixtures.go:60.54,63.2 2 1
goldbox-rpg/test/e2e/fixtures.go:66.53,69.2 2 1
goldbox-rpg/test/e2e/fixtures.go:72.66,79.2 4 1
goldbox-rpg/test/e2e/fixtures.go:82.106,93.24 7 0
goldbox-rpg/test/e2e/fixtures.go:93.24,95.3 1 0
goldbox-rpg/test/e2e/fixtures.go:98.2,100.25 3 0
goldbox-rpg/test/e2e/fixtures.go:100.25,102.3 1 0
goldbox-rpg/test/e2e/fixtures.go:105.2,128.75 18 0
goldbox-rpg/test/e2e/fixtures.go:132.89,141.20 6 0
goldbox-rpg/test/e2e/fixtures.go:141.20,143.3 1 0
goldbox-rpg/test/e2e/fixtures.go:145.2,145.20 1 0
goldbox-rpg/test/e2e/fixtures.go:145.20,147.3 1 0
goldbox-rpg/test/e2e/fixtures.go:151.92,157.24 4 0
goldbox-rpg/test/e2e/fixtures.go:157.24,159.3 1 0
goldbox-rpg/test/e2e/fixtures.go:161.2,162.71 2 0
goldbox-rpg/test/e2e/fixtures.go:166.81,179.2 8 1
goldbox-rpg/test/e2e/fixtures.go:182.67,187.2 4 0
goldbox-rpg/test/e2e/fixtures.go:197.46,213.2 6 1
goldbox-rpg/test/e2e/fixtures.go:216.33,217.22 1 1
goldbox-rpg/test/e2e/fixtures.go:217.22,219.3 1 1
goldbox-rpg/test/e2e/fixtures.go:220.2,220.22 1 1
goldbox-rpg/test/e2e/fixtures.go:220.22,222.3 1 1
goldbox-rpg/test/e2e/fixtures.go:226.44,228.2 1 1
goldbox-rpg/test/e2e/fixtures.go:231.40,233.2 1 1
goldbox-rpg/test/e2e/fixtures.go:236.66,238.2 1 1
goldbox-rpg/test/e2e/fixtures.go:241.62,244.2 2 1
goldbox-rpg/test/e2e/server.go:30.43,36.16 4 1
goldbox-rpg/test/e2e/server.go:36.16,38.3 1 0
goldbox-rpg/test/e2e/server.go:41.2,45.52 4 1
goldbox-rpg/test/e2e/server.go:45.52,47.3 1 0
goldbox-rpg/test/e2e/server.go:48.2,48.51 1 1
goldbox-rpg/test/e2e/server.go:48.51,50.3 1 0
goldbox-rpg/test/e2e/server.go:53.2,54.54 2 1
goldbox-rpg/test/e2e/server.go:54.54,56.3 1 0
goldbox-rpg/test/e2e/server.go:59.2,64.103 2 1
goldbox-rpg/test/e2e/server.go:64.103,66.3 1 0
goldbox-rpg/test/e2e/server.go:69.2,70.16 2 1
goldbox-rpg/test/e2e/server.go:70.16,72.3 1 0
goldbox-rpg/test/e2e/server.go:74.2,81.8 1 1
goldbox-rpg/test/e2e/server.go:85.37,88.16 2 1
goldbox-rpg/test/e2e/server.go:88.16,90.3 1 0
goldbox-rpg/test/e2e/server.go:93.2,94.33 2 1
goldbox-rpg/test/e2e/server.go:94.33,96.3 1 1
goldbox-rpg/test/e2e/server.go:98.2,101.54 2 1
goldbox-rpg/test/e2e/server.go:101.54,107.40 6 0
goldbox-rpg/test/e2e/server.go:107.40,113.4 4 0
goldbox-rpg/test/e2e/server.go:114.3,114.50 1 0
goldbox-rpg/test/e2e/server.go:115.8,117.3 1 1
goldbox-rpg/test/e2e/server.go:120.2,148.39 12 1
goldbox-rpg/test/e2e/server.go:148.39,150.3 1 0
goldbox-rpg/test/e2e/server.go:153.2,154.63 2 1
goldbox-rpg/test/e2e/server.go:154.63,157.3 2 0
goldbox-rpg/test/e2e/server.go:159.2,160.12 2 1
goldbox-rpg/test/e2e/server.go:164.36,167.26 2 1
goldbox-rpg/test/e2e/server.go:167.26,169.3 1 1
goldbox-rpg/test/e2e/server.go:171.2,171.44 1 1
goldbox-rpg/test/e2e/server.go:171.44,174.17 2 1
goldbox-rpg/test/e2e/server.go:174.17,176.4 1 1
goldbox-rpg/test/e2e/server.go:179.3,180.13 2 1
goldbox-rpg/test/e2e/server.go:180.13,182.4 1 1
goldbox-rpg/test/e2e/server.go:184.3,184.10 1 1
goldbox-rpg/test/e2e/server.go:185.15,186.44 1 1
goldbox-rpg/test/e2e/server.go:187.38,189.68 2 0
goldbox-rpg/test/e2e/server.go:189.68,191.5 1 0
goldbox-rpg/test/e2e/server.go:192.4,192.25 1 0
goldbox-rpg/test/e2e/server.go:196.2,196.23 1 1
goldbox-rpg/test/e2e/server.go:196.23,198.3 1 1
goldbox-rpg/test/e2e/server.go:201.2,201.22 1 1
goldbox-rpg/test/e2e/server.go:201.22,204.3 2 1
goldbox-rpg/test/e2e/server.go:206.2,206.12 1 1
goldbox-rpg/test/e2e/server.go:210.40,212.2 1 1
goldbox-rpg/test/e2e/server.go:215.40,217.2 1 1
goldbox-rpg/test/e2e/server.go:220.56,221.23 1 1
goldbox-rpg/test/e2e/server.go:221.23,223.3 1 0
goldbox-rpg/test/e2e/server.go:226.2,230.16 4 1
goldbox-rpg/test/e2e/server.go:230.16,232.3 1 0
goldbox-rpg/test/e2e/server.go:234.2,234.29 1 1
goldbox-rpg/test/e2e/server.go:238.39,242.34 2 0
goldbox-rpg/test/e2e/server.go:242.34,244.3 1 0
goldbox-rpg/test/e2e/server.go:247.2,250.35 2 0
goldbox-rpg/test/e2e/server.go:250.35,252.3 1 0
goldbox-rpg/test/e2e/server.go:254.2,254.12 1 0
goldbox-rpg/test/e2e/server.go:258.39,260.16 2 1
goldbox-rpg/test/e2e/server.go:260.16,262.3 1 0
goldbox-rpg/test/e2e/server.go:263.2,266.23 3 1
