mode: set
goldbox-rpg/cmd/dungeon-demo/main.go:16.13,77.16 16 0
goldbox-rpg/cmd/dungeon-demo/main.go:77.16,79.3 1 0
goldbox-rpg/cmd/dungeon-demo/main.go:81.2,82.9 2 0
goldbox-rpg/cmd/dungeon-demo/main.go:82.9,84.3 1 0
goldbox-rpg/cmd/dungeon-demo/main.go:87.2,96.44 8 0
goldbox-rpg/cmd/dungeon-demo/main.go:96.44,103.36 4 0
goldbox-rpg/cmd/dungeon-demo/main.go:103.36,105.4 1 0
goldbox-rpg/cmd/dungeon-demo/main.go:107.3,108.42 2 0
goldbox-rpg/cmd/dungeon-demo/main.go:108.42,110.4 1 0
goldbox-rpg/cmd/dungeon-demo/main.go:111.3,114.33 2 0
goldbox-rpg/cmd/dungeon-demo/main.go:114.33,116.4 1 0
goldbox-rpg/cmd/dungeon-demo/main.go:119.2,122.34 2 0
goldbox-rpg/cmd/dungeon-demo/main.go:122.34,124.44 2 0
goldbox-rpg/cmd/dungeon-demo/main.go:124.44,129.4 1 0
goldbox-rpg/cmd/dungeon-demo/main.go:132.2,134.91 3 0
goldbox-rpg/cmd/metrics-demo/main.go:14.13,38.25 11 0
goldbox-rpg/cmd/metrics-demo/main.go:38.25,46.3 4 0
goldbox-rpg/cmd/metrics-demo/main.go:49.2,49.25 1 0
goldbox-rpg/cmd/metrics-demo/main.go:49.25,54.23 4 0
goldbox-rpg/cmd/metrics-demo/main.go:54.23,56.4 1 0
goldbox-rpg/cmd/metrics-demo/main.go:58.3,60.17 2 0
goldbox-rpg/cmd/metrics-demo/main.go:60.17,62.4 1 0
goldbox-rpg/cmd/metrics-demo/main.go:62.9,64.4 1 0
goldbox-rpg/cmd/metrics-demo/main.go:68.2,68.25 1 0
goldbox-rpg/cmd/metrics-demo/main.go:68.25,73.3 4 0
goldbox-rpg/cmd/metrics-demo/main.go:76.2,121.37 3 0
goldbox-rpg/cmd/metrics-demo/main.go:121.37,125.3 2 0
goldbox-rpg/cmd/metrics-demo/main.go:128.2,142.41 3 0
goldbox-rpg/cmd/metrics-demo/main.go:142.41,144.27 2 0
goldbox-rpg/cmd/metrics-demo/main.go:144.27,146.4 1 0
goldbox-rpg/cmd/metrics-demo/main.go:146.9,148.4 1 0
goldbox-rpg/cmd/metrics-demo/main.go:152.2,162.55 8 0
goldbox-rpg/cmd/metrics-demo/main.go:162.55,164.3 1 0
goldbox-rpg/cmd/metrics-demo/main.go:166.2,167.56 2 0
goldbox-rpg/cmd/metrics-demo/main.go:167.56,169.14 2 0
goldbox-rpg/cmd/metrics-demo/main.go:169.14,171.4 1 0
goldbox-rpg/cmd/metrics-demo/main.go:172.3,172.46 1 0
goldbox-rpg/cmd/metrics-demo/main.go:175.2,175.37 1 0
goldbox-rpg/cmd/metrics-demo/main.go:175.37,177.46 2 0
goldbox-rpg/cmd/metrics-demo/main.go:177.46,179.4 1 0
goldbox-rpg/cmd/metrics-demo/main.go:182.2,182.36 1 0
goldbox-rpg/cmd/metrics-demo/main.go:182.36,184.47 2 0
goldbox-rpg/cmd/metrics-demo/main.go:184.47,186.4 1 0
goldbox-rpg/cmd/metrics-demo/main.go:190.2,191.47 2 0
goldbox-rpg/cmd/metrics-demo/main.go:191.47,193.3 1 0
goldbox-rpg/cmd/metrics-demo/main.go:196.2,219.25 15 0
goldbox-rpg/cmd/metrics-demo/main.go:219.25,221.3 1 0
goldbox-rpg/cmd/metrics-demo/main.go:221.8,221.32 1 0
goldbox-rpg/cmd/metrics-demo/main.go:221.32,223.3 1 0
goldbox-rpg/cmd/metrics-demo/main.go:223.8,223.32 1 0
goldbox-rpg/cmd/metrics-demo/main.go:223.32,225.3 1 0
goldbox-rpg/cmd/metrics-demo/main.go:225.8,225.32 1 0
goldbox-rpg/cmd/metrics-demo/main.go:225.32,227.3 1 0
goldbox-rpg/cmd/metrics-demo/main.go:227.8,229.3 1 0
goldbox-rpg/cmd/metrics-demo/main.go:231.2,237.76 7 0
goldbox-rpg/cmd/events-demo/main.go:15.13,65.16 23 0
goldbox-rpg/cmd/events-demo/main.go:65.16,74.3 2 0
goldbox-rpg/cmd/events-demo/main.go:77.2,82.16 4 0
goldbox-rpg/cmd/events-demo/main.go:82.16,84.3 1 0
goldbox-rpg/cmd/events-demo/main.go:84.8,85.30 1 0
goldbox-rpg/cmd/events-demo/main.go:85.30,88.4 2 0
goldbox-rpg/cmd/events-demo/main.go:92.2,94.26 3 0
goldbox-rpg/cmd/events-demo/main.go:94.26,98.63 3 0
goldbox-rpg/cmd/events-demo/main.go:98.63,100.4 1 0
goldbox-rpg/cmd/events-demo/main.go:104.2,169.45 6 0
goldbox-rpg/cmd/events-demo/main.go:169.45,175.3 4 0
goldbox-rpg/cmd/events-demo/main.go:178.2,207.43 3 0
goldbox-rpg/cmd/events-demo/main.go:207.43,222.3 4 0
goldbox-rpg/cmd/events-demo/main.go:225.2,233.22 6 0
goldbox-rpg/cmd/events-demo/main.go:233.22,235.34 2 0
goldbox-rpg/cmd/events-demo/main.go:235.34,238.32 2 0
goldbox-rpg/cmd/events-demo/main.go:238.32,240.5 1 0
goldbox-rpg/cmd/events-demo/main.go:242.8,244.3 1 0
goldbox-rpg/cmd/events-demo/main.go:247.2,249.24 3 0
goldbox-rpg/cmd/events-demo/main.go:249.24,253.61 3 0
goldbox-rpg/cmd/events-demo/main.go:253.61,255.4 1 0
goldbox-rpg/cmd/events-demo/main.go:257.3,257.43 1 0
goldbox-rpg/cmd/events-demo/main.go:257.43,259.52 2 0
goldbox-rpg/cmd/events-demo/main.go:259.52,261.5 1 0
goldbox-rpg/cmd/events-demo/main.go:264.3,264.42 1 0
goldbox-rpg/cmd/events-demo/main.go:264.42,266.53 2 0
goldbox-rpg/cmd/events-demo/main.go:266.53,268.5 1 0
goldbox-rpg/cmd/events-demo/main.go:273.2,281.56 7 0
goldbox-rpg/cmd/events-demo/main.go:281.56,282.60 1 0
goldbox-rpg/cmd/events-demo/main.go:282.60,284.4 1 0
goldbox-rpg/cmd/events-demo/main.go:285.3,285.27 1 0
goldbox-rpg/cmd/events-demo/main.go:288.2,294.62 7 0
goldbox-rpg/cmd/bootstrap-demo/main.go:62.13,67.26 3 0
goldbox-rpg/cmd/bootstrap-demo/main.go:67.26,68.50 1 0
goldbox-rpg/cmd/bootstrap-demo/main.go:68.50,70.4 1 0
goldbox-rpg/cmd/bootstrap-demo/main.go:71.3,71.9 1 0
goldbox-rpg/cmd/bootstrap-demo/main.go:74.2,86.49 2 0
goldbox-rpg/cmd/bootstrap-demo/main.go:86.49,88.3 1 0
goldbox-rpg/cmd/bootstrap-demo/main.go:90.2,90.55 1 0
goldbox-rpg/cmd/bootstrap-demo/main.go:93.31,111.2 14 0
goldbox-rpg/cmd/bootstrap-demo/main.go:113.33,119.13 2 0
goldbox-rpg/cmd/bootstrap-demo/main.go:119.13,121.3 1 0
goldbox-rpg/cmd/bootstrap-demo/main.go:121.8,123.3 1 0
goldbox-rpg/cmd/bootstrap-demo/main.go:126.37,128.16 2 0
goldbox-rpg/cmd/bootstrap-demo/main.go:128.16,130.3 1 0
goldbox-rpg/cmd/bootstrap-demo/main.go:132.2,132.25 1 0
goldbox-rpg/cmd/bootstrap-demo/main.go:132.25,135.3 2 0
goldbox-rpg/cmd/bootstrap-demo/main.go:137.2,138.37 2 0
goldbox-rpg/cmd/bootstrap-demo/main.go:138.37,140.3 1 0
goldbox-rpg/cmd/bootstrap-demo/main.go:142.2,147.12 5 0
goldbox-rpg/cmd/bootstrap-demo/main.go:150.49,152.78 1 0
goldbox-rpg/cmd/bootstrap-demo/main.go:152.78,154.3 1 0
goldbox-rpg/cmd/bootstrap-demo/main.go:157.2,160.31 3 0
goldbox-rpg/cmd/bootstrap-demo/main.go:160.31,164.17 3 0
goldbox-rpg/cmd/bootstrap-demo/main.go:164.17,166.4 1 0
goldbox-rpg/cmd/bootstrap-demo/main.go:168.3,168.51 1 0
goldbox-rpg/cmd/bootstrap-demo/main.go:169.8,172.17 2 0
goldbox-rpg/cmd/bootstrap-demo/main.go:172.17,174.4 1 0
goldbox-rpg/cmd/bootstrap-demo/main.go:178.2,186.15 6 0
goldbox-rpg/cmd/bootstrap-demo/main.go:186.15,189.3 2 0
goldbox-rpg/cmd/bootstrap-demo/main.go:192.2,199.16 6 0
goldbox-rpg/cmd/bootstrap-demo/main.go:199.16,201.3 1 0
goldbox-rpg/cmd/bootstrap-demo/main.go:203.2,209.63 3 0
goldbox-rpg/cmd/bootstrap-demo/main.go:209.63,211.3 1 0
goldbox-rpg/cmd/bootstrap-demo/main.go:213.2,213.12 1 0
goldbox-rpg/cmd/bootstrap-demo/main.go:216.81,226.27 2 0
goldbox-rpg/cmd/bootstrap-demo/main.go:227.15,228.51 1 0
goldbox-rpg/cmd/bootstrap-demo/main.go:229.16,230.52 1 0
goldbox-rpg/cmd/bootstrap-demo/main.go:231.14,232.50 1 0
goldbox-rpg/cmd/bootstrap-demo/main.go:233.10,234.71 1 0
goldbox-rpg/cmd/bootstrap-demo/main.go:237.2,237.32 1 0
goldbox-rpg/cmd/bootstrap-demo/main.go:238.16,239.57 1 0
goldbox-rpg/cmd/bootstrap-demo/main.go:240.18,241.59 1 0
goldbox-rpg/cmd/bootstrap-demo/main.go:242.18,243.59 1 0
goldbox-rpg/cmd/bootstrap-demo/main.go:244.10,245.81 1 0
goldbox-rpg/cmd/bootstrap-demo/main.go:248.2,248.29 1 0
goldbox-rpg/cmd/bootstrap-demo/main.go:249.25,250.57 1 0
goldbox-rpg/cmd/bootstrap-demo/main.go:251.18,252.51 1 0
goldbox-rpg/cmd/bootstrap-demo/main.go:253.20,254.52 1 0
goldbox-rpg/cmd/bootstrap-demo/main.go:255.21,256.53 1 0
goldbox-rpg/cmd/bootstrap-demo/main.go:257.10,258.75 1 0
goldbox-rpg/cmd/bootstrap-demo/main.go:261.2,261.29 1 0
goldbox-rpg/cmd/bootstrap-demo/main.go:264.110,288.29 16 0
goldbox-rpg/cmd/bootstrap-demo/main.go:288.29,290.3 1 0
goldbox-rpg/cmd/bootstrap-demo/main.go:292.2,292.43 1 0
goldbox-rpg/cmd/bootstrap-demo/main.go:292.43,294.3 1 0
goldbox-rpg/cmd/bootstrap-demo/main.go:296.2,299.29 3 0
goldbox-rpg/cmd/bootstrap-demo/main.go:299.29,304.3 3 0
goldbox-rpg/cmd/bootstrap-demo/main.go:306.2,311.24 5 0
goldbox-rpg/cmd/bootstrap-demo/main.go:314.51,321.37 3 0
goldbox-rpg/cmd/bootstrap-demo/main.go:321.37,323.54 2 0
goldbox-rpg/cmd/bootstrap-demo/main.go:323.54,325.4 1 0
goldbox-rpg/cmd/bootstrap-demo/main.go:328.2,329.12 2 0
goldbox-rpg/cmd/validator-demo/main.go:14.13,40.16 10 0
goldbox-rpg/cmd/validator-demo/main.go:40.16,42.3 1 0
goldbox-rpg/cmd/validator-demo/main.go:44.2,45.33 2 0
goldbox-rpg/cmd/validator-demo/main.go:45.33,46.20 1 0
goldbox-rpg/cmd/validator-demo/main.go:46.20,48.4 1 0
goldbox-rpg/cmd/validator-demo/main.go:48.9,50.4 1 0
goldbox-rpg/cmd/validator-demo/main.go:54.2,67.16 4 0
goldbox-rpg/cmd/validator-demo/main.go:67.16,69.3 1 0
goldbox-rpg/cmd/validator-demo/main.go:71.2,87.16 7 0
goldbox-rpg/cmd/validator-demo/main.go:87.16,89.3 1 0
goldbox-rpg/cmd/validator-demo/main.go:91.2,94.41 4 0
goldbox-rpg/cmd/validator-demo/main.go:94.41,96.3 1 0
goldbox-rpg/cmd/validator-demo/main.go:99.2,106.49 7 0
goldbox-rpg/cmd/server/main.go:20.13,25.47 3 0
goldbox-rpg/cmd/server/main.go:25.47,28.58 2 0
goldbox-rpg/cmd/server/main.go:28.58,30.4 1 0
goldbox-rpg/cmd/server/main.go:32.3,32.69 1 0
goldbox-rpg/cmd/server/main.go:35.2,36.39 2 0
goldbox-rpg/cmd/server/main.go:40.52,56.16 8 0
goldbox-rpg/cmd/server/main.go:56.16,58.3 1 0
goldbox-rpg/cmd/server/main.go:60.2,60.12 1 0
goldbox-rpg/cmd/server/main.go:64.46,66.16 2 0
goldbox-rpg/cmd/server/main.go:66.16,68.3 1 0
goldbox-rpg/cmd/server/main.go:70.2,72.12 3 0
goldbox-rpg/cmd/server/main.go:76.40,78.16 2 0
goldbox-rpg/cmd/server/main.go:78.16,81.3 2 0
goldbox-rpg/cmd/server/main.go:82.2,82.24 1 0
goldbox-rpg/cmd/server/main.go:86.41,94.2 1 0
goldbox-rpg/cmd/server/main.go:97.77,99.16 2 0
goldbox-rpg/cmd/server/main.go:99.16,101.3 1 0
goldbox-rpg/cmd/server/main.go:103.2,104.16 2 0
goldbox-rpg/cmd/server/main.go:104.16,106.3 1 0
goldbox-rpg/cmd/server/main.go:108.2,108.22 1 0
goldbox-rpg/cmd/server/main.go:112.75,117.2 4 0
goldbox-rpg/cmd/server/main.go:120.59,125.2 4 0
goldbox-rpg/cmd/server/main.go:128.89,129.12 1 0
goldbox-rpg/cmd/server/main.go:129.12,131.45 2 0
goldbox-rpg/cmd/server/main.go:131.45,133.4 1 0
goldbox-rpg/cmd/server/main.go:138.72,139.9 1 0
goldbox-rpg/cmd/server/main.go:140.24,141.67 1 0
goldbox-rpg/cmd/server/main.go:142.24,143.46 1 0
goldbox-rpg/cmd/server/main.go:148.76,156.41 5 0
goldbox-rpg/cmd/server/main.go:156.41,160.41 2 0
goldbox-rpg/cmd/server/main.go:160.41,162.4 1 0
goldbox-rpg/cmd/server/main.go:162.9,164.4 1 0
goldbox-rpg/cmd/server/main.go:167.2,167.41 1 0
goldbox-rpg/cmd/server/main.go:167.41,169.3 1 0
goldbox-rpg/cmd/server/main.go:171.2,171.9 1 0
goldbox-rpg/cmd/server/main.go:172.28,173.57 1 0
goldbox-rpg/cmd/server/main.go:174.37,175.43 1 0
goldbox-rpg/pkg/integration/resilient.go:22.119,28.2 1 1
goldbox-rpg/pkg/integration/resilient.go:31.104,33.54 1 1
goldbox-rpg/pkg/integration/resilient.go:33.54,35.3 1 1
goldbox-rpg/pkg/integration/resilient.go:38.2,38.50 1 1
goldbox-rpg/pkg/integration/resilient.go:42.64,47.34 3 1
goldbox-rpg/pkg/integration/resilient.go:47.34,49.3 1 1
goldbox-rpg/pkg/integration/resilient.go:51.2,51.14 1 1
goldbox-rpg/pkg/integration/resilient.go:78.99,80.2 1 1
goldbox-rpg/pkg/integration/resilient.go:83.96,85.2 1 1
goldbox-rpg/pkg/integration/resilient.go:88.95,90.2 1 1
goldbox-rpg/pkg/integration/resilient.go:93.134,97.2 2 1
goldbox-rpg/pkg/integration/resilient.go:100.85,110.2 2 1
goldbox-rpg/pkg/integration/resilient.go:113.83,122.2 2 1
goldbox-rpg/pkg/integration/resilient.go:125.126,133.33 2 1
goldbox-rpg/pkg/integration/resilient.go:133.33,135.3 1 1
goldbox-rpg/pkg/integration/resilient.go:137.2,137.41 1 1
goldbox-rpg/pkg/integration/resilient.go:141.72,142.37 1 1
goldbox-rpg/pkg/integration/resilient.go:142.37,144.3 1 1
goldbox-rpg/pkg/integration/resilient.go:148.95,149.37 1 1
goldbox-rpg/pkg/integration/resilient.go:149.37,151.3 1 1
goldbox-rpg/pkg/integration/resilient.go:156.33,172.2 3 0
goldbox-rpg/pkg/game/character.go:12.13,15.2 1 1
goldbox-rpg/pkg/game/character.go:94.40,132.38 5 1
goldbox-rpg/pkg/game/character.go:132.38,134.3 1 1
goldbox-rpg/pkg/game/character.go:137.2,152.14 5 1
goldbox-rpg/pkg/game/character.go:163.37,183.2 6 1
goldbox-rpg/pkg/game/character.go:193.39,211.2 4 1
goldbox-rpg/pkg/game/character.go:226.43,241.14 6 1
goldbox-rpg/pkg/game/character.go:241.14,243.3 1 1
goldbox-rpg/pkg/game/character.go:245.2,245.20 1 1
goldbox-rpg/pkg/game/character.go:245.20,247.3 1 1
goldbox-rpg/pkg/game/character.go:249.2,256.31 1 1
goldbox-rpg/pkg/game/character.go:264.43,284.2 6 1
goldbox-rpg/pkg/game/character.go:291.55,305.24 6 1
goldbox-rpg/pkg/game/character.go:305.24,314.3 2 0
goldbox-rpg/pkg/game/character.go:316.2,316.40 1 1
goldbox-rpg/pkg/game/character.go:316.40,326.3 2 0
goldbox-rpg/pkg/game/character.go:328.2,335.37 1 1
goldbox-rpg/pkg/game/character.go:343.46,363.2 6 0
goldbox-rpg/pkg/game/character.go:373.56,385.27 5 0
goldbox-rpg/pkg/game/character.go:385.27,394.3 2 0
goldbox-rpg/pkg/game/character.go:396.2,407.13 3 0
goldbox-rpg/pkg/game/character.go:413.43,433.2 6 0
goldbox-rpg/pkg/game/character.go:441.36,460.2 6 1
goldbox-rpg/pkg/game/character.go:471.38,491.2 6 1
goldbox-rpg/pkg/game/character.go:501.45,521.2 6 1
goldbox-rpg/pkg/game/character.go:528.44,548.2 6 1
goldbox-rpg/pkg/game/character.go:557.53,571.41 5 1
goldbox-rpg/pkg/game/character.go:571.41,580.3 2 1
goldbox-rpg/pkg/game/character.go:582.2,592.12 3 1
goldbox-rpg/pkg/game/character.go:603.92,619.52 5 1
goldbox-rpg/pkg/game/character.go:619.52,631.3 2 0
goldbox-rpg/pkg/game/character.go:633.2,643.12 3 1
goldbox-rpg/pkg/game/character.go:653.37,673.2 6 1
goldbox-rpg/pkg/game/character.go:687.44,708.2 6 1
goldbox-rpg/pkg/game/character.go:724.40,728.2 3 1
goldbox-rpg/pkg/game/character.go:742.46,746.2 3 1
goldbox-rpg/pkg/game/character.go:760.49,764.2 3 1
goldbox-rpg/pkg/game/character.go:785.72,790.16 4 1
goldbox-rpg/pkg/game/character.go:790.16,792.3 1 1
goldbox-rpg/pkg/game/character.go:794.2,794.71 1 1
goldbox-rpg/pkg/game/character.go:794.71,796.3 1 1
goldbox-rpg/pkg/game/character.go:798.2,798.51 1 1
goldbox-rpg/pkg/game/character.go:798.51,800.3 1 0
goldbox-rpg/pkg/game/character.go:802.2,805.12 3 1
goldbox-rpg/pkg/game/character.go:810.75,811.35 1 1
goldbox-rpg/pkg/game/character.go:811.35,812.24 1 1
goldbox-rpg/pkg/game/character.go:812.24,814.4 1 1
goldbox-rpg/pkg/game/character.go:816.2,816.74 1 1
goldbox-rpg/pkg/game/character.go:821.84,822.39 1 1
goldbox-rpg/pkg/game/character.go:822.39,824.3 1 1
goldbox-rpg/pkg/game/character.go:825.2,825.12 1 1
goldbox-rpg/pkg/game/character.go:830.66,831.55 1 1
goldbox-rpg/pkg/game/character.go:831.55,832.56 1 0
goldbox-rpg/pkg/game/character.go:832.56,834.4 1 0
goldbox-rpg/pkg/game/character.go:836.2,836.12 1 1
goldbox-rpg/pkg/game/character.go:840.68,842.2 1 1
goldbox-rpg/pkg/game/character.go:845.63,847.2 1 1
goldbox-rpg/pkg/game/character.go:859.68,864.2 3 1
goldbox-rpg/pkg/game/character.go:867.76,870.13 2 1
goldbox-rpg/pkg/game/character.go:870.13,872.3 1 1
goldbox-rpg/pkg/game/character.go:875.2,880.27 3 1
goldbox-rpg/pkg/game/character.go:895.83,902.35 5 1
goldbox-rpg/pkg/game/character.go:902.35,903.24 1 1
goldbox-rpg/pkg/game/character.go:903.24,906.9 3 1
goldbox-rpg/pkg/game/character.go:910.2,910.12 1 1
goldbox-rpg/pkg/game/character.go:910.12,912.3 1 1
goldbox-rpg/pkg/game/character.go:914.2,914.53 1 1
goldbox-rpg/pkg/game/character.go:918.76,919.43 1 1
goldbox-rpg/pkg/game/character.go:919.43,921.3 1 1
goldbox-rpg/pkg/game/character.go:923.2,925.26 2 1
goldbox-rpg/pkg/game/character.go:925.26,927.3 1 1
goldbox-rpg/pkg/game/character.go:929.2,929.25 1 1
goldbox-rpg/pkg/game/character.go:929.25,931.3 1 1
goldbox-rpg/pkg/game/character.go:933.2,933.13 1 0
goldbox-rpg/pkg/game/character.go:938.80,942.13 3 1
goldbox-rpg/pkg/game/character.go:942.13,944.3 1 0
goldbox-rpg/pkg/game/character.go:946.2,946.39 1 1
goldbox-rpg/pkg/game/character.go:946.39,947.29 1 1
goldbox-rpg/pkg/game/character.go:947.29,949.4 1 1
goldbox-rpg/pkg/game/character.go:951.2,951.14 1 1
goldbox-rpg/pkg/game/character.go:956.68,968.2 1 1
goldbox-rpg/pkg/game/character.go:972.59,974.2 1 1
goldbox-rpg/pkg/game/character.go:978.58,980.2 1 1
goldbox-rpg/pkg/game/character.go:984.112,986.52 1 1
goldbox-rpg/pkg/game/character.go:986.52,988.3 1 1
goldbox-rpg/pkg/game/character.go:991.2,991.65 1 1
goldbox-rpg/pkg/game/character.go:991.65,993.3 1 0
goldbox-rpg/pkg/game/character.go:996.2,996.58 1 1
goldbox-rpg/pkg/game/character.go:996.58,997.33 1 1
goldbox-rpg/pkg/game/character.go:997.33,999.4 1 1
goldbox-rpg/pkg/game/character.go:1002.2,1002.14 1 1
goldbox-rpg/pkg/game/character.go:1007.91,1008.26 1 1
goldbox-rpg/pkg/game/character.go:1008.26,1010.3 1 0
goldbox-rpg/pkg/game/character.go:1012.2,1014.56 2 1
goldbox-rpg/pkg/game/character.go:1014.56,1015.32 1 1
goldbox-rpg/pkg/game/character.go:1015.32,1017.4 1 1
goldbox-rpg/pkg/game/character.go:1019.2,1019.14 1 1
goldbox-rpg/pkg/game/character.go:1024.49,1026.2 1 1
goldbox-rpg/pkg/game/character.go:1038.71,1042.47 3 0
goldbox-rpg/pkg/game/character.go:1042.47,1044.3 1 0
goldbox-rpg/pkg/game/character.go:1045.2,1045.19 1 0
goldbox-rpg/pkg/game/character.go:1054.66,1059.38 4 0
goldbox-rpg/pkg/game/character.go:1059.38,1061.3 1 0
goldbox-rpg/pkg/game/character.go:1062.2,1062.22 1 0
goldbox-rpg/pkg/game/character.go:1069.57,1074.2 1 0
goldbox-rpg/pkg/game/character.go:1083.64,1089.35 4 1
goldbox-rpg/pkg/game/character.go:1089.35,1092.3 2 1
goldbox-rpg/pkg/game/character.go:1094.2,1094.16 1 1
goldbox-rpg/pkg/game/character.go:1098.77,1099.43 1 1
goldbox-rpg/pkg/game/character.go:1099.43,1100.24 1 1
goldbox-rpg/pkg/game/character.go:1100.24,1102.24 2 1
goldbox-rpg/pkg/game/character.go:1102.24,1104.5 1 1
goldbox-rpg/pkg/game/character.go:1110.77,1111.41 1 1
goldbox-rpg/pkg/game/character.go:1111.41,1113.3 1 1
goldbox-rpg/pkg/game/character.go:1118.61,1120.42 2 1
goldbox-rpg/pkg/game/character.go:1120.42,1121.47 1 1
goldbox-rpg/pkg/game/character.go:1121.47,1123.9 2 1
goldbox-rpg/pkg/game/character.go:1126.2,1126.46 1 1
goldbox-rpg/pkg/game/character.go:1126.46,1129.31 3 1
goldbox-rpg/pkg/game/character.go:1129.31,1131.4 1 1
goldbox-rpg/pkg/game/character.go:1132.3,1134.17 3 1
goldbox-rpg/pkg/game/character.go:1134.17,1136.4 1 1
goldbox-rpg/pkg/game/character.go:1138.2,1138.21 1 1
goldbox-rpg/pkg/game/character.go:1156.57,1161.19 3 1
goldbox-rpg/pkg/game/character.go:1161.19,1163.3 1 1
goldbox-rpg/pkg/game/character.go:1166.2,1169.43 3 1
goldbox-rpg/pkg/game/character.go:1169.43,1172.3 1 1
goldbox-rpg/pkg/game/character.go:1175.2,1176.12 2 1
goldbox-rpg/pkg/game/character.go:1189.75,1193.35 3 1
goldbox-rpg/pkg/game/character.go:1193.35,1194.24 1 1
goldbox-rpg/pkg/game/character.go:1194.24,1199.4 3 1
goldbox-rpg/pkg/game/character.go:1202.2,1202.67 1 1
goldbox-rpg/pkg/game/character.go:1215.69,1219.35 3 0
goldbox-rpg/pkg/game/character.go:1219.35,1220.24 1 0
goldbox-rpg/pkg/game/character.go:1220.24,1222.4 1 0
goldbox-rpg/pkg/game/character.go:1224.2,1224.16 1 0
goldbox-rpg/pkg/game/character.go:1233.43,1240.2 5 0
goldbox-rpg/pkg/game/character.go:1248.46,1253.2 3 1
goldbox-rpg/pkg/game/character.go:1256.48,1260.35 2 1
goldbox-rpg/pkg/game/character.go:1260.35,1262.3 1 1
goldbox-rpg/pkg/game/character.go:1265.2,1265.35 1 1
goldbox-rpg/pkg/game/character.go:1265.35,1267.3 1 1
goldbox-rpg/pkg/game/character.go:1269.2,1269.20 1 1
goldbox-rpg/pkg/game/character.go:1273.56,1278.2 3 1
goldbox-rpg/pkg/game/character.go:1289.49,1293.35 3 1
goldbox-rpg/pkg/game/character.go:1293.35,1294.24 1 1
goldbox-rpg/pkg/game/character.go:1294.24,1296.4 1 1
goldbox-rpg/pkg/game/character.go:1298.2,1298.14 1 1
goldbox-rpg/pkg/game/character.go:1310.53,1315.35 4 1
goldbox-rpg/pkg/game/character.go:1315.35,1316.28 1 1
goldbox-rpg/pkg/game/character.go:1316.28,1318.4 1 1
goldbox-rpg/pkg/game/character.go:1320.2,1320.14 1 1
goldbox-rpg/pkg/game/character.go:1333.85,1335.31 1 1
goldbox-rpg/pkg/game/character.go:1335.31,1340.3 4 1
goldbox-rpg/pkg/game/character.go:1340.8,1345.3 4 0
goldbox-rpg/pkg/game/character.go:1348.2,1350.35 3 1
goldbox-rpg/pkg/game/character.go:1350.35,1351.24 1 1
goldbox-rpg/pkg/game/character.go:1351.24,1354.9 3 1
goldbox-rpg/pkg/game/character.go:1358.2,1358.21 1 1
goldbox-rpg/pkg/game/character.go:1358.21,1360.3 1 1
goldbox-rpg/pkg/game/character.go:1363.2,1366.63 3 1
goldbox-rpg/pkg/game/character.go:1366.63,1368.3 1 0
goldbox-rpg/pkg/game/character.go:1371.2,1376.12 3 1
goldbox-rpg/pkg/game/character.go:1380.43,1382.43 1 1
goldbox-rpg/pkg/game/character.go:1382.43,1383.19 1 1
goldbox-rpg/pkg/game/character.go:1384.31,1385.18 1 1
goldbox-rpg/pkg/game/character.go:1386.33,1387.19 1 0
goldbox-rpg/pkg/game/character.go:1388.31,1389.18 1 1
goldbox-rpg/pkg/game/character.go:1394.2,1395.9 2 1
goldbox-rpg/pkg/game/character.go:1396.122,1397.17 1 1
goldbox-rpg/pkg/game/character.go:1398.123,1399.18 1 1
goldbox-rpg/pkg/game/character.go:1400.120,1401.17 1 1
goldbox-rpg/pkg/game/character.go:1402.10,1404.17 1 1
goldbox-rpg/pkg/game/character.go:1410.43,1411.28 1 1
goldbox-rpg/pkg/game/character.go:1411.28,1414.3 2 1
goldbox-rpg/pkg/game/character.go:1418.38,1431.2 1 1
goldbox-rpg/pkg/game/character.go:1434.55,1436.28 2 0
goldbox-rpg/pkg/game/character.go:1436.28,1439.3 2 0
goldbox-rpg/pkg/game/character.go:1440.2,1445.24 5 0
goldbox-rpg/pkg/game/character.go:1451.53,1456.2 4 0
goldbox-rpg/pkg/game/character.go:1459.57,1464.2 4 0
goldbox-rpg/pkg/game/character.go:1467.59,1470.28 3 0
goldbox-rpg/pkg/game/character.go:1470.28,1472.3 1 0
goldbox-rpg/pkg/game/character.go:1473.2,1473.46 1 0
goldbox-rpg/pkg/game/character.go:1477.44,1480.28 3 0
goldbox-rpg/pkg/game/character.go:1480.28,1482.3 1 0
goldbox-rpg/pkg/game/character.go:1483.2,1483.37 1 0
goldbox-rpg/pkg/game/character.go:1487.39,1489.28 2 0
goldbox-rpg/pkg/game/character.go:1489.28,1492.3 2 0
goldbox-rpg/pkg/game/character.go:1493.2,1498.35 5 0
goldbox-rpg/pkg/game/character.go:1502.44,1507.2 4 0
goldbox-rpg/pkg/game/character.go:1510.43,1512.28 2 0
goldbox-rpg/pkg/game/character.go:1512.28,1515.3 2 0
goldbox-rpg/pkg/game/character.go:1516.2,1521.39 5 0
goldbox-rpg/pkg/game/character.go:1532.36,1536.2 3 1
goldbox-rpg/pkg/game/character.go:1544.43,1548.2 3 1
goldbox-rpg/pkg/game/character.go:1560.59,1561.12 1 1
goldbox-rpg/pkg/game/character.go:1561.12,1563.3 1 1
goldbox-rpg/pkg/game/character.go:1565.2,1573.25 6 1
goldbox-rpg/pkg/game/character.go:1573.25,1576.32 2 1
goldbox-rpg/pkg/game/character.go:1576.32,1578.4 1 1
goldbox-rpg/pkg/game/character.go:1579.3,1579.19 1 1
goldbox-rpg/pkg/game/character.go:1582.2,1582.19 1 1
goldbox-rpg/pkg/game/character.go:1594.47,1595.15 1 1
goldbox-rpg/pkg/game/character.go:1595.15,1597.3 1 1
goldbox-rpg/pkg/game/character.go:1599.2,1602.12 4 1
goldbox-rpg/pkg/game/character.go:1614.51,1615.12 1 1
goldbox-rpg/pkg/game/character.go:1615.12,1617.3 1 1
goldbox-rpg/pkg/game/character.go:1619.2,1622.12 4 1
goldbox-rpg/pkg/game/character.go:1631.54,1636.23 4 1
goldbox-rpg/pkg/game/character.go:1636.23,1638.3 1 0
goldbox-rpg/pkg/game/character.go:1640.2,1641.19 2 1
goldbox-rpg/pkg/game/character.go:1641.19,1643.3 1 0
goldbox-rpg/pkg/game/character.go:1644.2,1644.18 1 1
goldbox-rpg/pkg/game/character.go:1649.56,1651.6 2 1
goldbox-rpg/pkg/game/character.go:1651.6,1653.52 2 1
goldbox-rpg/pkg/game/character.go:1653.52,1654.9 1 1
goldbox-rpg/pkg/game/character.go:1656.3,1656.10 1 1
goldbox-rpg/pkg/game/character.go:1658.2,1658.14 1 1
goldbox-rpg/pkg/game/character.go:1663.68,1664.16 1 1
goldbox-rpg/pkg/game/character.go:1664.16,1666.3 1 1
goldbox-rpg/pkg/game/character.go:1667.2,1667.16 1 1
goldbox-rpg/pkg/game/character.go:1667.16,1669.3 1 1
goldbox-rpg/pkg/game/character.go:1673.2,1673.15 1 1
goldbox-rpg/pkg/game/character.go:1674.9,1675.14 1 1
goldbox-rpg/pkg/game/character.go:1676.9,1677.14 1 1
goldbox-rpg/pkg/game/character.go:1678.9,1679.14 1 1
goldbox-rpg/pkg/game/character.go:1680.9,1681.14 1 1
goldbox-rpg/pkg/game/character.go:1682.9,1683.15 1 1
goldbox-rpg/pkg/game/character.go:1684.9,1685.15 1 0
goldbox-rpg/pkg/game/character.go:1686.9,1687.15 1 0
goldbox-rpg/pkg/game/character.go:1688.9,1689.16 1 0
goldbox-rpg/pkg/game/character.go:1690.10,1691.16 1 1
goldbox-rpg/pkg/game/character.go:1692.10,1695.31 2 0
goldbox-rpg/pkg/game/character.go:1695.31,1697.4 1 0
goldbox-rpg/pkg/game/character.go:1698.3,1698.16 1 0
goldbox-rpg/pkg/game/character_creation.go:88.46,102.2 4 1
goldbox-rpg/pkg/game/character_creation.go:115.101,118.66 2 1
goldbox-rpg/pkg/game/character_creation.go:118.66,120.3 1 1
goldbox-rpg/pkg/game/character_creation.go:122.2,123.16 2 1
goldbox-rpg/pkg/game/character_creation.go:123.16,125.3 1 1
goldbox-rpg/pkg/game/character_creation.go:127.2,134.15 6 1
goldbox-rpg/pkg/game/character_creation.go:138.80,147.2 1 1
goldbox-rpg/pkg/game/character_creation.go:150.122,151.50 1 1
goldbox-rpg/pkg/game/character_creation.go:151.50,154.3 2 1
goldbox-rpg/pkg/game/character_creation.go:155.2,155.12 1 1
goldbox-rpg/pkg/game/character_creation.go:159.145,161.16 2 1
goldbox-rpg/pkg/game/character_creation.go:161.16,164.3 2 0
goldbox-rpg/pkg/game/character_creation.go:166.2,166.79 1 1
goldbox-rpg/pkg/game/character_creation.go:166.79,169.3 2 1
goldbox-rpg/pkg/game/character_creation.go:171.2,171.24 1 1
goldbox-rpg/pkg/game/character_creation.go:175.118,195.2 1 1
goldbox-rpg/pkg/game/character_creation.go:198.139,199.30 1 1
goldbox-rpg/pkg/game/character_creation.go:199.30,203.3 3 1
goldbox-rpg/pkg/game/character_creation.go:207.76,215.2 1 1
goldbox-rpg/pkg/game/character_creation.go:218.150,223.2 4 1
goldbox-rpg/pkg/game/character_creation.go:240.104,243.32 2 1
goldbox-rpg/pkg/game/character_creation.go:244.14,250.46 6 1
goldbox-rpg/pkg/game/character_creation.go:252.18,253.53 1 1
goldbox-rpg/pkg/game/character_creation.go:255.18,258.39 3 1
goldbox-rpg/pkg/game/character_creation.go:258.39,260.4 1 1
goldbox-rpg/pkg/game/character_creation.go:262.16,263.37 1 1
goldbox-rpg/pkg/game/character_creation.go:263.37,265.4 1 0
goldbox-rpg/pkg/game/character_creation.go:266.3,266.51 1 1
goldbox-rpg/pkg/game/character_creation.go:266.51,267.31 1 1
goldbox-rpg/pkg/game/character_creation.go:267.31,269.5 1 0
goldbox-rpg/pkg/game/character_creation.go:270.4,270.27 1 1
goldbox-rpg/pkg/game/character_creation.go:273.10,274.81 1 0
goldbox-rpg/pkg/game/character_creation.go:277.2,277.24 1 1
goldbox-rpg/pkg/game/character_creation.go:285.49,287.25 2 1
goldbox-rpg/pkg/game/character_creation.go:287.25,289.3 1 1
goldbox-rpg/pkg/game/character_creation.go:292.2,294.25 3 1
goldbox-rpg/pkg/game/character_creation.go:294.25,295.26 1 1
goldbox-rpg/pkg/game/character_creation.go:295.26,298.4 2 1
goldbox-rpg/pkg/game/character_creation.go:301.2,302.25 2 1
goldbox-rpg/pkg/game/character_creation.go:302.25,303.20 1 1
goldbox-rpg/pkg/game/character_creation.go:303.20,305.4 1 1
goldbox-rpg/pkg/game/character_creation.go:308.2,308.14 1 1
goldbox-rpg/pkg/game/character_creation.go:320.102,334.13 4 1
goldbox-rpg/pkg/game/character_creation.go:334.13,336.3 1 0
goldbox-rpg/pkg/game/character_creation.go:339.2,349.47 2 1
goldbox-rpg/pkg/game/character_creation.go:349.47,350.54 1 1
goldbox-rpg/pkg/game/character_creation.go:350.54,351.63 1 1
goldbox-rpg/pkg/game/character_creation.go:351.63,353.35 2 1
goldbox-rpg/pkg/game/character_creation.go:353.35,355.6 1 1
goldbox-rpg/pkg/game/character_creation.go:356.5,356.37 1 1
goldbox-rpg/pkg/game/character_creation.go:356.37,359.6 2 1
goldbox-rpg/pkg/game/character_creation.go:359.11,361.6 1 0
goldbox-rpg/pkg/game/character_creation.go:367.2,368.53 2 1
goldbox-rpg/pkg/game/character_creation.go:368.53,372.32 3 1
goldbox-rpg/pkg/game/character_creation.go:372.32,374.34 2 1
goldbox-rpg/pkg/game/character_creation.go:374.34,376.5 1 1
goldbox-rpg/pkg/game/character_creation.go:378.4,378.36 1 1
goldbox-rpg/pkg/game/character_creation.go:378.36,381.5 2 1
goldbox-rpg/pkg/game/character_creation.go:381.10,384.5 1 1
goldbox-rpg/pkg/game/character_creation.go:385.9,388.4 1 1
goldbox-rpg/pkg/game/character_creation.go:391.2,391.24 1 1
goldbox-rpg/pkg/game/character_creation.go:401.82,402.23 1 1
goldbox-rpg/pkg/game/character_creation.go:402.23,404.3 1 1
goldbox-rpg/pkg/game/character_creation.go:406.2,406.27 1 1
goldbox-rpg/pkg/game/character_creation.go:406.27,408.3 1 1
goldbox-rpg/pkg/game/character_creation.go:410.2,417.43 2 1
goldbox-rpg/pkg/game/character_creation.go:417.43,419.3 1 1
goldbox-rpg/pkg/game/character_creation.go:421.2,421.12 1 1
goldbox-rpg/pkg/game/character_creation.go:432.110,434.13 2 1
goldbox-rpg/pkg/game/character_creation.go:434.13,436.3 1 0
goldbox-rpg/pkg/game/character_creation.go:438.2,438.62 1 1
goldbox-rpg/pkg/game/character_creation.go:438.62,441.3 1 1
goldbox-rpg/pkg/game/character_creation.go:443.2,443.63 1 1
goldbox-rpg/pkg/game/character_creation.go:443.63,446.3 1 1
goldbox-rpg/pkg/game/character_creation.go:448.2,448.66 1 1
goldbox-rpg/pkg/game/character_creation.go:448.66,451.3 1 0
goldbox-rpg/pkg/game/character_creation.go:453.2,453.66 1 1
goldbox-rpg/pkg/game/character_creation.go:453.66,456.3 1 0
goldbox-rpg/pkg/game/character_creation.go:458.2,458.60 1 1
goldbox-rpg/pkg/game/character_creation.go:458.60,461.3 1 0
goldbox-rpg/pkg/game/character_creation.go:463.2,463.62 1 1
goldbox-rpg/pkg/game/character_creation.go:463.62,466.3 1 0
goldbox-rpg/pkg/game/character_creation.go:468.2,468.12 1 1
goldbox-rpg/pkg/game/character_creation.go:476.95,501.2 9 1
goldbox-rpg/pkg/game/character_creation.go:510.79,513.15 2 1
goldbox-rpg/pkg/game/character_creation.go:514.20,516.66 2 1
goldbox-rpg/pkg/game/character_creation.go:517.17,519.8 1 1
goldbox-rpg/pkg/game/character_creation.go:520.19,521.66 1 0
goldbox-rpg/pkg/game/character_creation.go:522.18,523.70 1 1
goldbox-rpg/pkg/game/character_creation.go:524.19,526.66 2 0
goldbox-rpg/pkg/game/character_creation.go:527.20,529.66 2 0
goldbox-rpg/pkg/game/character_creation.go:532.2,532.18 1 1
goldbox-rpg/pkg/game/character_creation.go:536.61,539.2 2 1
goldbox-rpg/pkg/game/character_creation.go:542.91,551.2 1 1
goldbox-rpg/pkg/game/character_creation.go:554.98,555.49 1 1
goldbox-rpg/pkg/game/character_creation.go:555.49,557.3 1 1
goldbox-rpg/pkg/game/character_creation.go:561.71,570.2 1 1
goldbox-rpg/pkg/game/character_creation.go:573.68,582.2 1 1
goldbox-rpg/pkg/game/character_creation.go:585.70,594.2 1 1
goldbox-rpg/pkg/game/character_creation.go:597.69,606.2 1 1
goldbox-rpg/pkg/game/character_creation.go:609.70,618.2 1 1
goldbox-rpg/pkg/game/character_creation.go:621.71,630.2 1 1
goldbox-rpg/pkg/game/character_creation.go:633.112,643.2 1 1
goldbox-rpg/pkg/game/character_creation.go:653.3,669.2 1 1
goldbox-rpg/pkg/game/character_creation.go:692.54,711.2 2 1
goldbox-rpg/pkg/game/classes.go:32.42,43.42 2 1
goldbox-rpg/pkg/game/classes.go:43.42,45.3 1 1
goldbox-rpg/pkg/game/classes.go:47.2,47.23 1 1
goldbox-rpg/pkg/game/classes.go:120.69,167.13 3 1
goldbox-rpg/pkg/game/classes.go:167.13,170.3 1 0
goldbox-rpg/pkg/game/classes.go:172.2,172.22 1 1
goldbox-rpg/pkg/game/default_world.go:8.34,22.36 3 1
goldbox-rpg/pkg/game/default_world.go:22.36,24.36 2 1
goldbox-rpg/pkg/game/default_world.go:24.36,26.69 1 1
goldbox-rpg/pkg/game/default_world.go:26.69,36.5 1 1
goldbox-rpg/pkg/game/default_world.go:36.10,47.5 1 1
goldbox-rpg/pkg/game/default_world.go:52.2,57.14 2 1
goldbox-rpg/pkg/game/dice.go:28.34,32.2 1 1
goldbox-rpg/pkg/game/dice.go:35.52,39.2 1 1
goldbox-rpg/pkg/game/dice.go:42.66,49.22 2 1
goldbox-rpg/pkg/game/dice.go:49.22,56.3 2 1
goldbox-rpg/pkg/game/dice.go:59.2,66.22 5 1
goldbox-rpg/pkg/game/dice.go:66.22,74.3 2 1
goldbox-rpg/pkg/game/dice.go:77.2,78.32 2 1
goldbox-rpg/pkg/game/dice.go:78.32,87.3 2 1
goldbox-rpg/pkg/game/dice.go:90.2,91.32 2 1
goldbox-rpg/pkg/game/dice.go:91.32,100.3 2 1
goldbox-rpg/pkg/game/dice.go:103.2,104.43 2 1
goldbox-rpg/pkg/game/dice.go:104.43,106.17 2 1
goldbox-rpg/pkg/game/dice.go:106.17,108.4 1 0
goldbox-rpg/pkg/game/dice.go:112.2,115.31 3 1
goldbox-rpg/pkg/game/dice.go:115.31,119.3 3 1
goldbox-rpg/pkg/game/dice.go:121.2,128.8 2 1
goldbox-rpg/pkg/game/dice.go:132.77,137.35 4 1
goldbox-rpg/pkg/game/dice.go:137.35,138.17 1 1
goldbox-rpg/pkg/game/dice.go:138.17,139.12 1 0
goldbox-rpg/pkg/game/dice.go:142.3,143.17 2 1
goldbox-rpg/pkg/game/dice.go:143.17,145.4 1 0
goldbox-rpg/pkg/game/dice.go:147.3,149.33 3 1
goldbox-rpg/pkg/game/dice.go:152.2,159.8 2 1
goldbox-rpg/pkg/game/dice.go:163.37,164.24 1 1
goldbox-rpg/pkg/game/dice.go:164.24,166.3 1 1
goldbox-rpg/pkg/game/dice.go:168.2,169.22 2 1
goldbox-rpg/pkg/game/dice.go:169.22,171.3 1 1
goldbox-rpg/pkg/game/dice.go:171.8,171.28 1 1
goldbox-rpg/pkg/game/dice.go:171.28,173.3 1 1
goldbox-rpg/pkg/game/dice.go:173.8,175.3 1 1
goldbox-rpg/pkg/game/dice.go:179.63,180.22 1 1
goldbox-rpg/pkg/game/dice.go:180.22,182.3 1 1
goldbox-rpg/pkg/game/dice.go:185.2,192.22 5 1
goldbox-rpg/pkg/game/dice.go:192.22,194.3 1 1
goldbox-rpg/pkg/game/dice.go:197.2,198.32 2 1
goldbox-rpg/pkg/game/dice.go:198.32,200.3 1 0
goldbox-rpg/pkg/game/dice.go:202.2,203.32 2 1
goldbox-rpg/pkg/game/dice.go:203.32,205.3 1 1
goldbox-rpg/pkg/game/dice.go:207.2,208.43 2 1
goldbox-rpg/pkg/game/dice.go:208.43,210.17 2 1
goldbox-rpg/pkg/game/dice.go:210.17,212.4 1 0
goldbox-rpg/pkg/game/dice.go:216.2,219.22 3 1
goldbox-rpg/pkg/game/dispel_info.go:32.93,38.2 1 1
goldbox-rpg/pkg/game/dispel_info.go:42.68,43.19 1 1
goldbox-rpg/pkg/game/dispel_info.go:43.19,45.3 1 1
goldbox-rpg/pkg/game/dispel_info.go:47.2,47.29 1 1
goldbox-rpg/pkg/game/dispel_info.go:47.29,48.40 1 1
goldbox-rpg/pkg/game/dispel_info.go:48.40,50.4 1 1
goldbox-rpg/pkg/game/dispel_info.go:53.2,53.32 1 1
goldbox-rpg/pkg/game/duration.go:28.70,34.2 1 1
goldbox-rpg/pkg/game/duration.go:39.36,41.2 1 1
goldbox-rpg/pkg/game/duration.go:45.35,46.18 1 1
goldbox-rpg/pkg/game/duration.go:46.18,48.3 1 1
goldbox-rpg/pkg/game/duration.go:49.2,49.17 1 1
goldbox-rpg/pkg/game/duration.go:49.17,51.3 1 1
goldbox-rpg/pkg/game/duration.go:52.2,52.20 1 1
goldbox-rpg/pkg/game/duration.go:52.20,54.3 1 1
goldbox-rpg/pkg/game/duration.go:55.2,55.18 1 1
goldbox-rpg/pkg/game/effectbehavior.go:49.45,51.2 1 1
goldbox-rpg/pkg/game/effectbehavior.go:55.83,67.2 1 1
goldbox-rpg/pkg/game/effectbehavior.go:87.84,99.2 1 1
goldbox-rpg/pkg/game/effectbehavior.go:119.85,131.2 1 1
goldbox-rpg/pkg/game/effectbehavior.go:156.54,157.14 1 1
goldbox-rpg/pkg/game/effectbehavior.go:157.14,159.3 1 1
goldbox-rpg/pkg/game/effectbehavior.go:160.2,160.16 1 1
goldbox-rpg/pkg/game/effectbehavior.go:161.51,168.10 1 1
goldbox-rpg/pkg/game/effectbehavior.go:169.10,170.20 1 1
goldbox-rpg/pkg/game/effectbehavior.go:197.91,198.44 1 0
goldbox-rpg/pkg/game/effectbehavior.go:198.44,200.3 1 0
goldbox-rpg/pkg/game/effectbehavior.go:203.2,212.28 4 0
goldbox-rpg/pkg/game/effectbehavior.go:213.21,214.34 1 0
goldbox-rpg/pkg/game/effectbehavior.go:215.22,216.29 1 0
goldbox-rpg/pkg/game/effectbehavior.go:217.20,218.27 1 0
goldbox-rpg/pkg/game/effectbehavior.go:219.28,219.28 0 0
goldbox-rpg/pkg/game/effectbehavior.go:220.26,220.26 0 0
goldbox-rpg/pkg/game/effectbehavior.go:221.18,221.18 0 0
goldbox-rpg/pkg/game/effectbehavior.go:222.23,222.23 0 0
goldbox-rpg/pkg/game/effectbehavior.go:223.25,223.25 0 0
goldbox-rpg/pkg/game/effectbehavior.go:224.18,224.18 0 0
goldbox-rpg/pkg/game/effectbehavior.go:225.10,226.109 1 0
goldbox-rpg/pkg/game/effectbehavior.go:251.106,262.22 6 1
goldbox-rpg/pkg/game/effectbehavior.go:262.22,266.3 1 1
goldbox-rpg/pkg/game/effectbehavior.go:266.8,268.3 1 0
goldbox-rpg/pkg/game/effectbehavior.go:269.2,271.60 2 1
goldbox-rpg/pkg/game/effectbehavior.go:294.81,296.17 1 1
goldbox-rpg/pkg/game/effectbehavior.go:297.18,298.39 1 1
goldbox-rpg/pkg/game/effectbehavior.go:299.20,300.38 1 0
goldbox-rpg/pkg/game/effectbehavior.go:301.10,302.11 1 0
goldbox-rpg/pkg/game/effectbehavior.go:322.62,326.2 3 0
goldbox-rpg/pkg/game/effectbehavior.go:341.65,344.2 1 0
goldbox-rpg/pkg/game/effectbehavior.go:367.60,368.52 1 0
goldbox-rpg/pkg/game/effectbehavior.go:368.52,371.3 2 0
goldbox-rpg/pkg/game/effectbehavior.go:374.2,374.21 1 0
goldbox-rpg/pkg/game/effectbehavior.go:375.28,376.70 1 0
goldbox-rpg/pkg/game/effectbehavior.go:377.26,379.30 2 0
goldbox-rpg/pkg/game/effectbehavior.go:379.30,381.4 1 0
goldbox-rpg/pkg/game/effectbehavior.go:382.3,385.4 1 0
goldbox-rpg/pkg/game/effectbehavior.go:386.22,386.22 0 0
goldbox-rpg/pkg/game/effectbehavior.go:387.21,387.21 0 0
goldbox-rpg/pkg/game/effectbehavior.go:388.20,388.20 0 0
goldbox-rpg/pkg/game/effectbehavior.go:389.18,389.18 0 0
goldbox-rpg/pkg/game/effectbehavior.go:390.23,390.23 0 0
goldbox-rpg/pkg/game/effectbehavior.go:391.25,391.25 0 0
goldbox-rpg/pkg/game/effectbehavior.go:392.18,392.18 0 0
goldbox-rpg/pkg/game/effectbehavior.go:393.10,394.100 1 0
goldbox-rpg/pkg/game/effectimmunity.go:23.56,31.2 1 1
goldbox-rpg/pkg/game/effectimmunity.go:50.84,54.27 3 1
goldbox-rpg/pkg/game/effectimmunity.go:54.27,57.3 2 1
goldbox-rpg/pkg/game/effectimmunity.go:57.8,59.3 1 1
goldbox-rpg/pkg/game/effectimmunity.go:86.77,91.63 3 1
goldbox-rpg/pkg/game/effectimmunity.go:91.63,92.44 1 1
goldbox-rpg/pkg/game/effectimmunity.go:92.44,94.4 1 1
goldbox-rpg/pkg/game/effectimmunity.go:96.3,96.40 1 1
goldbox-rpg/pkg/game/effectimmunity.go:100.2,100.59 1 1
goldbox-rpg/pkg/game/effectimmunity.go:100.59,102.3 1 1
goldbox-rpg/pkg/game/effectimmunity.go:104.2,109.3 1 1
goldbox-rpg/pkg/game/effectimmunity.go:132.83,145.43 5 1
goldbox-rpg/pkg/game/effectimmunity.go:145.43,146.35 1 1
goldbox-rpg/pkg/game/effectimmunity.go:146.35,147.12 1 1
goldbox-rpg/pkg/game/effectimmunity.go:150.3,150.49 1 1
goldbox-rpg/pkg/game/effectimmunity.go:150.49,151.54 1 1
goldbox-rpg/pkg/game/effectimmunity.go:151.54,157.10 2 1
goldbox-rpg/pkg/game/effectimmunity.go:163.2,163.45 1 1
goldbox-rpg/pkg/game/effectimmunity.go:163.45,165.3 1 1
goldbox-rpg/pkg/game/effectimmunity.go:168.2,169.52 2 1
goldbox-rpg/pkg/game/effectimmunity.go:169.52,172.3 2 1
goldbox-rpg/pkg/game/effectimmunity.go:174.2,174.22 1 1
goldbox-rpg/pkg/game/effectimmunity.go:174.22,176.3 1 1
goldbox-rpg/pkg/game/effectimmunity.go:178.2,178.16 1 1
goldbox-rpg/pkg/game/effectimmunity.go:200.118,204.2 3 1
goldbox-rpg/pkg/game/effectimmunity.go:223.93,231.2 3 1
goldbox-rpg/pkg/game/effectimmunity.go:250.60,253.23 2 1
goldbox-rpg/pkg/game/effectimmunity.go:254.24,255.67 1 1
goldbox-rpg/pkg/game/effectimmunity.go:257.23,259.40 1 1
goldbox-rpg/pkg/game/effectimmunity.go:261.23,262.48 1 1
goldbox-rpg/pkg/game/effectimmunity.go:263.20,263.20 0 1
goldbox-rpg/pkg/game/effectimmunity.go:265.10,266.64 1 1
goldbox-rpg/pkg/game/effectimmunity.go:270.2,270.39 1 1
goldbox-rpg/pkg/game/effectimmunity.go:293.28,319.2 7 1
goldbox-rpg/pkg/game/effectmanager.go:10.13,19.2 2 1
goldbox-rpg/pkg/game/effectmanager.go:86.31,121.2 5 1
goldbox-rpg/pkg/game/effectmanager.go:140.62,150.58 4 0
goldbox-rpg/pkg/game/effectmanager.go:150.58,177.3 7 0
goldbox-rpg/pkg/game/effectmanager.go:179.2,191.53 3 0
goldbox-rpg/pkg/game/effectmanager.go:211.63,232.43 8 0
goldbox-rpg/pkg/game/effectmanager.go:232.43,234.36 1 0
goldbox-rpg/pkg/game/effectmanager.go:234.36,246.12 5 0
goldbox-rpg/pkg/game/effectmanager.go:250.3,250.37 1 0
goldbox-rpg/pkg/game/effectmanager.go:250.37,260.4 3 0
goldbox-rpg/pkg/game/effectmanager.go:263.2,271.17 2 0
goldbox-rpg/pkg/game/effectmanager.go:271.17,278.3 2 0
goldbox-rpg/pkg/game/effectmanager.go:280.2,283.35 1 0
goldbox-rpg/pkg/game/effectmanager.go:300.45,323.42 8 1
goldbox-rpg/pkg/game/effectmanager.go:323.42,335.40 3 1
goldbox-rpg/pkg/game/effectmanager.go:335.40,336.25 1 0
goldbox-rpg/pkg/game/effectmanager.go:337.16,338.47 1 0
goldbox-rpg/pkg/game/effectmanager.go:339.21,340.76 1 0
goldbox-rpg/pkg/game/effectmanager.go:341.16,342.77 1 0
goldbox-rpg/pkg/game/effectmanager.go:342.77,344.6 1 0
goldbox-rpg/pkg/game/effectmanager.go:347.3,347.21 1 1
goldbox-rpg/pkg/game/effectmanager.go:350.2,382.38 7 1
goldbox-rpg/pkg/game/effectmanager.go:401.106,408.55 2 1
goldbox-rpg/pkg/game/effectmanager.go:408.55,411.39 2 1
goldbox-rpg/pkg/game/effectmanager.go:411.39,422.4 2 0
goldbox-rpg/pkg/game/effectmanager.go:423.3,423.41 1 1
goldbox-rpg/pkg/game/effectmanager.go:423.41,435.4 3 0
goldbox-rpg/pkg/game/effectmanager.go:436.3,436.39 1 1
goldbox-rpg/pkg/game/effectmanager.go:436.39,448.4 3 0
goldbox-rpg/pkg/game/effectmanager.go:452.2,462.65 6 1
goldbox-rpg/pkg/game/effectmanager.go:478.32,513.2 4 1
goldbox-rpg/pkg/game/effectmanager.go:538.44,547.12 3 1
goldbox-rpg/pkg/game/effectmanager.go:548.65,549.24 1 1
goldbox-rpg/pkg/game/effectmanager.go:550.10,551.25 1 1
goldbox-rpg/pkg/game/effectmanager.go:554.2,562.23 2 1
goldbox-rpg/pkg/game/effectmanager.go:585.68,600.44 5 1
goldbox-rpg/pkg/game/effectmanager.go:600.44,601.35 1 1
goldbox-rpg/pkg/game/effectmanager.go:601.35,611.11 2 1
goldbox-rpg/pkg/game/effectmanager.go:612.38,621.15 3 1
goldbox-rpg/pkg/game/effectmanager.go:622.47,633.57 3 0
goldbox-rpg/pkg/game/effectmanager.go:634.12,642.65 2 0
goldbox-rpg/pkg/game/effectmanager.go:648.2,671.12 7 1
goldbox-rpg/pkg/game/effectmanager.go:677.64,688.42 5 0
goldbox-rpg/pkg/game/effectmanager.go:688.42,689.51 1 0
goldbox-rpg/pkg/game/effectmanager.go:689.51,691.4 1 0
goldbox-rpg/pkg/game/effectmanager.go:694.2,705.18 3 0
goldbox-rpg/pkg/game/effectmanager.go:709.58,719.16 3 0
goldbox-rpg/pkg/game/effectmanager.go:719.16,727.3 1 0
goldbox-rpg/pkg/game/effectmanager.go:727.8,734.3 1 0
goldbox-rpg/pkg/game/effectmanager.go:736.2,736.12 1 0
goldbox-rpg/pkg/game/effectmanager.go:740.49,751.42 6 0
goldbox-rpg/pkg/game/effectmanager.go:751.42,752.22 1 0
goldbox-rpg/pkg/game/effectmanager.go:752.22,755.4 2 0
goldbox-rpg/pkg/game/effectmanager.go:758.2,765.16 2 0
goldbox-rpg/pkg/game/effectmanager.go:769.44,791.2 6 0
goldbox-rpg/pkg/game/effectmanager.go:794.49,819.2 6 0
goldbox-rpg/pkg/game/effectmanager.go:822.48,844.2 6 0
goldbox-rpg/pkg/game/effects.go:227.56,238.2 3 1
goldbox-rpg/pkg/game/effects.go:266.85,295.2 1 1
goldbox-rpg/pkg/game/effects.go:315.119,328.2 4 1
goldbox-rpg/pkg/game/effects.go:347.56,349.29 1 1
goldbox-rpg/pkg/game/effects.go:349.29,351.3 1 1
goldbox-rpg/pkg/game/effects.go:354.2,354.78 1 1
goldbox-rpg/pkg/game/effects.go:354.78,356.3 1 1
goldbox-rpg/pkg/game/effects.go:359.2,359.81 1 1
goldbox-rpg/pkg/game/effects.go:359.81,361.3 1 1
goldbox-rpg/pkg/game/effects.go:364.2,364.14 1 1
goldbox-rpg/pkg/game/effects.go:388.98,390.29 1 1
goldbox-rpg/pkg/game/effects.go:390.29,392.3 1 1
goldbox-rpg/pkg/game/effects.go:395.2,395.27 1 1
goldbox-rpg/pkg/game/effects.go:395.27,397.3 1 1
goldbox-rpg/pkg/game/effects.go:400.2,400.26 1 1
goldbox-rpg/pkg/game/effects.go:400.26,402.3 1 1
goldbox-rpg/pkg/game/effects.go:405.2,405.78 1 1
goldbox-rpg/pkg/game/effects.go:405.78,407.3 1 1
goldbox-rpg/pkg/game/effects.go:410.2,410.81 1 1
goldbox-rpg/pkg/game/effects.go:410.81,412.3 1 1
goldbox-rpg/pkg/game/effects.go:414.2,414.14 1 0
goldbox-rpg/pkg/game/effects.go:433.57,434.30 1 1
goldbox-rpg/pkg/game/effects.go:434.30,436.3 1 1
goldbox-rpg/pkg/game/effects.go:437.2,438.48 2 1
goldbox-rpg/pkg/game/effects.go:459.45,461.2 1 1
goldbox-rpg/pkg/game/effects.go:471.52,473.2 1 1
goldbox-rpg/pkg/game/effects.go:484.44,486.2 1 1
goldbox-rpg/pkg/game/effects.go:504.54,505.16 1 1
goldbox-rpg/pkg/game/effects.go:506.51,513.10 1 1
goldbox-rpg/pkg/game/effects.go:514.10,515.20 1 1
goldbox-rpg/pkg/game/equipment.go:19.41,32.46 2 1
goldbox-rpg/pkg/game/equipment.go:32.46,34.3 1 1
goldbox-rpg/pkg/game/equipment.go:35.2,35.18 1 1
goldbox-rpg/pkg/game/events.go:134.36,138.2 1 1
goldbox-rpg/pkg/game/events.go:153.77,158.2 3 1
goldbox-rpg/pkg/game/events.go:175.46,180.35 4 1
goldbox-rpg/pkg/game/events.go:180.35,182.3 1 1
goldbox-rpg/pkg/game/events.go:198.64,210.2 2 1
goldbox-rpg/pkg/game/events.go:224.33,228.2 1 1
goldbox-rpg/pkg/game/events.go:244.13,246.67 1 1
goldbox-rpg/pkg/game/events.go:246.67,252.3 3 1
goldbox-rpg/pkg/game/item.go:50.44,52.2 1 1
goldbox-rpg/pkg/game/item.go:62.40,64.2 1 1
goldbox-rpg/pkg/game/item.go:75.32,77.2 1 1
goldbox-rpg/pkg/game/item.go:84.31,86.2 1 1
goldbox-rpg/pkg/game/item.go:93.33,95.2 1 1
goldbox-rpg/pkg/game/item.go:105.39,107.2 1 1
goldbox-rpg/pkg/game/item.go:119.35,121.2 1 1
goldbox-rpg/pkg/game/item.go:129.32,131.2 1 1
goldbox-rpg/pkg/game/item.go:138.34,140.2 1 1
goldbox-rpg/pkg/game/item.go:150.39,152.2 0 1
goldbox-rpg/pkg/game/item.go:167.48,169.2 1 1
goldbox-rpg/pkg/game/item.go:180.41,182.2 1 1
goldbox-rpg/pkg/game/logger.go:27.31,31.2 3 1
goldbox-rpg/pkg/game/logger.go:34.30,38.2 3 1
goldbox-rpg/pkg/game/map.go:21.46,22.53 1 1
goldbox-rpg/pkg/game/map.go:22.53,24.3 1 1
goldbox-rpg/pkg/game/map.go:25.2,25.23 1 1
goldbox-rpg/pkg/game/map.go:29.49,38.2 2 1
goldbox-rpg/pkg/game/modifier.go:33.77,39.2 1 1
goldbox-rpg/pkg/game/modifier.go:44.53,45.21 1 1
goldbox-rpg/pkg/game/modifier.go:46.14,47.29 1 1
goldbox-rpg/pkg/game/modifier.go:48.19,49.29 1 1
goldbox-rpg/pkg/game/modifier.go:50.14,51.17 1 1
goldbox-rpg/pkg/game/modifier.go:52.10,53.19 1 1
goldbox-rpg/pkg/game/player.go:44.30,64.2 6 0
goldbox-rpg/pkg/game/player.go:71.32,75.12 3 0
goldbox-rpg/pkg/game/player.go:75.12,77.3 1 0
goldbox-rpg/pkg/game/player.go:77.8,77.25 1 0
goldbox-rpg/pkg/game/player.go:77.25,79.3 1 0
goldbox-rpg/pkg/game/player.go:79.8,81.3 1 0
goldbox-rpg/pkg/game/player.go:89.33,93.2 3 0
goldbox-rpg/pkg/game/player.go:124.60,134.2 8 1
goldbox-rpg/pkg/game/player.go:137.75,138.49 1 1
goldbox-rpg/pkg/game/player.go:138.49,140.3 1 1
goldbox-rpg/pkg/game/player.go:141.2,141.63 1 1
goldbox-rpg/pkg/game/player.go:141.63,143.3 1 1
goldbox-rpg/pkg/game/player.go:144.2,144.59 1 1
goldbox-rpg/pkg/game/player.go:144.59,146.3 1 1
goldbox-rpg/pkg/game/player.go:150.78,151.49 1 1
goldbox-rpg/pkg/game/player.go:151.49,153.3 1 1
goldbox-rpg/pkg/game/player.go:154.2,154.49 1 1
goldbox-rpg/pkg/game/player.go:154.49,156.3 1 1
goldbox-rpg/pkg/game/player.go:157.2,157.57 1 1
goldbox-rpg/pkg/game/player.go:157.57,159.3 1 1
goldbox-rpg/pkg/game/player.go:160.2,160.65 1 1
goldbox-rpg/pkg/game/player.go:160.65,162.3 1 1
goldbox-rpg/pkg/game/player.go:166.70,167.49 1 1
goldbox-rpg/pkg/game/player.go:167.49,169.3 1 1
goldbox-rpg/pkg/game/player.go:170.2,170.53 1 1
goldbox-rpg/pkg/game/player.go:170.53,172.3 1 1
goldbox-rpg/pkg/game/player.go:173.2,173.50 1 1
goldbox-rpg/pkg/game/player.go:173.50,175.3 1 1
goldbox-rpg/pkg/game/player.go:176.2,176.55 1 1
goldbox-rpg/pkg/game/player.go:176.55,178.3 1 1
goldbox-rpg/pkg/game/player.go:179.2,179.50 1 1
goldbox-rpg/pkg/game/player.go:179.50,181.3 1 1
goldbox-rpg/pkg/game/player.go:182.2,182.54 1 1
goldbox-rpg/pkg/game/player.go:182.54,184.3 1 1
goldbox-rpg/pkg/game/player.go:188.71,189.42 1 1
goldbox-rpg/pkg/game/player.go:189.42,191.3 1 1
goldbox-rpg/pkg/game/player.go:192.2,192.49 1 1
goldbox-rpg/pkg/game/player.go:192.49,194.3 1 1
goldbox-rpg/pkg/game/player.go:195.2,195.51 1 1
goldbox-rpg/pkg/game/player.go:195.51,197.3 1 1
goldbox-rpg/pkg/game/player.go:198.2,198.48 1 1
goldbox-rpg/pkg/game/player.go:198.48,200.3 1 1
goldbox-rpg/pkg/game/player.go:204.72,205.46 1 1
goldbox-rpg/pkg/game/player.go:205.46,207.3 1 1
goldbox-rpg/pkg/game/player.go:211.80,212.48 1 1
goldbox-rpg/pkg/game/player.go:212.48,214.3 1 1
goldbox-rpg/pkg/game/player.go:215.2,215.53 1 1
goldbox-rpg/pkg/game/player.go:215.53,217.3 1 0
goldbox-rpg/pkg/game/player.go:217.8,217.58 1 1
goldbox-rpg/pkg/game/player.go:217.58,220.3 1 1
goldbox-rpg/pkg/game/player.go:229.34,230.14 1 1
goldbox-rpg/pkg/game/player.go:230.14,232.3 1 1
goldbox-rpg/pkg/game/player.go:234.2,250.14 7 1
goldbox-rpg/pkg/game/player.go:259.54,268.2 1 1
goldbox-rpg/pkg/game/player.go:308.49,312.13 3 1
goldbox-rpg/pkg/game/player.go:312.13,314.3 1 1
goldbox-rpg/pkg/game/player.go:317.2,317.65 1 1
goldbox-rpg/pkg/game/player.go:317.65,319.3 1 1
goldbox-rpg/pkg/game/player.go:321.2,324.66 2 1
goldbox-rpg/pkg/game/player.go:324.66,326.3 1 1
goldbox-rpg/pkg/game/player.go:328.2,328.12 1 1
goldbox-rpg/pkg/game/player.go:347.46,365.2 10 1
goldbox-rpg/pkg/game/player.go:376.36,388.2 1 1
goldbox-rpg/pkg/game/player.go:403.48,407.20 3 0
goldbox-rpg/pkg/game/player.go:407.20,409.3 1 0
goldbox-rpg/pkg/game/player.go:412.2,412.43 1 0
goldbox-rpg/pkg/game/player.go:412.43,413.35 1 0
goldbox-rpg/pkg/game/player.go:413.35,415.4 1 0
goldbox-rpg/pkg/game/player.go:419.2,422.12 3 0
goldbox-rpg/pkg/game/player.go:440.71,444.19 3 0
goldbox-rpg/pkg/game/player.go:444.19,446.3 1 0
goldbox-rpg/pkg/game/player.go:449.2,449.35 1 0
goldbox-rpg/pkg/game/player.go:449.35,450.26 1 0
goldbox-rpg/pkg/game/player.go:450.26,451.38 1 0
goldbox-rpg/pkg/game/player.go:451.38,453.5 1 0
goldbox-rpg/pkg/game/player.go:454.4,454.35 1 0
goldbox-rpg/pkg/game/player.go:454.35,456.5 1 0
goldbox-rpg/pkg/game/player.go:459.4,459.47 1 0
goldbox-rpg/pkg/game/player.go:459.47,460.29 1 0
goldbox-rpg/pkg/game/player.go:460.29,462.6 1 0
goldbox-rpg/pkg/game/player.go:466.4,468.29 2 0
goldbox-rpg/pkg/game/player.go:472.2,472.68 1 0
goldbox-rpg/pkg/game/player.go:491.91,495.19 3 0
goldbox-rpg/pkg/game/player.go:495.19,497.3 1 0
goldbox-rpg/pkg/game/player.go:498.2,498.18 1 0
goldbox-rpg/pkg/game/player.go:498.18,500.3 1 0
goldbox-rpg/pkg/game/player.go:503.2,503.35 1 0
goldbox-rpg/pkg/game/player.go:503.35,504.26 1 0
goldbox-rpg/pkg/game/player.go:504.26,505.35 1 0
goldbox-rpg/pkg/game/player.go:505.35,507.5 1 0
goldbox-rpg/pkg/game/player.go:510.4,510.69 1 0
goldbox-rpg/pkg/game/player.go:510.69,512.5 1 0
goldbox-rpg/pkg/game/player.go:515.4,516.38 2 0
goldbox-rpg/pkg/game/player.go:516.38,519.5 2 0
goldbox-rpg/pkg/game/player.go:519.10,522.5 2 0
goldbox-rpg/pkg/game/player.go:524.4,524.14 1 0
goldbox-rpg/pkg/game/player.go:528.2,528.63 1 0
goldbox-rpg/pkg/game/player.go:541.50,545.19 3 0
goldbox-rpg/pkg/game/player.go:545.19,547.3 1 0
goldbox-rpg/pkg/game/player.go:550.2,550.35 1 0
goldbox-rpg/pkg/game/player.go:550.35,551.26 1 0
goldbox-rpg/pkg/game/player.go:551.26,552.38 1 0
goldbox-rpg/pkg/game/player.go:552.38,554.5 1 0
goldbox-rpg/pkg/game/player.go:555.4,555.35 1 0
goldbox-rpg/pkg/game/player.go:555.35,557.5 1 0
goldbox-rpg/pkg/game/player.go:560.4,561.14 2 0
goldbox-rpg/pkg/game/player.go:565.2,565.63 1 0
goldbox-rpg/pkg/game/player.go:577.59,581.19 3 0
goldbox-rpg/pkg/game/player.go:581.19,583.3 1 0
goldbox-rpg/pkg/game/player.go:585.2,585.35 1 0
goldbox-rpg/pkg/game/player.go:585.35,586.26 1 0
goldbox-rpg/pkg/game/player.go:586.26,590.4 2 0
goldbox-rpg/pkg/game/player.go:593.2,593.68 1 0
goldbox-rpg/pkg/game/player.go:603.44,608.35 4 0
goldbox-rpg/pkg/game/player.go:608.35,609.34 1 0
goldbox-rpg/pkg/game/player.go:609.34,611.4 1 0
goldbox-rpg/pkg/game/player.go:614.2,614.21 1 0
goldbox-rpg/pkg/game/player.go:624.47,629.35 4 0
goldbox-rpg/pkg/game/player.go:629.35,630.37 1 0
goldbox-rpg/pkg/game/player.go:630.37,632.4 1 0
goldbox-rpg/pkg/game/player.go:635.2,635.24 1 0
goldbox-rpg/pkg/game/player.go:645.40,653.2 5 1
goldbox-rpg/pkg/game/player.go:657.50,661.38 3 1
goldbox-rpg/pkg/game/player.go:661.38,662.26 1 1
goldbox-rpg/pkg/game/player.go:662.26,664.4 1 1
goldbox-rpg/pkg/game/player.go:666.2,666.14 1 1
goldbox-rpg/pkg/game/player.go:671.48,676.43 3 1
goldbox-rpg/pkg/game/player.go:676.43,677.32 1 1
goldbox-rpg/pkg/game/player.go:677.32,679.4 1 1
goldbox-rpg/pkg/game/player.go:683.2,683.24 1 1
goldbox-rpg/pkg/game/player.go:683.24,685.3 1 1
goldbox-rpg/pkg/game/player.go:688.2,688.27 1 1
goldbox-rpg/pkg/game/player.go:688.27,690.3 1 1
goldbox-rpg/pkg/game/player.go:693.2,694.12 2 1
goldbox-rpg/pkg/game/player.go:699.39,700.17 1 1
goldbox-rpg/pkg/game/player.go:701.17,702.14 1 1
goldbox-rpg/pkg/game/player.go:703.19,704.14 1 0
goldbox-rpg/pkg/game/player.go:705.20,706.22 1 1
goldbox-rpg/pkg/game/player.go:707.19,708.22 1 0
goldbox-rpg/pkg/game/player.go:709.10,710.15 1 1
goldbox-rpg/pkg/game/spatial_index.go:38.65,51.2 1 1
goldbox-rpg/pkg/game/spatial_index.go:54.54,59.34 4 1
goldbox-rpg/pkg/game/spatial_index.go:59.34,61.3 1 1
goldbox-rpg/pkg/game/spatial_index.go:63.2,63.36 1 1
goldbox-rpg/pkg/game/spatial_index.go:67.55,72.2 3 1
goldbox-rpg/pkg/game/spatial_index.go:75.72,82.2 5 1
goldbox-rpg/pkg/game/spatial_index.go:85.90,105.33 9 1
goldbox-rpg/pkg/game/spatial_index.go:105.33,112.39 5 1
goldbox-rpg/pkg/game/spatial_index.go:112.39,114.4 1 1
goldbox-rpg/pkg/game/spatial_index.go:117.2,117.15 1 1
goldbox-rpg/pkg/game/spatial_index.go:121.80,129.26 5 1
goldbox-rpg/pkg/game/spatial_index.go:129.26,131.24 2 1
goldbox-rpg/pkg/game/spatial_index.go:131.24,134.24 2 1
goldbox-rpg/pkg/game/spatial_index.go:134.24,136.5 1 1
goldbox-rpg/pkg/game/spatial_index.go:137.4,137.18 1 1
goldbox-rpg/pkg/game/spatial_index.go:139.3,139.14 1 0
goldbox-rpg/pkg/game/spatial_index.go:143.2,146.25 4 0
goldbox-rpg/pkg/game/spatial_index.go:146.25,148.3 1 0
goldbox-rpg/pkg/game/spatial_index.go:149.2,149.19 1 0
goldbox-rpg/pkg/game/spatial_index.go:153.65,158.34 3 1
goldbox-rpg/pkg/game/spatial_index.go:158.34,160.3 1 1
goldbox-rpg/pkg/game/spatial_index.go:162.2,169.15 4 1
goldbox-rpg/pkg/game/spatial_index.go:173.72,178.37 3 1
goldbox-rpg/pkg/game/spatial_index.go:178.37,180.3 1 1
goldbox-rpg/pkg/game/spatial_index.go:183.2,184.73 2 1
goldbox-rpg/pkg/game/spatial_index.go:184.73,186.3 1 1
goldbox-rpg/pkg/game/spatial_index.go:189.2,189.36 1 1
goldbox-rpg/pkg/game/spatial_index.go:193.33,202.2 3 1
goldbox-rpg/pkg/game/spatial_index.go:205.54,212.2 5 1
goldbox-rpg/pkg/game/spatial_index.go:225.77,228.36 2 1
goldbox-rpg/pkg/game/spatial_index.go:228.36,230.3 1 0
goldbox-rpg/pkg/game/spatial_index.go:232.2,232.17 1 1
goldbox-rpg/pkg/game/spatial_index.go:232.17,236.56 2 1
goldbox-rpg/pkg/game/spatial_index.go:236.56,238.4 1 1
goldbox-rpg/pkg/game/spatial_index.go:239.3,239.13 1 1
goldbox-rpg/pkg/game/spatial_index.go:243.2,243.38 1 1
goldbox-rpg/pkg/game/spatial_index.go:243.38,244.37 1 1
goldbox-rpg/pkg/game/spatial_index.go:244.37,246.4 1 1
goldbox-rpg/pkg/game/spatial_index.go:249.2,249.72 1 0
goldbox-rpg/pkg/game/spatial_index.go:252.78,253.17 1 1
goldbox-rpg/pkg/game/spatial_index.go:253.17,254.36 1 1
goldbox-rpg/pkg/game/spatial_index.go:254.36,255.31 1 1
goldbox-rpg/pkg/game/spatial_index.go:255.31,260.5 3 1
goldbox-rpg/pkg/game/spatial_index.go:262.3,262.53 1 1
goldbox-rpg/pkg/game/spatial_index.go:266.2,266.38 1 0
goldbox-rpg/pkg/game/spatial_index.go:266.38,267.56 1 0
goldbox-rpg/pkg/game/spatial_index.go:267.56,269.4 1 0
goldbox-rpg/pkg/game/spatial_index.go:272.2,272.65 1 0
goldbox-rpg/pkg/game/spatial_index.go:275.105,276.17 1 1
goldbox-rpg/pkg/game/spatial_index.go:276.17,277.34 1 1
goldbox-rpg/pkg/game/spatial_index.go:277.34,278.29 1 1
goldbox-rpg/pkg/game/spatial_index.go:278.29,283.5 4 1
goldbox-rpg/pkg/game/spatial_index.go:285.3,285.53 1 1
goldbox-rpg/pkg/game/spatial_index.go:288.2,288.38 1 0
goldbox-rpg/pkg/game/spatial_index.go:288.38,289.71 1 0
goldbox-rpg/pkg/game/spatial_index.go:289.71,291.4 1 0
goldbox-rpg/pkg/game/spatial_index.go:294.2,294.65 1 0
goldbox-rpg/pkg/game/spatial_index.go:297.92,298.39 1 1
goldbox-rpg/pkg/game/spatial_index.go:298.39,300.3 1 1
goldbox-rpg/pkg/game/spatial_index.go:302.2,302.17 1 1
goldbox-rpg/pkg/game/spatial_index.go:302.17,303.36 1 1
goldbox-rpg/pkg/game/spatial_index.go:303.36,305.30 2 1
goldbox-rpg/pkg/game/spatial_index.go:305.30,307.5 1 1
goldbox-rpg/pkg/game/spatial_index.go:309.3,309.9 1 1
goldbox-rpg/pkg/game/spatial_index.go:312.2,312.38 1 1
goldbox-rpg/pkg/game/spatial_index.go:312.38,314.3 1 1
goldbox-rpg/pkg/game/spatial_index.go:317.54,318.44 1 1
goldbox-rpg/pkg/game/spatial_index.go:318.44,320.3 1 0
goldbox-rpg/pkg/game/spatial_index.go:322.2,335.35 5 1
goldbox-rpg/pkg/game/spatial_index.go:335.35,337.39 2 1
goldbox-rpg/pkg/game/spatial_index.go:337.39,338.38 1 1
goldbox-rpg/pkg/game/spatial_index.go:338.38,340.10 2 1
goldbox-rpg/pkg/game/spatial_index.go:346.2,347.21 2 1
goldbox-rpg/pkg/game/spatial_index.go:350.57,354.2 3 1
goldbox-rpg/pkg/game/spatial_index.go:356.69,359.2 1 1
goldbox-rpg/pkg/game/spatial_index.go:361.65,364.2 1 1
goldbox-rpg/pkg/game/spatial_index.go:366.63,370.2 3 1
goldbox-rpg/pkg/game/spatial_index.go:372.79,373.38 1 1
goldbox-rpg/pkg/game/spatial_index.go:373.38,374.41 1 1
goldbox-rpg/pkg/game/spatial_index.go:374.41,377.21 3 1
goldbox-rpg/pkg/game/spatial_index.go:377.21,379.5 1 0
goldbox-rpg/pkg/game/spatial_index.go:384.94,386.28 2 1
goldbox-rpg/pkg/game/spatial_index.go:386.28,388.3 1 1
goldbox-rpg/pkg/game/spatial_index.go:390.2,390.17 1 1
goldbox-rpg/pkg/game/spatial_index.go:390.17,393.3 2 1
goldbox-rpg/pkg/game/spatial_index.go:393.8,394.39 1 1
goldbox-rpg/pkg/game/spatial_index.go:394.39,396.4 1 1
goldbox-rpg/pkg/game/spell.go:84.38,85.11 1 1
goldbox-rpg/pkg/game/spell.go:86.24,87.22 1 1
goldbox-rpg/pkg/game/spell.go:88.25,89.23 1 1
goldbox-rpg/pkg/game/spell.go:90.24,91.22 1 1
goldbox-rpg/pkg/game/spell.go:92.25,93.23 1 1
goldbox-rpg/pkg/game/spell.go:94.23,95.21 1 1
goldbox-rpg/pkg/game/spell.go:96.22,97.20 1 1
goldbox-rpg/pkg/game/spell.go:98.24,99.22 1 1
goldbox-rpg/pkg/game/spell.go:100.27,101.25 1 1
goldbox-rpg/pkg/game/spell.go:102.10,103.19 1 0
goldbox-rpg/pkg/game/spell.go:108.45,109.11 1 1
goldbox-rpg/pkg/game/spell.go:110.34,111.26 1 1
goldbox-rpg/pkg/game/spell.go:112.36,113.27 1 0
goldbox-rpg/pkg/game/spell.go:114.34,115.26 1 0
goldbox-rpg/pkg/game/spell.go:116.36,117.27 1 0
goldbox-rpg/pkg/game/spell.go:118.32,119.25 1 1
goldbox-rpg/pkg/game/spell.go:120.30,121.24 1 0
goldbox-rpg/pkg/game/spell.go:122.34,123.26 1 0
goldbox-rpg/pkg/game/spell.go:124.40,125.29 1 0
goldbox-rpg/pkg/game/spell.go:126.10,127.25 1 1
goldbox-rpg/pkg/game/spell.go:132.41,133.11 1 1
goldbox-rpg/pkg/game/spell.go:134.23,135.18 1 1
goldbox-rpg/pkg/game/spell.go:136.24,137.19 1 1
goldbox-rpg/pkg/game/spell.go:138.25,139.20 1 1
goldbox-rpg/pkg/game/spell.go:140.10,141.19 1 0
goldbox-rpg/pkg/game/spell.go:146.51,147.11 1 1
goldbox-rpg/pkg/game/spell.go:148.31,149.25 1 1
goldbox-rpg/pkg/game/spell.go:150.33,151.26 1 1
goldbox-rpg/pkg/game/spell.go:152.35,153.27 1 1
goldbox-rpg/pkg/game/spell.go:154.10,155.25 1 1
goldbox-rpg/pkg/game/spell_manager.go:23.54,28.2 1 1
goldbox-rpg/pkg/game/spell_manager.go:31.44,34.93 2 1
goldbox-rpg/pkg/game/spell_manager.go:34.93,35.58 1 1
goldbox-rpg/pkg/game/spell_manager.go:35.58,37.4 1 0
goldbox-rpg/pkg/game/spell_manager.go:39.3,40.17 2 1
goldbox-rpg/pkg/game/spell_manager.go:40.17,42.4 1 0
goldbox-rpg/pkg/game/spell_manager.go:44.3,44.30 1 1
goldbox-rpg/pkg/game/spell_manager.go:44.30,45.91 1 1
goldbox-rpg/pkg/game/spell_manager.go:45.91,46.13 1 0
goldbox-rpg/pkg/game/spell_manager.go:49.4,50.53 2 1
goldbox-rpg/pkg/game/spell_manager.go:50.53,52.5 1 0
goldbox-rpg/pkg/game/spell_manager.go:55.3,55.13 1 1
goldbox-rpg/pkg/game/spell_manager.go:60.62,63.93 2 1
goldbox-rpg/pkg/game/spell_manager.go:63.93,65.17 2 1
goldbox-rpg/pkg/game/spell_manager.go:65.17,67.4 1 0
goldbox-rpg/pkg/game/spell_manager.go:69.3,70.59 2 1
goldbox-rpg/pkg/game/spell_manager.go:70.59,72.4 1 0
goldbox-rpg/pkg/game/spell_manager.go:74.3,74.36 1 1
goldbox-rpg/pkg/game/spell_manager.go:74.36,78.50 2 1
goldbox-rpg/pkg/game/spell_manager.go:78.50,80.5 1 0
goldbox-rpg/pkg/game/spell_manager.go:82.4,82.31 1 1
goldbox-rpg/pkg/game/spell_manager.go:85.3,85.13 1 1
goldbox-rpg/pkg/game/spell_manager.go:90.59,91.20 1 1
goldbox-rpg/pkg/game/spell_manager.go:91.20,93.3 1 0
goldbox-rpg/pkg/game/spell_manager.go:94.2,94.22 1 1
goldbox-rpg/pkg/game/spell_manager.go:94.22,96.3 1 0
goldbox-rpg/pkg/game/spell_manager.go:97.2,97.21 1 1
goldbox-rpg/pkg/game/spell_manager.go:97.21,99.3 1 0
goldbox-rpg/pkg/game/spell_manager.go:100.2,100.21 1 1
goldbox-rpg/pkg/game/spell_manager.go:100.21,102.3 1 0
goldbox-rpg/pkg/game/spell_manager.go:103.2,103.24 1 1
goldbox-rpg/pkg/game/spell_manager.go:103.24,105.3 1 0
goldbox-rpg/pkg/game/spell_manager.go:106.2,106.12 1 1
goldbox-rpg/pkg/game/spell_manager.go:110.72,111.48 1 1
goldbox-rpg/pkg/game/spell_manager.go:111.48,113.3 1 0
goldbox-rpg/pkg/game/spell_manager.go:115.2,117.93 2 1
goldbox-rpg/pkg/game/spell_manager.go:117.93,123.17 3 1
goldbox-rpg/pkg/game/spell_manager.go:123.17,125.4 1 0
goldbox-rpg/pkg/game/spell_manager.go:127.3,128.61 2 1
goldbox-rpg/pkg/game/spell_manager.go:128.61,130.4 1 0
goldbox-rpg/pkg/game/spell_manager.go:133.3,134.13 2 1
goldbox-rpg/pkg/game/spell_manager.go:139.51,143.34 2 0
goldbox-rpg/pkg/game/spell_manager.go:143.34,145.3 1 0
goldbox-rpg/pkg/game/spell_manager.go:148.2,148.43 1 0
goldbox-rpg/pkg/game/spell_manager.go:148.43,150.42 1 0
goldbox-rpg/pkg/game/spell_manager.go:150.42,152.4 1 0
goldbox-rpg/pkg/game/spell_manager.go:154.3,156.17 3 0
goldbox-rpg/pkg/game/spell_manager.go:156.17,158.4 1 0
goldbox-rpg/pkg/game/spell_manager.go:160.3,161.17 2 0
goldbox-rpg/pkg/game/spell_manager.go:161.17,163.4 1 0
goldbox-rpg/pkg/game/spell_manager.go:163.9,165.4 1 0
goldbox-rpg/pkg/game/spell_manager.go:167.3,168.61 2 0
goldbox-rpg/pkg/game/spell_manager.go:168.61,170.4 1 0
goldbox-rpg/pkg/game/spell_manager.go:173.2,173.12 1 0
goldbox-rpg/pkg/game/spell_manager.go:177.66,179.13 2 1
goldbox-rpg/pkg/game/spell_manager.go:179.13,181.3 1 0
goldbox-rpg/pkg/game/spell_manager.go:184.2,185.24 2 1
goldbox-rpg/pkg/game/spell_manager.go:189.62,192.34 2 1
goldbox-rpg/pkg/game/spell_manager.go:192.34,193.27 1 1
goldbox-rpg/pkg/game/spell_manager.go:193.27,196.4 2 1
goldbox-rpg/pkg/game/spell_manager.go:200.2,200.41 1 1
goldbox-rpg/pkg/game/spell_manager.go:200.41,202.3 1 1
goldbox-rpg/pkg/game/spell_manager.go:204.2,204.15 1 1
goldbox-rpg/pkg/game/spell_manager.go:208.72,211.34 2 1
goldbox-rpg/pkg/game/spell_manager.go:211.34,212.29 1 1
goldbox-rpg/pkg/game/spell_manager.go:212.29,215.4 2 1
goldbox-rpg/pkg/game/spell_manager.go:219.2,219.41 1 1
goldbox-rpg/pkg/game/spell_manager.go:219.41,220.41 1 1
goldbox-rpg/pkg/game/spell_manager.go:220.41,222.4 1 1
goldbox-rpg/pkg/game/spell_manager.go:223.3,223.41 1 0
goldbox-rpg/pkg/game/spell_manager.go:226.2,226.15 1 1
goldbox-rpg/pkg/game/spell_manager.go:230.49,233.34 2 0
goldbox-rpg/pkg/game/spell_manager.go:233.34,236.3 2 0
goldbox-rpg/pkg/game/spell_manager.go:239.2,239.41 1 0
goldbox-rpg/pkg/game/spell_manager.go:239.41,240.41 1 0
goldbox-rpg/pkg/game/spell_manager.go:240.41,242.4 1 0
goldbox-rpg/pkg/game/spell_manager.go:243.3,243.41 1 0
goldbox-rpg/pkg/game/spell_manager.go:246.2,246.15 1 0
goldbox-rpg/pkg/game/spell_manager.go:250.54,251.48 1 1
goldbox-rpg/pkg/game/spell_manager.go:251.48,253.3 1 0
goldbox-rpg/pkg/game/spell_manager.go:255.2,255.46 1 1
goldbox-rpg/pkg/game/spell_manager.go:255.46,257.3 1 0
goldbox-rpg/pkg/game/spell_manager.go:259.2,260.12 2 1
goldbox-rpg/pkg/game/spell_manager.go:264.57,265.48 1 0
goldbox-rpg/pkg/game/spell_manager.go:265.48,267.3 1 0
goldbox-rpg/pkg/game/spell_manager.go:269.2,269.47 1 0
goldbox-rpg/pkg/game/spell_manager.go:269.47,271.3 1 0
goldbox-rpg/pkg/game/spell_manager.go:273.2,274.12 2 0
goldbox-rpg/pkg/game/spell_manager.go:278.59,279.46 1 0
goldbox-rpg/pkg/game/spell_manager.go:279.46,281.3 1 0
goldbox-rpg/pkg/game/spell_manager.go:283.2,284.12 2 0
goldbox-rpg/pkg/game/spell_manager.go:288.45,290.2 1 0
goldbox-rpg/pkg/game/spell_manager.go:293.60,296.34 2 0
goldbox-rpg/pkg/game/spell_manager.go:296.34,298.3 1 0
goldbox-rpg/pkg/game/spell_manager.go:300.2,300.15 1 0
goldbox-rpg/pkg/game/spell_manager.go:304.61,308.34 3 1
goldbox-rpg/pkg/game/spell_manager.go:308.34,310.59 1 1
goldbox-rpg/pkg/game/spell_manager.go:310.59,313.12 3 1
goldbox-rpg/pkg/game/spell_manager.go:317.3,317.66 1 1
goldbox-rpg/pkg/game/spell_manager.go:317.66,320.12 3 1
goldbox-rpg/pkg/game/spell_manager.go:324.3,324.48 1 1
goldbox-rpg/pkg/game/spell_manager.go:324.48,325.57 1 1
goldbox-rpg/pkg/game/spell_manager.go:325.57,328.10 3 1
goldbox-rpg/pkg/game/spell_manager.go:334.2,334.41 1 1
goldbox-rpg/pkg/game/spell_manager.go:334.41,335.41 1 1
goldbox-rpg/pkg/game/spell_manager.go:335.41,337.4 1 0
goldbox-rpg/pkg/game/spell_manager.go:338.3,338.41 1 1
goldbox-rpg/pkg/game/spell_manager.go:341.2,341.15 1 1
goldbox-rpg/pkg/game/tile.go:78.26,91.2 1 1
goldbox-rpg/pkg/game/tile.go:113.25,126.2 1 1
goldbox-rpg/pkg/game/utils.go:13.22,15.2 1 1
goldbox-rpg/pkg/game/utils.go:30.70,33.2 1 1
goldbox-rpg/pkg/game/utils.go:59.36,61.13 1 1
goldbox-rpg/pkg/game/utils.go:61.13,63.3 1 1
goldbox-rpg/pkg/game/utils.go:67.2,71.35 3 1
goldbox-rpg/pkg/game/utils.go:71.35,72.23 1 1
goldbox-rpg/pkg/game/utils.go:72.23,74.4 1 1
goldbox-rpg/pkg/game/utils.go:74.9,75.9 1 1
goldbox-rpg/pkg/game/utils.go:79.2,79.21 1 1
goldbox-rpg/pkg/game/utils.go:87.70,99.2 3 1
goldbox-rpg/pkg/game/utils.go:105.37,106.11 1 0
goldbox-rpg/pkg/game/utils.go:106.11,108.3 1 0
goldbox-rpg/pkg/game/utils.go:109.2,109.10 1 0
goldbox-rpg/pkg/game/utils.go:116.37,117.11 1 0
goldbox-rpg/pkg/game/utils.go:117.11,119.3 1 0
goldbox-rpg/pkg/game/utils.go:120.2,120.10 1 0
goldbox-rpg/pkg/game/utils.go:127.27,128.11 1 1
goldbox-rpg/pkg/game/utils.go:128.11,130.3 1 0
goldbox-rpg/pkg/game/utils.go:131.2,131.10 1 1
goldbox-rpg/pkg/game/utils.go:138.27,139.11 1 0
goldbox-rpg/pkg/game/utils.go:139.11,141.3 1 0
goldbox-rpg/pkg/game/utils.go:142.2,142.10 1 0
goldbox-rpg/pkg/game/utils.go:150.54,152.2 1 0
goldbox-rpg/pkg/game/utils.go:169.57,170.15 1 1
goldbox-rpg/pkg/game/utils.go:170.15,172.3 1 1
goldbox-rpg/pkg/game/utils.go:175.2,183.16 3 1
goldbox-rpg/pkg/game/utils.go:183.16,185.3 1 1
goldbox-rpg/pkg/game/utils.go:188.2,189.20 2 1
goldbox-rpg/pkg/game/utils.go:189.20,191.3 1 1
goldbox-rpg/pkg/game/utils.go:193.2,193.50 1 1
goldbox-rpg/pkg/game/world.go:27.67,37.39 4 1
goldbox-rpg/pkg/game/world.go:37.39,44.14 2 1
goldbox-rpg/pkg/game/world.go:45.18,46.49 1 1
goldbox-rpg/pkg/game/world.go:46.49,54.5 2 0
goldbox-rpg/pkg/game/world.go:55.18,56.26 1 1
goldbox-rpg/pkg/game/world.go:57.15,58.23 1 1
goldbox-rpg/pkg/game/world.go:59.23,60.27 1 1
goldbox-rpg/pkg/game/world.go:61.11,67.52 2 1
goldbox-rpg/pkg/game/world.go:71.2,77.12 2 1
goldbox-rpg/pkg/game/world.go:81.56,88.9 3 1
goldbox-rpg/pkg/game/world.go:88.9,95.3 2 0
goldbox-rpg/pkg/game/world.go:97.2,100.31 3 1
goldbox-rpg/pkg/game/world.go:100.31,106.28 4 1
goldbox-rpg/pkg/game/world.go:106.28,107.53 1 1
goldbox-rpg/pkg/game/world.go:107.53,118.5 2 0
goldbox-rpg/pkg/game/world.go:120.3,120.16 1 1
goldbox-rpg/pkg/game/world.go:123.2,130.12 2 1
goldbox-rpg/pkg/game/world.go:134.50,141.9 3 1
goldbox-rpg/pkg/game/world.go:141.9,148.3 2 0
goldbox-rpg/pkg/game/world.go:150.2,151.34 2 1
goldbox-rpg/pkg/game/world.go:151.34,154.3 2 1
goldbox-rpg/pkg/game/world.go:156.2,160.35 1 1
goldbox-rpg/pkg/game/world.go:164.47,166.9 2 1
goldbox-rpg/pkg/game/world.go:166.9,168.3 1 0
goldbox-rpg/pkg/game/world.go:170.2,170.28 1 1
goldbox-rpg/pkg/game/world.go:170.28,172.3 1 1
goldbox-rpg/pkg/game/world.go:176.51,178.9 2 1
goldbox-rpg/pkg/game/world.go:178.9,180.3 1 0
goldbox-rpg/pkg/game/world.go:182.2,182.22 1 1
goldbox-rpg/pkg/game/world.go:186.32,205.30 5 1
goldbox-rpg/pkg/game/world.go:205.30,207.3 1 1
goldbox-rpg/pkg/game/world.go:210.2,210.30 1 1
goldbox-rpg/pkg/game/world.go:210.30,212.3 1 1
goldbox-rpg/pkg/game/world.go:215.2,215.27 1 1
goldbox-rpg/pkg/game/world.go:215.27,217.3 1 1
goldbox-rpg/pkg/game/world.go:220.2,220.34 1 1
goldbox-rpg/pkg/game/world.go:220.34,224.3 3 1
goldbox-rpg/pkg/game/world.go:227.2,227.27 1 1
goldbox-rpg/pkg/game/world.go:227.27,229.37 2 1
goldbox-rpg/pkg/game/world.go:229.37,230.57 1 1
goldbox-rpg/pkg/game/world.go:230.57,233.13 1 0
goldbox-rpg/pkg/game/world.go:238.2,238.14 1 1
goldbox-rpg/pkg/game/world.go:268.24,278.2 1 1
goldbox-rpg/pkg/game/world.go:281.59,291.2 1 1
goldbox-rpg/pkg/game/world.go:294.49,298.49 3 1
goldbox-rpg/pkg/game/world.go:298.49,300.3 1 1
goldbox-rpg/pkg/game/world.go:302.2,309.27 4 1
goldbox-rpg/pkg/game/world.go:309.27,310.52 1 1
goldbox-rpg/pkg/game/world.go:310.52,314.4 1 0
goldbox-rpg/pkg/game/world.go:317.2,317.12 1 1
goldbox-rpg/pkg/game/world.go:321.57,326.40 4 1
goldbox-rpg/pkg/game/world.go:326.40,327.43 1 1
goldbox-rpg/pkg/game/world.go:327.43,329.4 1 1
goldbox-rpg/pkg/game/world.go:332.2,332.16 1 1
goldbox-rpg/pkg/game/world.go:336.69,338.39 1 1
goldbox-rpg/pkg/game/world.go:338.39,340.3 1 1
goldbox-rpg/pkg/game/world.go:343.2,344.38 2 1
goldbox-rpg/pkg/game/world.go:344.38,345.23 1 1
goldbox-rpg/pkg/game/world.go:345.23,347.4 1 1
goldbox-rpg/pkg/game/world.go:352.2,352.12 1 1
goldbox-rpg/pkg/game/world.go:356.59,359.2 1 1
goldbox-rpg/pkg/game/world.go:362.52,366.2 1 1
goldbox-rpg/pkg/game/world.go:369.64,373.27 3 1
goldbox-rpg/pkg/game/world.go:373.27,375.3 1 1
goldbox-rpg/pkg/game/world.go:378.2,379.32 2 1
goldbox-rpg/pkg/game/world.go:379.32,382.45 2 1
goldbox-rpg/pkg/game/world.go:382.45,384.4 1 1
goldbox-rpg/pkg/game/world.go:386.2,386.16 1 1
goldbox-rpg/pkg/game/world.go:390.82,394.27 3 1
goldbox-rpg/pkg/game/world.go:394.27,396.3 1 1
goldbox-rpg/pkg/game/world.go:399.2,400.32 2 1
goldbox-rpg/pkg/game/world.go:400.32,405.25 5 1
goldbox-rpg/pkg/game/world.go:405.25,407.4 1 1
goldbox-rpg/pkg/game/world.go:409.2,409.16 1 1
goldbox-rpg/pkg/game/world.go:413.72,417.27 3 1
goldbox-rpg/pkg/game/world.go:417.27,419.3 1 1
goldbox-rpg/pkg/game/world.go:422.2,428.32 3 1
goldbox-rpg/pkg/game/world.go:428.32,434.3 5 1
goldbox-rpg/pkg/game/world.go:437.2,437.41 1 1
goldbox-rpg/pkg/game/world.go:437.41,438.44 1 1
goldbox-rpg/pkg/game/world.go:438.44,439.55 1 1
goldbox-rpg/pkg/game/world.go:439.55,441.5 1 0
goldbox-rpg/pkg/game/world.go:445.2,447.25 3 1
goldbox-rpg/pkg/game/world.go:447.25,449.3 1 0
goldbox-rpg/pkg/game/world.go:450.2,450.29 1 1
goldbox-rpg/pkg/game/world.go:450.29,452.3 1 1
goldbox-rpg/pkg/game/world.go:453.2,453.15 1 1
goldbox-rpg/pkg/game/world.go:457.78,462.16 4 1
goldbox-rpg/pkg/game/world.go:462.16,464.3 1 0
goldbox-rpg/pkg/game/world.go:466.2,466.70 1 1
goldbox-rpg/pkg/game/world.go:466.70,468.3 1 0
goldbox-rpg/pkg/game/world.go:470.2,472.71 2 1
goldbox-rpg/pkg/game/world.go:472.71,474.3 1 0
goldbox-rpg/pkg/game/world.go:476.2,476.12 1 1
goldbox-rpg/pkg/game/world.go:480.85,482.13 2 1
goldbox-rpg/pkg/game/world.go:482.13,484.3 1 0
goldbox-rpg/pkg/game/world.go:485.2,485.36 1 1
goldbox-rpg/pkg/game/world.go:489.87,494.37 2 1
goldbox-rpg/pkg/game/world.go:494.37,495.79 1 1
goldbox-rpg/pkg/game/world.go:495.79,497.4 1 0
goldbox-rpg/pkg/game/world.go:498.8,499.49 1 0
goldbox-rpg/pkg/game/world.go:499.49,501.4 1 0
goldbox-rpg/pkg/game/world.go:503.2,503.12 1 1
goldbox-rpg/pkg/game/world.go:507.83,510.2 2 1
goldbox-rpg/pkg/game/world.go:513.76,514.54 1 1
goldbox-rpg/pkg/game/world.go:514.54,515.33 1 1
goldbox-rpg/pkg/game/world.go:515.33,516.22 1 1
goldbox-rpg/pkg/game/world.go:516.22,518.10 2 1
goldbox-rpg/pkg/game/world.go:521.3,521.35 1 1
goldbox-rpg/pkg/game/world.go:521.35,523.4 1 1
goldbox-rpg/pkg/game/world.go:528.71,530.2 1 1
goldbox-rpg/pkg/game/world.go:533.84,534.27 1 1
goldbox-rpg/pkg/game/world.go:534.27,535.65 1 1
goldbox-rpg/pkg/game/world.go:535.65,537.4 1 0
goldbox-rpg/pkg/game/world.go:539.2,539.12 1 1
goldbox-rpg/pkg/game/world.go:543.53,548.13 4 1
goldbox-rpg/pkg/game/world.go:548.13,550.3 1 0
goldbox-rpg/pkg/game/world.go:552.2,558.51 3 1
goldbox-rpg/pkg/game/world.go:558.51,559.30 1 1
goldbox-rpg/pkg/game/world.go:559.30,560.22 1 1
goldbox-rpg/pkg/game/world.go:560.22,562.10 2 1
goldbox-rpg/pkg/game/world.go:565.3,565.35 1 1
goldbox-rpg/pkg/game/world.go:565.35,567.4 1 1
goldbox-rpg/pkg/game/world.go:571.2,571.27 1 1
goldbox-rpg/pkg/game/world.go:571.27,572.57 1 1
goldbox-rpg/pkg/game/world.go:572.57,574.4 1 0
goldbox-rpg/pkg/game/world.go:577.2,577.12 1 1
goldbox-rpg/pkg/game/world.go:581.59,585.27 3 1
goldbox-rpg/pkg/game/world.go:585.27,588.3 2 1
goldbox-rpg/pkg/game/world.go:589.2,589.12 1 0
goldbox-rpg/pkg/game/world_types.go:64.56,70.2 5 1
goldbox-rpg/pkg/game/world_types.go:73.53,77.2 3 1
goldbox-rpg/pkg/pcg/demo/metrics_demo.go:15.13,45.25 12 0
goldbox-rpg/pkg/pcg/demo/metrics_demo.go:45.25,50.17 4 0
goldbox-rpg/pkg/pcg/demo/metrics_demo.go:50.17,52.4 1 0
goldbox-rpg/pkg/pcg/demo/metrics_demo.go:56.2,56.25 1 0
goldbox-rpg/pkg/pcg/demo/metrics_demo.go:56.25,61.17 4 0
goldbox-rpg/pkg/pcg/demo/metrics_demo.go:61.17,63.4 1 0
goldbox-rpg/pkg/pcg/demo/metrics_demo.go:67.2,68.26 2 0
goldbox-rpg/pkg/pcg/demo/metrics_demo.go:68.26,69.15 1 0
goldbox-rpg/pkg/pcg/demo/metrics_demo.go:69.15,71.4 1 0
goldbox-rpg/pkg/pcg/demo/metrics_demo.go:71.9,73.4 1 0
goldbox-rpg/pkg/pcg/demo/metrics_demo.go:77.2,91.40 10 0
goldbox-rpg/pkg/pcg/demo/metrics_demo.go:94.51,106.43 4 0
goldbox-rpg/pkg/pcg/demo/metrics_demo.go:106.43,108.16 2 0
goldbox-rpg/pkg/pcg/demo/metrics_demo.go:108.16,113.4 3 0
goldbox-rpg/pkg/pcg/demo/metrics_demo.go:117.36,119.16 2 0
goldbox-rpg/pkg/pcg/demo/metrics_demo.go:119.16,122.3 2 0
goldbox-rpg/pkg/pcg/demo/metrics_demo.go:123.2,123.31 1 0
goldbox-rpg/pkg/pcg/balancer.go:153.65,154.19 1 1
goldbox-rpg/pkg/pcg/balancer.go:154.19,156.3 1 1
goldbox-rpg/pkg/pcg/balancer.go:158.2,162.50 3 1
goldbox-rpg/pkg/pcg/balancer.go:162.50,166.3 1 1
goldbox-rpg/pkg/pcg/balancer.go:168.2,186.17 3 1
goldbox-rpg/pkg/pcg/balancer.go:190.112,196.59 4 1
goldbox-rpg/pkg/pcg/balancer.go:196.59,199.3 2 1
goldbox-rpg/pkg/pcg/balancer.go:202.2,202.22 1 1
goldbox-rpg/pkg/pcg/balancer.go:202.22,204.3 1 0
goldbox-rpg/pkg/pcg/balancer.go:207.2,208.13 2 1
goldbox-rpg/pkg/pcg/balancer.go:208.13,211.3 2 0
goldbox-rpg/pkg/pcg/balancer.go:214.2,219.16 4 1
goldbox-rpg/pkg/pcg/balancer.go:219.16,222.3 2 0
goldbox-rpg/pkg/pcg/balancer.go:225.2,228.70 2 1
goldbox-rpg/pkg/pcg/balancer.go:228.70,231.3 2 0
goldbox-rpg/pkg/pcg/balancer.go:234.2,265.20 8 1
goldbox-rpg/pkg/pcg/balancer.go:269.105,279.41 3 1
goldbox-rpg/pkg/pcg/balancer.go:279.41,282.3 2 1
goldbox-rpg/pkg/pcg/balancer.go:284.2,287.29 2 1
goldbox-rpg/pkg/pcg/balancer.go:287.29,290.3 2 1
goldbox-rpg/pkg/pcg/balancer.go:293.2,293.52 1 1
goldbox-rpg/pkg/pcg/balancer.go:293.52,295.3 1 1
goldbox-rpg/pkg/pcg/balancer.go:297.2,297.43 1 1
goldbox-rpg/pkg/pcg/balancer.go:301.130,302.29 1 1
goldbox-rpg/pkg/pcg/balancer.go:303.25,304.62 1 1
goldbox-rpg/pkg/pcg/balancer.go:305.29,306.66 1 1
goldbox-rpg/pkg/pcg/balancer.go:307.26,308.64 1 1
goldbox-rpg/pkg/pcg/balancer.go:309.24,310.61 1 1
goldbox-rpg/pkg/pcg/balancer.go:311.26,312.64 1 0
goldbox-rpg/pkg/pcg/balancer.go:313.10,314.71 1 0
goldbox-rpg/pkg/pcg/balancer.go:319.118,321.9 2 1
goldbox-rpg/pkg/pcg/balancer.go:321.9,323.3 1 0
goldbox-rpg/pkg/pcg/balancer.go:326.2,329.39 2 1
goldbox-rpg/pkg/pcg/balancer.go:329.39,330.45 1 1
goldbox-rpg/pkg/pcg/balancer.go:330.45,334.4 3 1
goldbox-rpg/pkg/pcg/balancer.go:337.3,337.46 1 1
goldbox-rpg/pkg/pcg/balancer.go:337.46,341.4 3 1
goldbox-rpg/pkg/pcg/balancer.go:345.2,345.42 1 1
goldbox-rpg/pkg/pcg/balancer.go:345.42,346.47 1 1
goldbox-rpg/pkg/pcg/balancer.go:346.47,350.4 3 1
goldbox-rpg/pkg/pcg/balancer.go:353.2,353.28 1 1
goldbox-rpg/pkg/pcg/balancer.go:357.122,359.9 2 1
goldbox-rpg/pkg/pcg/balancer.go:359.9,361.3 1 0
goldbox-rpg/pkg/pcg/balancer.go:364.2,373.19 6 1
goldbox-rpg/pkg/pcg/balancer.go:373.19,376.3 2 1
goldbox-rpg/pkg/pcg/balancer.go:379.2,379.19 1 1
goldbox-rpg/pkg/pcg/balancer.go:379.19,382.3 2 1
goldbox-rpg/pkg/pcg/balancer.go:384.2,384.26 1 1
goldbox-rpg/pkg/pcg/balancer.go:388.120,390.9 2 1
goldbox-rpg/pkg/pcg/balancer.go:390.9,392.3 1 0
goldbox-rpg/pkg/pcg/balancer.go:395.2,402.30 5 1
goldbox-rpg/pkg/pcg/balancer.go:406.117,408.9 2 1
goldbox-rpg/pkg/pcg/balancer.go:408.9,410.3 1 0
goldbox-rpg/pkg/pcg/balancer.go:413.2,416.28 2 1
goldbox-rpg/pkg/pcg/balancer.go:416.28,420.3 3 1
goldbox-rpg/pkg/pcg/balancer.go:422.2,422.27 1 1
goldbox-rpg/pkg/pcg/balancer.go:426.120,430.2 1 0
goldbox-rpg/pkg/pcg/balancer.go:433.127,438.2 2 0
goldbox-rpg/pkg/pcg/balancer.go:441.111,452.2 6 1
goldbox-rpg/pkg/pcg/balancer.go:455.46,467.2 1 1
goldbox-rpg/pkg/pcg/balancer.go:470.57,524.2 7 1
goldbox-rpg/pkg/pcg/balancer.go:527.59,601.2 7 1
goldbox-rpg/pkg/pcg/balancer.go:604.58,638.2 5 1
goldbox-rpg/pkg/pcg/balancer.go:644.81,645.29 1 1
goldbox-rpg/pkg/pcg/balancer.go:645.29,647.3 1 1
goldbox-rpg/pkg/pcg/balancer.go:649.2,649.28 1 1
goldbox-rpg/pkg/pcg/balancer.go:649.28,651.3 1 1
goldbox-rpg/pkg/pcg/balancer.go:653.2,653.33 1 1
goldbox-rpg/pkg/pcg/balancer.go:653.33,655.3 1 1
goldbox-rpg/pkg/pcg/balancer.go:657.2,657.12 1 1
goldbox-rpg/pkg/pcg/balancer.go:661.87,672.2 1 0
goldbox-rpg/pkg/pcg/balancer.go:675.96,676.47 1 1
goldbox-rpg/pkg/pcg/balancer.go:676.47,678.14 2 1
goldbox-rpg/pkg/pcg/balancer.go:678.14,679.12 1 1
goldbox-rpg/pkg/pcg/balancer.go:683.3,684.14 2 1
goldbox-rpg/pkg/pcg/balancer.go:684.14,685.12 1 0
goldbox-rpg/pkg/pcg/balancer.go:689.3,689.62 1 1
goldbox-rpg/pkg/pcg/balancer.go:689.62,692.4 1 1
goldbox-rpg/pkg/pcg/balancer.go:695.3,695.66 1 1
goldbox-rpg/pkg/pcg/balancer.go:695.66,698.4 1 1
goldbox-rpg/pkg/pcg/balancer.go:701.2,701.12 1 1
goldbox-rpg/pkg/pcg/balancer.go:705.131,709.88 2 1
goldbox-rpg/pkg/pcg/balancer.go:709.88,711.3 1 1
goldbox-rpg/pkg/pcg/balancer.go:714.2,715.36 2 1
goldbox-rpg/pkg/pcg/balancer.go:715.36,717.3 1 1
goldbox-rpg/pkg/pcg/balancer.go:718.2,720.32 2 1
goldbox-rpg/pkg/pcg/balancer.go:720.32,722.3 1 1
goldbox-rpg/pkg/pcg/balancer.go:725.2,728.31 3 1
goldbox-rpg/pkg/pcg/balancer.go:732.117,735.45 2 1
goldbox-rpg/pkg/pcg/balancer.go:735.45,738.3 1 1
goldbox-rpg/pkg/pcg/balancer.go:740.2,740.45 1 1
goldbox-rpg/pkg/pcg/balancer.go:740.45,743.3 1 1
goldbox-rpg/pkg/pcg/balancer.go:745.2,745.54 1 1
goldbox-rpg/pkg/pcg/balancer.go:745.54,748.3 1 1
goldbox-rpg/pkg/pcg/balancer.go:750.2,750.56 1 1
goldbox-rpg/pkg/pcg/balancer.go:750.56,753.3 1 1
goldbox-rpg/pkg/pcg/balancer.go:755.2,755.17 1 1
goldbox-rpg/pkg/pcg/balancer.go:759.128,765.24 4 1
goldbox-rpg/pkg/pcg/balancer.go:765.24,767.3 1 0
goldbox-rpg/pkg/pcg/balancer.go:768.2,774.14 4 1
goldbox-rpg/pkg/pcg/balancer.go:774.14,776.3 1 1
goldbox-rpg/pkg/pcg/balancer.go:779.2,779.37 1 1
goldbox-rpg/pkg/pcg/balancer.go:779.37,781.3 1 1
goldbox-rpg/pkg/pcg/balancer.go:781.8,783.3 1 0
goldbox-rpg/pkg/pcg/balancer.go:785.2,788.40 2 1
goldbox-rpg/pkg/pcg/balancer.go:788.40,790.3 1 1
goldbox-rpg/pkg/pcg/balancer.go:790.8,792.3 1 1
goldbox-rpg/pkg/pcg/balancer.go:795.2,796.39 2 1
goldbox-rpg/pkg/pcg/balancer.go:800.78,801.47 1 1
goldbox-rpg/pkg/pcg/balancer.go:801.47,808.41 4 1
goldbox-rpg/pkg/pcg/balancer.go:808.41,810.4 1 1
goldbox-rpg/pkg/pcg/balancer.go:810.9,813.4 1 1
goldbox-rpg/pkg/pcg/balancer.go:816.3,816.39 1 1
goldbox-rpg/pkg/pcg/balancer.go:816.39,818.4 1 1
goldbox-rpg/pkg/pcg/balancer.go:821.3,822.61 2 1
goldbox-rpg/pkg/pcg/balancer.go:822.61,824.4 1 0
goldbox-rpg/pkg/pcg/balancer.go:826.3,826.66 1 1
goldbox-rpg/pkg/pcg/balancer.go:831.102,844.2 6 1
goldbox-rpg/pkg/pcg/balancer.go:847.98,862.2 7 1
goldbox-rpg/pkg/pcg/balancer.go:865.109,876.66 8 1
goldbox-rpg/pkg/pcg/balancer.go:876.66,883.3 1 1
goldbox-rpg/pkg/pcg/balancer.go:885.2,885.17 1 1
goldbox-rpg/pkg/pcg/balancer.go:889.48,891.2 1 1
goldbox-rpg/pkg/pcg/balancer.go:894.57,917.50 6 1
goldbox-rpg/pkg/pcg/balancer.go:917.50,919.3 1 1
goldbox-rpg/pkg/pcg/balancer.go:920.2,920.52 1 1
goldbox-rpg/pkg/pcg/balancer.go:920.52,922.3 1 1
goldbox-rpg/pkg/pcg/balancer.go:923.2,923.54 1 1
goldbox-rpg/pkg/pcg/balancer.go:923.54,925.3 1 1
goldbox-rpg/pkg/pcg/balancer.go:927.2,927.21 1 1
goldbox-rpg/pkg/pcg/bootstrap.go:85.97,86.19 1 1
goldbox-rpg/pkg/pcg/bootstrap.go:86.19,88.3 1 1
goldbox-rpg/pkg/pcg/bootstrap.go:90.2,98.3 2 1
goldbox-rpg/pkg/pcg/bootstrap.go:103.84,107.58 2 1
goldbox-rpg/pkg/pcg/bootstrap.go:107.58,109.3 1 1
goldbox-rpg/pkg/pcg/bootstrap.go:112.2,113.16 2 1
goldbox-rpg/pkg/pcg/bootstrap.go:113.16,115.3 1 0
goldbox-rpg/pkg/pcg/bootstrap.go:118.2,119.56 2 1
goldbox-rpg/pkg/pcg/bootstrap.go:119.56,121.3 1 1
goldbox-rpg/pkg/pcg/bootstrap.go:124.2,124.55 1 1
goldbox-rpg/pkg/pcg/bootstrap.go:124.55,126.3 1 1
goldbox-rpg/pkg/pcg/bootstrap.go:129.2,129.52 1 1
goldbox-rpg/pkg/pcg/bootstrap.go:129.52,131.3 1 1
goldbox-rpg/pkg/pcg/bootstrap.go:134.2,134.38 1 1
goldbox-rpg/pkg/pcg/bootstrap.go:138.63,142.58 2 1
goldbox-rpg/pkg/pcg/bootstrap.go:142.58,144.3 1 1
goldbox-rpg/pkg/pcg/bootstrap.go:147.2,148.16 2 1
goldbox-rpg/pkg/pcg/bootstrap.go:148.16,150.3 1 0
goldbox-rpg/pkg/pcg/bootstrap.go:153.2,154.56 2 1
goldbox-rpg/pkg/pcg/bootstrap.go:154.56,156.3 1 1
goldbox-rpg/pkg/pcg/bootstrap.go:159.2,160.30 2 1
goldbox-rpg/pkg/pcg/bootstrap.go:160.30,162.3 1 1
goldbox-rpg/pkg/pcg/bootstrap.go:164.2,164.19 1 1
goldbox-rpg/pkg/pcg/bootstrap.go:169.55,176.37 2 1
goldbox-rpg/pkg/pcg/bootstrap.go:176.37,178.54 2 1
goldbox-rpg/pkg/pcg/bootstrap.go:178.54,180.4 1 1
goldbox-rpg/pkg/pcg/bootstrap.go:183.2,183.13 1 1
goldbox-rpg/pkg/pcg/bootstrap.go:187.48,198.2 1 1
[...]
goldbox-rpg/pkg/server/spell.go:61.92,63.2 1 1
goldbox-rpg/pkg/server/spell.go:66.56,71.2 1 1
goldbox-rpg/pkg/server/spell.go:74.65,79.2 1 1
goldbox-rpg/pkg/server/spell.go:82.140,83.22 1 1
goldbox-rpg/pkg/server/spell.go:84.28,85.58 1 1
goldbox-rpg/pkg/server/spell.go:86.30,87.60 1 1
goldbox-rpg/pkg/server/spell.go:88.27,89.52 1 1
goldbox-rpg/pkg/server/spell.go:90.10,95.56 2 1
goldbox-rpg/pkg/server/spell.go:100.56,105.2 1 0
goldbox-rpg/pkg/server/spells.go:11.96,18.19 2 1
goldbox-rpg/pkg/server/spells.go:19.28,21.40 1 1
goldbox-rpg/pkg/server/spells.go:21.40,27.4 2 0
goldbox-rpg/pkg/server/spells.go:28.3,28.14 1 1
goldbox-rpg/pkg/server/spells.go:30.29,32.40 1 1
goldbox-rpg/pkg/server/spells.go:32.40,38.4 2 0
goldbox-rpg/pkg/server/spells.go:39.3,39.14 1 1
goldbox-rpg/pkg/server/spells.go:41.30,43.41 1 1
goldbox-rpg/pkg/server/spells.go:43.41,44.37 1 1
goldbox-rpg/pkg/server/spells.go:44.37,49.5 2 1
goldbox-rpg/pkg/server/spells.go:51.3,55.15 2 1
goldbox-rpg/pkg/server/spells.go:57.10,62.15 2 0
goldbox-rpg/pkg/server/spells.go:66.85,74.32 2 1
goldbox-rpg/pkg/server/spells.go:74.32,81.3 2 1
goldbox-rpg/pkg/server/spells.go:84.2,84.45 1 1
goldbox-rpg/pkg/server/spells.go:84.45,85.46 1 1
goldbox-rpg/pkg/server/spells.go:85.46,91.4 2 1
goldbox-rpg/pkg/server/spells.go:94.2,97.12 2 1
goldbox-rpg/pkg/server/spells.go:101.121,108.16 4 1
goldbox-rpg/pkg/server/spells.go:108.16,110.3 1 0
goldbox-rpg/pkg/server/spells.go:112.2,113.16 2 1
goldbox-rpg/pkg/server/spells.go:113.16,115.3 1 0
goldbox-rpg/pkg/server/spells.go:118.2,118.33 1 1
goldbox-rpg/pkg/server/spells.go:118.33,120.17 2 1
goldbox-rpg/pkg/server/spells.go:120.17,122.4 1 0
goldbox-rpg/pkg/server/spells.go:125.2,136.20 3 1
goldbox-rpg/pkg/server/spells.go:140.101,147.2 1 1
goldbox-rpg/pkg/server/spells.go:150.119,152.16 2 1
goldbox-rpg/pkg/server/spells.go:152.16,155.3 2 0
goldbox-rpg/pkg/server/spells.go:156.2,159.22 4 1
goldbox-rpg/pkg/server/spells.go:159.22,161.3 1 1
goldbox-rpg/pkg/server/spells.go:162.2,162.73 1 1
goldbox-rpg/pkg/server/spells.go:162.73,165.3 2 0
goldbox-rpg/pkg/server/spells.go:166.2,166.38 1 1
goldbox-rpg/pkg/server/spells.go:170.120,172.16 2 1
goldbox-rpg/pkg/server/spells.go:172.16,175.3 2 0
goldbox-rpg/pkg/server/spells.go:176.2,178.63 3 1
goldbox-rpg/pkg/server/spells.go:178.63,181.3 2 0
goldbox-rpg/pkg/server/spells.go:182.2,182.39 1 1
goldbox-rpg/pkg/server/spells.go:186.121,189.72 3 1
goldbox-rpg/pkg/server/spells.go:189.72,192.3 2 0
goldbox-rpg/pkg/server/spells.go:193.2,193.32 1 1
goldbox-rpg/pkg/server/spells.go:202.26,217.23 2 1
goldbox-rpg/pkg/server/spells.go:217.23,219.3 1 1
goldbox-rpg/pkg/server/spells.go:220.2,220.24 1 1
goldbox-rpg/pkg/server/spells.go:220.24,222.3 1 1
goldbox-rpg/pkg/server/spells.go:223.2,223.15 1 1
goldbox-rpg/pkg/server/spells.go:227.98,235.2 1 1
goldbox-rpg/pkg/server/spells.go:237.123,257.2 4 1
goldbox-rpg/pkg/server/spells.go:259.122,279.2 4 1
goldbox-rpg/pkg/server/spells.go:281.119,301.2 4 1
goldbox-rpg/pkg/server/spells.go:304.70,310.21 3 1
goldbox-rpg/pkg/server/spells.go:310.21,312.3 1 1
goldbox-rpg/pkg/server/spells.go:315.2,317.45 2 1
goldbox-rpg/pkg/server/spells.go:321.61,322.18 1 0
goldbox-rpg/pkg/server/spells.go:323.18,325.37 1 0
goldbox-rpg/pkg/server/spells.go:326.24,328.37 1 0
goldbox-rpg/pkg/server/spells.go:329.23,331.41 1 0
goldbox-rpg/pkg/server/spells.go:332.10,334.47 1 0
goldbox-rpg/pkg/server/spells.go:339.62,340.18 1 0
goldbox-rpg/pkg/server/spells.go:341.14,343.37 1 0
goldbox-rpg/pkg/server/spells.go:344.21,346.37 1 0
goldbox-rpg/pkg/server/spells.go:347.22,349.37 1 0
goldbox-rpg/pkg/server/spells.go:350.10,352.47 1 0
goldbox-rpg/pkg/server/spells.go:357.41,367.34 2 0
goldbox-rpg/pkg/server/spells.go:367.34,375.3 2 0
goldbox-rpg/pkg/server/spells.go:377.2,378.31 2 0
goldbox-rpg/pkg/server/spells.go:378.31,388.3 3 0
goldbox-rpg/pkg/server/spells.go:390.2,399.14 2 0
goldbox-rpg/pkg/server/spells.go:403.92,414.37 3 1
goldbox-rpg/pkg/server/spells.go:414.37,415.41 1 0
goldbox-rpg/pkg/server/spells.go:415.41,428.17 5 0
goldbox-rpg/pkg/server/spells.go:428.17,437.5 2 0
goldbox-rpg/pkg/server/spells.go:439.4,457.14 4 0
goldbox-rpg/pkg/server/spells.go:460.2,479.12 4 1
goldbox-rpg/pkg/server/spells.go:483.75,493.37 3 1
goldbox-rpg/pkg/server/spells.go:493.37,494.41 1 0
goldbox-rpg/pkg/server/spells.go:494.41,508.21 6 0
goldbox-rpg/pkg/server/spells.go:508.21,519.5 2 0
goldbox-rpg/pkg/server/spells.go:521.4,539.14 4 0
goldbox-rpg/pkg/server/spells.go:542.2,560.12 4 1
goldbox-rpg/pkg/server/state.go:56.56,57.45 1 1
goldbox-rpg/pkg/server/state.go:57.45,59.3 1 1
goldbox-rpg/pkg/server/state.go:61.2,65.26 3 1
goldbox-rpg/pkg/server/state.go:65.26,67.3 1 1
goldbox-rpg/pkg/server/state.go:70.2,70.34 1 1
goldbox-rpg/pkg/server/state.go:70.34,72.3 1 1
goldbox-rpg/pkg/server/state.go:75.2,75.64 1 1
goldbox-rpg/pkg/server/state.go:79.56,81.52 1 1
goldbox-rpg/pkg/server/state.go:81.52,82.55 1 1
goldbox-rpg/pkg/server/state.go:82.55,83.63 1 1
goldbox-rpg/pkg/server/state.go:83.63,85.5 1 1
goldbox-rpg/pkg/server/state.go:90.2,112.39 14 1
goldbox-rpg/pkg/server/state.go:112.39,114.3 1 0
goldbox-rpg/pkg/server/state.go:115.2,124.14 6 1
goldbox-rpg/pkg/server/state.go:127.39,131.22 1 1
goldbox-rpg/pkg/server/state.go:131.22,133.3 1 1
goldbox-rpg/pkg/server/state.go:134.2,134.12 1 1
goldbox-rpg/pkg/server/state.go:138.72,150.15 9 0
goldbox-rpg/pkg/server/state.go:150.15,155.3 4 0
goldbox-rpg/pkg/server/state.go:158.2,158.27 1 0
goldbox-rpg/pkg/server/state.go:158.27,160.3 1 0
goldbox-rpg/pkg/server/state.go:163.2,164.12 2 0
goldbox-rpg/pkg/server/state.go:164.12,166.3 1 0
goldbox-rpg/pkg/server/state.go:168.2,168.9 1 0
goldbox-rpg/pkg/server/state.go:169.21,170.17 1 0
goldbox-rpg/pkg/server/state.go:170.17,173.4 2 0
goldbox-rpg/pkg/server/state.go:174.37,176.40 2 0
goldbox-rpg/pkg/server/state.go:179.2,183.12 3 0
goldbox-rpg/pkg/server/state.go:186.45,187.52 1 0
goldbox-rpg/pkg/server/state.go:187.52,196.3 6 0
goldbox-rpg/pkg/server/state.go:196.8,198.3 1 0
goldbox-rpg/pkg/server/state.go:201.73,202.54 1 0
goldbox-rpg/pkg/server/state.go:202.54,204.3 1 0
goldbox-rpg/pkg/server/state.go:206.2,206.53 1 0
goldbox-rpg/pkg/server/state.go:206.53,208.3 1 0
goldbox-rpg/pkg/server/state.go:210.2,210.53 1 0
goldbox-rpg/pkg/server/state.go:210.53,212.3 1 0
goldbox-rpg/pkg/server/state.go:214.2,214.56 1 0
goldbox-rpg/pkg/server/state.go:214.56,216.3 1 0
goldbox-rpg/pkg/server/state.go:218.2,218.12 1 0
goldbox-rpg/pkg/server/state.go:222.78,224.9 2 0
goldbox-rpg/pkg/server/state.go:224.9,226.3 1 0
goldbox-rpg/pkg/server/state.go:228.2,228.59 1 0
goldbox-rpg/pkg/server/state.go:228.59,230.3 1 0
goldbox-rpg/pkg/server/state.go:232.2,232.12 1 0
goldbox-rpg/pkg/server/state.go:236.77,238.9 2 0
goldbox-rpg/pkg/server/state.go:238.9,240.3 1 0
goldbox-rpg/pkg/server/state.go:242.2,243.9 2 0
goldbox-rpg/pkg/server/state.go:243.9,245.3 1 0
goldbox-rpg/pkg/server/state.go:247.2,247.58 1 0
goldbox-rpg/pkg/server/state.go:247.58,249.3 1 0
goldbox-rpg/pkg/server/state.go:251.2,251.12 1 0
goldbox-rpg/pkg/server/state.go:255.77,257.9 2 0
goldbox-rpg/pkg/server/state.go:257.9,259.3 1 0
goldbox-rpg/pkg/server/state.go:261.2,261.59 1 0
goldbox-rpg/pkg/server/state.go:261.59,263.3 1 0
goldbox-rpg/pkg/server/state.go:265.2,265.12 1 0
goldbox-rpg/pkg/server/state.go:269.80,271.9 2 0
goldbox-rpg/pkg/server/state.go:271.9,273.3 1 0
goldbox-rpg/pkg/server/state.go:275.2,275.41 1 0
goldbox-rpg/pkg/server/state.go:275.41,276.60 1 0
goldbox-rpg/pkg/server/state.go:276.60,278.4 1 0
goldbox-rpg/pkg/server/state.go:281.2,281.12 1 0
goldbox-rpg/pkg/server/state.go:285.79,287.13 2 0
goldbox-rpg/pkg/server/state.go:287.13,289.3 1 0
goldbox-rpg/pkg/server/state.go:291.2,292.9 2 0
goldbox-rpg/pkg/server/state.go:292.9,294.3 1 0
goldbox-rpg/pkg/server/state.go:296.2,296.50 1 0
goldbox-rpg/pkg/server/state.go:296.50,298.3 1 0
goldbox-rpg/pkg/server/state.go:300.2,300.12 1 0
goldbox-rpg/pkg/server/state.go:303.43,321.39 3 0
goldbox-rpg/pkg/server/state.go:321.39,323.3 1 0
goldbox-rpg/pkg/server/state.go:325.2,325.17 1 0
goldbox-rpg/pkg/server/state.go:349.58,358.45 1 1
goldbox-rpg/pkg/server/state.go:358.45,360.44 2 1
goldbox-rpg/pkg/server/state.go:360.44,368.5 1 0
goldbox-rpg/pkg/server/state.go:369.4,369.17 1 1
goldbox-rpg/pkg/server/state.go:430.36,453.2 4 1
goldbox-rpg/pkg/server/state.go:465.10,475.57 4 1
goldbox-rpg/pkg/server/state.go:475.57,477.3 1 0
goldbox-rpg/pkg/server/state.go:479.2,484.12 2 1
goldbox-rpg/pkg/server/state.go:499.9,508.37 4 1
goldbox-rpg/pkg/server/state.go:508.37,511.3 2 1
goldbox-rpg/pkg/server/state.go:514.2,514.57 1 1
goldbox-rpg/pkg/server/state.go:514.57,516.3 1 0
goldbox-rpg/pkg/server/state.go:518.2,523.12 2 1
goldbox-rpg/pkg/server/timeout.go:36.58,38.22 2 1
goldbox-rpg/pkg/server/timeout.go:38.22,47.3 1 1
goldbox-rpg/pkg/server/timeout.go:47.8,57.3 1 1
goldbox-rpg/pkg/server/timeout.go:59.2,65.3 1 1
goldbox-rpg/pkg/server/timeout.go:69.134,74.21 3 1
goldbox-rpg/pkg/server/timeout.go:74.21,78.3 2 1
goldbox-rpg/pkg/server/timeout.go:78.8,81.3 1 1
goldbox-rpg/pkg/server/timeout.go:85.118,87.2 1 1
goldbox-rpg/pkg/server/timeout.go:90.146,93.2 2 1
goldbox-rpg/pkg/server/timeout.go:96.45,108.2 2 1
goldbox-rpg/pkg/server/timeout.go:111.43,112.37 1 1
goldbox-rpg/pkg/server/timeout.go:112.37,114.3 1 1
goldbox-rpg/pkg/server/timeout.go:116.2,116.37 1 1
goldbox-rpg/pkg/server/timeout.go:116.37,118.3 1 1
goldbox-rpg/pkg/server/timeout.go:120.2,120.21 1 1
goldbox-rpg/pkg/server/timeout.go:120.21,121.37 1 1
goldbox-rpg/pkg/server/timeout.go:121.37,123.4 1 1
goldbox-rpg/pkg/server/timeout.go:125.3,125.38 1 1
goldbox-rpg/pkg/server/timeout.go:125.38,127.4 1 0
goldbox-rpg/pkg/server/timeout.go:129.3,129.60 1 1
goldbox-rpg/pkg/server/timeout.go:129.60,131.4 1 0
goldbox-rpg/pkg/server/timeout.go:134.2,134.12 1 1
goldbox-rpg/pkg/server/timeout.go:141.50,144.49 2 1
goldbox-rpg/pkg/server/timeout.go:144.49,146.3 1 1
goldbox-rpg/pkg/server/timeout.go:148.2,151.12 3 1
goldbox-rpg/pkg/server/timeout.go:155.40,157.2 1 1
goldbox-rpg/pkg/server/timeout.go:160.114,161.32 1 1
goldbox-rpg/pkg/server/timeout.go:161.32,166.3 3 1
goldbox-rpg/pkg/server/timeout.go:168.2,168.72 1 1
goldbox-rpg/pkg/server/timeout.go:172.98,173.32 1 1
goldbox-rpg/pkg/server/timeout.go:173.32,176.3 1 1
goldbox-rpg/pkg/server/timeout.go:178.2,178.70 1 1
goldbox-rpg/pkg/server/types.go:87.72,88.14 1 1
goldbox-rpg/pkg/server/types.go:88.14,90.3 1 1
goldbox-rpg/pkg/server/types.go:92.2,92.36 1 1
goldbox-rpg/pkg/server/types.go:92.36,93.14 1 1
goldbox-rpg/pkg/server/types.go:94.17,95.60 1 1
goldbox-rpg/pkg/server/types.go:95.60,97.5 1 1
goldbox-rpg/pkg/server/types.go:98.20,99.41 1 1
goldbox-rpg/pkg/server/types.go:99.41,101.5 1 1
goldbox-rpg/pkg/server/types.go:102.21,103.46 1 1
goldbox-rpg/pkg/server/types.go:103.46,105.5 1 1
goldbox-rpg/pkg/server/types.go:106.20,107.43 1 1
goldbox-rpg/pkg/server/types.go:107.43,109.5 1 1
goldbox-rpg/pkg/server/types.go:113.2,113.12 1 1
goldbox-rpg/pkg/server/types.go:117.48,118.14 1 1
goldbox-rpg/pkg/server/types.go:118.14,120.3 1 1
goldbox-rpg/pkg/server/types.go:122.2,132.14 2 1
goldbox-rpg/pkg/server/types.go:136.50,148.2 1 1
goldbox-rpg/pkg/server/types.go:151.34,153.2 1 1
goldbox-rpg/pkg/server/types.go:156.35,158.2 1 1
goldbox-rpg/pkg/server/types.go:161.40,163.2 1 1
goldbox-rpg/pkg/server/util.go:32.68,45.34 5 0
goldbox-rpg/pkg/server/util.go:45.34,47.60 2 0
goldbox-rpg/pkg/server/util.go:47.60,48.45 1 0
goldbox-rpg/pkg/server/util.go:48.45,60.5 4 0
goldbox-rpg/pkg/server/util.go:60.10,67.5 3 0
goldbox-rpg/pkg/server/util.go:68.9,70.4 1 0
goldbox-rpg/pkg/server/util.go:73.2,73.40 1 0
goldbox-rpg/pkg/server/util.go:73.40,75.3 1 0
goldbox-rpg/pkg/server/util.go:77.2,78.29 2 0
goldbox-rpg/pkg/server/util.go:78.29,80.3 1 0
goldbox-rpg/pkg/server/util.go:82.2,83.15 2 0
goldbox-rpg/pkg/server/util.go:100.78,112.49 6 0
goldbox-rpg/pkg/server/util.go:112.49,114.45 2 0
goldbox-rpg/pkg/server/util.go:114.45,120.4 2 0
goldbox-rpg/pkg/server/util.go:123.2,124.23 2 0
goldbox-rpg/pkg/server/util.go:142.74,149.63 3 0
goldbox-rpg/pkg/server/util.go:149.63,153.3 3 0
goldbox-rpg/pkg/server/util.go:154.2,155.12 2 0
goldbox-rpg/pkg/server/util.go:175.78,182.37 3 0
goldbox-rpg/pkg/server/util.go:182.37,185.3 2 0
goldbox-rpg/pkg/server/util.go:187.2,200.14 3 0
goldbox-rpg/pkg/server/util.go:217.65,225.52 4 0
goldbox-rpg/pkg/server/util.go:225.52,227.60 2 0
goldbox-rpg/pkg/server/util.go:227.60,228.49 1 0
goldbox-rpg/pkg/server/util.go:228.49,230.31 2 0
goldbox-rpg/pkg/server/util.go:230.31,233.43 3 0
goldbox-rpg/pkg/server/util.go:233.43,235.7 1 0
goldbox-rpg/pkg/server/util.go:236.11,238.6 1 0
goldbox-rpg/pkg/server/util.go:239.10,241.5 1 0
goldbox-rpg/pkg/server/util.go:242.9,244.4 1 0
goldbox-rpg/pkg/server/util.go:247.2,248.16 2 0
goldbox-rpg/pkg/server/util.go:266.68,286.2 8 0
goldbox-rpg/pkg/server/util.go:303.70,310.53 3 1
goldbox-rpg/pkg/server/util.go:310.53,314.34 3 1
goldbox-rpg/pkg/server/util.go:314.34,316.67 2 0
goldbox-rpg/pkg/server/util.go:316.67,319.5 2 0
goldbox-rpg/pkg/server/util.go:319.10,321.5 1 0
goldbox-rpg/pkg/server/util.go:323.8,325.3 1 0
goldbox-rpg/pkg/server/util.go:337.39,352.2 8 0
goldbox-rpg/pkg/server/util.go:382.59,393.2 5 1
goldbox-rpg/pkg/server/util.go:409.65,416.24 3 1
goldbox-rpg/pkg/server/util.go:416.24,417.30 1 1
goldbox-rpg/pkg/server/util.go:417.30,420.4 2 1
goldbox-rpg/pkg/server/util.go:423.2,424.12 2 1
goldbox-rpg/pkg/server/util.go:441.73,448.27 3 1
goldbox-rpg/pkg/server/util.go:448.27,449.32 1 1
goldbox-rpg/pkg/server/util.go:449.32,452.4 2 1
goldbox-rpg/pkg/server/util.go:455.2,456.12 2 1
goldbox-rpg/pkg/server/util.go:496.43,507.50 4 1
goldbox-rpg/pkg/server/util.go:507.50,510.3 2 1
goldbox-rpg/pkg/server/util.go:512.2,513.20 2 1
goldbox-rpg/pkg/server/util.go:513.20,516.3 2 1
goldbox-rpg/pkg/server/util.go:519.2,520.22 2 1
goldbox-rpg/pkg/server/util.go:520.22,523.17 3 1
goldbox-rpg/pkg/server/util.go:523.17,526.4 2 1
goldbox-rpg/pkg/server/util.go:529.2,530.16 2 1
goldbox-rpg/pkg/server/util.go:530.16,533.3 2 1
goldbox-rpg/pkg/server/util.go:535.2,536.22 2 1
goldbox-rpg/pkg/server/util.go:536.22,539.17 3 1
goldbox-rpg/pkg/server/util.go:539.17,542.4 2 1
goldbox-rpg/pkg/server/util.go:546.2,556.15 4 1
goldbox-rpg/pkg/server/util.go:570.24,578.11 3 1
goldbox-rpg/pkg/server/util.go:578.11,581.3 2 1
goldbox-rpg/pkg/server/util.go:582.2,583.10 2 1
goldbox-rpg/pkg/server/util.go:601.44,616.45 5 1
goldbox-rpg/pkg/server/util.go:616.45,617.23 1 1
goldbox-rpg/pkg/server/util.go:617.23,620.4 2 1
goldbox-rpg/pkg/server/util.go:622.2,623.14 2 1
goldbox-rpg/pkg/server/websocket.go:33.51,36.26 2 1
goldbox-rpg/pkg/server/websocket.go:36.26,37.26 1 1
goldbox-rpg/pkg/server/websocket.go:37.26,39.4 1 1
goldbox-rpg/pkg/server/websocket.go:39.9,39.38 1 1
goldbox-rpg/pkg/server/websocket.go:39.38,41.4 1 1
goldbox-rpg/pkg/server/websocket.go:41.9,43.4 1 1
goldbox-rpg/pkg/server/websocket.go:47.2,57.15 8 1
goldbox-rpg/pkg/server/websocket.go:73.50,75.19 2 1
goldbox-rpg/pkg/server/websocket.go:75.19,77.58 1 1
goldbox-rpg/pkg/server/websocket.go:77.58,79.4 1 1
goldbox-rpg/pkg/server/websocket.go:83.3,86.20 4 1
goldbox-rpg/pkg/server/websocket.go:86.20,88.32 2 0
goldbox-rpg/pkg/server/websocket.go:88.32,90.5 1 0
goldbox-rpg/pkg/server/websocket.go:92.3,93.20 2 1
goldbox-rpg/pkg/server/websocket.go:93.20,95.32 2 0
goldbox-rpg/pkg/server/websocket.go:95.32,98.5 1 0
goldbox-rpg/pkg/server/websocket.go:100.3,101.42 2 1
goldbox-rpg/pkg/server/websocket.go:101.42,104.4 2 1
goldbox-rpg/pkg/server/websocket.go:106.3,106.15 1 1
goldbox-rpg/pkg/server/websocket.go:108.2,108.36 1 1
goldbox-rpg/pkg/server/websocket.go:120.82,121.41 1 1
goldbox-rpg/pkg/server/websocket.go:121.41,122.43 1 1
goldbox-rpg/pkg/server/websocket.go:122.43,124.4 1 1
goldbox-rpg/pkg/server/websocket.go:126.2,126.14 1 1
goldbox-rpg/pkg/server/websocket.go:142.52,146.43 1 1
goldbox-rpg/pkg/server/websocket.go:146.43,150.49 2 1
goldbox-rpg/pkg/server/websocket.go:150.49,156.5 2 1
goldbox-rpg/pkg/server/websocket.go:159.4,162.16 3 1
goldbox-rpg/pkg/server/websocket.go:162.16,168.5 1 1
goldbox-rpg/pkg/server/websocket.go:168.10,174.5 1 1
goldbox-rpg/pkg/server/websocket.go:176.4,176.18 1 1
goldbox-rpg/pkg/server/websocket.go:179.2,179.18 1 1
goldbox-rpg/pkg/server/websocket.go:225.54,231.2 1 1
goldbox-rpg/pkg/server/websocket.go:242.62,251.2 1 1
goldbox-rpg/pkg/server/websocket.go:271.77,274.20 3 1
goldbox-rpg/pkg/server/websocket.go:274.20,277.3 2 0
goldbox-rpg/pkg/server/websocket.go:279.2,280.16 2 1
goldbox-rpg/pkg/server/websocket.go:280.16,282.3 1 1
goldbox-rpg/pkg/server/websocket.go:283.2,285.65 2 0
goldbox-rpg/pkg/server/websocket.go:285.65,287.3 1 0
goldbox-rpg/pkg/server/websocket.go:289.2,292.50 3 0
goldbox-rpg/pkg/server/websocket.go:296.104,298.16 2 1
goldbox-rpg/pkg/server/websocket.go:298.16,301.3 2 1
goldbox-rpg/pkg/server/websocket.go:302.2,302.18 1 0
goldbox-rpg/pkg/server/websocket.go:306.97,315.56 2 0
goldbox-rpg/pkg/server/websocket.go:315.56,318.3 2 0
goldbox-rpg/pkg/server/websocket.go:319.2,319.12 1 0
goldbox-rpg/pkg/server/websocket.go:323.113,324.6 1 0
goldbox-rpg/pkg/server/websocket.go:324.6,326.45 2 0
goldbox-rpg/pkg/server/websocket.go:326.45,327.9 1 0
goldbox-rpg/pkg/server/websocket.go:330.3,330.79 1 0
goldbox-rpg/pkg/server/websocket.go:330.79,331.9 1 0
goldbox-rpg/pkg/server/websocket.go:337.135,341.16 3 0
goldbox-rpg/pkg/server/websocket.go:341.16,345.3 3 0
goldbox-rpg/pkg/server/websocket.go:347.2,348.16 2 0
goldbox-rpg/pkg/server/websocket.go:348.16,352.3 3 0
goldbox-rpg/pkg/server/websocket.go:354.2,354.68 1 0
goldbox-rpg/pkg/server/websocket.go:354.68,357.3 2 0
goldbox-rpg/pkg/server/websocket.go:358.2,358.12 1 0
goldbox-rpg/pkg/server/websocket.go:362.113,363.19 1 0
goldbox-rpg/pkg/server/websocket.go:363.19,365.3 1 0
goldbox-rpg/pkg/server/websocket.go:366.2,367.15 2 0
goldbox-rpg/pkg/server/websocket.go:381.92,383.9 2 0
goldbox-rpg/pkg/server/websocket.go:383.9,385.3 1 0
goldbox-rpg/pkg/server/websocket.go:387.2,387.38 1 0
goldbox-rpg/pkg/server/websocket.go:405.82,425.56 6 0
goldbox-rpg/pkg/server/websocket.go:425.56,427.3 1 0
goldbox-rpg/pkg/server/websocket.go:427.8,429.3 1 0
goldbox-rpg/pkg/server/websocket.go:449.103,482.56 6 0
goldbox-rpg/pkg/server/websocket.go:482.56,484.3 1 0
goldbox-rpg/pkg/server/websocket.go:484.8,486.3 1 0
goldbox-rpg/pkg/server/websocket.go:507.80,508.21 1 1
goldbox-rpg/pkg/server/websocket.go:508.21,510.3 1 1
goldbox-rpg/pkg/server/websocket.go:512.2,514.13 3 1
goldbox-rpg/pkg/server/websocket.go:514.13,517.3 2 1
goldbox-rpg/pkg/server/websocket.go:520.2,520.27 1 1
goldbox-rpg/pkg/server/websocket.go:520.27,523.3 2 1
goldbox-rpg/pkg/server/websocket.go:526.2,530.21 4 1
goldbox-rpg/pkg/server/websocket.go:564.71,570.2 1 1
goldbox-rpg/pkg/server/websocket.go:581.41,585.15 3 1
goldbox-rpg/pkg/server/websocket.go:585.15,587.3 1 0
goldbox-rpg/pkg/server/websocket.go:590.2,599.39 8 1
goldbox-rpg/pkg/server/websocket.go:599.39,601.3 1 1
goldbox-rpg/pkg/server/websocket.go:603.2,604.76 2 1
goldbox-rpg/pkg/server/websocket.go:608.40,615.2 5 1
goldbox-rpg/pkg/server/websocket.go:621.67,627.33 5 1
goldbox-rpg/pkg/server/websocket.go:627.33,629.3 1 0
goldbox-rpg/pkg/server/websocket.go:632.2,642.28 2 1
goldbox-rpg/pkg/server/websocket.go:649.69,652.45 3 1
goldbox-rpg/pkg/server/websocket.go:652.45,653.67 1 1
goldbox-rpg/pkg/server/websocket.go:653.67,655.4 1 1
goldbox-rpg/pkg/server/websocket.go:657.2,659.24 2 1
goldbox-rpg/pkg/server/websocket.go:659.24,661.3 1 0
goldbox-rpg/pkg/server/websocket.go:663.2,664.35 2 1
goldbox-rpg/pkg/server/websocket.go:664.35,666.28 1 1
goldbox-rpg/pkg/server/websocket.go:666.28,668.11 1 1
goldbox-rpg/pkg/server/websocket.go:668.11,669.18 1 1
goldbox-rpg/pkg/server/websocket.go:669.18,670.34 1 1
goldbox-rpg/pkg/server/websocket.go:670.34,675.7 1 1
goldbox-rpg/pkg/server/websocket.go:678.5,678.61 1 1
goldbox-rpg/pkg/server/websocket.go:678.61,683.6 1 0
goldbox-rpg/pkg/server/websocket.go:683.11,685.6 1 0
goldbox-rpg/pkg/server/websocket.go:690.2,694.43 1 1
