mode: set
goldbox-rpg/cmd/bootstrap-demo/main.go:96.39,98.21 1 1
goldbox-rpg/cmd/bootstrap-demo/main.go:98.21,100.3 1 1
goldbox-rpg/cmd/bootstrap-demo/main.go:103.2,103.26 1 1
goldbox-rpg/cmd/bootstrap-demo/main.go:103.26,104.24 1 1
goldbox-rpg/cmd/bootstrap-demo/main.go:104.24,106.4 1 1
goldbox-rpg/cmd/bootstrap-demo/main.go:107.3,107.13 1 1
goldbox-rpg/cmd/bootstrap-demo/main.go:111.2,111.37 1 1
goldbox-rpg/cmd/bootstrap-demo/main.go:111.37,113.3 1 1
goldbox-rpg/cmd/bootstrap-demo/main.go:116.2,116.47 1 1
goldbox-rpg/cmd/bootstrap-demo/main.go:116.47,118.3 1 1
goldbox-rpg/cmd/bootstrap-demo/main.go:121.2,121.41 1 1
goldbox-rpg/cmd/bootstrap-demo/main.go:121.41,123.3 1 1
goldbox-rpg/cmd/bootstrap-demo/main.go:126.2,126.22 1 1
goldbox-rpg/cmd/bootstrap-demo/main.go:126.22,128.3 1 1
goldbox-rpg/cmd/bootstrap-demo/main.go:131.2,131.25 1 1
goldbox-rpg/cmd/bootstrap-demo/main.go:131.25,133.3 1 1
goldbox-rpg/cmd/bootstrap-demo/main.go:136.2,136.23 1 1
goldbox-rpg/cmd/bootstrap-demo/main.go:136.23,138.3 1 1
goldbox-rpg/cmd/bootstrap-demo/main.go:140.2,140.12 1 1
goldbox-rpg/cmd/bootstrap-demo/main.go:143.13,144.30 1 0
goldbox-rpg/cmd/bootstrap-demo/main.go:144.30,147.3 2 0
goldbox-rpg/cmd/bootstrap-demo/main.go:152.18,157.42 3 1
goldbox-rpg/cmd/bootstrap-demo/main.go:157.42,159.3 1 0
goldbox-rpg/cmd/bootstrap-demo/main.go:162.2,162.26 1 1
goldbox-rpg/cmd/bootstrap-demo/main.go:162.26,163.50 1 1
goldbox-rpg/cmd/bootstrap-demo/main.go:163.50,165.4 1 0
goldbox-rpg/cmd/bootstrap-demo/main.go:166.3,166.13 1 1
goldbox-rpg/cmd/bootstrap-demo/main.go:169.2,181.49 2 0
goldbox-rpg/cmd/bootstrap-demo/main.go:181.49,183.3 1 0
goldbox-rpg/cmd/bootstrap-demo/main.go:185.2,186.12 2 0
goldbox-rpg/cmd/bootstrap-demo/main.go:189.31,207.2 14 1
goldbox-rpg/cmd/bootstrap-demo/main.go:209.33,215.13 2 1
goldbox-rpg/cmd/bootstrap-demo/main.go:215.13,217.3 1 1
goldbox-rpg/cmd/bootstrap-demo/main.go:217.8,219.3 1 1
goldbox-rpg/cmd/bootstrap-demo/main.go:226.37,228.16 2 1
goldbox-rpg/cmd/bootstrap-demo/main.go:228.16,230.3 1 0
goldbox-rpg/cmd/bootstrap-demo/main.go:232.2,232.25 1 1
goldbox-rpg/cmd/bootstrap-demo/main.go:232.25,235.3 2 1
goldbox-rpg/cmd/bootstrap-demo/main.go:237.2,238.37 2 0
goldbox-rpg/cmd/bootstrap-demo/main.go:238.37,240.3 1 0
goldbox-rpg/cmd/bootstrap-demo/main.go:242.2,247.12 5 0
goldbox-rpg/cmd/bootstrap-demo/main.go:250.49,252.78 1 1
goldbox-rpg/cmd/bootstrap-demo/main.go:252.78,254.3 1 0
goldbox-rpg/cmd/bootstrap-demo/main.go:257.2,260.31 3 1
goldbox-rpg/cmd/bootstrap-demo/main.go:260.31,264.17 3 1
goldbox-rpg/cmd/bootstrap-demo/main.go:264.17,266.4 1 0
goldbox-rpg/cmd/bootstrap-demo/main.go:268.3,268.51 1 1
goldbox-rpg/cmd/bootstrap-demo/main.go:269.8,272.17 2 1
goldbox-rpg/cmd/bootstrap-demo/main.go:272.17,274.4 1 0
goldbox-rpg/cmd/bootstrap-demo/main.go:278.2,286.15 6 1
goldbox-rpg/cmd/bootstrap-demo/main.go:286.15,289.3 2 0
goldbox-rpg/cmd/bootstrap-demo/main.go:292.2,299.16 6 1
goldbox-rpg/cmd/bootstrap-demo/main.go:299.16,301.3 1 0
goldbox-rpg/cmd/bootstrap-demo/main.go:303.2,309.63 3 1
goldbox-rpg/cmd/bootstrap-demo/main.go:309.63,311.3 1 0
goldbox-rpg/cmd/bootstrap-demo/main.go:313.2,313.12 1 1
goldbox-rpg/cmd/bootstrap-demo/main.go:321.81,331.27 2 1
goldbox-rpg/cmd/bootstrap-demo/main.go:332.15,333.51 1 1
goldbox-rpg/cmd/bootstrap-demo/main.go:334.16,335.52 1 1
goldbox-rpg/cmd/bootstrap-demo/main.go:336.14,337.50 1 1
goldbox-rpg/cmd/bootstrap-demo/main.go:338.10,339.71 1 1
goldbox-rpg/cmd/bootstrap-demo/main.go:342.2,342.32 1 1
goldbox-rpg/cmd/bootstrap-demo/main.go:343.16,344.57 1 1
goldbox-rpg/cmd/bootstrap-demo/main.go:345.18,346.59 1 1
goldbox-rpg/cmd/bootstrap-demo/main.go:347.18,348.59 1 1
goldbox-rpg/cmd/bootstrap-demo/main.go:349.10,350.81 1 1
goldbox-rpg/cmd/bootstrap-demo/main.go:353.2,353.29 1 1
goldbox-rpg/cmd/bootstrap-demo/main.go:354.25,355.57 1 1
goldbox-rpg/cmd/bootstrap-demo/main.go:356.18,357.51 1 1
goldbox-rpg/cmd/bootstrap-demo/main.go:358.20,359.52 1 1
goldbox-rpg/cmd/bootstrap-demo/main.go:360.21,361.53 1 1
goldbox-rpg/cmd/bootstrap-demo/main.go:362.10,363.75 1 1
goldbox-rpg/cmd/bootstrap-demo/main.go:366.2,366.29 1 1
goldbox-rpg/cmd/bootstrap-demo/main.go:373.110,397.29 16 1
goldbox-rpg/cmd/bootstrap-demo/main.go:397.29,399.3 1 1
goldbox-rpg/cmd/bootstrap-demo/main.go:401.2,401.43 1 1
goldbox-rpg/cmd/bootstrap-demo/main.go:401.43,403.3 1 1
goldbox-rpg/cmd/bootstrap-demo/main.go:405.2,408.29 3 1
goldbox-rpg/cmd/bootstrap-demo/main.go:408.29,413.3 3 1
goldbox-rpg/cmd/bootstrap-demo/main.go:415.2,420.24 5 1
goldbox-rpg/cmd/bootstrap-demo/main.go:427.51,434.37 3 1
goldbox-rpg/cmd/bootstrap-demo/main.go:434.37,436.54 2 1
goldbox-rpg/cmd/bootstrap-demo/main.go:436.54,438.4 1 1
goldbox-rpg/cmd/bootstrap-demo/main.go:441.2,442.12 2 1
goldbox-rpg/cmd/dungeon-demo/main.go:54.37,68.2 1 1
goldbox-rpg/cmd/dungeon-demo/main.go:70.13,71.30 1 1
goldbox-rpg/cmd/dungeon-demo/main.go:71.30,74.3 2 0
goldbox-rpg/cmd/dungeon-demo/main.go:78.18,84.16 5 1
goldbox-rpg/cmd/dungeon-demo/main.go:84.16,86.3 1 0
goldbox-rpg/cmd/dungeon-demo/main.go:88.2,89.12 2 1
goldbox-rpg/cmd/dungeon-demo/main.go:95.70,107.16 9 1
goldbox-rpg/cmd/dungeon-demo/main.go:107.16,115.3 2 0
goldbox-rpg/cmd/dungeon-demo/main.go:117.2,118.9 2 1
goldbox-rpg/cmd/dungeon-demo/main.go:118.9,125.3 2 0
goldbox-rpg/cmd/dungeon-demo/main.go:127.2,136.21 2 1
goldbox-rpg/cmd/dungeon-demo/main.go:141.76,157.44 13 1
goldbox-rpg/cmd/dungeon-demo/main.go:157.44,164.36 4 1
goldbox-rpg/cmd/dungeon-demo/main.go:164.36,166.4 1 1
goldbox-rpg/cmd/dungeon-demo/main.go:168.3,169.42 2 1
goldbox-rpg/cmd/dungeon-demo/main.go:169.42,171.4 1 1
goldbox-rpg/cmd/dungeon-demo/main.go:172.3,175.33 2 1
goldbox-rpg/cmd/dungeon-demo/main.go:175.33,177.4 1 1
goldbox-rpg/cmd/dungeon-demo/main.go:180.2,183.34 2 1
goldbox-rpg/cmd/dungeon-demo/main.go:183.34,185.44 2 1
goldbox-rpg/cmd/dungeon-demo/main.go:185.44,190.4 1 1
goldbox-rpg/cmd/dungeon-demo/main.go:193.2,195.91 3 1
goldbox-rpg/cmd/dungeon-demo/main.go:198.61,199.19 1 1
goldbox-rpg/cmd/dungeon-demo/main.go:199.19,202.3 2 1
goldbox-rpg/cmd/dungeon-demo/main.go:203.2,203.15 1 1
goldbox-rpg/cmd/dungeon-demo/main.go:206.62,220.2 1 1
goldbox-rpg/cmd/dungeon-demo/main.go:222.88,255.2 1 1
goldbox-rpg/cmd/pcg-demo/main.go:26.29,36.2 3 1
goldbox-rpg/cmd/pcg-demo/main.go:40.32,42.16 2 1
goldbox-rpg/cmd/pcg-demo/main.go:42.16,44.3 1 1
goldbox-rpg/cmd/pcg-demo/main.go:46.2,71.39 10 1
goldbox-rpg/cmd/pcg-demo/main.go:71.39,76.17 4 1
goldbox-rpg/cmd/pcg-demo/main.go:76.17,78.4 1 1
goldbox-rpg/cmd/pcg-demo/main.go:82.2,82.36 1 1
goldbox-rpg/cmd/pcg-demo/main.go:82.36,87.17 4 1
goldbox-rpg/cmd/pcg-demo/main.go:87.17,89.4 1 1
goldbox-rpg/cmd/pcg-demo/main.go:93.2,94.26 2 1
goldbox-rpg/cmd/pcg-demo/main.go:94.26,95.15 1 1
goldbox-rpg/cmd/pcg-demo/main.go:95.15,97.4 1 1
goldbox-rpg/cmd/pcg-demo/main.go:97.9,99.4 1 1
goldbox-rpg/cmd/pcg-demo/main.go:103.2,108.79 4 1
goldbox-rpg/cmd/pcg-demo/main.go:108.79,110.3 1 0
goldbox-rpg/cmd/pcg-demo/main.go:113.2,119.12 6 1
goldbox-rpg/cmd/pcg-demo/main.go:123.66,135.43 4 1
goldbox-rpg/cmd/pcg-demo/main.go:135.43,137.16 2 1
goldbox-rpg/cmd/pcg-demo/main.go:137.16,142.4 3 0
goldbox-rpg/cmd/pcg-demo/main.go:147.57,149.16 2 1
goldbox-rpg/cmd/pcg-demo/main.go:149.16,151.3 1 1
goldbox-rpg/cmd/pcg-demo/main.go:152.2,153.12 2 1
goldbox-rpg/cmd/pcg-demo/main.go:156.13,158.37 2 0
goldbox-rpg/cmd/pcg-demo/main.go:158.37,161.3 2 0
goldbox-rpg/cmd/metrics-demo/main.go:22.27,26.2 3 1
goldbox-rpg/cmd/metrics-demo/main.go:40.96,41.18 1 1
goldbox-rpg/cmd/metrics-demo/main.go:41.18,43.3 1 1
goldbox-rpg/cmd/metrics-demo/main.go:45.2,53.8 4 1
goldbox-rpg/cmd/metrics-demo/main.go:57.53,58.25 1 1
goldbox-rpg/cmd/metrics-demo/main.go:58.25,63.3 4 1
goldbox-rpg/cmd/metrics-demo/main.go:67.51,68.25 1 1
goldbox-rpg/cmd/metrics-demo/main.go:68.25,73.23 4 1
goldbox-rpg/cmd/metrics-demo/main.go:73.23,75.4 1 1
goldbox-rpg/cmd/metrics-demo/main.go:77.3,79.17 2 1
goldbox-rpg/cmd/metrics-demo/main.go:79.17,81.4 1 1
goldbox-rpg/cmd/metrics-demo/main.go:81.9,83.4 1 1
goldbox-rpg/cmd/metrics-demo/main.go:88.50,89.25 1 1
goldbox-rpg/cmd/metrics-demo/main.go:89.25,94.3 4 1
goldbox-rpg/cmd/metrics-demo/main.go:98.50,142.37 2 1
goldbox-rpg/cmd/metrics-demo/main.go:142.37,146.3 2 1
goldbox-rpg/cmd/metrics-demo/main.go:157.52,166.32 2 1
goldbox-rpg/cmd/metrics-demo/main.go:166.32,168.18 2 1
goldbox-rpg/cmd/metrics-demo/main.go:168.18,170.4 1 1
goldbox-rpg/cmd/metrics-demo/main.go:170.9,172.4 1 1
goldbox-rpg/cmd/metrics-demo/main.go:177.45,186.55 7 1
goldbox-rpg/cmd/metrics-demo/main.go:186.55,188.3 1 1
goldbox-rpg/cmd/metrics-demo/main.go:190.2,191.56 2 1
goldbox-rpg/cmd/metrics-demo/main.go:191.56,193.14 2 1
goldbox-rpg/cmd/metrics-demo/main.go:193.14,195.4 1 1
goldbox-rpg/cmd/metrics-demo/main.go:196.3,196.46 1 1
goldbox-rpg/cmd/metrics-demo/main.go:199.2,199.37 1 1
goldbox-rpg/cmd/metrics-demo/main.go:199.37,201.46 2 1
goldbox-rpg/cmd/metrics-demo/main.go:201.46,203.4 1 1
goldbox-rpg/cmd/metrics-demo/main.go:206.2,206.36 1 1
goldbox-rpg/cmd/metrics-demo/main.go:206.36,208.47 2 0
goldbox-rpg/cmd/metrics-demo/main.go:208.47,210.4 1 0
goldbox-rpg/cmd/metrics-demo/main.go:213.2,214.47 2 1
goldbox-rpg/cmd/metrics-demo/main.go:214.47,216.3 1 1
goldbox-rpg/cmd/metrics-demo/main.go:220.49,233.2 10 1
goldbox-rpg/cmd/metrics-demo/main.go:236.47,241.9 4 1
goldbox-rpg/cmd/metrics-demo/main.go:242.27,243.98 1 1
goldbox-rpg/cmd/metrics-demo/main.go:244.27,245.112 1 0
goldbox-rpg/cmd/metrics-demo/main.go:246.27,247.107 1 0
goldbox-rpg/cmd/metrics-demo/main.go:248.27,249.92 1 0
goldbox-rpg/cmd/metrics-demo/main.go:250.10,251.93 1 1
goldbox-rpg/cmd/metrics-demo/main.go:256.27,264.2 7 1
goldbox-rpg/cmd/metrics-demo/main.go:268.29,269.16 1 1
goldbox-rpg/cmd/metrics-demo/main.go:269.16,271.3 1 0
goldbox-rpg/cmd/metrics-demo/main.go:273.2,288.16 8 1
goldbox-rpg/cmd/metrics-demo/main.go:288.16,290.3 1 0
goldbox-rpg/cmd/metrics-demo/main.go:292.2,320.12 16 1
goldbox-rpg/cmd/metrics-demo/main.go:325.13,326.33 1 0
goldbox-rpg/cmd/metrics-demo/main.go:326.33,328.3 1 0
goldbox-rpg/cmd/validator-demo/main.go:26.27,32.2 5 0
goldbox-rpg/cmd/validator-demo/main.go:39.13,41.44 2 0
goldbox-rpg/cmd/validator-demo/main.go:41.44,44.3 2 0
goldbox-rpg/cmd/validator-demo/main.go:48.58,50.2 1 1
goldbox-rpg/cmd/validator-demo/main.go:53.50,54.19 1 1
goldbox-rpg/cmd/validator-demo/main.go:54.19,56.3 1 1
goldbox-rpg/cmd/validator-demo/main.go:56.8,58.3 1 1
goldbox-rpg/cmd/validator-demo/main.go:62.58,64.2 1 1
goldbox-rpg/cmd/validator-demo/main.go:69.42,76.17 4 1
goldbox-rpg/cmd/validator-demo/main.go:76.17,83.3 3 1
goldbox-rpg/cmd/validator-demo/main.go:83.8,86.3 2 1
goldbox-rpg/cmd/validator-demo/main.go:89.2,99.17 9 1
goldbox-rpg/cmd/validator-demo/main.go:99.17,102.3 2 1
goldbox-rpg/cmd/validator-demo/main.go:105.2,118.16 4 1
goldbox-rpg/cmd/validator-demo/main.go:118.16,120.3 1 0
goldbox-rpg/cmd/validator-demo/main.go:122.2,123.33 2 1
goldbox-rpg/cmd/validator-demo/main.go:123.33,125.3 1 1
goldbox-rpg/cmd/validator-demo/main.go:128.2,141.16 4 1
goldbox-rpg/cmd/validator-demo/main.go:141.16,143.3 1 0
goldbox-rpg/cmd/validator-demo/main.go:145.2,150.9 5 1
goldbox-rpg/cmd/validator-demo/main.go:150.9,152.3 1 0
goldbox-rpg/cmd/validator-demo/main.go:153.2,166.16 7 1
goldbox-rpg/cmd/validator-demo/main.go:166.16,168.3 1 0
goldbox-rpg/cmd/validator-demo/main.go:170.2,172.9 3 1
goldbox-rpg/cmd/validator-demo/main.go:172.9,174.3 1 0
goldbox-rpg/cmd/validator-demo/main.go:175.2,176.41 2 1
goldbox-rpg/cmd/validator-demo/main.go:176.41,178.3 1 1
goldbox-rpg/cmd/validator-demo/main.go:181.2,191.12 9 1
goldbox-rpg/pkg/pcg/quests/generator.go:30.60,41.2 3 1
goldbox-rpg/pkg/pcg/quests/generator.go:44.63,46.2 1 1
goldbox-rpg/pkg/pcg/quests/generator.go:49.57,51.2 1 1
goldbox-rpg/pkg/pcg/quests/generator.go:54.81,55.53 1 1
goldbox-rpg/pkg/pcg/quests/generator.go:55.53,57.3 1 1
goldbox-rpg/pkg/pcg/quests/generator.go:60.2,64.29 3 1
goldbox-rpg/pkg/pcg/quests/generator.go:64.29,66.3 1 1
goldbox-rpg/pkg/pcg/quests/generator.go:69.2,69.47 1 1
goldbox-rpg/pkg/pcg/quests/generator.go:69.47,71.3 1 1
goldbox-rpg/pkg/pcg/quests/generator.go:73.2,73.12 1 1
goldbox-rpg/pkg/pcg/quests/generator.go:77.117,78.45 1 1
goldbox-rpg/pkg/pcg/quests/generator.go:78.45,80.3 1 0
goldbox-rpg/pkg/pcg/quests/generator.go:83.2,95.71 2 1
goldbox-rpg/pkg/pcg/quests/generator.go:95.71,97.3 1 1
goldbox-rpg/pkg/pcg/quests/generator.go:100.2,100.66 1 1
goldbox-rpg/pkg/pcg/quests/generator.go:100.66,102.3 1 1
goldbox-rpg/pkg/pcg/quests/generator.go:103.2,103.66 1 1
goldbox-rpg/pkg/pcg/quests/generator.go:103.66,105.3 1 1
goldbox-rpg/pkg/pcg/quests/generator.go:108.2,108.73 1 1
goldbox-rpg/pkg/pcg/quests/generator.go:108.73,110.3 1 1
goldbox-rpg/pkg/pcg/quests/generator.go:112.2,112.67 1 1
goldbox-rpg/pkg/pcg/quests/generator.go:116.142,126.16 5 1
goldbox-rpg/pkg/pcg/quests/generator.go:126.16,128.3 1 0
goldbox-rpg/pkg/pcg/quests/generator.go:131.2,132.16 2 1
goldbox-rpg/pkg/pcg/quests/generator.go:132.16,134.3 1 0
goldbox-rpg/pkg/pcg/quests/generator.go:137.2,138.16 2 1
goldbox-rpg/pkg/pcg/quests/generator.go:138.16,140.3 1 0
goldbox-rpg/pkg/pcg/quests/generator.go:143.2,144.33 2 1
goldbox-rpg/pkg/pcg/quests/generator.go:144.33,151.3 1 1
goldbox-rpg/pkg/pcg/quests/generator.go:154.2,163.19 2 1
goldbox-rpg/pkg/pcg/quests/generator.go:167.141,168.21 1 1
goldbox-rpg/pkg/pcg/quests/generator.go:168.21,170.3 1 1
goldbox-rpg/pkg/pcg/quests/generator.go:172.2,175.35 3 1
goldbox-rpg/pkg/pcg/quests/generator.go:175.35,182.34 4 1
goldbox-rpg/pkg/pcg/quests/generator.go:182.34,184.4 1 1
goldbox-rpg/pkg/pcg/quests/generator.go:186.3,187.17 2 1
goldbox-rpg/pkg/pcg/quests/generator.go:187.17,189.4 1 0
goldbox-rpg/pkg/pcg/quests/generator.go:192.3,192.22 1 1
goldbox-rpg/pkg/pcg/quests/generator.go:192.22,194.4 1 1
goldbox-rpg/pkg/pcg/quests/generator.go:196.3,196.33 1 1
goldbox-rpg/pkg/pcg/quests/generator.go:199.2,199.20 1 1
goldbox-rpg/pkg/pcg/quests/generator.go:203.150,208.2 3 1
goldbox-rpg/pkg/pcg/quests/generator.go:211.183,213.36 2 1
goldbox-rpg/pkg/pcg/quests/generator.go:213.36,215.3 1 0
goldbox-rpg/pkg/pcg/quests/generator.go:217.2,219.29 2 1
goldbox-rpg/pkg/pcg/quests/generator.go:219.29,225.23 3 1
goldbox-rpg/pkg/pcg/quests/generator.go:225.23,227.4 1 1
goldbox-rpg/pkg/pcg/quests/generator.go:230.3,232.25 3 1
goldbox-rpg/pkg/pcg/quests/generator.go:232.25,234.4 1 1
goldbox-rpg/pkg/pcg/quests/generator.go:236.3,240.32 3 1
goldbox-rpg/pkg/pcg/quests/generator.go:240.32,242.4 1 1
goldbox-rpg/pkg/pcg/quests/generator.go:244.3,256.45 2 1
goldbox-rpg/pkg/pcg/quests/generator.go:259.2,259.24 1 1
goldbox-rpg/pkg/pcg/quests/generator.go:263.134,274.25 4 1
goldbox-rpg/pkg/pcg/quests/generator.go:274.25,280.3 2 1
goldbox-rpg/pkg/pcg/quests/generator.go:283.2,283.44 1 1
goldbox-rpg/pkg/pcg/quests/generator.go:283.44,290.3 2 1
goldbox-rpg/pkg/pcg/quests/generator.go:292.2,292.21 1 1
goldbox-rpg/pkg/pcg/quests/generator.go:296.66,380.2 5 1
goldbox-rpg/pkg/pcg/quests/narratives.go:46.44,56.2 3 1
goldbox-rpg/pkg/pcg/quests/narratives.go:59.174,61.36 2 1
goldbox-rpg/pkg/pcg/quests/narratives.go:61.36,63.3 1 1
goldbox-rpg/pkg/pcg/quests/narratives.go:66.2,90.23 8 1
goldbox-rpg/pkg/pcg/quests/narratives.go:94.74,95.32 1 1
goldbox-rpg/pkg/pcg/quests/narratives.go:95.32,103.3 1 0
goldbox-rpg/pkg/pcg/quests/narratives.go:105.2,105.58 1 1
goldbox-rpg/pkg/pcg/quests/narratives.go:109.123,121.35 3 1
goldbox-rpg/pkg/pcg/quests/narratives.go:121.35,123.3 1 1
goldbox-rpg/pkg/pcg/quests/narratives.go:125.2,134.45 4 1
goldbox-rpg/pkg/pcg/quests/narratives.go:138.129,142.25 2 1
goldbox-rpg/pkg/pcg/quests/narratives.go:142.25,146.26 3 1
goldbox-rpg/pkg/pcg/quests/narratives.go:146.26,148.4 1 1
goldbox-rpg/pkg/pcg/quests/narratives.go:149.3,149.18 1 1
goldbox-rpg/pkg/pcg/quests/narratives.go:152.2,152.17 1 1
goldbox-rpg/pkg/pcg/quests/narratives.go:156.123,167.2 3 1
goldbox-rpg/pkg/pcg/quests/narratives.go:170.121,181.2 3 1
goldbox-rpg/pkg/pcg/quests/narratives.go:184.57,269.2 4 1
goldbox-rpg/pkg/pcg/quests/objectives.go:18.50,20.2 1 1
goldbox-rpg/pkg/pcg/quests/objectives.go:23.69,24.19 1 1
goldbox-rpg/pkg/pcg/quests/objectives.go:24.19,26.3 1 1
goldbox-rpg/pkg/pcg/quests/objectives.go:27.2,27.12 1 1
goldbox-rpg/pkg/pcg/quests/objectives.go:32.154,33.58 1 1
goldbox-rpg/pkg/pcg/quests/objectives.go:33.58,35.3 1 1
goldbox-rpg/pkg/pcg/quests/objectives.go:37.2,37.32 1 1
goldbox-rpg/pkg/pcg/quests/objectives.go:37.32,39.3 1 1
goldbox-rpg/pkg/pcg/quests/objectives.go:41.2,42.21 2 1
goldbox-rpg/pkg/pcg/quests/objectives.go:42.21,44.3 1 0
goldbox-rpg/pkg/pcg/quests/objectives.go:46.2,48.26 3 1
goldbox-rpg/pkg/pcg/quests/objectives.go:52.102,54.35 2 1
goldbox-rpg/pkg/pcg/quests/objectives.go:54.35,56.3 1 0
goldbox-rpg/pkg/pcg/quests/objectives.go:57.2,57.49 1 1
goldbox-rpg/pkg/pcg/quests/objectives.go:61.129,63.16 2 1
goldbox-rpg/pkg/pcg/quests/objectives.go:63.16,65.3 1 1
goldbox-rpg/pkg/pcg/quests/objectives.go:67.2,76.16 6 1
goldbox-rpg/pkg/pcg/quests/objectives.go:76.16,78.3 1 0
goldbox-rpg/pkg/pcg/quests/objectives.go:80.2,92.23 2 1
goldbox-rpg/pkg/pcg/quests/objectives.go:96.131,98.16 2 1
goldbox-rpg/pkg/pcg/quests/objectives.go:98.16,100.3 1 1
goldbox-rpg/pkg/pcg/quests/objectives.go:102.2,106.28 3 1
goldbox-rpg/pkg/pcg/quests/objectives.go:106.28,108.3 1 1
goldbox-rpg/pkg/pcg/quests/objectives.go:111.2,112.16 2 1
goldbox-rpg/pkg/pcg/quests/objectives.go:112.16,114.3 1 0
goldbox-rpg/pkg/pcg/quests/objectives.go:116.2,117.16 2 1
goldbox-rpg/pkg/pcg/quests/objectives.go:117.16,119.3 1 0
goldbox-rpg/pkg/pcg/quests/objectives.go:121.2,121.41 1 1
goldbox-rpg/pkg/pcg/quests/objectives.go:121.41,123.3 1 0
goldbox-rpg/pkg/pcg/quests/objectives.go:125.2,137.23 2 1
goldbox-rpg/pkg/pcg/quests/objectives.go:143.116,144.19 1 1
goldbox-rpg/pkg/pcg/quests/objectives.go:144.19,146.3 1 1
goldbox-rpg/pkg/pcg/quests/objectives.go:148.2,149.31 2 1
goldbox-rpg/pkg/pcg/quests/objectives.go:149.31,151.3 1 0
goldbox-rpg/pkg/pcg/quests/objectives.go:153.2,161.25 5 1
goldbox-rpg/pkg/pcg/quests/objectives.go:161.25,163.3 1 0
goldbox-rpg/pkg/pcg/quests/objectives.go:164.2,164.25 1 1
goldbox-rpg/pkg/pcg/quests/objectives.go:164.25,166.3 1 0
goldbox-rpg/pkg/pcg/quests/objectives.go:168.2,169.28 2 1
goldbox-rpg/pkg/pcg/quests/objectives.go:169.28,171.3 1 0
goldbox-rpg/pkg/pcg/quests/objectives.go:173.2,185.23 2 1
goldbox-rpg/pkg/pcg/quests/objectives.go:190.86,207.66 3 1
goldbox-rpg/pkg/pcg/quests/objectives.go:207.66,208.54 1 1
goldbox-rpg/pkg/pcg/quests/objectives.go:208.54,210.4 1 1
goldbox-rpg/pkg/pcg/quests/objectives.go:213.2,213.16 1 1
goldbox-rpg/pkg/pcg/quests/objectives.go:216.81,218.22 1 1
goldbox-rpg/pkg/pcg/quests/objectives.go:218.22,220.3 1 1
goldbox-rpg/pkg/pcg/quests/objectives.go:220.8,220.29 1 1
goldbox-rpg/pkg/pcg/quests/objectives.go:220.29,222.3 1 1
goldbox-rpg/pkg/pcg/quests/objectives.go:222.8,222.30 1 1
goldbox-rpg/pkg/pcg/quests/objectives.go:222.30,224.3 1 1
goldbox-rpg/pkg/pcg/quests/objectives.go:224.8,224.30 1 1
goldbox-rpg/pkg/pcg/quests/objectives.go:224.30,226.3 1 1
goldbox-rpg/pkg/pcg/quests/objectives.go:226.8,228.3 1 1
goldbox-rpg/pkg/pcg/quests/objectives.go:235.64,248.2 1 1
goldbox-rpg/pkg/pcg/quests/objectives.go:254.61,265.2 1 1
goldbox-rpg/pkg/pcg/quests/objectives.go:267.41,276.2 2 1
goldbox-rpg/pkg/pcg/quests/objectives.go:278.24,279.11 1 1
goldbox-rpg/pkg/pcg/quests/objectives.go:279.11,281.3 1 1
goldbox-rpg/pkg/pcg/quests/objectives.go:282.2,282.10 1 1
goldbox-rpg/pkg/pcg/items/enchantments.go:21.48,31.2 3 1
goldbox-rpg/pkg/pcg/items/enchantments.go:34.50,36.2 1 1
goldbox-rpg/pkg/pcg/items/enchantments.go:39.127,40.16 1 1
goldbox-rpg/pkg/pcg/items/enchantments.go:40.16,42.3 1 1
goldbox-rpg/pkg/pcg/items/enchantments.go:44.2,52.51 5 1
goldbox-rpg/pkg/pcg/items/enchantments.go:52.51,54.3 1 1
goldbox-rpg/pkg/pcg/items/enchantments.go:57.2,58.34 2 1
goldbox-rpg/pkg/pcg/items/enchantments.go:58.34,60.3 1 1
goldbox-rpg/pkg/pcg/items/enchantments.go:63.2,64.33 2 1
goldbox-rpg/pkg/pcg/items/enchantments.go:64.33,66.3 1 0
goldbox-rpg/pkg/pcg/items/enchantments.go:69.2,70.88 2 1
goldbox-rpg/pkg/pcg/items/enchantments.go:70.88,75.36 2 1
goldbox-rpg/pkg/pcg/items/enchantments.go:75.36,76.12 1 1
goldbox-rpg/pkg/pcg/items/enchantments.go:80.3,80.79 1 1
goldbox-rpg/pkg/pcg/items/enchantments.go:80.79,81.12 1 0
goldbox-rpg/pkg/pcg/items/enchantments.go:84.3,87.32 2 1
goldbox-rpg/pkg/pcg/items/enchantments.go:87.32,89.4 1 1
goldbox-rpg/pkg/pcg/items/enchantments.go:93.2,96.12 3 1
goldbox-rpg/pkg/pcg/items/enchantments.go:100.123,103.42 2 1
goldbox-rpg/pkg/pcg/items/enchantments.go:103.42,105.65 1 1
goldbox-rpg/pkg/pcg/items/enchantments.go:105.65,106.12 1 1
goldbox-rpg/pkg/pcg/items/enchantments.go:110.3,110.52 1 1
goldbox-rpg/pkg/pcg/items/enchantments.go:110.52,112.4 1 1
goldbox-rpg/pkg/pcg/items/enchantments.go:116.2,116.44 1 1
goldbox-rpg/pkg/pcg/items/enchantments.go:116.44,118.3 1 1
goldbox-rpg/pkg/pcg/items/enchantments.go:120.2,120.18 1 1
goldbox-rpg/pkg/pcg/items/enchantments.go:124.127,126.22 1 1
goldbox-rpg/pkg/pcg/items/enchantments.go:127.22,128.57 1 1
goldbox-rpg/pkg/pcg/items/enchantments.go:129.21,130.56 1 0
goldbox-rpg/pkg/pcg/items/enchantments.go:131.21,132.56 1 1
goldbox-rpg/pkg/pcg/items/enchantments.go:133.20,134.56 1 0
goldbox-rpg/pkg/pcg/items/enchantments.go:135.10,137.64 1 0
goldbox-rpg/pkg/pcg/items/enchantments.go:142.121,143.27 1 1
goldbox-rpg/pkg/pcg/items/enchantments.go:143.27,145.3 1 0
goldbox-rpg/pkg/pcg/items/enchantments.go:148.2,149.15 2 1
goldbox-rpg/pkg/pcg/items/enchantments.go:149.15,151.3 1 0
goldbox-rpg/pkg/pcg/items/enchantments.go:153.2,156.12 3 1
goldbox-rpg/pkg/pcg/items/enchantments.go:160.120,161.26 1 1
goldbox-rpg/pkg/pcg/items/enchantments.go:161.26,163.3 1 0
goldbox-rpg/pkg/pcg/items/enchantments.go:166.2,167.15 2 1
goldbox-rpg/pkg/pcg/items/enchantments.go:167.15,169.3 1 0
goldbox-rpg/pkg/pcg/items/enchantments.go:171.2,175.12 4 1
goldbox-rpg/pkg/pcg/items/enchantments.go:179.120,180.27 1 1
goldbox-rpg/pkg/pcg/items/enchantments.go:180.27,182.3 1 0
goldbox-rpg/pkg/pcg/items/enchantments.go:184.2,188.20 4 1
goldbox-rpg/pkg/pcg/items/enchantments.go:188.20,190.3 1 0
goldbox-rpg/pkg/pcg/items/enchantments.go:192.2,195.12 3 1
goldbox-rpg/pkg/pcg/items/enchantments.go:199.120,200.26 1 1
goldbox-rpg/pkg/pcg/items/enchantments.go:200.26,202.3 1 0
goldbox-rpg/pkg/pcg/items/enchantments.go:204.2,210.12 5 1
goldbox-rpg/pkg/pcg/items/enchantments.go:214.128,218.2 2 0
goldbox-rpg/pkg/pcg/items/enchantments.go:221.110,222.22 1 1
goldbox-rpg/pkg/pcg/items/enchantments.go:223.37,224.30 1 1
goldbox-rpg/pkg/pcg/items/enchantments.go:225.35,226.29 1 1
goldbox-rpg/pkg/pcg/items/enchantments.go:227.28,228.14 1 1
goldbox-rpg/pkg/pcg/items/enchantments.go:229.10,230.14 1 0
goldbox-rpg/pkg/pcg/items/enchantments.go:235.56,312.2 9 1
goldbox-rpg/pkg/pcg/items/generator.go:22.58,31.60 2 1
goldbox-rpg/pkg/pcg/items/generator.go:31.61,33.3 0 0
goldbox-rpg/pkg/pcg/items/generator.go:35.2,35.12 1 1
goldbox-rpg/pkg/pcg/items/generator.go:39.56,42.2 2 1
goldbox-rpg/pkg/pcg/items/generator.go:45.75,47.2 1 1
goldbox-rpg/pkg/pcg/items/generator.go:50.116,52.20 1 1
goldbox-rpg/pkg/pcg/items/generator.go:52.20,54.3 1 1
goldbox-rpg/pkg/pcg/items/generator.go:57.2,72.16 5 1
goldbox-rpg/pkg/pcg/items/generator.go:72.16,74.3 1 0
goldbox-rpg/pkg/pcg/items/generator.go:76.2,77.16 2 1
goldbox-rpg/pkg/pcg/items/generator.go:77.16,79.3 1 0
goldbox-rpg/pkg/pcg/items/generator.go:81.2,81.18 1 1
goldbox-rpg/pkg/pcg/items/generator.go:85.140,86.20 1 1
goldbox-rpg/pkg/pcg/items/generator.go:86.20,88.3 1 0
goldbox-rpg/pkg/pcg/items/generator.go:91.2,103.91 4 1
goldbox-rpg/pkg/pcg/items/generator.go:103.91,105.3 1 0
goldbox-rpg/pkg/pcg/items/generator.go:108.2,112.78 3 1
goldbox-rpg/pkg/pcg/items/generator.go:112.78,114.3 1 0
goldbox-rpg/pkg/pcg/items/generator.go:117.2,117.48 1 1
goldbox-rpg/pkg/pcg/items/generator.go:117.48,118.99 1 1
goldbox-rpg/pkg/pcg/items/generator.go:118.99,120.4 1 0
goldbox-rpg/pkg/pcg/items/generator.go:124.2,126.18 2 1
goldbox-rpg/pkg/pcg/items/generator.go:130.143,131.20 1 1
goldbox-rpg/pkg/pcg/items/generator.go:131.20,133.3 1 0
goldbox-rpg/pkg/pcg/items/generator.go:135.2,140.32 4 1
goldbox-rpg/pkg/pcg/items/generator.go:140.32,149.17 4 1
goldbox-rpg/pkg/pcg/items/generator.go:149.17,150.12 1 1
goldbox-rpg/pkg/pcg/items/generator.go:153.3,154.17 2 1
goldbox-rpg/pkg/pcg/items/generator.go:154.17,155.12 1 0
goldbox-rpg/pkg/pcg/items/generator.go:158.3,158.30 1 1
goldbox-rpg/pkg/pcg/items/generator.go:161.2,161.21 1 1
goldbox-rpg/pkg/pcg/items/generator.go:161.21,163.3 1 0
goldbox-rpg/pkg/pcg/items/generator.go:165.2,165.19 1 1
goldbox-rpg/pkg/pcg/items/generator.go:169.125,170.42 1 1
goldbox-rpg/pkg/pcg/items/generator.go:170.42,178.19 3 1
goldbox-rpg/pkg/pcg/items/generator.go:179.17,180.50 1 1
goldbox-rpg/pkg/pcg/items/generator.go:181.13,182.25 1 0
goldbox-rpg/pkg/pcg/items/generator.go:183.17,184.29 1 1
goldbox-rpg/pkg/pcg/items/generator.go:185.16,186.28 1 1
goldbox-rpg/pkg/pcg/items/generator.go:187.11,189.90 1 1
goldbox-rpg/pkg/pcg/items/generator.go:193.2,193.12 1 1
goldbox-rpg/pkg/pcg/items/generator.go:197.135,201.17 2 1
goldbox-rpg/pkg/pcg/items/generator.go:201.17,203.3 1 0
goldbox-rpg/pkg/pcg/items/generator.go:206.2,206.23 1 1
goldbox-rpg/pkg/pcg/items/generator.go:206.23,207.90 1 1
goldbox-rpg/pkg/pcg/items/generator.go:207.90,209.4 1 1
goldbox-rpg/pkg/pcg/items/generator.go:212.2,212.12 1 1
goldbox-rpg/pkg/pcg/items/generator.go:216.128,220.21 2 1
goldbox-rpg/pkg/pcg/items/generator.go:220.21,222.3 1 0
goldbox-rpg/pkg/pcg/items/generator.go:225.2,228.22 2 1
goldbox-rpg/pkg/pcg/items/generator.go:228.22,229.20 1 1
goldbox-rpg/pkg/pcg/items/generator.go:230.17,231.19 1 1
goldbox-rpg/pkg/pcg/items/generator.go:232.16,233.20 1 0
goldbox-rpg/pkg/pcg/items/generator.go:234.21,235.19 1 0
goldbox-rpg/pkg/pcg/items/generator.go:236.11,237.19 1 0
goldbox-rpg/pkg/pcg/items/generator.go:243.90,245.22 1 1
goldbox-rpg/pkg/pcg/items/generator.go:245.22,247.3 1 1
goldbox-rpg/pkg/pcg/items/generator.go:248.2,248.15 1 1
goldbox-rpg/pkg/pcg/items/generator.go:252.83,253.17 1 1
goldbox-rpg/pkg/pcg/items/generator.go:254.24,255.11 1 0
goldbox-rpg/pkg/pcg/items/generator.go:256.26,257.11 1 1
goldbox-rpg/pkg/pcg/items/generator.go:258.26,259.11 1 0
goldbox-rpg/pkg/pcg/items/generator.go:260.27,261.11 1 0
goldbox-rpg/pkg/pcg/items/generator.go:262.10,263.11 1 0
goldbox-rpg/pkg/pcg/items/generator.go:268.89,269.17 1 1
goldbox-rpg/pkg/pcg/items/generator.go:270.24,271.47 1 0
goldbox-rpg/pkg/pcg/items/generator.go:272.26,273.53 1 1
goldbox-rpg/pkg/pcg/items/generator.go:274.26,275.48 1 0
goldbox-rpg/pkg/pcg/items/generator.go:276.27,277.48 1 0
goldbox-rpg/pkg/pcg/items/generator.go:278.24,279.47 1 0
goldbox-rpg/pkg/pcg/items/generator.go:280.10,281.26 1 0
goldbox-rpg/pkg/pcg/items/generator.go:286.62,288.2 1 1
goldbox-rpg/pkg/pcg/items/generator.go:291.56,293.2 1 1
goldbox-rpg/pkg/pcg/items/generator.go:296.80,297.22 1 1
goldbox-rpg/pkg/pcg/items/generator.go:297.22,299.3 1 1
goldbox-rpg/pkg/pcg/items/generator.go:301.2,301.55 1 1
goldbox-rpg/pkg/pcg/items/generator.go:301.55,303.3 1 1
goldbox-rpg/pkg/pcg/items/generator.go:305.2,305.53 1 1
goldbox-rpg/pkg/pcg/items/generator.go:305.53,307.3 1 1
goldbox-rpg/pkg/pcg/items/generator.go:309.2,309.12 1 1
goldbox-rpg/pkg/pcg/items/generator.go:313.30,315.2 1 1
goldbox-rpg/pkg/pcg/items/generator.go:318.107,332.34 4 1
goldbox-rpg/pkg/pcg/items/generator.go:332.34,333.26 1 1
goldbox-rpg/pkg/pcg/items/generator.go:333.26,335.4 1 1
goldbox-rpg/pkg/pcg/items/generator.go:336.3,336.26 1 1
goldbox-rpg/pkg/pcg/items/generator.go:336.26,338.4 1 1
goldbox-rpg/pkg/pcg/items/generator.go:342.2,342.25 1 1
goldbox-rpg/pkg/pcg/items/generator.go:342.25,344.3 1 0
goldbox-rpg/pkg/pcg/items/generator.go:347.2,348.32 2 1
goldbox-rpg/pkg/pcg/items/templates.go:36.54,41.2 1 1
goldbox-rpg/pkg/pcg/items/templates.go:44.63,109.2 10 1
goldbox-rpg/pkg/pcg/items/templates.go:112.72,115.16 2 1
goldbox-rpg/pkg/pcg/items/templates.go:115.16,117.3 1 1
goldbox-rpg/pkg/pcg/items/templates.go:120.2,121.58 2 1
goldbox-rpg/pkg/pcg/items/templates.go:121.58,123.3 1 1
goldbox-rpg/pkg/pcg/items/templates.go:126.2,126.33 1 1
goldbox-rpg/pkg/pcg/items/templates.go:126.33,127.52 1 1
goldbox-rpg/pkg/pcg/items/templates.go:127.52,128.23 1 1
goldbox-rpg/pkg/pcg/items/templates.go:128.23,130.32 1 1
goldbox-rpg/pkg/pcg/items/templates.go:130.32,132.6 1 0
goldbox-rpg/pkg/pcg/items/templates.go:133.5,133.37 1 1
goldbox-rpg/pkg/pcg/items/templates.go:133.37,135.6 1 0
goldbox-rpg/pkg/pcg/items/templates.go:138.5,138.35 1 1
goldbox-rpg/pkg/pcg/items/templates.go:144.2,144.39 1 1
goldbox-rpg/pkg/pcg/items/templates.go:144.39,145.60 1 1
goldbox-rpg/pkg/pcg/items/templates.go:145.60,147.4 1 1
goldbox-rpg/pkg/pcg/items/templates.go:151.2,151.29 1 1
goldbox-rpg/pkg/pcg/items/templates.go:151.29,153.3 1 1
goldbox-rpg/pkg/pcg/items/templates.go:156.2,156.35 1 1
goldbox-rpg/pkg/pcg/items/templates.go:156.35,158.3 1 1
goldbox-rpg/pkg/pcg/items/templates.go:160.2,160.12 1 1
goldbox-rpg/pkg/pcg/items/templates.go:164.113,166.13 2 1
goldbox-rpg/pkg/pcg/items/templates.go:166.13,168.3 1 1
goldbox-rpg/pkg/pcg/items/templates.go:171.2,172.52 2 1
goldbox-rpg/pkg/pcg/items/templates.go:172.52,173.32 1 1
goldbox-rpg/pkg/pcg/items/templates.go:173.32,175.9 2 1
goldbox-rpg/pkg/pcg/items/templates.go:179.2,179.16 1 1
goldbox-rpg/pkg/pcg/items/templates.go:179.16,183.3 2 0
goldbox-rpg/pkg/pcg/items/templates.go:186.2,187.27 2 1
goldbox-rpg/pkg/pcg/items/templates.go:191.90,192.61 1 1
goldbox-rpg/pkg/pcg/items/templates.go:192.61,194.3 1 1
goldbox-rpg/pkg/pcg/items/templates.go:196.2,196.46 1 0
goldbox-rpg/pkg/pcg/items/templates.go:200.63,254.2 6 1
goldbox-rpg/pkg/pcg/items/templates.go:257.97,267.33 5 1
goldbox-rpg/pkg/pcg/items/templates.go:267.33,270.3 2 1
goldbox-rpg/pkg/pcg/items/templates.go:273.2,273.59 1 1
goldbox-rpg/pkg/pcg/items/templates.go:273.59,276.3 2 1
goldbox-rpg/pkg/pcg/items/templates.go:279.2,279.59 1 1
goldbox-rpg/pkg/pcg/items/templates.go:279.59,282.3 2 1
goldbox-rpg/pkg/pcg/items/templates.go:284.2,284.17 1 1
goldbox-rpg/pkg/integration/resilient.go:22.119,28.2 1 1
goldbox-rpg/pkg/integration/resilient.go:31.104,33.54 1 1
goldbox-rpg/pkg/integration/resilient.go:33.54,35.3 1 1
goldbox-rpg/pkg/integration/resilient.go:38.2,38.50 1 1
goldbox-rpg/pkg/integration/resilient.go:42.64,47.34 3 1
goldbox-rpg/pkg/integration/resilient.go:47.34,49.3 1 1
goldbox-rpg/pkg/integration/resilient.go:51.2,51.14 1 1
goldbox-rpg/pkg/integration/resilient.go:78.99,80.2 1 1
goldbox-rpg/pkg/integration/resilient.go:83.96,85.2 1 1
goldbox-rpg/pkg/integration/resilient.go:88.95,90.2 1 1
goldbox-rpg/pkg/integration/resilient.go:93.134,97.2 2 1
goldbox-rpg/pkg/integration/resilient.go:100.85,110.2 2 1
goldbox-rpg/pkg/integration/resilient.go:113.83,122.2 2 1
goldbox-rpg/pkg/integration/resilient.go:125.126,133.33 2 1
goldbox-rpg/pkg/integration/resilient.go:133.33,135.3 1 1
goldbox-rpg/pkg/integration/resilient.go:137.2,137.41 1 1
goldbox-rpg/pkg/integration/resilient.go:141.72,142.37 1 1
goldbox-rpg/pkg/integration/resilient.go:142.37,144.3 1 1
goldbox-rpg/pkg/integration/resilient.go:148.95,149.37 1 1
goldbox-rpg/pkg/integration/resilient.go:149.37,151.3 1 1
goldbox-rpg/pkg/integration/resilient.go:156.33,172.2 3 0
goldbox-rpg/pkg/pcg/levels/demo/main.go:27.30,32.2 1 1
goldbox-rpg/pkg/pcg/levels/demo/main.go:34.13,35.45 1 0
goldbox-rpg/pkg/pcg/levels/demo/main.go:35.45,38.3 2 0
goldbox-rpg/pkg/pcg/levels/demo/main.go:43.29,68.16 6 1
goldbox-rpg/pkg/pcg/levels/demo/main.go:68.16,70.3 1 0
goldbox-rpg/pkg/pcg/levels/demo/main.go:73.2,75.12 2 1
goldbox-rpg/pkg/pcg/levels/demo/main.go:79.55,86.46 5 1
goldbox-rpg/pkg/pcg/levels/demo/main.go:86.46,87.46 1 1
goldbox-rpg/pkg/pcg/levels/demo/main.go:87.46,88.34 1 1
goldbox-rpg/pkg/pcg/levels/demo/main.go:88.34,90.5 1 1
goldbox-rpg/pkg/pcg/levels/demo/main.go:90.10,92.5 1 1
goldbox-rpg/pkg/pcg/levels/demo/main.go:94.3,94.18 1 1
goldbox-rpg/pkg/pcg/levels/demo/main.go:97.2,97.63 1 1
goldbox-rpg/pkg/pcg/levels/corridors.go:38.83,43.2 1 1
goldbox-rpg/pkg/pcg/levels/corridors.go:46.125,59.16 4 1
goldbox-rpg/pkg/pcg/levels/corridors.go:59.16,61.3 1 0
goldbox-rpg/pkg/pcg/levels/corridors.go:64.2,66.22 2 1
goldbox-rpg/pkg/pcg/levels/corridors.go:70.57,71.18 1 1
goldbox-rpg/pkg/pcg/levels/corridors.go:72.27,73.11 1 1
goldbox-rpg/pkg/pcg/levels/corridors.go:74.28,75.28 1 1
goldbox-rpg/pkg/pcg/levels/corridors.go:76.25,77.28 1 1
goldbox-rpg/pkg/pcg/levels/corridors.go:78.24,79.11 1 1
goldbox-rpg/pkg/pcg/levels/corridors.go:80.27,81.28 1 1
goldbox-rpg/pkg/pcg/levels/corridors.go:82.10,83.11 1 0
goldbox-rpg/pkg/pcg/levels/corridors.go:88.114,89.18 1 1
goldbox-rpg/pkg/pcg/levels/corridors.go:90.28,91.45 1 1
goldbox-rpg/pkg/pcg/levels/corridors.go:92.25,93.42 1 1
goldbox-rpg/pkg/pcg/levels/corridors.go:94.24,95.41 1 1
goldbox-rpg/pkg/pcg/levels/corridors.go:96.27,97.44 1 1
goldbox-rpg/pkg/pcg/levels/corridors.go:98.27,99.44 1 1
goldbox-rpg/pkg/pcg/levels/corridors.go:100.10,101.45 1 0
goldbox-rpg/pkg/pcg/levels/corridors.go:106.100,112.21 3 1
goldbox-rpg/pkg/pcg/levels/corridors.go:112.21,114.3 1 1
goldbox-rpg/pkg/pcg/levels/corridors.go:114.8,116.3 1 1
goldbox-rpg/pkg/pcg/levels/corridors.go:118.2,118.18 1 1
goldbox-rpg/pkg/pcg/levels/corridors.go:122.200,129.2 6 1
goldbox-rpg/pkg/pcg/levels/corridors.go:132.123,134.2 1 1
goldbox-rpg/pkg/pcg/levels/corridors.go:137.123,139.2 1 1
goldbox-rpg/pkg/pcg/levels/corridors.go:142.91,144.26 2 1
goldbox-rpg/pkg/pcg/levels/corridors.go:144.26,145.25 1 1
goldbox-rpg/pkg/pcg/levels/corridors.go:145.25,147.4 1 1
goldbox-rpg/pkg/pcg/levels/corridors.go:147.9,149.4 1 1
goldbox-rpg/pkg/pcg/levels/corridors.go:151.2,151.15 1 1
goldbox-rpg/pkg/pcg/levels/corridors.go:155.89,157.26 2 1
goldbox-rpg/pkg/pcg/levels/corridors.go:157.26,158.25 1 1
goldbox-rpg/pkg/pcg/levels/corridors.go:158.25,160.4 1 1
goldbox-rpg/pkg/pcg/levels/corridors.go:160.9,162.4 1 1
goldbox-rpg/pkg/pcg/levels/corridors.go:164.2,164.15 1 1
goldbox-rpg/pkg/pcg/levels/corridors.go:168.112,172.25 2 1
goldbox-rpg/pkg/pcg/levels/corridors.go:172.25,173.24 1 1
goldbox-rpg/pkg/pcg/levels/corridors.go:173.24,175.4 1 1
goldbox-rpg/pkg/pcg/levels/corridors.go:175.9,177.4 1 1
goldbox-rpg/pkg/pcg/levels/corridors.go:178.3,178.31 1 1
goldbox-rpg/pkg/pcg/levels/corridors.go:182.2,182.25 1 1
goldbox-rpg/pkg/pcg/levels/corridors.go:182.25,183.24 1 1
goldbox-rpg/pkg/pcg/levels/corridors.go:183.24,185.4 1 1
goldbox-rpg/pkg/pcg/levels/corridors.go:185.9,187.4 1 1
goldbox-rpg/pkg/pcg/levels/corridors.go:188.3,188.31 1 1
goldbox-rpg/pkg/pcg/levels/corridors.go:191.2,191.13 1 1
goldbox-rpg/pkg/pcg/levels/corridors.go:195.97,200.47 3 1
goldbox-rpg/pkg/pcg/levels/corridors.go:200.47,207.26 4 1
goldbox-rpg/pkg/pcg/levels/corridors.go:207.26,213.4 4 1
goldbox-rpg/pkg/pcg/levels/corridors.go:213.9,214.9 1 0
goldbox-rpg/pkg/pcg/levels/corridors.go:218.3,219.35 2 1
goldbox-rpg/pkg/pcg/levels/corridors.go:219.35,221.4 1 1
goldbox-rpg/pkg/pcg/levels/corridors.go:224.2,224.18 1 1
goldbox-rpg/pkg/pcg/levels/corridors.go:228.95,233.12 3 1
goldbox-rpg/pkg/pcg/levels/corridors.go:233.12,236.3 2 1
goldbox-rpg/pkg/pcg/levels/corridors.go:238.2,238.12 1 1
goldbox-rpg/pkg/pcg/levels/corridors.go:238.12,241.3 2 1
goldbox-rpg/pkg/pcg/levels/corridors.go:243.2,243.12 1 1
goldbox-rpg/pkg/pcg/levels/corridors.go:243.12,246.3 2 1
goldbox-rpg/pkg/pcg/levels/corridors.go:248.2,248.12 1 1
goldbox-rpg/pkg/pcg/levels/corridors.go:248.12,251.3 2 1
goldbox-rpg/pkg/pcg/levels/corridors.go:253.2,253.28 1 1
goldbox-rpg/pkg/pcg/levels/corridors.go:257.97,258.28 1 1
goldbox-rpg/pkg/pcg/levels/corridors.go:258.28,260.40 1 1
goldbox-rpg/pkg/pcg/levels/corridors.go:260.40,262.4 1 1
goldbox-rpg/pkg/pcg/levels/corridors.go:262.9,262.21 1 1
goldbox-rpg/pkg/pcg/levels/corridors.go:262.21,264.4 1 1
goldbox-rpg/pkg/pcg/levels/corridors.go:266.2,266.16 1 1
goldbox-rpg/pkg/pcg/levels/corridors.go:270.96,279.37 5 1
goldbox-rpg/pkg/pcg/levels/corridors.go:279.37,281.58 1 1
goldbox-rpg/pkg/pcg/levels/corridors.go:281.58,282.31 1 1
goldbox-rpg/pkg/pcg/levels/corridors.go:282.31,283.31 1 1
goldbox-rpg/pkg/pcg/levels/corridors.go:283.31,285.6 1 1
goldbox-rpg/pkg/pcg/levels/corridors.go:285.11,287.6 1 0
goldbox-rpg/pkg/pcg/levels/corridors.go:288.10,288.38 1 1
goldbox-rpg/pkg/pcg/levels/corridors.go:288.38,289.31 1 1
goldbox-rpg/pkg/pcg/levels/corridors.go:289.31,291.6 1 1
goldbox-rpg/pkg/pcg/levels/corridors.go:291.11,293.6 1 1
goldbox-rpg/pkg/pcg/levels/corridors.go:295.4,295.32 1 1
goldbox-rpg/pkg/pcg/levels/corridors.go:299.2,299.18 1 1
goldbox-rpg/pkg/pcg/levels/corridors.go:303.99,312.2 6 1
goldbox-rpg/pkg/pcg/levels/corridors.go:315.80,318.2 2 1
goldbox-rpg/pkg/pcg/levels/corridors.go:321.137,322.75 1 1
goldbox-rpg/pkg/pcg/levels/corridors.go:322.75,330.3 5 1
goldbox-rpg/pkg/pcg/levels/corridors.go:331.2,331.16 1 1
goldbox-rpg/pkg/pcg/levels/corridors.go:335.109,340.2 1 1
goldbox-rpg/pkg/pcg/levels/corridors.go:343.88,344.25 1 1
goldbox-rpg/pkg/pcg/levels/corridors.go:344.25,346.3 1 1
goldbox-rpg/pkg/pcg/levels/corridors.go:346.8,346.32 1 1
goldbox-rpg/pkg/pcg/levels/corridors.go:346.32,348.3 1 1
goldbox-rpg/pkg/pcg/levels/corridors.go:350.2,350.25 1 1
goldbox-rpg/pkg/pcg/levels/corridors.go:350.25,352.3 1 1
goldbox-rpg/pkg/pcg/levels/corridors.go:352.8,352.32 1 1
goldbox-rpg/pkg/pcg/levels/corridors.go:352.32,354.3 1 1
goldbox-rpg/pkg/pcg/levels/corridors.go:356.2,356.16 1 1
goldbox-rpg/pkg/pcg/levels/corridors.go:360.105,361.28 1 1
goldbox-rpg/pkg/pcg/levels/corridors.go:361.28,364.3 2 1
goldbox-rpg/pkg/pcg/levels/corridors.go:365.2,365.16 1 1
goldbox-rpg/pkg/pcg/levels/corridors.go:369.114,370.47 1 1
goldbox-rpg/pkg/pcg/levels/corridors.go:370.47,371.24 1 1
goldbox-rpg/pkg/pcg/levels/corridors.go:371.24,373.4 1 1
goldbox-rpg/pkg/pcg/levels/corridors.go:373.9,373.31 1 1
goldbox-rpg/pkg/pcg/levels/corridors.go:373.31,375.4 1 0
goldbox-rpg/pkg/pcg/levels/corridors.go:375.9,375.31 1 1
goldbox-rpg/pkg/pcg/levels/corridors.go:375.31,377.4 1 1
goldbox-rpg/pkg/pcg/levels/corridors.go:377.9,377.31 1 1
goldbox-rpg/pkg/pcg/levels/corridors.go:377.31,379.4 1 1
goldbox-rpg/pkg/pcg/levels/corridors.go:380.3,380.33 1 1
goldbox-rpg/pkg/pcg/levels/corridors.go:382.2,382.16 1 1
goldbox-rpg/pkg/pcg/levels/corridors.go:386.99,390.47 3 1
goldbox-rpg/pkg/pcg/levels/corridors.go:390.47,392.13 2 1
goldbox-rpg/pkg/pcg/levels/corridors.go:392.13,393.9 1 0
goldbox-rpg/pkg/pcg/levels/corridors.go:395.3,396.31 2 1
goldbox-rpg/pkg/pcg/levels/corridors.go:399.2,399.18 1 1
goldbox-rpg/pkg/pcg/levels/corridors.go:403.107,405.40 1 1
goldbox-rpg/pkg/pcg/levels/corridors.go:405.40,407.3 1 0
goldbox-rpg/pkg/pcg/levels/corridors.go:410.2,410.42 1 1
goldbox-rpg/pkg/pcg/levels/corridors.go:414.79,416.2 1 1
goldbox-rpg/pkg/pcg/levels/corridors.go:419.85,421.23 2 0
goldbox-rpg/pkg/pcg/levels/corridors.go:421.23,423.3 1 0
goldbox-rpg/pkg/pcg/levels/corridors.go:423.8,425.3 1 0
goldbox-rpg/pkg/pcg/levels/corridors.go:426.2,426.23 1 0
goldbox-rpg/pkg/pcg/levels/corridors.go:426.23,428.3 1 0
goldbox-rpg/pkg/pcg/levels/corridors.go:428.8,430.3 1 0
goldbox-rpg/pkg/pcg/levels/corridors.go:431.2,431.13 1 0
goldbox-rpg/pkg/pcg/levels/corridors.go:435.95,439.24 3 1
goldbox-rpg/pkg/pcg/levels/corridors.go:439.24,440.24 1 0
goldbox-rpg/pkg/pcg/levels/corridors.go:440.24,442.4 1 0
goldbox-rpg/pkg/pcg/levels/corridors.go:442.9,444.4 1 0
goldbox-rpg/pkg/pcg/levels/corridors.go:445.3,445.15 1 0
goldbox-rpg/pkg/pcg/levels/corridors.go:446.8,446.31 1 1
goldbox-rpg/pkg/pcg/levels/corridors.go:446.31,447.24 1 1
goldbox-rpg/pkg/pcg/levels/corridors.go:447.24,449.4 1 1
goldbox-rpg/pkg/pcg/levels/corridors.go:449.9,451.4 1 0
goldbox-rpg/pkg/pcg/levels/corridors.go:452.3,452.15 1 1
goldbox-rpg/pkg/pcg/levels/corridors.go:455.2,455.20 1 1
goldbox-rpg/pkg/pcg/levels/corridors.go:459.99,462.29 2 1
goldbox-rpg/pkg/pcg/levels/corridors.go:462.29,473.3 6 1
goldbox-rpg/pkg/pcg/levels/corridors.go:476.2,478.18 2 1
goldbox-rpg/pkg/pcg/levels/corridors.go:482.113,483.26 1 1
goldbox-rpg/pkg/pcg/levels/corridors.go:483.26,485.3 1 0
goldbox-rpg/pkg/pcg/levels/corridors.go:487.2,488.33 2 1
goldbox-rpg/pkg/pcg/levels/corridors.go:488.33,490.3 1 1
goldbox-rpg/pkg/pcg/levels/corridors.go:492.2,492.22 1 1
goldbox-rpg/pkg/pcg/levels/corridors.go:492.22,494.3 1 0
goldbox-rpg/pkg/pcg/levels/corridors.go:496.2,499.33 3 1
goldbox-rpg/pkg/pcg/levels/corridors.go:499.33,501.24 2 1
goldbox-rpg/pkg/pcg/levels/corridors.go:501.24,503.4 1 1
goldbox-rpg/pkg/pcg/levels/corridors.go:506.2,506.38 1 0
goldbox-rpg/pkg/pcg/levels/corridors.go:510.119,516.62 3 1
goldbox-rpg/pkg/pcg/levels/corridors.go:516.62,517.29 1 1
goldbox-rpg/pkg/pcg/levels/corridors.go:517.29,529.4 3 1
goldbox-rpg/pkg/pcg/levels/corridors.go:532.2,532.17 1 1
goldbox-rpg/pkg/pcg/levels/corridors.go:536.83,548.13 3 1
goldbox-rpg/pkg/pcg/levels/corridors.go:548.13,550.3 1 0
goldbox-rpg/pkg/pcg/levels/corridors.go:552.2,552.55 1 1
goldbox-rpg/pkg/pcg/levels/generator.go:51.56,53.2 1 1
goldbox-rpg/pkg/pcg/levels/generator.go:63.74,73.2 3 1
goldbox-rpg/pkg/pcg/levels/generator.go:76.67,88.2 11 1
goldbox-rpg/pkg/pcg/levels/generator.go:91.55,93.2 1 1
goldbox-rpg/pkg/pcg/levels/generator.go:96.61,98.2 1 1
goldbox-rpg/pkg/pcg/levels/generator.go:101.55,103.2 1 1
goldbox-rpg/pkg/pcg/levels/generator.go:106.79,108.9 2 1
goldbox-rpg/pkg/pcg/levels/generator.go:108.9,110.3 1 1
goldbox-rpg/pkg/pcg/levels/generator.go:112.2,112.30 1 1
goldbox-rpg/pkg/pcg/levels/generator.go:112.30,114.3 1 1
goldbox-rpg/pkg/pcg/levels/generator.go:116.2,116.49 1 1
goldbox-rpg/pkg/pcg/levels/generator.go:116.49,118.3 1 1
goldbox-rpg/pkg/pcg/levels/generator.go:120.2,120.53 1 1
goldbox-rpg/pkg/pcg/levels/generator.go:120.53,122.3 1 1
goldbox-rpg/pkg/pcg/levels/generator.go:124.2,124.55 1 1
goldbox-rpg/pkg/pcg/levels/generator.go:124.55,126.3 1 0
goldbox-rpg/pkg/pcg/levels/generator.go:128.2,128.12 1 1
goldbox-rpg/pkg/pcg/levels/generator.go:132.115,134.9 2 1
goldbox-rpg/pkg/pcg/levels/generator.go:134.9,136.3 1 0
goldbox-rpg/pkg/pcg/levels/generator.go:139.2,141.44 2 1
goldbox-rpg/pkg/pcg/levels/generator.go:147.115,149.34 1 1
goldbox-rpg/pkg/pcg/levels/generator.go:149.34,151.3 1 1
goldbox-rpg/pkg/pcg/levels/generator.go:154.2,162.16 5 1
goldbox-rpg/pkg/pcg/levels/generator.go:162.16,164.3 1 0
goldbox-rpg/pkg/pcg/levels/generator.go:167.2,167.34 1 1
goldbox-rpg/pkg/pcg/levels/generator.go:167.34,169.3 1 0
goldbox-rpg/pkg/pcg/levels/generator.go:172.2,173.16 2 1
goldbox-rpg/pkg/pcg/levels/generator.go:173.16,175.3 1 0
goldbox-rpg/pkg/pcg/levels/generator.go:178.2,178.34 1 1
goldbox-rpg/pkg/pcg/levels/generator.go:178.34,180.3 1 0
goldbox-rpg/pkg/pcg/levels/generator.go:183.2,184.16 2 1
goldbox-rpg/pkg/pcg/levels/generator.go:184.16,186.3 1 0
goldbox-rpg/pkg/pcg/levels/generator.go:189.2,189.34 1 1
goldbox-rpg/pkg/pcg/levels/generator.go:189.34,191.3 1 0
goldbox-rpg/pkg/pcg/levels/generator.go:194.2,195.16 2 1
goldbox-rpg/pkg/pcg/levels/generator.go:195.16,197.3 1 0
goldbox-rpg/pkg/pcg/levels/generator.go:200.2,200.34 1 1
goldbox-rpg/pkg/pcg/levels/generator.go:200.34,202.3 1 0
goldbox-rpg/pkg/pcg/levels/generator.go:205.2,206.16 2 1
goldbox-rpg/pkg/pcg/levels/generator.go:206.16,208.3 1 0
goldbox-rpg/pkg/pcg/levels/generator.go:211.2,211.34 1 1
goldbox-rpg/pkg/pcg/levels/generator.go:211.34,213.3 1 0
goldbox-rpg/pkg/pcg/levels/generator.go:216.2,217.16 2 1
goldbox-rpg/pkg/pcg/levels/generator.go:217.16,219.3 1 0
goldbox-rpg/pkg/pcg/levels/generator.go:221.2,221.19 1 1
goldbox-rpg/pkg/pcg/levels/generator.go:225.104,232.27 3 1
goldbox-rpg/pkg/pcg/levels/generator.go:233.24,234.37 1 1
goldbox-rpg/pkg/pcg/levels/generator.go:235.23,237.43 1 1
goldbox-rpg/pkg/pcg/levels/generator.go:238.24,240.77 1 1
goldbox-rpg/pkg/pcg/levels/generator.go:241.27,243.37 1 1
goldbox-rpg/pkg/pcg/levels/generator.go:244.10,245.37 1 1
goldbox-rpg/pkg/pcg/levels/generator.go:249.2,249.16 1 1
goldbox-rpg/pkg/pcg/levels/generator.go:249.16,251.3 1 0
goldbox-rpg/pkg/pcg/levels/generator.go:252.2,252.17 1 1
goldbox-rpg/pkg/pcg/levels/generator.go:252.17,254.3 1 0
goldbox-rpg/pkg/pcg/levels/generator.go:256.2,256.22 1 1
goldbox-rpg/pkg/pcg/levels/generator.go:260.155,270.32 5 1
goldbox-rpg/pkg/pcg/levels/generator.go:270.32,283.3 3 1
goldbox-rpg/pkg/pcg/levels/generator.go:286.2,288.25 2 1
goldbox-rpg/pkg/pcg/levels/generator.go:292.103,293.22 1 1
goldbox-rpg/pkg/pcg/levels/generator.go:293.22,295.3 1 1
goldbox-rpg/pkg/pcg/levels/generator.go:298.2,301.38 3 1
goldbox-rpg/pkg/pcg/levels/generator.go:301.38,312.3 7 1
goldbox-rpg/pkg/pcg/levels/generator.go:312.8,312.47 1 1
goldbox-rpg/pkg/pcg/levels/generator.go:312.47,323.3 7 1
goldbox-rpg/pkg/pcg/levels/generator.go:323.8,326.3 1 1
goldbox-rpg/pkg/pcg/levels/generator.go:328.2,328.14 1 1
goldbox-rpg/pkg/pcg/levels/generator.go:332.105,334.16 1 1
goldbox-rpg/pkg/pcg/levels/generator.go:334.16,336.3 1 1
goldbox-rpg/pkg/pcg/levels/generator.go:339.2,339.22 1 1
goldbox-rpg/pkg/pcg/levels/generator.go:339.22,341.3 1 1
goldbox-rpg/pkg/pcg/levels/generator.go:344.2,344.40 1 1
goldbox-rpg/pkg/pcg/levels/generator.go:344.40,346.3 1 1
goldbox-rpg/pkg/pcg/levels/generator.go:349.2,349.31 1 1
goldbox-rpg/pkg/pcg/levels/generator.go:349.31,351.3 1 1
goldbox-rpg/pkg/pcg/levels/generator.go:354.2,355.9 2 1
goldbox-rpg/pkg/pcg/levels/generator.go:356.18,357.28 1 1
goldbox-rpg/pkg/pcg/levels/generator.go:358.18,359.30 1 1
goldbox-rpg/pkg/pcg/levels/generator.go:360.19,361.28 1 0
goldbox-rpg/pkg/pcg/levels/generator.go:362.19,363.26 1 1
goldbox-rpg/pkg/pcg/levels/generator.go:364.19,365.26 1 0
goldbox-rpg/pkg/pcg/levels/generator.go:366.10,367.28 1 1
goldbox-rpg/pkg/pcg/levels/generator.go:372.109,376.35 3 1
goldbox-rpg/pkg/pcg/levels/generator.go:376.35,377.40 1 1
goldbox-rpg/pkg/pcg/levels/generator.go:377.40,379.4 1 1
goldbox-rpg/pkg/pcg/levels/generator.go:380.3,380.36 1 1
goldbox-rpg/pkg/pcg/levels/generator.go:380.36,382.4 1 1
goldbox-rpg/pkg/pcg/levels/generator.go:386.2,386.42 1 1
goldbox-rpg/pkg/pcg/levels/generator.go:386.42,388.3 1 0
goldbox-rpg/pkg/pcg/levels/generator.go:391.2,391.38 1 1
goldbox-rpg/pkg/pcg/levels/generator.go:391.38,393.3 1 0
goldbox-rpg/pkg/pcg/levels/generator.go:397.141,398.41 1 1
goldbox-rpg/pkg/pcg/levels/generator.go:398.41,400.14 2 1
goldbox-rpg/pkg/pcg/levels/generator.go:400.14,403.4 1 0
goldbox-rpg/pkg/pcg/levels/generator.go:405.3,406.17 2 1
goldbox-rpg/pkg/pcg/levels/generator.go:406.17,408.4 1 0
goldbox-rpg/pkg/pcg/levels/generator.go:411.3,414.51 4 1
goldbox-rpg/pkg/pcg/levels/generator.go:417.2,424.12 2 1
goldbox-rpg/pkg/pcg/levels/generator.go:428.142,436.41 4 1
goldbox-rpg/pkg/pcg/levels/generator.go:436.41,443.17 2 1
goldbox-rpg/pkg/pcg/levels/generator.go:443.17,445.4 1 0
goldbox-rpg/pkg/pcg/levels/generator.go:447.3,457.4 3 1
goldbox-rpg/pkg/pcg/levels/generator.go:460.2,460.23 1 1
goldbox-rpg/pkg/pcg/levels/generator.go:472.102,476.36 2 1
goldbox-rpg/pkg/pcg/levels/generator.go:476.36,486.3 3 1
goldbox-rpg/pkg/pcg/levels/generator.go:489.2,489.20 1 1
goldbox-rpg/pkg/pcg/levels/generator.go:489.20,500.3 3 1
goldbox-rpg/pkg/pcg/levels/generator.go:502.2,502.20 1 1
goldbox-rpg/pkg/pcg/levels/generator.go:506.91,508.25 1 1
goldbox-rpg/pkg/pcg/levels/generator.go:509.9,513.4 1 1
goldbox-rpg/pkg/pcg/levels/generator.go:514.9,518.4 1 1
goldbox-rpg/pkg/pcg/levels/generator.go:519.9,523.4 1 1
goldbox-rpg/pkg/pcg/levels/generator.go:524.10,528.4 1 1
goldbox-rpg/pkg/pcg/levels/generator.go:533.146,536.35 2 1
goldbox-rpg/pkg/pcg/levels/generator.go:536.35,537.38 1 1
goldbox-rpg/pkg/pcg/levels/generator.go:537.38,539.4 1 1
goldbox-rpg/pkg/pcg/levels/generator.go:543.2,543.68 1 1
goldbox-rpg/pkg/pcg/levels/generator.go:543.68,546.44 2 1
goldbox-rpg/pkg/pcg/levels/generator.go:546.44,557.4 2 1
goldbox-rpg/pkg/pcg/levels/generator.go:560.2,567.12 2 1
goldbox-rpg/pkg/pcg/levels/generator.go:571.106,576.29 3 1
goldbox-rpg/pkg/pcg/levels/generator.go:576.29,577.26 1 1
goldbox-rpg/pkg/pcg/levels/generator.go:577.26,579.4 1 0
goldbox-rpg/pkg/pcg/levels/generator.go:583.2,585.29 3 1
goldbox-rpg/pkg/pcg/levels/generator.go:585.29,586.40 1 1
goldbox-rpg/pkg/pcg/levels/generator.go:586.40,588.4 1 1
goldbox-rpg/pkg/pcg/levels/generator.go:589.3,589.36 1 1
goldbox-rpg/pkg/pcg/levels/generator.go:589.36,591.4 1 1
goldbox-rpg/pkg/pcg/levels/generator.go:594.2,594.18 1 1
goldbox-rpg/pkg/pcg/levels/generator.go:594.18,596.3 1 0
goldbox-rpg/pkg/pcg/levels/generator.go:597.2,597.14 1 1
goldbox-rpg/pkg/pcg/levels/generator.go:597.14,599.3 1 0
goldbox-rpg/pkg/pcg/levels/generator.go:601.2,610.12 2 1
goldbox-rpg/pkg/pcg/levels/generator.go:614.121,615.23 1 1
goldbox-rpg/pkg/pcg/levels/generator.go:615.23,617.3 1 1
goldbox-rpg/pkg/pcg/levels/generator.go:619.2,623.29 3 1
goldbox-rpg/pkg/pcg/levels/generator.go:623.29,624.24 1 1
goldbox-rpg/pkg/pcg/levels/generator.go:624.24,626.9 2 1
goldbox-rpg/pkg/pcg/levels/generator.go:630.2,630.24 1 1
goldbox-rpg/pkg/pcg/levels/generator.go:630.24,632.3 1 0
goldbox-rpg/pkg/pcg/levels/generator.go:635.2,635.52 1 1
goldbox-rpg/pkg/pcg/levels/generator.go:635.52,637.3 1 1
goldbox-rpg/pkg/pcg/levels/generator.go:641.169,653.30 2 1
goldbox-rpg/pkg/pcg/levels/generator.go:653.30,655.30 2 1
goldbox-rpg/pkg/pcg/levels/generator.go:655.30,661.4 1 1
goldbox-rpg/pkg/pcg/levels/generator.go:665.2,665.29 1 1
goldbox-rpg/pkg/pcg/levels/generator.go:665.29,666.68 1 1
goldbox-rpg/pkg/pcg/levels/generator.go:666.68,667.71 1 1
goldbox-rpg/pkg/pcg/levels/generator.go:667.71,669.5 1 1
goldbox-rpg/pkg/pcg/levels/generator.go:674.2,674.37 1 1
goldbox-rpg/pkg/pcg/levels/generator.go:674.37,675.37 1 1
goldbox-rpg/pkg/pcg/levels/generator.go:675.37,676.67 1 1
goldbox-rpg/pkg/pcg/levels/generator.go:676.67,682.5 1 1
goldbox-rpg/pkg/pcg/levels/generator.go:687.2,694.19 7 1
goldbox-rpg/pkg/pcg/levels/generator.go:698.163,700.13 2 1
goldbox-rpg/pkg/pcg/levels/generator.go:700.13,702.3 1 0
goldbox-rpg/pkg/pcg/levels/generator.go:704.2,707.85 3 1
goldbox-rpg/pkg/pcg/levels/rooms.go:22.162,33.37 2 1
goldbox-rpg/pkg/pcg/levels/rooms.go:33.37,35.37 2 1
goldbox-rpg/pkg/pcg/levels/rooms.go:35.37,37.71 1 1
goldbox-rpg/pkg/pcg/levels/rooms.go:37.71,43.5 1 1
goldbox-rpg/pkg/pcg/levels/rooms.go:43.10,49.5 1 1
goldbox-rpg/pkg/pcg/levels/rooms.go:54.2,57.36 3 1
goldbox-rpg/pkg/pcg/levels/rooms.go:57.36,60.3 2 1
goldbox-rpg/pkg/pcg/levels/rooms.go:63.2,70.18 5 1
goldbox-rpg/pkg/pcg/levels/rooms.go:73.149,89.2 5 1
goldbox-rpg/pkg/pcg/levels/rooms.go:91.109,96.33 3 1
goldbox-rpg/pkg/pcg/levels/rooms.go:96.33,101.15 3 1
goldbox-rpg/pkg/pcg/levels/rooms.go:102.10,104.9 2 1
goldbox-rpg/pkg/pcg/levels/rooms.go:105.10,107.37 2 1
goldbox-rpg/pkg/pcg/levels/rooms.go:108.10,110.25 2 1
goldbox-rpg/pkg/pcg/levels/rooms.go:111.10,113.37 2 1
goldbox-rpg/pkg/pcg/levels/rooms.go:116.3,116.73 1 1
goldbox-rpg/pkg/pcg/levels/rooms.go:119.2,119.14 1 1
goldbox-rpg/pkg/pcg/levels/rooms.go:122.97,125.15 2 1
goldbox-rpg/pkg/pcg/levels/rooms.go:126.24,127.50 1 1
goldbox-rpg/pkg/pcg/levels/rooms.go:128.23,129.51 1 1
goldbox-rpg/pkg/pcg/levels/rooms.go:130.24,131.47 1 0
goldbox-rpg/pkg/pcg/levels/rooms.go:132.27,133.56 1 1
goldbox-rpg/pkg/pcg/levels/rooms.go:134.24,135.52 1 0
goldbox-rpg/pkg/pcg/levels/rooms.go:136.23,137.51 1 1
goldbox-rpg/pkg/pcg/levels/rooms.go:138.26,139.77 1 1
goldbox-rpg/pkg/pcg/levels/rooms.go:140.10,141.48 1 0
goldbox-rpg/pkg/pcg/levels/rooms.go:145.2,145.21 1 1
goldbox-rpg/pkg/pcg/levels/rooms.go:145.21,147.3 1 0
goldbox-rpg/pkg/pcg/levels/rooms.go:149.2,149.16 1 1
goldbox-rpg/pkg/pcg/levels/rooms.go:161.164,172.37 2 1
goldbox-rpg/pkg/pcg/levels/rooms.go:172.37,174.37 2 1
goldbox-rpg/pkg/pcg/levels/rooms.go:174.37,175.71 1 1
goldbox-rpg/pkg/pcg/levels/rooms.go:175.71,181.5 1 1
goldbox-rpg/pkg/pcg/levels/rooms.go:181.10,187.5 1 1
goldbox-rpg/pkg/pcg/levels/rooms.go:191.2,195.37 3 1
goldbox-rpg/pkg/pcg/levels/rooms.go:195.37,210.3 4 1
goldbox-rpg/pkg/pcg/levels/rooms.go:213.2,213.20 1 1
goldbox-rpg/pkg/pcg/levels/rooms.go:213.20,222.3 1 1
goldbox-rpg/pkg/pcg/levels/rooms.go:225.2,232.18 4 1
goldbox-rpg/pkg/pcg/levels/rooms.go:235.92,236.9 1 1
goldbox-rpg/pkg/pcg/levels/rooms.go:237.22,238.18 1 0
goldbox-rpg/pkg/pcg/levels/rooms.go:239.23,240.20 1 1
goldbox-rpg/pkg/pcg/levels/rooms.go:241.23,242.16 1 0
goldbox-rpg/pkg/pcg/levels/rooms.go:243.10,244.16 1 0
goldbox-rpg/pkg/pcg/levels/rooms.go:248.101,251.20 2 1
goldbox-rpg/pkg/pcg/levels/rooms.go:251.20,253.3 1 1
goldbox-rpg/pkg/pcg/levels/rooms.go:254.2,254.20 1 1
goldbox-rpg/pkg/pcg/levels/rooms.go:254.20,256.3 1 1
goldbox-rpg/pkg/pcg/levels/rooms.go:257.2,257.21 1 1
goldbox-rpg/pkg/pcg/levels/rooms.go:257.21,259.3 1 0
goldbox-rpg/pkg/pcg/levels/rooms.go:261.2,261.17 1 1
goldbox-rpg/pkg/pcg/levels/rooms.go:273.162,284.37 2 0
goldbox-rpg/pkg/pcg/levels/rooms.go:284.37,286.37 2 0
goldbox-rpg/pkg/pcg/levels/rooms.go:286.37,287.71 1 0
goldbox-rpg/pkg/pcg/levels/rooms.go:287.71,293.5 1 0
goldbox-rpg/pkg/pcg/levels/rooms.go:293.10,299.5 1 0
goldbox-rpg/pkg/pcg/levels/rooms.go:303.2,324.18 10 0
goldbox-rpg/pkg/pcg/levels/rooms.go:327.111,330.15 2 0
goldbox-rpg/pkg/pcg/levels/rooms.go:331.24,332.68 1 0
goldbox-rpg/pkg/pcg/levels/rooms.go:333.27,334.72 1 0
goldbox-rpg/pkg/pcg/levels/rooms.go:335.24,336.75 1 0
goldbox-rpg/pkg/pcg/levels/rooms.go:337.10,338.68 1 0
goldbox-rpg/pkg/pcg/levels/rooms.go:341.2,341.40 1 0
goldbox-rpg/pkg/pcg/levels/rooms.go:344.147,349.20 3 0
goldbox-rpg/pkg/pcg/levels/rooms.go:350.24,351.37 1 0
goldbox-rpg/pkg/pcg/levels/rooms.go:351.37,362.4 3 0
goldbox-rpg/pkg/pcg/levels/rooms.go:363.25,364.37 1 0
goldbox-rpg/pkg/pcg/levels/rooms.go:364.37,375.4 3 0
goldbox-rpg/pkg/pcg/levels/rooms.go:376.10,386.5 3 0
goldbox-rpg/pkg/pcg/levels/rooms.go:389.2,389.17 1 0
goldbox-rpg/pkg/pcg/levels/rooms.go:401.160,412.37 2 1
goldbox-rpg/pkg/pcg/levels/rooms.go:412.37,414.37 2 1
goldbox-rpg/pkg/pcg/levels/rooms.go:414.37,415.71 1 1
goldbox-rpg/pkg/pcg/levels/rooms.go:415.71,421.5 1 1
goldbox-rpg/pkg/pcg/levels/rooms.go:421.10,427.5 1 1
goldbox-rpg/pkg/pcg/levels/rooms.go:431.2,447.34 5 1
goldbox-rpg/pkg/pcg/levels/rooms.go:447.34,461.3 4 1
goldbox-rpg/pkg/pcg/levels/rooms.go:464.2,472.18 5 1
goldbox-rpg/pkg/pcg/levels/rooms.go:475.91,476.15 1 1
goldbox-rpg/pkg/pcg/levels/rooms.go:477.24,478.18 1 1
goldbox-rpg/pkg/pcg/levels/rooms.go:479.23,480.23 1 1
goldbox-rpg/pkg/pcg/levels/rooms.go:481.23,482.16 1 1
goldbox-rpg/pkg/pcg/levels/rooms.go:483.27,484.23 1 1
goldbox-rpg/pkg/pcg/levels/rooms.go:485.24,486.20 1 1
goldbox-rpg/pkg/pcg/levels/rooms.go:487.26,488.26 1 1
goldbox-rpg/pkg/pcg/levels/rooms.go:489.10,490.20 1 1
goldbox-rpg/pkg/pcg/levels/rooms.go:494.77,495.15 1 1
goldbox-rpg/pkg/pcg/levels/rooms.go:496.24,497.25 1 1
goldbox-rpg/pkg/pcg/levels/rooms.go:498.23,499.23 1 1
goldbox-rpg/pkg/pcg/levels/rooms.go:500.24,501.23 1 1
goldbox-rpg/pkg/pcg/levels/rooms.go:502.26,503.30 1 1
goldbox-rpg/pkg/pcg/levels/rooms.go:504.10,505.18 1 1
goldbox-rpg/pkg/pcg/levels/rooms.go:509.90,515.2 1 1
goldbox-rpg/pkg/pcg/levels/rooms.go:525.164,530.2 1 1
goldbox-rpg/pkg/pcg/levels/rooms.go:538.160,543.2 1 1
goldbox-rpg/pkg/pcg/levels/rooms.go:552.162,558.2 1 1
goldbox-rpg/pkg/pcg/levels/rooms.go:566.160,573.2 1 0
goldbox-rpg/pkg/pcg/levels/rooms.go:581.160,587.2 1 1
goldbox-rpg/pkg/pcg/levels/rooms.go:595.160,601.2 1 0
goldbox-rpg/pkg/pcg/levels/rooms.go:610.161,616.2 1 0
goldbox-rpg/pkg/pcg/levels/rooms.go:619.123,621.18 2 1
goldbox-rpg/pkg/pcg/levels/rooms.go:622.18,623.38 1 1
goldbox-rpg/pkg/pcg/levels/rooms.go:624.14,625.34 1 1
goldbox-rpg/pkg/pcg/levels/rooms.go:626.16,627.36 1 1
goldbox-rpg/pkg/pcg/levels/rooms.go:628.14,629.34 1 0
goldbox-rpg/pkg/pcg/levels/rooms.go:630.14,631.34 1 1
goldbox-rpg/pkg/pcg/levels/rooms.go:632.14,633.34 1 0
goldbox-rpg/pkg/pcg/levels/rooms.go:634.15,635.35 1 0
goldbox-rpg/pkg/pcg/levels/rooms.go:636.10,637.36 1 0
goldbox-rpg/pkg/pcg/levels/rooms.go:640.2,650.37 2 1
goldbox-rpg/pkg/pcg/levels/rooms.go:650.37,652.37 2 1
goldbox-rpg/pkg/pcg/levels/rooms.go:652.37,653.71 1 1
goldbox-rpg/pkg/pcg/levels/rooms.go:653.71,659.5 1 1
goldbox-rpg/pkg/pcg/levels/rooms.go:659.10,665.5 1 1
goldbox-rpg/pkg/pcg/levels/rooms.go:670.2,675.50 2 1
goldbox-rpg/pkg/pcg/levels/rooms.go:675.50,681.3 1 1
goldbox-rpg/pkg/pcg/levels/rooms.go:683.2,683.18 1 1
goldbox-rpg/pkg/pcg/balancer.go:153.65,154.19 1 1
goldbox-rpg/pkg/pcg/balancer.go:154.19,156.3 1 1
goldbox-rpg/pkg/pcg/balancer.go:158.2,162.50 3 1
goldbox-rpg/pkg/pcg/balancer.go:162.50,166.3 1 1
goldbox-rpg/pkg/pcg/balancer.go:168.2,186.17 3 1
goldbox-rpg/pkg/pcg/balancer.go:190.112,196.59 4 1
goldbox-rpg/pkg/pcg/balancer.go:196.59,199.3 2 1
goldbox-rpg/pkg/pcg/balancer.go:202.2,202.22 1 1
goldbox-rpg/pkg/pcg/balancer.go:202.22,204.3 1 0
goldbox-rpg/pkg/pcg/balancer.go:207.2,208.13 2 1
goldbox-rpg/pkg/pcg/balancer.go:208.13,211.3 2 0
goldbox-rpg/pkg/pcg/balancer.go:214.2,219.16 4 1
goldbox-rpg/pkg/pcg/balancer.go:219.16,222.3 2 0
goldbox-rpg/pkg/pcg/balancer.go:225.2,228.70 2 1
goldbox-rpg/pkg/pcg/balancer.go:228.70,231.3 2 0
goldbox-rpg/pkg/pcg/balancer.go:234.2,265.20 8 1
goldbox-rpg/pkg/pcg/balancer.go:269.105,279.41 3 1
goldbox-rpg/pkg/pcg/balancer.go:279.41,282.3 2 1
goldbox-rpg/pkg/pcg/balancer.go:284.2,287.29 2 1
goldbox-rpg/pkg/pcg/balancer.go:287.29,290.3 2 1
goldbox-rpg/pkg/pcg/balancer.go:293.2,293.52 1 1
goldbox-rpg/pkg/pcg/balancer.go:293.52,295.3 1 1
goldbox-rpg/pkg/pcg/balancer.go:297.2,297.43 1 1
goldbox-rpg/pkg/pcg/balancer.go:301.130,302.29 1 1
goldbox-rpg/pkg/pcg/balancer.go:303.25,304.62 1 1
goldbox-rpg/pkg/pcg/balancer.go:305.29,306.66 1 1
goldbox-rpg/pkg/pcg/balancer.go:307.26,308.64 1 1
goldbox-rpg/pkg/pcg/balancer.go:309.24,310.61 1 1
goldbox-rpg/pkg/pcg/balancer.go:311.26,312.64 1 0
goldbox-rpg/pkg/pcg/balancer.go:313.10,314.71 1 0
goldbox-rpg/pkg/pcg/balancer.go:319.118,321.9 2 1
goldbox-rpg/pkg/pcg/balancer.go:321.9,323.3 1 0
goldbox-rpg/pkg/pcg/balancer.go:326.2,329.39 2 1
goldbox-rpg/pkg/pcg/balancer.go:329.39,330.45 1 1
goldbox-rpg/pkg/pcg/balancer.go:330.45,334.4 3 1
goldbox-rpg/pkg/pcg/balancer.go:337.3,337.46 1 1
goldbox-rpg/pkg/pcg/balancer.go:337.46,341.4 3 1
goldbox-rpg/pkg/pcg/balancer.go:345.2,345.42 1 1
goldbox-rpg/pkg/pcg/balancer.go:345.42,346.47 1 1
goldbox-rpg/pkg/pcg/balancer.go:346.47,350.4 3 1
goldbox-rpg/pkg/pcg/balancer.go:353.2,353.28 1 1
goldbox-rpg/pkg/pcg/balancer.go:357.122,359.9 2 1
goldbox-rpg/pkg/pcg/balancer.go:359.9,361.3 1 0
goldbox-rpg/pkg/pcg/balancer.go:364.2,373.19 6 1
goldbox-rpg/pkg/pcg/balancer.go:373.19,376.3 2 1
goldbox-rpg/pkg/pcg/balancer.go:379.2,379.19 1 1
goldbox-rpg/pkg/pcg/balancer.go:379.19,382.3 2 1
goldbox-rpg/pkg/pcg/balancer.go:384.2,384.26 1 1
goldbox-rpg/pkg/pcg/balancer.go:388.120,390.9 2 1
goldbox-rpg/pkg/pcg/balancer.go:390.9,392.3 1 0
goldbox-rpg/pkg/pcg/balancer.go:395.2,402.30 5 1
goldbox-rpg/pkg/pcg/balancer.go:406.117,408.9 2 1
goldbox-rpg/pkg/pcg/balancer.go:408.9,410.3 1 0
goldbox-rpg/pkg/pcg/balancer.go:413.2,416.28 2 1
goldbox-rpg/pkg/pcg/balancer.go:416.28,420.3 3 1
goldbox-rpg/pkg/pcg/balancer.go:422.2,422.27 1 1
goldbox-rpg/pkg/pcg/balancer.go:426.120,430.2 1 0
goldbox-rpg/pkg/pcg/balancer.go:433.127,438.2 2 0
goldbox-rpg/pkg/pcg/balancer.go:441.111,452.2 6 1
goldbox-rpg/pkg/pcg/balancer.go:455.46,467.2 1 1
goldbox-rpg/pkg/pcg/balancer.go:470.57,524.2 7 1
goldbox-rpg/pkg/pcg/balancer.go:527.59,601.2 7 1
goldbox-rpg/pkg/pcg/balancer.go:604.58,638.2 5 1
goldbox-rpg/pkg/pcg/balancer.go:644.81,645.29 1 1
goldbox-rpg/pkg/pcg/balancer.go:645.29,647.3 1 1
goldbox-rpg/pkg/pcg/balancer.go:649.2,649.28 1 1
goldbox-rpg/pkg/pcg/balancer.go:649.28,651.3 1 1
goldbox-rpg/pkg/pcg/balancer.go:653.2,653.33 1 1
goldbox-rpg/pkg/pcg/balancer.go:653.33,655.3 1 1
goldbox-rpg/pkg/pcg/balancer.go:657.2,657.12 1 1
goldbox-rpg/pkg/pcg/balancer.go:661.87,672.2 1 0
goldbox-rpg/pkg/pcg/balancer.go:675.96,676.47 1 1
goldbox-rpg/pkg/pcg/balancer.go:676.47,678.14 2 1
goldbox-rpg/pkg/pcg/balancer.go:678.14,679.12 1 1
goldbox-rpg/pkg/pcg/balancer.go:683.3,684.14 2 1
goldbox-rpg/pkg/pcg/balancer.go:684.14,685.12 1 0
goldbox-rpg/pkg/pcg/balancer.go:689.3,689.62 1 1
goldbox-rpg/pkg/pcg/balancer.go:689.62,692.4 1 1
goldbox-rpg/pkg/pcg/balancer.go:695.3,695.66 1 1
goldbox-rpg/pkg/pcg/balancer.go:695.66,698.4 1 1
goldbox-rpg/pkg/pcg/balancer.go:701.2,701.12 1 1
goldbox-rpg/pkg/pcg/balancer.go:705.131,709.88 2 1
goldbox-rpg/pkg/pcg/balancer.go:709.88,711.3 1 1
goldbox-rpg/pkg/pcg/balancer.go:714.2,715.36 2 1
goldbox-rpg/pkg/pcg/balancer.go:715.36,717.3 1 1
goldbox-rpg/pkg/pcg/balancer.go:718.2,720.32 2 1
goldbox-rpg/pkg/pcg/balancer.go:720.32,722.3 1 1
goldbox-rpg/pkg/pcg/balancer.go:725.2,728.31 3 1
goldbox-rpg/pkg/pcg/balancer.go:732.117,735.45 2 1
goldbox-rpg/pkg/pcg/balancer.go:735.45,738.3 1 1
goldbox-rpg/pkg/pcg/balancer.go:740.2,740.45 1 1
goldbox-rpg/pkg/pcg/balancer.go:740.45,743.3 1 1
goldbox-rpg/pkg/pcg/balancer.go:745.2,745.54 1 1
goldbox-rpg/pkg/pcg/balancer.go:745.54,748.3 1 1
goldbox-rpg/pkg/pcg/balancer.go:750.2,750.56 1 1
goldbox-rpg/pkg/pcg/balancer.go:750.56,753.3 1 1
goldbox-rpg/pkg/pcg/balancer.go:755.2,755.17 1 1
goldbox-rpg/pkg/pcg/balancer.go:759.128,765.24 4 1
goldbox-rpg/pkg/pcg/balancer.go:765.24,767.3 1 0
goldbox-rpg/pkg/pcg/balancer.go:768.2,774.14 4 1
goldbox-rpg/pkg/pcg/balancer.go:774.14,776.3 1 1
goldbox-rpg/pkg/pcg/balancer.go:779.2,779.37 1 1
goldbox-rpg/pkg/pcg/balancer.go:779.37,781.3 1 1
goldbox-rpg/pkg/pcg/balancer.go:781.8,783.3 1 0
goldbox-rpg/pkg/pcg/balancer.go:785.2,788.40 2 1
goldbox-rpg/pkg/pcg/balancer.go:788.40,790.3 1 1
goldbox-rpg/pkg/pcg/balancer.go:790.8,792.3 1 1
goldbox-rpg/pkg/pcg/balancer.go:795.2,796.39 2 1
goldbox-rpg/pkg/pcg/balancer.go:800.78,801.47 1 1
goldbox-rpg/pkg/pcg/balancer.go:801.47,808.41 4 1
goldbox-rpg/pkg/pcg/balancer.go:808.41,810.4 1 1
goldbox-rpg/pkg/pcg/balancer.go:810.9,813.4 1 1
goldbox-rpg/pkg/pcg/balancer.go:816.3,816.39 1 1
goldbox-rpg/pkg/pcg/balancer.go:816.39,818.4 1 1
goldbox-rpg/pkg/pcg/balancer.go:821.3,822.61 2 1
goldbox-rpg/pkg/pcg/balancer.go:822.61,824.4 1 0
goldbox-rpg/pkg/pcg/balancer.go:826.3,826.66 1 1
goldbox-rpg/pkg/pcg/balancer.go:831.102,844.2 6 1
goldbox-rpg/pkg/pcg/balancer.go:847.98,862.2 7 1
goldbox-rpg/pkg/pcg/balancer.go:865.109,876.66 8 1
goldbox-rpg/pkg/pcg/balancer.go:876.66,883.3 1 1
goldbox-rpg/pkg/pcg/balancer.go:885.2,885.17 1 1
goldbox-rpg/pkg/pcg/balancer.go:889.48,891.2 1 1
goldbox-rpg/pkg/pcg/balancer.go:894.57,917.50 6 1
goldbox-rpg/pkg/pcg/balancer.go:917.50,919.3 1 1
goldbox-rpg/pkg/pcg/balancer.go:920.2,920.52 1 1
goldbox-rpg/pkg/pcg/balancer.go:920.52,922.3 1 1
goldbox-rpg/pkg/pcg/balancer.go:923.2,923.54 1 1
goldbox-rpg/pkg/pcg/balancer.go:923.54,925.3 1 1
goldbox-rpg/pkg/pcg/balancer.go:927.2,927.21 1 1
goldbox-rpg/pkg/pcg/bootstrap.go:85.97,86.19 1 1
goldbox-rpg/pkg/pcg/bootstrap.go:86.19,88.3 1 1
goldbox-rpg/pkg/pcg/bootstrap.go:90.2,98.3 2 1
goldbox-rpg/pkg/pcg/bootstrap.go:103.84,107.58 2 1
goldbox-rpg/pkg/pcg/bootstrap.go:107.58,109.3 1 1
goldbox-rpg/pkg/pcg/bootstrap.go:112.2,113.16 2 1
goldbox-rpg/pkg/pcg/bootstrap.go:113.16,115.3 1 0
goldbox-rpg/pkg/pcg/bootstrap.go:118.2,119.56 2 1
goldbox-rpg/pkg/pcg/bootstrap.go:119.56,121.3 1 1
goldbox-rpg/pkg/pcg/bootstrap.go:124.2,124.55 1 1
goldbox-rpg/pkg/pcg/bootstrap.go:124.55,126.3 1 1
goldbox-rpg/pkg/pcg/bootstrap.go:129.2,129.52 1 1
goldbox-rpg/pkg/pcg/bootstrap.go:129.52,131.3 1 1
goldbox-rpg/pkg/pcg/bootstrap.go:134.2,134.38 1 1
goldbox-rpg/pkg/pcg/bootstrap.go:138.63,142.58 2 1
goldbox-rpg/pkg/pcg/bootstrap.go:142.58,144.3 1 1
goldbox-rpg/pkg/pcg/bootstrap.go:147.2,148.16 2 1
goldbox-rpg/pkg/pcg/bootstrap.go:148.16,150.3 1 0
goldbox-rpg/pkg/pcg/bootstrap.go:153.2,154.56 2 1
goldbox-rpg/pkg/pcg/bootstrap.go:154.56,156.3 1 1
goldbox-rpg/pkg/pcg/bootstrap.go:159.2,160.30 2 1
goldbox-rpg/pkg/pcg/bootstrap.go:160.30,162.3 1 1
goldbox-rpg/pkg/pcg/bootstrap.go:164.2,164.19 1 1
goldbox-rpg/pkg/pcg/bootstrap.go:169.55,176.37 2 1
goldbox-rpg/pkg/pcg/bootstrap.go:176.37,178.54 2 1
goldbox-rpg/pkg/pcg/bootstrap.go:178.54,180.4 1 1
goldbox-rpg/pkg/pcg/bootstrap.go:183.2,183.13 1 1
goldbox-rpg/pkg/pcg/bootstrap.go:187.48,198.2 1 1
goldbox-rpg/pkg/pcg/bootstrap.go:202.84,225.20 5 1
goldbox-rpg/pkg/pcg/bootstrap.go:225.20,227.3 1 1
goldbox-rpg/pkg/pcg/bootstrap.go:228.2,241.54 4 1
goldbox-rpg/pkg/pcg/bootstrap.go:241.54,248.3 2 0
goldbox-rpg/pkg/pcg/bootstrap.go:251.2,251.31 1 1
goldbox-rpg/pkg/pcg/bootstrap.go:251.31,256.57 2 1
goldbox-rpg/pkg/pcg/bootstrap.go:256.57,263.4 2 0
goldbox-rpg/pkg/pcg/bootstrap.go:267.2,271.55 2 1
goldbox-rpg/pkg/pcg/bootstrap.go:271.55,278.3 2 1
goldbox-rpg/pkg/pcg/bootstrap.go:280.2,295.21 4 1
goldbox-rpg/pkg/pcg/bootstrap.go:299.55,316.39 3 1
goldbox-rpg/pkg/pcg/bootstrap.go:316.39,319.3 2 1
goldbox-rpg/pkg/pcg/bootstrap.go:321.2,322.12 2 1
goldbox-rpg/pkg/pcg/bootstrap.go:326.52,339.2 3 1
goldbox-rpg/pkg/pcg/bootstrap.go:342.55,353.2 3 1
goldbox-rpg/pkg/pcg/bootstrap.go:356.57,367.2 3 1
goldbox-rpg/pkg/pcg/bootstrap.go:370.53,381.2 3 1
goldbox-rpg/pkg/pcg/bootstrap.go:384.55,393.2 2 1
goldbox-rpg/pkg/pcg/bootstrap.go:396.73,413.2 5 1
goldbox-rpg/pkg/pcg/bootstrap.go:417.51,418.29 1 1
goldbox-rpg/pkg/pcg/bootstrap.go:419.23,420.11 1 1
goldbox-rpg/pkg/pcg/bootstrap.go:421.24,422.11 1 1
goldbox-rpg/pkg/pcg/bootstrap.go:423.22,424.11 1 1
goldbox-rpg/pkg/pcg/bootstrap.go:425.10,426.11 1 0
goldbox-rpg/pkg/pcg/bootstrap.go:430.52,431.29 1 1
goldbox-rpg/pkg/pcg/bootstrap.go:432.23,433.11 1 1
goldbox-rpg/pkg/pcg/bootstrap.go:434.24,435.11 1 1
goldbox-rpg/pkg/pcg/bootstrap.go:436.22,437.11 1 1
goldbox-rpg/pkg/pcg/bootstrap.go:438.10,439.11 1 0
goldbox-rpg/pkg/pcg/bootstrap.go:443.52,445.34 2 1
goldbox-rpg/pkg/pcg/bootstrap.go:446.24,447.14 1 1
goldbox-rpg/pkg/pcg/bootstrap.go:448.26,449.18 1 1
goldbox-rpg/pkg/pcg/bootstrap.go:450.26,451.18 1 1
goldbox-rpg/pkg/pcg/bootstrap.go:452.10,453.18 1 0
goldbox-rpg/pkg/pcg/bootstrap.go:457.50,458.29 1 1
goldbox-rpg/pkg/pcg/bootstrap.go:459.23,460.11 1 1
goldbox-rpg/pkg/pcg/bootstrap.go:461.24,462.12 1 1
goldbox-rpg/pkg/pcg/bootstrap.go:463.22,464.12 1 1
goldbox-rpg/pkg/pcg/bootstrap.go:465.10,466.12 1 0
goldbox-rpg/pkg/pcg/bootstrap.go:471.56,481.27 3 1
goldbox-rpg/pkg/pcg/bootstrap.go:481.27,482.49 1 1
goldbox-rpg/pkg/pcg/bootstrap.go:482.49,484.4 1 1
goldbox-rpg/pkg/pcg/bootstrap.go:488.2,488.43 1 1
goldbox-rpg/pkg/pcg/bootstrap.go:488.43,490.3 1 0
goldbox-rpg/pkg/pcg/bootstrap.go:492.2,492.42 1 1
goldbox-rpg/pkg/pcg/bootstrap.go:492.42,494.3 1 0
goldbox-rpg/pkg/pcg/bootstrap.go:497.2,497.48 1 1
goldbox-rpg/pkg/pcg/bootstrap.go:497.48,499.3 1 0
goldbox-rpg/pkg/pcg/bootstrap.go:501.2,506.12 2 1
goldbox-rpg/pkg/pcg/bootstrap.go:510.44,514.79 3 1
goldbox-rpg/pkg/pcg/bootstrap.go:514.79,516.3 1 0
goldbox-rpg/pkg/pcg/bootstrap.go:518.2,519.81 2 1
goldbox-rpg/pkg/pcg/bootstrap.go:519.81,521.3 1 0
goldbox-rpg/pkg/pcg/bootstrap.go:523.2,524.81 2 1
goldbox-rpg/pkg/pcg/bootstrap.go:524.81,526.3 1 0
goldbox-rpg/pkg/pcg/bootstrap.go:528.2,528.12 1 1
goldbox-rpg/pkg/pcg/bootstrap.go:531.104,533.16 2 1
goldbox-rpg/pkg/pcg/bootstrap.go:533.16,535.3 1 0
goldbox-rpg/pkg/pcg/bootstrap.go:537.2,537.86 1 1
goldbox-rpg/pkg/pcg/bootstrap.go:537.86,539.3 1 0
goldbox-rpg/pkg/pcg/bootstrap.go:541.2,541.12 1 1
goldbox-rpg/pkg/pcg/bootstrap.go:544.65,579.2 1 1
goldbox-rpg/pkg/pcg/bootstrap.go:581.69,619.2 1 1
goldbox-rpg/pkg/pcg/bootstrap.go:621.69,660.2 1 1
goldbox-rpg/pkg/pcg/bootstrap.go:663.43,773.16 4 1
goldbox-rpg/pkg/pcg/bootstrap.go:773.16,775.3 1 0
goldbox-rpg/pkg/pcg/bootstrap.go:777.2,777.93 1 1
goldbox-rpg/pkg/pcg/bootstrap.go:777.93,779.3 1 0
goldbox-rpg/pkg/pcg/bootstrap.go:781.2,781.12 1 1
goldbox-rpg/pkg/pcg/bootstrap.go:784.49,788.69 2 1
goldbox-rpg/pkg/pcg/bootstrap.go:788.69,790.3 1 0
goldbox-rpg/pkg/pcg/bootstrap.go:792.2,793.16 2 1
goldbox-rpg/pkg/pcg/bootstrap.go:793.16,795.3 1 0
goldbox-rpg/pkg/pcg/bootstrap.go:797.2,797.62 1 1
goldbox-rpg/pkg/pcg/bootstrap.go:797.62,799.3 1 0
goldbox-rpg/pkg/pcg/bootstrap.go:801.2,801.12 1 1
goldbox-rpg/pkg/pcg/bootstrap.go:805.55,812.2 1 1
goldbox-rpg/pkg/pcg/bootstrap.go:815.54,822.2 1 1
goldbox-rpg/pkg/pcg/bootstrap.go:835.81,836.29 1 1
goldbox-rpg/pkg/pcg/bootstrap.go:836.29,838.3 1 0
goldbox-rpg/pkg/pcg/bootstrap.go:841.2,841.57 1 1
goldbox-rpg/pkg/pcg/character.go:14.13,17.2 1 1
goldbox-rpg/pkg/pcg/character.go:28.59,34.19 2 1
goldbox-rpg/pkg/pcg/character.go:34.19,40.3 2 1
goldbox-rpg/pkg/pcg/character.go:42.2,54.18 3 1
goldbox-rpg/pkg/pcg/character.go:59.101,68.44 2 1
goldbox-rpg/pkg/pcg/character.go:68.44,76.3 2 1
goldbox-rpg/pkg/pcg/character.go:78.2,89.9 5 1
goldbox-rpg/pkg/pcg/character.go:89.9,105.3 2 1
goldbox-rpg/pkg/pcg/character.go:105.8,111.42 2 1
goldbox-rpg/pkg/pcg/character.go:111.42,117.4 2 1
goldbox-rpg/pkg/pcg/character.go:118.3,118.44 1 1
goldbox-rpg/pkg/pcg/character.go:118.44,124.4 2 0
goldbox-rpg/pkg/pcg/character.go:125.3,125.43 1 1
goldbox-rpg/pkg/pcg/character.go:125.43,133.4 3 0
goldbox-rpg/pkg/pcg/character.go:134.3,134.40 1 1
goldbox-rpg/pkg/pcg/character.go:134.40,142.4 3 0
goldbox-rpg/pkg/pcg/character.go:145.2,158.16 4 1
goldbox-rpg/pkg/pcg/character.go:158.16,166.3 2 0
goldbox-rpg/pkg/pcg/character.go:168.2,182.17 4 1
goldbox-rpg/pkg/pcg/character.go:186.130,205.16 6 1
goldbox-rpg/pkg/pcg/character.go:205.16,212.3 2 0
goldbox-rpg/pkg/pcg/character.go:214.2,223.16 3 1
goldbox-rpg/pkg/pcg/character.go:223.16,230.3 2 0
goldbox-rpg/pkg/pcg/character.go:232.2,254.17 4 1
goldbox-rpg/pkg/pcg/character.go:258.132,270.19 4 1
goldbox-rpg/pkg/pcg/character.go:271.22,272.33 1 1
goldbox-rpg/pkg/pcg/character.go:273.22,274.33 1 1
goldbox-rpg/pkg/pcg/character.go:275.25,276.33 1 1
goldbox-rpg/pkg/pcg/character.go:277.24,278.33 1 0
goldbox-rpg/pkg/pcg/character.go:279.23,280.33 1 0
goldbox-rpg/pkg/pcg/character.go:281.24,282.33 1 0
goldbox-rpg/pkg/pcg/character.go:283.24,284.33 1 0
goldbox-rpg/pkg/pcg/character.go:285.10,286.33 1 0
goldbox-rpg/pkg/pcg/character.go:289.2,289.33 1 1
goldbox-rpg/pkg/pcg/character.go:289.33,297.13 5 1
goldbox-rpg/pkg/pcg/character.go:297.13,301.4 2 1
goldbox-rpg/pkg/pcg/character.go:303.3,304.17 2 1
goldbox-rpg/pkg/pcg/character.go:304.17,306.4 1 0
goldbox-rpg/pkg/pcg/character.go:308.3,308.27 1 1
goldbox-rpg/pkg/pcg/character.go:312.2,314.18 2 1
goldbox-rpg/pkg/pcg/character.go:318.146,329.16 3 1
goldbox-rpg/pkg/pcg/character.go:329.16,331.3 1 0
goldbox-rpg/pkg/pcg/character.go:332.2,336.16 3 1
goldbox-rpg/pkg/pcg/character.go:336.16,338.3 1 0
goldbox-rpg/pkg/pcg/character.go:339.2,341.21 2 1
goldbox-rpg/pkg/pcg/character.go:345.47,347.2 1 1
goldbox-rpg/pkg/pcg/character.go:350.45,352.2 1 1
goldbox-rpg/pkg/pcg/character.go:355.65,356.22 1 1
goldbox-rpg/pkg/pcg/character.go:356.22,358.3 1 1
goldbox-rpg/pkg/pcg/character.go:360.2,360.53 1 1
goldbox-rpg/pkg/pcg/character.go:360.53,362.3 1 1
goldbox-rpg/pkg/pcg/character.go:364.2,364.55 1 1
goldbox-rpg/pkg/pcg/character.go:364.55,366.3 1 1
goldbox-rpg/pkg/pcg/character.go:369.2,369.89 1 1
goldbox-rpg/pkg/pcg/character.go:369.89,370.83 1 1
goldbox-rpg/pkg/pcg/character.go:370.83,372.4 1 1
goldbox-rpg/pkg/pcg/character.go:374.3,374.82 1 1
goldbox-rpg/pkg/pcg/character.go:374.82,376.4 1 1
goldbox-rpg/pkg/pcg/character.go:378.3,378.76 1 1
goldbox-rpg/pkg/pcg/character.go:378.76,380.4 1 1
goldbox-rpg/pkg/pcg/character.go:383.2,383.12 1 1
goldbox-rpg/pkg/pcg/character.go:387.96,424.2 11 1
goldbox-rpg/pkg/pcg/character.go:427.66,434.2 2 1
goldbox-rpg/pkg/pcg/character.go:436.54,443.2 2 1
goldbox-rpg/pkg/pcg/character.go:445.73,454.32 3 1
goldbox-rpg/pkg/pcg/character.go:454.32,456.3 1 0
goldbox-rpg/pkg/pcg/character.go:458.2,461.30 3 1
goldbox-rpg/pkg/pcg/character.go:461.30,463.17 2 1
goldbox-rpg/pkg/pcg/character.go:463.17,466.4 2 1
goldbox-rpg/pkg/pcg/character.go:469.2,469.15 1 1
goldbox-rpg/pkg/pcg/character.go:472.72,484.28 5 1
goldbox-rpg/pkg/pcg/character.go:484.28,486.17 2 1
goldbox-rpg/pkg/pcg/character.go:486.17,489.4 2 1
goldbox-rpg/pkg/pcg/character.go:492.2,492.14 1 1
goldbox-rpg/pkg/pcg/character.go:495.85,508.28 5 1
goldbox-rpg/pkg/pcg/character.go:508.28,510.3 1 1
goldbox-rpg/pkg/pcg/character.go:512.2,512.16 1 1
goldbox-rpg/pkg/pcg/character.go:515.61,527.38 5 1
goldbox-rpg/pkg/pcg/character.go:527.38,529.17 2 1
goldbox-rpg/pkg/pcg/character.go:529.17,532.4 2 1
goldbox-rpg/pkg/pcg/character.go:535.2,535.19 1 1
goldbox-rpg/pkg/pcg/character.go:538.76,545.2 2 1
goldbox-rpg/pkg/pcg/character.go:547.114,558.58 4 1
goldbox-rpg/pkg/pcg/character.go:558.58,560.17 2 1
goldbox-rpg/pkg/pcg/character.go:560.17,568.4 3 1
goldbox-rpg/pkg/pcg/character.go:571.2,571.20 1 1
goldbox-rpg/pkg/pcg/character.go:574.102,583.74 4 1
goldbox-rpg/pkg/pcg/character.go:583.74,585.17 2 1
goldbox-rpg/pkg/pcg/character.go:585.17,595.4 4 1
goldbox-rpg/pkg/pcg/character.go:598.2,598.25 1 1
goldbox-rpg/pkg/pcg/character.go:601.80,617.60 2 1
goldbox-rpg/pkg/pcg/character.go:617.60,619.3 1 1
goldbox-rpg/pkg/pcg/character.go:620.2,620.23 1 0
goldbox-rpg/pkg/pcg/character.go:624.102,633.62 2 1
goldbox-rpg/pkg/pcg/character.go:633.62,635.3 1 1
goldbox-rpg/pkg/pcg/character.go:636.2,636.22 1 1
goldbox-rpg/pkg/pcg/character.go:639.116,651.2 1 1
goldbox-rpg/pkg/pcg/character.go:653.82,659.2 2 1
goldbox-rpg/pkg/pcg/character.go:661.113,664.2 1 1
goldbox-rpg/pkg/pcg/character.go:667.119,679.18 2 1
goldbox-rpg/pkg/pcg/character.go:680.26,682.42 2 1
goldbox-rpg/pkg/pcg/character.go:683.29,685.42 2 1
goldbox-rpg/pkg/pcg/character.go:686.25,688.36 2 1
goldbox-rpg/pkg/pcg/character.go:689.26,691.42 2 1
goldbox-rpg/pkg/pcg/character.go:695.2,695.21 1 1
goldbox-rpg/pkg/pcg/character.go:696.44,698.42 2 1
goldbox-rpg/pkg/pcg/character.go:699.41,700.42 1 0
goldbox-rpg/pkg/pcg/character.go:703.2,703.13 1 1
goldbox-rpg/pkg/pcg/character.go:717.87,726.2 5 1
goldbox-rpg/pkg/pcg/character.go:728.76,734.2 4 1
goldbox-rpg/pkg/pcg/character.go:736.73,737.18 1 1
goldbox-rpg/pkg/pcg/character.go:738.21,739.17 1 0
goldbox-rpg/pkg/pcg/character.go:740.26,741.19 1 0
goldbox-rpg/pkg/pcg/character.go:742.26,743.23 1 0
goldbox-rpg/pkg/pcg/character.go:744.21,745.23 1 1
goldbox-rpg/pkg/pcg/character.go:746.26,747.18 1 1
goldbox-rpg/pkg/pcg/character.go:748.23,749.19 1 0
goldbox-rpg/pkg/pcg/character.go:750.23,751.19 1 0
goldbox-rpg/pkg/pcg/character.go:752.10,753.17 1 1
goldbox-rpg/pkg/pcg/character.go:757.90,758.18 1 1
goldbox-rpg/pkg/pcg/character.go:759.26,760.27 1 1
goldbox-rpg/pkg/pcg/character.go:761.25,762.24 1 1
goldbox-rpg/pkg/pcg/character.go:763.27,764.26 1 0
goldbox-rpg/pkg/pcg/character.go:765.26,766.25 1 0
goldbox-rpg/pkg/pcg/character.go:767.29,768.27 1 1
goldbox-rpg/pkg/pcg/character.go:769.26,770.27 1 1
goldbox-rpg/pkg/pcg/character.go:771.25,772.25 1 0
goldbox-rpg/pkg/pcg/character.go:773.28,774.27 1 0
goldbox-rpg/pkg/pcg/character.go:775.10,780.44 2 1
goldbox-rpg/pkg/pcg/character.go:785.116,786.19 1 1
goldbox-rpg/pkg/pcg/character.go:787.22,788.20 1 1
goldbox-rpg/pkg/pcg/character.go:788.20,790.4 1 1
goldbox-rpg/pkg/pcg/character.go:791.3,791.28 1 1
goldbox-rpg/pkg/pcg/character.go:792.25,793.31 1 1
goldbox-rpg/pkg/pcg/character.go:794.24,795.20 1 0
goldbox-rpg/pkg/pcg/character.go:795.20,797.4 1 0
goldbox-rpg/pkg/pcg/character.go:798.3,798.30 1 0
goldbox-rpg/pkg/pcg/character.go:799.24,800.30 1 0
goldbox-rpg/pkg/pcg/character.go:801.22,803.20 1 1
goldbox-rpg/pkg/pcg/character.go:803.20,805.4 1 1
goldbox-rpg/pkg/pcg/character.go:806.3,806.30 1 1
goldbox-rpg/pkg/pcg/character.go:807.10,808.30 1 0
goldbox-rpg/pkg/pcg/character.go:812.78,813.17 1 1
goldbox-rpg/pkg/pcg/character.go:814.24,815.25 1 0
goldbox-rpg/pkg/pcg/character.go:816.23,817.28 1 0
goldbox-rpg/pkg/pcg/character.go:818.26,819.28 1 1
goldbox-rpg/pkg/pcg/character.go:820.26,821.29 1 0
goldbox-rpg/pkg/pcg/character.go:822.27,823.27 1 1
goldbox-rpg/pkg/pcg/character.go:824.25,825.26 1 0
goldbox-rpg/pkg/pcg/character.go:826.24,827.28 1 0
goldbox-rpg/pkg/pcg/character.go:828.10,829.17 1 0
goldbox-rpg/pkg/pcg/character.go:833.96,837.2 0 1
goldbox-rpg/pkg/pcg/character.go:840.67,843.19 2 1
goldbox-rpg/pkg/pcg/character.go:843.19,845.3 1 1
goldbox-rpg/pkg/pcg/character.go:848.2,848.35 1 1
goldbox-rpg/pkg/pcg/character.go:851.75,863.49 2 1
goldbox-rpg/pkg/pcg/character.go:863.49,867.3 2 1
goldbox-rpg/pkg/pcg/character.go:868.2,868.11 1 0
goldbox-rpg/pkg/pcg/character.go:871.66,876.2 3 1
goldbox-rpg/pkg/pcg/character.go:878.71,881.2 1 1
goldbox-rpg/pkg/pcg/character.go:883.66,888.2 3 1
goldbox-rpg/pkg/pcg/character.go:890.73,893.14 2 1
goldbox-rpg/pkg/pcg/character.go:893.14,895.3 1 0
goldbox-rpg/pkg/pcg/character.go:896.2,896.13 1 1
goldbox-rpg/pkg/pcg/character.go:899.56,902.2 1 1
goldbox-rpg/pkg/pcg/dialogue.go:132.69,133.19 1 1
goldbox-rpg/pkg/pcg/dialogue.go:133.19,135.3 1 1
goldbox-rpg/pkg/pcg/dialogue.go:137.2,147.18 4 1
goldbox-rpg/pkg/pcg/dialogue.go:151.106,156.22 3 1
goldbox-rpg/pkg/pcg/dialogue.go:156.22,158.3 1 1
goldbox-rpg/pkg/pcg/dialogue.go:161.2,162.9 2 1
goldbox-rpg/pkg/pcg/dialogue.go:162.9,172.3 1 1
goldbox-rpg/pkg/pcg/dialogue.go:174.2,186.16 4 1
goldbox-rpg/pkg/pcg/dialogue.go:186.16,188.3 1 0
goldbox-rpg/pkg/pcg/dialogue.go:190.2,199.22 3 1
goldbox-rpg/pkg/pcg/dialogue.go:203.52,205.2 1 1
goldbox-rpg/pkg/pcg/dialogue.go:208.50,210.2 1 1
goldbox-rpg/pkg/pcg/dialogue.go:213.70,214.21 1 1
goldbox-rpg/pkg/pcg/dialogue.go:214.21,216.3 1 1
goldbox-rpg/pkg/pcg/dialogue.go:219.2,219.82 1 1
goldbox-rpg/pkg/pcg/dialogue.go:219.82,220.62 1 1
goldbox-rpg/pkg/pcg/dialogue.go:220.62,222.4 1 1
goldbox-rpg/pkg/pcg/dialogue.go:224.3,224.71 1 1
goldbox-rpg/pkg/pcg/dialogue.go:224.71,226.4 1 1
goldbox-rpg/pkg/pcg/dialogue.go:228.3,228.77 1 1
goldbox-rpg/pkg/pcg/dialogue.go:228.77,230.4 1 1
goldbox-rpg/pkg/pcg/dialogue.go:233.2,233.12 1 1
goldbox-rpg/pkg/pcg/dialogue.go:237.121,240.16 2 1
goldbox-rpg/pkg/pcg/dialogue.go:240.16,242.3 1 0
goldbox-rpg/pkg/pcg/dialogue.go:245.2,254.45 4 1
goldbox-rpg/pkg/pcg/dialogue.go:254.45,258.31 3 1
goldbox-rpg/pkg/pcg/dialogue.go:258.31,260.4 1 1
goldbox-rpg/pkg/pcg/dialogue.go:263.3,263.52 1 1
goldbox-rpg/pkg/pcg/dialogue.go:263.52,264.68 1 1
goldbox-rpg/pkg/pcg/dialogue.go:264.68,270.19 4 1
goldbox-rpg/pkg/pcg/dialogue.go:270.19,272.14 2 0
goldbox-rpg/pkg/pcg/dialogue.go:275.5,282.57 3 1
goldbox-rpg/pkg/pcg/dialogue.go:287.2,296.8 1 1
goldbox-rpg/pkg/pcg/dialogue.go:300.149,303.25 2 1
goldbox-rpg/pkg/pcg/dialogue.go:303.25,305.3 1 0
goldbox-rpg/pkg/pcg/dialogue.go:307.2,311.16 3 1
goldbox-rpg/pkg/pcg/dialogue.go:311.16,313.3 1 0
goldbox-rpg/pkg/pcg/dialogue.go:316.2,317.16 2 1
goldbox-rpg/pkg/pcg/dialogue.go:317.16,319.3 1 0
goldbox-rpg/pkg/pcg/dialogue.go:321.2,328.19 2 1
goldbox-rpg/pkg/pcg/dialogue.go:332.113,337.76 2 1
goldbox-rpg/pkg/pcg/dialogue.go:337.76,339.17 2 1
goldbox-rpg/pkg/pcg/dialogue.go:339.17,342.4 2 1
goldbox-rpg/pkg/pcg/dialogue.go:343.3,343.23 1 0
goldbox-rpg/pkg/pcg/dialogue.go:346.2,346.22 1 1
goldbox-rpg/pkg/pcg/dialogue.go:350.136,355.15 3 1
goldbox-rpg/pkg/pcg/dialogue.go:355.15,357.3 1 1
goldbox-rpg/pkg/pcg/dialogue.go:359.2,360.24 2 1
goldbox-rpg/pkg/pcg/dialogue.go:360.24,362.3 1 0
goldbox-rpg/pkg/pcg/dialogue.go:364.2,364.37 1 1
goldbox-rpg/pkg/pcg/dialogue.go:364.37,367.34 2 1
goldbox-rpg/pkg/pcg/dialogue.go:367.34,369.4 1 1
goldbox-rpg/pkg/pcg/dialogue.go:369.9,376.4 1 0
goldbox-rpg/pkg/pcg/dialogue.go:378.3,386.42 3 1
goldbox-rpg/pkg/pcg/dialogue.go:390.2,390.15 1 1
goldbox-rpg/pkg/pcg/dialogue.go:390.15,396.3 1 1
goldbox-rpg/pkg/pcg/dialogue.go:398.2,398.23 1 1
goldbox-rpg/pkg/pcg/dialogue.go:402.88,406.23 2 1
goldbox-rpg/pkg/pcg/dialogue.go:406.23,408.3 1 1
goldbox-rpg/pkg/pcg/dialogue.go:409.2,409.35 1 1
goldbox-rpg/pkg/pcg/dialogue.go:409.35,411.3 1 1
goldbox-rpg/pkg/pcg/dialogue.go:413.2,419.13 4 1
goldbox-rpg/pkg/pcg/dialogue.go:423.105,425.46 1 1
goldbox-rpg/pkg/pcg/dialogue.go:425.46,427.3 1 1
goldbox-rpg/pkg/pcg/dialogue.go:427.8,427.52 1 1
goldbox-rpg/pkg/pcg/dialogue.go:427.52,429.3 1 1
goldbox-rpg/pkg/pcg/dialogue.go:432.2,432.68 1 1
goldbox-rpg/pkg/pcg/dialogue.go:432.68,434.3 1 1
goldbox-rpg/pkg/pcg/dialogue.go:437.2,437.43 1 1
goldbox-rpg/pkg/pcg/dialogue.go:437.43,438.28 1 1
goldbox-rpg/pkg/pcg/dialogue.go:438.28,440.4 1 1
goldbox-rpg/pkg/pcg/dialogue.go:443.2,443.13 1 1
goldbox-rpg/pkg/pcg/dialogue.go:447.65,457.2 2 1
goldbox-rpg/pkg/pcg/dialogue.go:460.65,469.2 2 1
[...]
goldbox-rpg/pkg/server/state.go:112.39,114.3 1 0
goldbox-rpg/pkg/server/state.go:115.2,124.14 6 1
goldbox-rpg/pkg/server/state.go:127.39,131.22 1 1
goldbox-rpg/pkg/server/state.go:131.22,133.3 1 1
goldbox-rpg/pkg/server/state.go:134.2,134.12 1 1
goldbox-rpg/pkg/server/state.go:138.72,150.15 9 0
goldbox-rpg/pkg/server/state.go:150.15,155.3 4 0
goldbox-rpg/pkg/server/state.go:158.2,158.27 1 0
goldbox-rpg/pkg/server/state.go:158.27,160.3 1 0
goldbox-rpg/pkg/server/state.go:163.2,164.12 2 0
goldbox-rpg/pkg/server/state.go:164.12,166.3 1 0
goldbox-rpg/pkg/server/state.go:168.2,168.9 1 0
goldbox-rpg/pkg/server/state.go:169.21,170.17 1 0
goldbox-rpg/pkg/server/state.go:170.17,173.4 2 0
goldbox-rpg/pkg/server/state.go:174.37,176.40 2 0
goldbox-rpg/pkg/server/state.go:179.2,183.12 3 0
goldbox-rpg/pkg/server/state.go:186.45,187.52 1 0
goldbox-rpg/pkg/server/state.go:187.52,196.3 6 0
goldbox-rpg/pkg/server/state.go:196.8,198.3 1 0
goldbox-rpg/pkg/server/state.go:201.73,202.54 1 0
goldbox-rpg/pkg/server/state.go:202.54,204.3 1 0
goldbox-rpg/pkg/server/state.go:206.2,206.53 1 0
goldbox-rpg/pkg/server/state.go:206.53,208.3 1 0
goldbox-rpg/pkg/server/state.go:210.2,210.53 1 0
goldbox-rpg/pkg/server/state.go:210.53,212.3 1 0
goldbox-rpg/pkg/server/state.go:214.2,214.56 1 0
goldbox-rpg/pkg/server/state.go:214.56,216.3 1 0
goldbox-rpg/pkg/server/state.go:218.2,218.12 1 0
goldbox-rpg/pkg/server/state.go:222.78,224.9 2 0
goldbox-rpg/pkg/server/state.go:224.9,226.3 1 0
goldbox-rpg/pkg/server/state.go:228.2,228.59 1 0
goldbox-rpg/pkg/server/state.go:228.59,230.3 1 0
goldbox-rpg/pkg/server/state.go:232.2,232.12 1 0
goldbox-rpg/pkg/server/state.go:236.77,238.9 2 0
goldbox-rpg/pkg/server/state.go:238.9,240.3 1 0
goldbox-rpg/pkg/server/state.go:242.2,243.9 2 0
goldbox-rpg/pkg/server/state.go:243.9,245.3 1 0
goldbox-rpg/pkg/server/state.go:247.2,247.58 1 0
goldbox-rpg/pkg/server/state.go:247.58,249.3 1 0
goldbox-rpg/pkg/server/state.go:251.2,251.12 1 0
goldbox-rpg/pkg/server/state.go:255.77,257.9 2 0
goldbox-rpg/pkg/server/state.go:257.9,259.3 1 0
goldbox-rpg/pkg/server/state.go:261.2,261.59 1 0
goldbox-rpg/pkg/server/state.go:261.59,263.3 1 0
goldbox-rpg/pkg/server/state.go:265.2,265.12 1 0
goldbox-rpg/pkg/server/state.go:269.80,271.9 2 0
goldbox-rpg/pkg/server/state.go:271.9,273.3 1 0
goldbox-rpg/pkg/server/state.go:275.2,275.41 1 0
goldbox-rpg/pkg/server/state.go:275.41,276.60 1 0
goldbox-rpg/pkg/server/state.go:276.60,278.4 1 0
goldbox-rpg/pkg/server/state.go:281.2,281.12 1 0
goldbox-rpg/pkg/server/state.go:285.79,287.13 2 0
goldbox-rpg/pkg/server/state.go:287.13,289.3 1 0
goldbox-rpg/pkg/server/state.go:291.2,292.9 2 0
goldbox-rpg/pkg/server/state.go:292.9,294.3 1 0
goldbox-rpg/pkg/server/state.go:296.2,296.50 1 0
goldbox-rpg/pkg/server/state.go:296.50,298.3 1 0
goldbox-rpg/pkg/server/state.go:300.2,300.12 1 0
goldbox-rpg/pkg/server/state.go:303.43,321.39 3 0
goldbox-rpg/pkg/server/state.go:321.39,323.3 1 0
goldbox-rpg/pkg/server/state.go:325.2,325.17 1 0
goldbox-rpg/pkg/server/state.go:349.58,358.45 1 1
goldbox-rpg/pkg/server/state.go:358.45,360.44 2 1
goldbox-rpg/pkg/server/state.go:360.44,368.5 1 0
goldbox-rpg/pkg/server/state.go:369.4,369.17 1 1
goldbox-rpg/pkg/server/state.go:430.36,453.2 4 1
goldbox-rpg/pkg/server/state.go:466.9,476.57 4 1
goldbox-rpg/pkg/server/state.go:476.57,478.3 1 0
goldbox-rpg/pkg/server/state.go:480.2,485.12 2 1
goldbox-rpg/pkg/server/state.go:500.9,509.37 4 1
goldbox-rpg/pkg/server/state.go:509.37,512.3 2 1
goldbox-rpg/pkg/server/state.go:515.2,515.57 1 1
goldbox-rpg/pkg/server/state.go:515.57,517.3 1 0
goldbox-rpg/pkg/server/state.go:520.2,520.85 1 1
goldbox-rpg/pkg/server/state.go:520.85,521.36 1 0
goldbox-rpg/pkg/server/state.go:521.36,524.4 2 0
goldbox-rpg/pkg/server/state.go:525.3,525.31 1 0
goldbox-rpg/pkg/server/state.go:525.31,527.4 1 0
goldbox-rpg/pkg/server/state.go:528.3,528.32 1 0
goldbox-rpg/pkg/server/state.go:528.32,530.4 1 0
goldbox-rpg/pkg/server/state.go:531.3,535.62 1 0
goldbox-rpg/pkg/server/state.go:538.2,543.12 2 1
goldbox-rpg/pkg/server/timeout.go:36.58,38.22 2 1
goldbox-rpg/pkg/server/timeout.go:38.22,47.3 1 1
goldbox-rpg/pkg/server/timeout.go:47.8,57.3 1 1
goldbox-rpg/pkg/server/timeout.go:59.2,65.3 1 1
goldbox-rpg/pkg/server/timeout.go:69.134,74.21 3 1
goldbox-rpg/pkg/server/timeout.go:74.21,78.3 2 1
goldbox-rpg/pkg/server/timeout.go:78.8,81.3 1 1
goldbox-rpg/pkg/server/timeout.go:85.118,87.2 1 1
goldbox-rpg/pkg/server/timeout.go:90.146,93.2 2 1
goldbox-rpg/pkg/server/timeout.go:96.45,108.2 2 1
goldbox-rpg/pkg/server/timeout.go:111.43,112.37 1 1
goldbox-rpg/pkg/server/timeout.go:112.37,114.3 1 1
goldbox-rpg/pkg/server/timeout.go:116.2,116.37 1 1
goldbox-rpg/pkg/server/timeout.go:116.37,118.3 1 1
goldbox-rpg/pkg/server/timeout.go:120.2,120.21 1 1
goldbox-rpg/pkg/server/timeout.go:120.21,121.37 1 1
goldbox-rpg/pkg/server/timeout.go:121.37,123.4 1 1
goldbox-rpg/pkg/server/timeout.go:125.3,125.38 1 1
goldbox-rpg/pkg/server/timeout.go:125.38,127.4 1 0
goldbox-rpg/pkg/server/timeout.go:129.3,129.60 1 1
goldbox-rpg/pkg/server/timeout.go:129.60,131.4 1 0
goldbox-rpg/pkg/server/timeout.go:134.2,134.12 1 1
goldbox-rpg/pkg/server/timeout.go:141.50,144.49 2 1
goldbox-rpg/pkg/server/timeout.go:144.49,146.3 1 1
goldbox-rpg/pkg/server/timeout.go:148.2,151.12 3 1
goldbox-rpg/pkg/server/timeout.go:155.40,157.2 1 1
goldbox-rpg/pkg/server/timeout.go:160.114,161.32 1 1
goldbox-rpg/pkg/server/timeout.go:161.32,166.3 3 1
goldbox-rpg/pkg/server/timeout.go:168.2,168.72 1 1
goldbox-rpg/pkg/server/timeout.go:172.98,173.32 1 1
goldbox-rpg/pkg/server/timeout.go:173.32,176.3 1 1
goldbox-rpg/pkg/server/timeout.go:178.2,178.70 1 1
goldbox-rpg/pkg/server/types.go:87.72,88.14 1 1
goldbox-rpg/pkg/server/types.go:88.14,90.3 1 1
goldbox-rpg/pkg/server/types.go:92.2,92.36 1 1
goldbox-rpg/pkg/server/types.go:92.36,93.14 1 1
goldbox-rpg/pkg/server/types.go:94.17,95.60 1 1
goldbox-rpg/pkg/server/types.go:95.60,97.5 1 1
goldbox-rpg/pkg/server/types.go:98.20,99.41 1 1
goldbox-rpg/pkg/server/types.go:99.41,101.5 1 1
goldbox-rpg/pkg/server/types.go:102.21,103.46 1 1
goldbox-rpg/pkg/server/types.go:103.46,105.5 1 1
goldbox-rpg/pkg/server/types.go:106.20,107.43 1 1
goldbox-rpg/pkg/server/types.go:107.43,109.5 1 1
goldbox-rpg/pkg/server/types.go:113.2,113.12 1 1
goldbox-rpg/pkg/server/types.go:117.48,118.14 1 1
goldbox-rpg/pkg/server/types.go:118.14,120.3 1 1
goldbox-rpg/pkg/server/types.go:122.2,132.14 2 1
goldbox-rpg/pkg/server/types.go:136.50,148.2 1 1
goldbox-rpg/pkg/server/types.go:151.34,153.2 1 1
goldbox-rpg/pkg/server/types.go:156.35,158.2 1 1
goldbox-rpg/pkg/server/types.go:161.40,163.2 1 1
goldbox-rpg/pkg/server/util.go:32.68,45.34 5 1
goldbox-rpg/pkg/server/util.go:45.34,47.60 2 0
goldbox-rpg/pkg/server/util.go:47.60,48.45 1 0
goldbox-rpg/pkg/server/util.go:48.45,60.5 4 0
goldbox-rpg/pkg/server/util.go:60.10,67.5 3 0
goldbox-rpg/pkg/server/util.go:68.9,70.4 1 0
goldbox-rpg/pkg/server/util.go:73.2,73.40 1 1
goldbox-rpg/pkg/server/util.go:73.40,75.3 1 0
goldbox-rpg/pkg/server/util.go:77.2,78.29 2 1
goldbox-rpg/pkg/server/util.go:78.29,80.3 1 0
goldbox-rpg/pkg/server/util.go:82.2,83.15 2 1
goldbox-rpg/pkg/server/util.go:100.78,112.49 6 0
goldbox-rpg/pkg/server/util.go:112.49,114.45 2 0
goldbox-rpg/pkg/server/util.go:114.45,120.4 2 0
goldbox-rpg/pkg/server/util.go:123.2,124.23 2 0
goldbox-rpg/pkg/server/util.go:142.74,149.63 3 0
goldbox-rpg/pkg/server/util.go:149.63,153.3 3 0
goldbox-rpg/pkg/server/util.go:154.2,155.12 2 0
goldbox-rpg/pkg/server/util.go:175.78,182.37 3 0
goldbox-rpg/pkg/server/util.go:182.37,185.3 2 0
goldbox-rpg/pkg/server/util.go:187.2,200.14 3 0
goldbox-rpg/pkg/server/util.go:217.65,225.52 4 0
goldbox-rpg/pkg/server/util.go:225.52,227.60 2 0
goldbox-rpg/pkg/server/util.go:227.60,228.49 1 0
goldbox-rpg/pkg/server/util.go:228.49,230.31 2 0
goldbox-rpg/pkg/server/util.go:230.31,233.43 3 0
goldbox-rpg/pkg/server/util.go:233.43,235.7 1 0
goldbox-rpg/pkg/server/util.go:236.11,238.6 1 0
goldbox-rpg/pkg/server/util.go:239.10,241.5 1 0
goldbox-rpg/pkg/server/util.go:242.9,244.4 1 0
goldbox-rpg/pkg/server/util.go:247.2,248.16 2 0
goldbox-rpg/pkg/server/util.go:266.68,286.2 8 0
goldbox-rpg/pkg/server/util.go:303.70,310.53 3 1
goldbox-rpg/pkg/server/util.go:310.53,314.34 3 1
goldbox-rpg/pkg/server/util.go:314.34,316.67 2 0
goldbox-rpg/pkg/server/util.go:316.67,319.5 2 0
goldbox-rpg/pkg/server/util.go:319.10,321.5 1 0
goldbox-rpg/pkg/server/util.go:323.8,325.3 1 0
goldbox-rpg/pkg/server/util.go:337.39,352.2 8 0
goldbox-rpg/pkg/server/util.go:382.59,393.2 5 1
goldbox-rpg/pkg/server/util.go:409.65,416.24 3 1
goldbox-rpg/pkg/server/util.go:416.24,417.30 1 1
goldbox-rpg/pkg/server/util.go:417.30,420.4 2 1
goldbox-rpg/pkg/server/util.go:423.2,424.12 2 1
goldbox-rpg/pkg/server/util.go:441.73,448.27 3 1
goldbox-rpg/pkg/server/util.go:448.27,449.32 1 1
goldbox-rpg/pkg/server/util.go:449.32,452.4 2 1
goldbox-rpg/pkg/server/util.go:455.2,456.12 2 1
goldbox-rpg/pkg/server/util.go:496.43,507.50 4 1
goldbox-rpg/pkg/server/util.go:507.50,510.3 2 1
goldbox-rpg/pkg/server/util.go:512.2,513.20 2 1
goldbox-rpg/pkg/server/util.go:513.20,516.3 2 1
goldbox-rpg/pkg/server/util.go:519.2,520.22 2 1
goldbox-rpg/pkg/server/util.go:520.22,523.17 3 1
goldbox-rpg/pkg/server/util.go:523.17,526.4 2 1
goldbox-rpg/pkg/server/util.go:529.2,530.16 2 1
goldbox-rpg/pkg/server/util.go:530.16,533.3 2 1
goldbox-rpg/pkg/server/util.go:535.2,536.22 2 1
goldbox-rpg/pkg/server/util.go:536.22,539.17 3 1
goldbox-rpg/pkg/server/util.go:539.17,542.4 2 1
goldbox-rpg/pkg/server/util.go:546.2,556.15 4 1
goldbox-rpg/pkg/server/util.go:570.24,578.11 3 1
goldbox-rpg/pkg/server/util.go:578.11,581.3 2 1
goldbox-rpg/pkg/server/util.go:582.2,583.10 2 1
goldbox-rpg/pkg/server/util.go:601.44,616.45 5 1
goldbox-rpg/pkg/server/util.go:616.45,617.23 1 1
goldbox-rpg/pkg/server/util.go:617.23,620.4 2 1
goldbox-rpg/pkg/server/util.go:622.2,623.14 2 1
goldbox-rpg/pkg/server/websocket.go:33.51,36.26 2 1
goldbox-rpg/pkg/server/websocket.go:36.26,37.26 1 1
goldbox-rpg/pkg/server/websocket.go:37.26,39.4 1 1
goldbox-rpg/pkg/server/websocket.go:39.9,39.38 1 1
goldbox-rpg/pkg/server/websocket.go:39.38,41.4 1 1
goldbox-rpg/pkg/server/websocket.go:41.9,43.4 1 1
goldbox-rpg/pkg/server/websocket.go:47.2,57.15 8 1
goldbox-rpg/pkg/server/websocket.go:73.50,75.19 2 1
goldbox-rpg/pkg/server/websocket.go:75.19,77.58 1 1
goldbox-rpg/pkg/server/websocket.go:77.58,79.4 1 1
goldbox-rpg/pkg/server/websocket.go:83.3,86.20 4 1
goldbox-rpg/pkg/server/websocket.go:86.20,88.32 2 0
goldbox-rpg/pkg/server/websocket.go:88.32,90.5 1 0
goldbox-rpg/pkg/server/websocket.go:92.3,93.20 2 1
goldbox-rpg/pkg/server/websocket.go:93.20,95.32 2 0
goldbox-rpg/pkg/server/websocket.go:95.32,98.5 1 0
goldbox-rpg/pkg/server/websocket.go:100.3,101.42 2 1
goldbox-rpg/pkg/server/websocket.go:101.42,104.4 2 1
goldbox-rpg/pkg/server/websocket.go:106.3,106.15 1 1
goldbox-rpg/pkg/server/websocket.go:108.2,108.36 1 1
goldbox-rpg/pkg/server/websocket.go:120.82,121.41 1 1
goldbox-rpg/pkg/server/websocket.go:121.41,122.43 1 1
goldbox-rpg/pkg/server/websocket.go:122.43,124.4 1 1
goldbox-rpg/pkg/server/websocket.go:126.2,126.14 1 1
goldbox-rpg/pkg/server/websocket.go:142.52,146.43 1 1
goldbox-rpg/pkg/server/websocket.go:146.43,150.49 2 1
goldbox-rpg/pkg/server/websocket.go:150.49,156.5 2 1
goldbox-rpg/pkg/server/websocket.go:159.4,162.16 3 1
goldbox-rpg/pkg/server/websocket.go:162.16,168.5 1 1
goldbox-rpg/pkg/server/websocket.go:168.10,174.5 1 1
goldbox-rpg/pkg/server/websocket.go:176.4,176.18 1 1
goldbox-rpg/pkg/server/websocket.go:179.2,179.18 1 1
goldbox-rpg/pkg/server/websocket.go:225.54,231.2 1 1
goldbox-rpg/pkg/server/websocket.go:242.62,251.2 1 1
goldbox-rpg/pkg/server/websocket.go:271.77,274.20 3 1
goldbox-rpg/pkg/server/websocket.go:274.20,277.3 2 0
goldbox-rpg/pkg/server/websocket.go:279.2,280.16 2 1
goldbox-rpg/pkg/server/websocket.go:280.16,282.3 1 1
goldbox-rpg/pkg/server/websocket.go:283.2,285.65 2 0
goldbox-rpg/pkg/server/websocket.go:285.65,287.3 1 0
goldbox-rpg/pkg/server/websocket.go:289.2,292.50 3 0
goldbox-rpg/pkg/server/websocket.go:296.104,298.16 2 1
goldbox-rpg/pkg/server/websocket.go:298.16,301.3 2 1
goldbox-rpg/pkg/server/websocket.go:302.2,302.18 1 0
goldbox-rpg/pkg/server/websocket.go:306.97,315.56 2 0
goldbox-rpg/pkg/server/websocket.go:315.56,318.3 2 0
goldbox-rpg/pkg/server/websocket.go:319.2,319.12 1 0
goldbox-rpg/pkg/server/websocket.go:323.113,324.6 1 0
goldbox-rpg/pkg/server/websocket.go:324.6,326.45 2 0
goldbox-rpg/pkg/server/websocket.go:326.45,327.9 1 0
goldbox-rpg/pkg/server/websocket.go:330.3,330.79 1 0
goldbox-rpg/pkg/server/websocket.go:330.79,331.9 1 0
goldbox-rpg/pkg/server/websocket.go:337.135,341.16 3 0
goldbox-rpg/pkg/server/websocket.go:341.16,345.3 3 0
goldbox-rpg/pkg/server/websocket.go:347.2,348.16 2 0
goldbox-rpg/pkg/server/websocket.go:348.16,352.3 3 0
goldbox-rpg/pkg/server/websocket.go:354.2,354.68 1 0
goldbox-rpg/pkg/server/websocket.go:354.68,357.3 2 0
goldbox-rpg/pkg/server/websocket.go:358.2,358.12 1 0
goldbox-rpg/pkg/server/websocket.go:362.113,363.19 1 0
goldbox-rpg/pkg/server/websocket.go:363.19,365.3 1 0
goldbox-rpg/pkg/server/websocket.go:366.2,367.15 2 0
goldbox-rpg/pkg/server/websocket.go:381.92,383.9 2 0
goldbox-rpg/pkg/server/websocket.go:383.9,385.3 1 0
goldbox-rpg/pkg/server/websocket.go:387.2,387.38 1 0
goldbox-rpg/pkg/server/websocket.go:405.82,425.56 6 0
goldbox-rpg/pkg/server/websocket.go:425.56,427.3 1 0
goldbox-rpg/pkg/server/websocket.go:427.8,429.3 1 0
goldbox-rpg/pkg/server/websocket.go:449.103,482.56 6 0
goldbox-rpg/pkg/server/websocket.go:482.56,484.3 1 0
goldbox-rpg/pkg/server/websocket.go:484.8,486.3 1 0
goldbox-rpg/pkg/server/websocket.go:507.80,508.21 1 1
goldbox-rpg/pkg/server/websocket.go:508.21,510.3 1 1
goldbox-rpg/pkg/server/websocket.go:512.2,514.13 3 1
goldbox-rpg/pkg/server/websocket.go:514.13,517.3 2 1
goldbox-rpg/pkg/server/websocket.go:520.2,524.21 4 1
goldbox-rpg/pkg/server/websocket.go:558.71,564.2 1 1
goldbox-rpg/pkg/server/websocket.go:575.41,579.15 3 1
goldbox-rpg/pkg/server/websocket.go:579.15,581.3 1 0
goldbox-rpg/pkg/server/websocket.go:584.2,593.39 8 1
goldbox-rpg/pkg/server/websocket.go:593.39,595.3 1 1
goldbox-rpg/pkg/server/websocket.go:597.2,598.76 2 1
goldbox-rpg/pkg/server/websocket.go:602.40,609.2 5 1
goldbox-rpg/pkg/server/websocket.go:615.67,621.33 5 1
goldbox-rpg/pkg/server/websocket.go:621.33,623.3 1 0
goldbox-rpg/pkg/server/websocket.go:626.2,636.28 2 1
goldbox-rpg/pkg/server/websocket.go:643.69,646.45 3 1
goldbox-rpg/pkg/server/websocket.go:646.45,647.67 1 1
goldbox-rpg/pkg/server/websocket.go:647.67,649.4 1 1
goldbox-rpg/pkg/server/websocket.go:651.2,653.24 2 1
goldbox-rpg/pkg/server/websocket.go:653.24,655.3 1 0
goldbox-rpg/pkg/server/websocket.go:657.2,658.35 2 1
goldbox-rpg/pkg/server/websocket.go:658.35,660.28 1 1
goldbox-rpg/pkg/server/websocket.go:660.28,662.11 1 1
goldbox-rpg/pkg/server/websocket.go:662.11,663.18 1 1
goldbox-rpg/pkg/server/websocket.go:663.18,664.34 1 1
goldbox-rpg/pkg/server/websocket.go:664.34,669.7 1 1
goldbox-rpg/pkg/server/websocket.go:672.5,672.61 1 1
goldbox-rpg/pkg/server/websocket.go:672.61,677.6 1 0
goldbox-rpg/pkg/server/websocket.go:677.11,679.6 1 0
goldbox-rpg/pkg/server/websocket.go:684.2,688.43 1 1
goldbox-rpg/pkg/config/config.go:130.30,188.42 4 1
goldbox-rpg/pkg/config/config.go:188.42,195.3 2 1
goldbox-rpg/pkg/config/config.go:197.2,205.20 2 1
goldbox-rpg/pkg/config/config.go:212.35,213.51 1 1
goldbox-rpg/pkg/config/config.go:213.51,215.3 1 1
goldbox-rpg/pkg/config/config.go:217.2,217.45 1 1
goldbox-rpg/pkg/config/config.go:217.45,219.3 1 1
goldbox-rpg/pkg/config/config.go:221.2,221.53 1 1
goldbox-rpg/pkg/config/config.go:221.53,223.3 1 1
goldbox-rpg/pkg/config/config.go:225.2,225.52 1 1
goldbox-rpg/pkg/config/config.go:225.52,227.3 1 0
goldbox-rpg/pkg/config/config.go:229.2,229.48 1 1
goldbox-rpg/pkg/config/config.go:229.48,231.3 1 0
goldbox-rpg/pkg/config/config.go:233.2,233.12 1 1
goldbox-rpg/pkg/config/config.go:239.49,241.46 1 1
goldbox-rpg/pkg/config/config.go:241.46,243.3 1 1
goldbox-rpg/pkg/config/config.go:246.2,248.39 3 1
goldbox-rpg/pkg/config/config.go:248.39,249.43 1 1
goldbox-rpg/pkg/config/config.go:249.43,251.9 2 1
goldbox-rpg/pkg/config/config.go:254.2,254.12 1 1
goldbox-rpg/pkg/config/config.go:254.12,256.3 1 1
goldbox-rpg/pkg/config/config.go:258.2,258.12 1 1
goldbox-rpg/pkg/config/config.go:264.43,265.36 1 1
goldbox-rpg/pkg/config/config.go:265.36,267.3 1 1
goldbox-rpg/pkg/config/config.go:269.2,269.36 1 1
goldbox-rpg/pkg/config/config.go:269.36,271.3 1 1
goldbox-rpg/pkg/config/config.go:273.2,273.12 1 1
goldbox-rpg/pkg/config/config.go:279.51,281.29 1 1
goldbox-rpg/pkg/config/config.go:281.29,283.3 1 1
goldbox-rpg/pkg/config/config.go:286.2,286.52 1 1
goldbox-rpg/pkg/config/config.go:286.52,288.3 1 1
goldbox-rpg/pkg/config/config.go:290.2,290.12 1 1
goldbox-rpg/pkg/config/config.go:296.50,297.24 1 1
goldbox-rpg/pkg/config/config.go:297.24,298.40 1 0
goldbox-rpg/pkg/config/config.go:298.40,300.4 1 0
goldbox-rpg/pkg/config/config.go:301.3,301.28 1 0
goldbox-rpg/pkg/config/config.go:301.28,303.4 1 0
goldbox-rpg/pkg/config/config.go:306.2,306.12 1 1
goldbox-rpg/pkg/config/config.go:312.46,313.20 1 1
goldbox-rpg/pkg/config/config.go:313.20,314.29 1 1
goldbox-rpg/pkg/config/config.go:314.29,316.4 1 0
goldbox-rpg/pkg/config/config.go:317.3,317.30 1 1
goldbox-rpg/pkg/config/config.go:317.30,319.4 1 0
goldbox-rpg/pkg/config/config.go:320.3,320.44 1 1
goldbox-rpg/pkg/config/config.go:320.44,322.4 1 0
goldbox-rpg/pkg/config/config.go:323.3,323.38 1 1
goldbox-rpg/pkg/config/config.go:323.38,325.4 1 0
goldbox-rpg/pkg/config/config.go:326.3,326.61 1 1
goldbox-rpg/pkg/config/config.go:326.61,328.4 1 0
goldbox-rpg/pkg/config/config.go:331.2,331.12 1 1
goldbox-rpg/pkg/config/config.go:337.52,342.21 3 1
goldbox-rpg/pkg/config/config.go:342.21,344.3 1 1
goldbox-rpg/pkg/config/config.go:347.2,347.43 1 1
goldbox-rpg/pkg/config/config.go:347.43,348.24 1 1
goldbox-rpg/pkg/config/config.go:348.24,350.4 1 1
goldbox-rpg/pkg/config/config.go:353.2,353.14 1 1
goldbox-rpg/pkg/config/config.go:360.53,369.2 1 1
goldbox-rpg/pkg/config/config.go:373.54,374.42 1 1
goldbox-rpg/pkg/config/config.go:374.42,376.3 1 1
goldbox-rpg/pkg/config/config.go:377.2,377.21 1 1
goldbox-rpg/pkg/config/config.go:380.52,381.42 1 1
goldbox-rpg/pkg/config/config.go:381.42,382.55 1 1
goldbox-rpg/pkg/config/config.go:382.55,384.4 1 1
goldbox-rpg/pkg/config/config.go:386.2,386.21 1 1
goldbox-rpg/pkg/config/config.go:389.58,390.42 1 1
goldbox-rpg/pkg/config/config.go:390.42,391.67 1 1
goldbox-rpg/pkg/config/config.go:391.67,393.4 1 1
goldbox-rpg/pkg/config/config.go:395.2,395.21 1 1
goldbox-rpg/pkg/config/config.go:398.55,399.42 1 1
goldbox-rpg/pkg/config/config.go:399.42,400.61 1 1
goldbox-rpg/pkg/config/config.go:400.61,402.4 1 1
goldbox-rpg/pkg/config/config.go:404.2,404.21 1 1
goldbox-rpg/pkg/config/config.go:407.77,408.42 1 1
goldbox-rpg/pkg/config/config.go:408.42,409.61 1 1
goldbox-rpg/pkg/config/config.go:409.61,411.4 1 1
goldbox-rpg/pkg/config/config.go:413.2,413.21 1 1
goldbox-rpg/pkg/config/config.go:416.70,417.42 1 1
goldbox-rpg/pkg/config/config.go:417.42,421.30 3 1
goldbox-rpg/pkg/config/config.go:421.30,422.57 1 1
goldbox-rpg/pkg/config/config.go:422.57,424.5 1 1
goldbox-rpg/pkg/config/config.go:426.3,426.16 1 1
goldbox-rpg/pkg/config/config.go:428.2,428.21 1 1
goldbox-rpg/pkg/config/config.go:431.64,432.42 1 1
goldbox-rpg/pkg/config/config.go:432.42,433.67 1 0
goldbox-rpg/pkg/config/config.go:433.67,435.4 1 0
goldbox-rpg/pkg/config/config.go:437.2,437.21 1 1
goldbox-rpg/pkg/config/loader.go:32.54,36.81 3 1
goldbox-rpg/pkg/config/loader.go:36.81,38.17 2 1
goldbox-rpg/pkg/config/loader.go:38.17,40.4 1 1
goldbox-rpg/pkg/config/loader.go:42.3,42.54 1 1
goldbox-rpg/pkg/config/loader.go:42.54,44.4 1 1
goldbox-rpg/pkg/config/loader.go:46.3,46.13 1 1
goldbox-rpg/pkg/config/loader.go:48.2,48.16 1 1
goldbox-rpg/pkg/config/loader.go:48.16,50.3 1 1
goldbox-rpg/pkg/config/loader.go:52.2,52.19 1 1
