mode: set
goldbox-rpg/pkg/pcg/character.go:23.59,24.19 1 1
goldbox-rpg/pkg/pcg/character.go:24.19,26.3 1 1
goldbox-rpg/pkg/pcg/character.go:28.2,32.3 1 1
goldbox-rpg/pkg/pcg/character.go:37.101,38.44 1 1
goldbox-rpg/pkg/pcg/character.go:38.44,40.3 1 1
goldbox-rpg/pkg/pcg/character.go:43.2,47.9 4 1
goldbox-rpg/pkg/pcg/character.go:47.9,59.3 1 1
goldbox-rpg/pkg/pcg/character.go:59.8,61.42 1 1
goldbox-rpg/pkg/pcg/character.go:61.42,63.4 1 1
goldbox-rpg/pkg/pcg/character.go:64.3,64.44 1 1
goldbox-rpg/pkg/pcg/character.go:64.44,66.4 1 0
goldbox-rpg/pkg/pcg/character.go:67.3,67.43 1 1
goldbox-rpg/pkg/pcg/character.go:67.43,69.4 1 0
goldbox-rpg/pkg/pcg/character.go:70.3,70.40 1 1
goldbox-rpg/pkg/pcg/character.go:70.40,72.4 1 0
goldbox-rpg/pkg/pcg/character.go:75.2,86.16 4 1
goldbox-rpg/pkg/pcg/character.go:86.16,88.3 1 0
goldbox-rpg/pkg/pcg/character.go:90.2,97.17 3 1
goldbox-rpg/pkg/pcg/character.go:101.130,108.16 4 1
goldbox-rpg/pkg/pcg/character.go:108.16,110.3 1 0
goldbox-rpg/pkg/pcg/character.go:113.2,114.16 2 1
goldbox-rpg/pkg/pcg/character.go:114.16,116.3 1 0
goldbox-rpg/pkg/pcg/character.go:120.2,128.17 2 1
goldbox-rpg/pkg/pcg/character.go:132.132,137.19 3 1
goldbox-rpg/pkg/pcg/character.go:138.22,139.33 1 1
goldbox-rpg/pkg/pcg/character.go:140.22,141.33 1 1
goldbox-rpg/pkg/pcg/character.go:142.25,143.33 1 1
goldbox-rpg/pkg/pcg/character.go:144.24,145.33 1 0
goldbox-rpg/pkg/pcg/character.go:146.23,147.33 1 0
goldbox-rpg/pkg/pcg/character.go:148.24,149.33 1 0
goldbox-rpg/pkg/pcg/character.go:150.24,151.33 1 0
goldbox-rpg/pkg/pcg/character.go:152.10,153.33 1 0
goldbox-rpg/pkg/pcg/character.go:156.2,156.33 1 1
goldbox-rpg/pkg/pcg/character.go:156.33,164.13 5 1
goldbox-rpg/pkg/pcg/character.go:164.13,168.4 2 1
goldbox-rpg/pkg/pcg/character.go:170.3,171.17 2 1
goldbox-rpg/pkg/pcg/character.go:171.17,173.4 1 0
goldbox-rpg/pkg/pcg/character.go:175.3,175.27 1 1
goldbox-rpg/pkg/pcg/character.go:179.2,181.18 2 1
goldbox-rpg/pkg/pcg/character.go:185.146,196.16 3 1
goldbox-rpg/pkg/pcg/character.go:196.16,198.3 1 0
goldbox-rpg/pkg/pcg/character.go:199.2,203.16 3 1
goldbox-rpg/pkg/pcg/character.go:203.16,205.3 1 0
goldbox-rpg/pkg/pcg/character.go:206.2,208.21 2 1
goldbox-rpg/pkg/pcg/character.go:212.47,214.2 1 1
goldbox-rpg/pkg/pcg/character.go:217.45,219.2 1 1
goldbox-rpg/pkg/pcg/character.go:222.65,223.22 1 1
goldbox-rpg/pkg/pcg/character.go:223.22,225.3 1 1
goldbox-rpg/pkg/pcg/character.go:227.2,227.53 1 1
goldbox-rpg/pkg/pcg/character.go:227.53,229.3 1 1
goldbox-rpg/pkg/pcg/character.go:231.2,231.55 1 1
goldbox-rpg/pkg/pcg/character.go:231.55,233.3 1 1
goldbox-rpg/pkg/pcg/character.go:236.2,236.89 1 1
goldbox-rpg/pkg/pcg/character.go:236.89,237.83 1 1
goldbox-rpg/pkg/pcg/character.go:237.83,239.4 1 1
goldbox-rpg/pkg/pcg/character.go:241.3,241.82 1 1
goldbox-rpg/pkg/pcg/character.go:241.82,243.4 1 1
goldbox-rpg/pkg/pcg/character.go:245.3,245.76 1 1
goldbox-rpg/pkg/pcg/character.go:245.76,247.4 1 1
goldbox-rpg/pkg/pcg/character.go:250.2,250.12 1 1
goldbox-rpg/pkg/pcg/character.go:254.96,291.2 11 1
goldbox-rpg/pkg/pcg/character.go:294.66,301.2 2 1
goldbox-rpg/pkg/pcg/character.go:303.54,310.2 2 1
goldbox-rpg/pkg/pcg/character.go:312.73,321.32 3 1
goldbox-rpg/pkg/pcg/character.go:321.32,323.3 1 0
goldbox-rpg/pkg/pcg/character.go:325.2,328.30 3 1
goldbox-rpg/pkg/pcg/character.go:328.30,330.17 2 1
goldbox-rpg/pkg/pcg/character.go:330.17,333.4 2 1
goldbox-rpg/pkg/pcg/character.go:336.2,336.15 1 1
goldbox-rpg/pkg/pcg/character.go:339.72,351.28 5 1
goldbox-rpg/pkg/pcg/character.go:351.28,353.17 2 1
goldbox-rpg/pkg/pcg/character.go:353.17,356.4 2 1
goldbox-rpg/pkg/pcg/character.go:359.2,359.14 1 1
goldbox-rpg/pkg/pcg/character.go:362.85,375.28 5 1
goldbox-rpg/pkg/pcg/character.go:375.28,377.3 1 1
goldbox-rpg/pkg/pcg/character.go:379.2,379.16 1 1
goldbox-rpg/pkg/pcg/character.go:382.61,394.38 5 1
goldbox-rpg/pkg/pcg/character.go:394.38,396.17 2 1
goldbox-rpg/pkg/pcg/character.go:396.17,399.4 2 1
goldbox-rpg/pkg/pcg/character.go:402.2,402.19 1 1
goldbox-rpg/pkg/pcg/character.go:405.76,412.2 2 1
goldbox-rpg/pkg/pcg/character.go:414.114,425.58 4 1
goldbox-rpg/pkg/pcg/character.go:425.58,427.17 2 1
goldbox-rpg/pkg/pcg/character.go:427.17,435.4 3 1
goldbox-rpg/pkg/pcg/character.go:438.2,438.20 1 1
goldbox-rpg/pkg/pcg/character.go:441.102,450.74 4 1
goldbox-rpg/pkg/pcg/character.go:450.74,452.17 2 1
goldbox-rpg/pkg/pcg/character.go:452.17,462.4 4 1
goldbox-rpg/pkg/pcg/character.go:465.2,465.25 1 1
goldbox-rpg/pkg/pcg/character.go:468.80,484.60 2 1
goldbox-rpg/pkg/pcg/character.go:484.60,486.3 1 1
goldbox-rpg/pkg/pcg/character.go:487.2,487.23 1 0
goldbox-rpg/pkg/pcg/character.go:491.102,500.62 2 1
goldbox-rpg/pkg/pcg/character.go:500.62,502.3 1 1
goldbox-rpg/pkg/pcg/character.go:503.2,503.22 1 1
goldbox-rpg/pkg/pcg/character.go:506.116,518.2 1 1
goldbox-rpg/pkg/pcg/character.go:520.82,526.2 2 1
goldbox-rpg/pkg/pcg/character.go:528.113,531.2 1 1
goldbox-rpg/pkg/pcg/character.go:534.119,546.18 2 1
goldbox-rpg/pkg/pcg/character.go:547.26,549.42 2 1
goldbox-rpg/pkg/pcg/character.go:550.29,552.42 2 1
goldbox-rpg/pkg/pcg/character.go:553.25,555.36 2 1
goldbox-rpg/pkg/pcg/character.go:556.26,558.42 2 1
goldbox-rpg/pkg/pcg/character.go:562.2,562.21 1 1
goldbox-rpg/pkg/pcg/character.go:563.44,565.42 2 1
goldbox-rpg/pkg/pcg/character.go:566.41,567.42 1 0
goldbox-rpg/pkg/pcg/character.go:570.2,570.13 1 1
goldbox-rpg/pkg/pcg/character.go:584.87,593.2 5 1
goldbox-rpg/pkg/pcg/character.go:595.76,601.2 4 1
goldbox-rpg/pkg/pcg/character.go:603.73,604.18 1 1
goldbox-rpg/pkg/pcg/character.go:605.21,606.17 1 0
goldbox-rpg/pkg/pcg/character.go:607.26,608.19 1 0
goldbox-rpg/pkg/pcg/character.go:609.26,610.23 1 0
goldbox-rpg/pkg/pcg/character.go:611.21,612.23 1 1
goldbox-rpg/pkg/pcg/character.go:613.26,614.18 1 1
goldbox-rpg/pkg/pcg/character.go:615.23,616.19 1 0
goldbox-rpg/pkg/pcg/character.go:617.23,618.19 1 0
goldbox-rpg/pkg/pcg/character.go:619.10,620.17 1 1
goldbox-rpg/pkg/pcg/character.go:624.90,625.18 1 1
goldbox-rpg/pkg/pcg/character.go:626.26,627.27 1 1
goldbox-rpg/pkg/pcg/character.go:628.25,629.24 1 1
goldbox-rpg/pkg/pcg/character.go:630.27,631.26 1 0
goldbox-rpg/pkg/pcg/character.go:632.26,633.25 1 0
goldbox-rpg/pkg/pcg/character.go:634.29,635.27 1 1
goldbox-rpg/pkg/pcg/character.go:636.26,637.27 1 1
goldbox-rpg/pkg/pcg/character.go:638.25,639.25 1 0
goldbox-rpg/pkg/pcg/character.go:640.28,641.27 1 0
goldbox-rpg/pkg/pcg/character.go:642.10,647.44 2 1
goldbox-rpg/pkg/pcg/character.go:652.116,653.19 1 1
goldbox-rpg/pkg/pcg/character.go:654.22,655.20 1 1
goldbox-rpg/pkg/pcg/character.go:655.20,657.4 1 1
goldbox-rpg/pkg/pcg/character.go:658.3,658.28 1 1
goldbox-rpg/pkg/pcg/character.go:659.25,660.31 1 1
goldbox-rpg/pkg/pcg/character.go:661.24,662.20 1 0
goldbox-rpg/pkg/pcg/character.go:662.20,664.4 1 0
goldbox-rpg/pkg/pcg/character.go:665.3,665.30 1 0
goldbox-rpg/pkg/pcg/character.go:666.24,667.30 1 0
goldbox-rpg/pkg/pcg/character.go:668.22,670.20 1 1
goldbox-rpg/pkg/pcg/character.go:670.20,672.4 1 1
goldbox-rpg/pkg/pcg/character.go:673.3,673.30 1 1
goldbox-rpg/pkg/pcg/character.go:674.10,675.30 1 0
goldbox-rpg/pkg/pcg/character.go:679.78,680.17 1 1
goldbox-rpg/pkg/pcg/character.go:681.24,682.25 1 0
goldbox-rpg/pkg/pcg/character.go:683.23,684.28 1 0
goldbox-rpg/pkg/pcg/character.go:685.26,686.28 1 1
goldbox-rpg/pkg/pcg/character.go:687.26,688.29 1 0
goldbox-rpg/pkg/pcg/character.go:689.27,690.27 1 1
goldbox-rpg/pkg/pcg/character.go:691.25,692.26 1 0
goldbox-rpg/pkg/pcg/character.go:693.24,694.28 1 0
goldbox-rpg/pkg/pcg/character.go:695.10,696.17 1 0
goldbox-rpg/pkg/pcg/character.go:700.96,704.2 0 1
goldbox-rpg/pkg/pcg/character.go:707.67,710.19 2 1
goldbox-rpg/pkg/pcg/character.go:710.19,712.3 1 1
goldbox-rpg/pkg/pcg/character.go:715.2,715.35 1 1
goldbox-rpg/pkg/pcg/character.go:718.75,730.49 2 1
goldbox-rpg/pkg/pcg/character.go:730.49,734.3 2 1
goldbox-rpg/pkg/pcg/character.go:735.2,735.11 1 0
goldbox-rpg/pkg/pcg/character.go:738.66,743.2 3 1
goldbox-rpg/pkg/pcg/character.go:745.71,748.2 1 1
goldbox-rpg/pkg/pcg/character.go:750.66,755.2 3 1
goldbox-rpg/pkg/pcg/character.go:757.73,760.14 2 1
goldbox-rpg/pkg/pcg/character.go:760.14,762.3 1 0
goldbox-rpg/pkg/pcg/character.go:763.2,763.13 1 1
goldbox-rpg/pkg/pcg/character.go:766.56,769.2 1 1
goldbox-rpg/pkg/pcg/dungeon.go:86.67,87.19 1 1
goldbox-rpg/pkg/pcg/dungeon.go:87.19,89.3 1 1
goldbox-rpg/pkg/pcg/dungeon.go:91.2,95.3 1 1
goldbox-rpg/pkg/pcg/dungeon.go:100.105,102.9 2 1
goldbox-rpg/pkg/pcg/dungeon.go:102.9,104.3 1 1
goldbox-rpg/pkg/pcg/dungeon.go:107.2,107.44 1 1
goldbox-rpg/pkg/pcg/dungeon.go:107.44,109.3 1 0
goldbox-rpg/pkg/pcg/dungeon.go:112.2,121.16 4 1
goldbox-rpg/pkg/pcg/dungeon.go:121.16,123.3 1 0
goldbox-rpg/pkg/pcg/dungeon.go:125.2,126.21 2 1
goldbox-rpg/pkg/pcg/dungeon.go:130.152,143.61 2 1
goldbox-rpg/pkg/pcg/dungeon.go:143.61,147.17 3 1
goldbox-rpg/pkg/pcg/dungeon.go:147.17,149.4 1 0
goldbox-rpg/pkg/pcg/dungeon.go:151.3,151.39 1 1
goldbox-rpg/pkg/pcg/dungeon.go:155.2,155.74 1 1
goldbox-rpg/pkg/pcg/dungeon.go:155.74,157.3 1 0
goldbox-rpg/pkg/pcg/dungeon.go:160.2,164.21 4 1
goldbox-rpg/pkg/pcg/dungeon.go:168.174,177.49 2 1
goldbox-rpg/pkg/pcg/dungeon.go:177.49,179.49 2 1
goldbox-rpg/pkg/pcg/dungeon.go:179.49,186.4 1 1
goldbox-rpg/pkg/pcg/dungeon.go:190.2,211.26 7 1
goldbox-rpg/pkg/pcg/dungeon.go:215.133,226.73 6 1
goldbox-rpg/pkg/pcg/dungeon.go:226.73,246.38 8 1
goldbox-rpg/pkg/pcg/dungeon.go:246.38,247.47 1 1
goldbox-rpg/pkg/pcg/dungeon.go:247.47,249.10 2 1
goldbox-rpg/pkg/pcg/dungeon.go:253.3,253.16 1 1
goldbox-rpg/pkg/pcg/dungeon.go:253.16,257.4 3 1
goldbox-rpg/pkg/pcg/dungeon.go:260.2,260.14 1 1
goldbox-rpg/pkg/pcg/dungeon.go:264.115,281.37 3 1
goldbox-rpg/pkg/pcg/dungeon.go:281.37,283.37 2 1
goldbox-rpg/pkg/pcg/dungeon.go:283.37,292.4 1 1
goldbox-rpg/pkg/pcg/dungeon.go:295.2,295.13 1 1
goldbox-rpg/pkg/pcg/dungeon.go:299.80,300.68 1 1
goldbox-rpg/pkg/pcg/dungeon.go:300.68,301.68 1 1
goldbox-rpg/pkg/pcg/dungeon.go:301.68,302.67 1 1
goldbox-rpg/pkg/pcg/dungeon.go:302.67,309.5 1 1
goldbox-rpg/pkg/pcg/dungeon.go:315.99,316.36 1 1
goldbox-rpg/pkg/pcg/dungeon.go:316.36,333.3 10 1
goldbox-rpg/pkg/pcg/dungeon.go:337.86,339.13 1 1
goldbox-rpg/pkg/pcg/dungeon.go:339.13,341.3 1 1
goldbox-rpg/pkg/pcg/dungeon.go:342.2,342.13 1 1
goldbox-rpg/pkg/pcg/dungeon.go:342.13,344.3 1 1
goldbox-rpg/pkg/pcg/dungeon.go:346.2,346.28 1 1
goldbox-rpg/pkg/pcg/dungeon.go:346.28,347.68 1 1
goldbox-rpg/pkg/pcg/dungeon.go:347.68,354.4 1 1
goldbox-rpg/pkg/pcg/dungeon.go:357.2,357.28 1 1
goldbox-rpg/pkg/pcg/dungeon.go:357.28,358.68 1 1
goldbox-rpg/pkg/pcg/dungeon.go:358.68,365.4 1 1
goldbox-rpg/pkg/pcg/dungeon.go:370.85,371.16 1 1
goldbox-rpg/pkg/pcg/dungeon.go:371.16,373.3 1 1
goldbox-rpg/pkg/pcg/dungeon.go:376.2,388.15 2 1
goldbox-rpg/pkg/pcg/dungeon.go:389.19,391.31 2 1
goldbox-rpg/pkg/pcg/dungeon.go:392.20,394.29 2 0
goldbox-rpg/pkg/pcg/dungeon.go:397.2,397.43 1 1
goldbox-rpg/pkg/pcg/dungeon.go:401.87,403.33 2 1
goldbox-rpg/pkg/pcg/dungeon.go:403.33,405.3 1 1
goldbox-rpg/pkg/pcg/dungeon.go:407.2,410.40 3 1
goldbox-rpg/pkg/pcg/dungeon.go:410.40,412.34 2 1
goldbox-rpg/pkg/pcg/dungeon.go:412.34,414.4 1 1
goldbox-rpg/pkg/pcg/dungeon.go:417.2,417.23 1 0
goldbox-rpg/pkg/pcg/dungeon.go:421.105,423.39 2 1
goldbox-rpg/pkg/pcg/dungeon.go:423.39,425.3 1 1
goldbox-rpg/pkg/pcg/dungeon.go:426.2,429.37 2 1
goldbox-rpg/pkg/pcg/dungeon.go:429.37,434.17 4 1
goldbox-rpg/pkg/pcg/dungeon.go:434.17,436.4 1 0
goldbox-rpg/pkg/pcg/dungeon.go:438.3,438.65 1 1
goldbox-rpg/pkg/pcg/dungeon.go:442.2,442.47 1 1
goldbox-rpg/pkg/pcg/dungeon.go:442.47,444.17 2 0
goldbox-rpg/pkg/pcg/dungeon.go:444.17,446.4 1 0
goldbox-rpg/pkg/pcg/dungeon.go:449.2,449.12 1 1
goldbox-rpg/pkg/pcg/dungeon.go:453.133,456.16 2 1
goldbox-rpg/pkg/pcg/dungeon.go:456.16,458.3 1 0
goldbox-rpg/pkg/pcg/dungeon.go:460.2,461.16 2 1
goldbox-rpg/pkg/pcg/dungeon.go:461.16,463.3 1 0
goldbox-rpg/pkg/pcg/dungeon.go:466.2,492.24 5 1
goldbox-rpg/pkg/pcg/dungeon.go:496.121,500.35 2 1
goldbox-rpg/pkg/pcg/dungeon.go:500.35,502.63 1 1
goldbox-rpg/pkg/pcg/dungeon.go:502.63,504.4 1 1
goldbox-rpg/pkg/pcg/dungeon.go:507.2,507.29 1 1
goldbox-rpg/pkg/pcg/dungeon.go:507.29,509.3 1 0
goldbox-rpg/pkg/pcg/dungeon.go:512.2,518.29 4 1
goldbox-rpg/pkg/pcg/dungeon.go:518.29,528.76 5 1
goldbox-rpg/pkg/pcg/dungeon.go:528.76,529.108 1 1
goldbox-rpg/pkg/pcg/dungeon.go:529.108,531.5 1 1
goldbox-rpg/pkg/pcg/dungeon.go:533.3,533.13 1 0
goldbox-rpg/pkg/pcg/dungeon.go:536.2,536.111 1 0
goldbox-rpg/pkg/pcg/dungeon.go:542.74,559.2 5 1
goldbox-rpg/pkg/pcg/dungeon.go:562.104,567.44 4 1
goldbox-rpg/pkg/pcg/dungeon.go:567.44,569.3 1 1
goldbox-rpg/pkg/pcg/dungeon.go:571.2,571.19 1 1
goldbox-rpg/pkg/pcg/dungeon.go:575.117,585.15 2 1
goldbox-rpg/pkg/pcg/dungeon.go:586.23,588.33 2 1
goldbox-rpg/pkg/pcg/dungeon.go:589.20,591.33 2 1
goldbox-rpg/pkg/pcg/dungeon.go:592.20,594.33 2 1
goldbox-rpg/pkg/pcg/dungeon.go:597.2,597.45 1 1
goldbox-rpg/pkg/pcg/dungeon.go:601.101,603.33 2 1
goldbox-rpg/pkg/pcg/dungeon.go:603.33,605.3 1 1
goldbox-rpg/pkg/pcg/dungeon.go:607.2,610.40 3 1
goldbox-rpg/pkg/pcg/dungeon.go:610.40,612.34 2 1
goldbox-rpg/pkg/pcg/dungeon.go:612.34,614.4 1 1
goldbox-rpg/pkg/pcg/dungeon.go:617.2,617.25 1 0
goldbox-rpg/pkg/pcg/dungeon.go:621.137,622.21 1 0
goldbox-rpg/pkg/pcg/dungeon.go:622.21,624.3 1 0
goldbox-rpg/pkg/pcg/dungeon.go:627.2,630.93 3 0
goldbox-rpg/pkg/pcg/dungeon.go:634.74,636.39 2 1
goldbox-rpg/pkg/pcg/dungeon.go:636.39,638.3 1 1
goldbox-rpg/pkg/pcg/dungeon.go:639.2,639.14 1 1
goldbox-rpg/pkg/pcg/dungeon.go:645.51,647.2 1 1
goldbox-rpg/pkg/pcg/dungeon.go:650.49,652.2 1 1
goldbox-rpg/pkg/pcg/dungeon.go:655.69,657.9 2 1
goldbox-rpg/pkg/pcg/dungeon.go:657.9,659.3 1 1
goldbox-rpg/pkg/pcg/dungeon.go:661.2,661.67 1 1
goldbox-rpg/pkg/pcg/dungeon.go:661.67,663.3 1 1
goldbox-rpg/pkg/pcg/dungeon.go:665.2,665.69 1 1
goldbox-rpg/pkg/pcg/dungeon.go:665.69,667.3 1 1
goldbox-rpg/pkg/pcg/dungeon.go:669.2,669.71 1 1
goldbox-rpg/pkg/pcg/dungeon.go:669.71,671.3 1 1
goldbox-rpg/pkg/pcg/dungeon.go:673.2,673.73 1 1
goldbox-rpg/pkg/pcg/dungeon.go:673.73,675.3 1 1
goldbox-rpg/pkg/pcg/dungeon.go:677.2,677.95 1 1
goldbox-rpg/pkg/pcg/dungeon.go:677.95,679.3 1 1
goldbox-rpg/pkg/pcg/dungeon.go:681.2,681.12 1 1
goldbox-rpg/pkg/pcg/faction.go:24.67,25.19 1 1
goldbox-rpg/pkg/pcg/faction.go:25.19,27.3 1 1
goldbox-rpg/pkg/pcg/faction.go:29.2,33.3 1 1
goldbox-rpg/pkg/pcg/faction.go:38.105,39.44 1 1
goldbox-rpg/pkg/pcg/faction.go:39.44,41.3 1 0
goldbox-rpg/pkg/pcg/faction.go:44.2,48.9 4 1
goldbox-rpg/pkg/pcg/faction.go:48.9,60.3 1 1
goldbox-rpg/pkg/pcg/faction.go:60.8,62.34 1 1
goldbox-rpg/pkg/pcg/faction.go:62.34,64.4 1 1
goldbox-rpg/pkg/pcg/faction.go:65.3,65.34 1 1
goldbox-rpg/pkg/pcg/faction.go:65.34,67.4 1 1
goldbox-rpg/pkg/pcg/faction.go:68.3,68.38 1 1
goldbox-rpg/pkg/pcg/faction.go:68.38,70.4 1 0
goldbox-rpg/pkg/pcg/faction.go:73.2,83.16 4 1
goldbox-rpg/pkg/pcg/faction.go:83.16,85.3 1 0
goldbox-rpg/pkg/pcg/faction.go:87.2,94.27 3 1
goldbox-rpg/pkg/pcg/faction.go:98.51,100.2 1 1
goldbox-rpg/pkg/pcg/faction.go:103.49,105.2 1 1
goldbox-rpg/pkg/pcg/faction.go:108.69,109.22 1 1
goldbox-rpg/pkg/pcg/faction.go:109.22,111.3 1 1
goldbox-rpg/pkg/pcg/faction.go:113.2,113.53 1 1
goldbox-rpg/pkg/pcg/faction.go:113.53,115.3 1 1
goldbox-rpg/pkg/pcg/faction.go:118.2,118.80 1 1
goldbox-rpg/pkg/pcg/faction.go:118.80,119.66 1 1
goldbox-rpg/pkg/pcg/faction.go:119.66,120.73 1 1
goldbox-rpg/pkg/pcg/faction.go:120.73,122.5 1 1
goldbox-rpg/pkg/pcg/faction.go:124.4,124.78 1 1
goldbox-rpg/pkg/pcg/faction.go:124.78,126.5 1 1
goldbox-rpg/pkg/pcg/faction.go:130.2,130.12 1 1
goldbox-rpg/pkg/pcg/faction.go:134.127,148.43 2 1
goldbox-rpg/pkg/pcg/faction.go:148.43,150.17 2 1
goldbox-rpg/pkg/pcg/faction.go:150.17,152.4 1 0
goldbox-rpg/pkg/pcg/faction.go:153.3,153.53 1 1
goldbox-rpg/pkg/pcg/faction.go:157.2,157.70 1 1
goldbox-rpg/pkg/pcg/faction.go:157.70,159.3 1 0
goldbox-rpg/pkg/pcg/faction.go:162.2,162.68 1 1
goldbox-rpg/pkg/pcg/faction.go:162.68,164.3 1 0
goldbox-rpg/pkg/pcg/faction.go:167.2,167.67 1 1
goldbox-rpg/pkg/pcg/faction.go:167.67,169.3 1 0
goldbox-rpg/pkg/pcg/faction.go:172.2,172.66 1 1
goldbox-rpg/pkg/pcg/faction.go:172.66,174.3 1 0
goldbox-rpg/pkg/pcg/faction.go:177.2,182.20 5 1
goldbox-rpg/pkg/pcg/faction.go:186.117,218.2 5 1
goldbox-rpg/pkg/pcg/faction.go:221.132,224.37 2 1
goldbox-rpg/pkg/pcg/faction.go:224.37,225.42 1 1
goldbox-rpg/pkg/pcg/faction.go:225.42,228.4 2 1
goldbox-rpg/pkg/pcg/faction.go:232.2,234.12 2 1
goldbox-rpg/pkg/pcg/faction.go:238.122,261.2 5 1
goldbox-rpg/pkg/pcg/faction.go:265.57,270.28 4 1
goldbox-rpg/pkg/pcg/faction.go:270.28,274.3 1 1
goldbox-rpg/pkg/pcg/faction.go:276.2,279.40 1 1
goldbox-rpg/pkg/pcg/faction.go:282.58,292.2 7 1
goldbox-rpg/pkg/pcg/faction.go:294.61,301.2 2 1
goldbox-rpg/pkg/pcg/faction.go:303.67,309.2 2 1
goldbox-rpg/pkg/pcg/faction.go:311.55,318.2 2 1
goldbox-rpg/pkg/pcg/faction.go:320.61,333.29 5 1
goldbox-rpg/pkg/pcg/faction.go:333.29,335.23 2 1
goldbox-rpg/pkg/pcg/faction.go:335.23,338.4 2 1
goldbox-rpg/pkg/pcg/faction.go:341.2,341.14 1 1
goldbox-rpg/pkg/pcg/faction.go:344.74,354.38 5 1
goldbox-rpg/pkg/pcg/faction.go:354.38,356.23 2 1
goldbox-rpg/pkg/pcg/faction.go:356.23,359.4 2 1
goldbox-rpg/pkg/pcg/faction.go:362.2,362.19 1 1
goldbox-rpg/pkg/pcg/faction.go:365.67,372.35 5 1
goldbox-rpg/pkg/pcg/faction.go:372.35,385.3 2 1
goldbox-rpg/pkg/pcg/faction.go:387.2,387.16 1 1
goldbox-rpg/pkg/pcg/faction.go:390.57,397.2 3 1
goldbox-rpg/pkg/pcg/faction.go:400.62,402.2 1 1
goldbox-rpg/pkg/pcg/faction.go:406.72,408.22 1 1
goldbox-rpg/pkg/pcg/faction.go:409.27,411.24 2 1
goldbox-rpg/pkg/pcg/faction.go:412.27,414.22 2 1
goldbox-rpg/pkg/pcg/faction.go:415.28,417.25 2 1
goldbox-rpg/pkg/pcg/faction.go:418.26,420.66 2 1
goldbox-rpg/pkg/pcg/faction.go:424.93,426.32 1 1
goldbox-rpg/pkg/pcg/faction.go:426.32,428.3 1 0
goldbox-rpg/pkg/pcg/faction.go:429.2,429.32 1 1
goldbox-rpg/pkg/pcg/faction.go:429.32,431.3 1 1
goldbox-rpg/pkg/pcg/faction.go:434.88,439.48 2 1
goldbox-rpg/pkg/pcg/faction.go:439.48,441.3 1 1
goldbox-rpg/pkg/pcg/faction.go:444.2,444.44 1 1
goldbox-rpg/pkg/pcg/faction.go:444.44,446.3 1 1
goldbox-rpg/pkg/pcg/faction.go:449.2,449.82 1 1
goldbox-rpg/pkg/pcg/faction.go:449.82,451.3 1 1
goldbox-rpg/pkg/pcg/faction.go:454.2,454.82 1 1
goldbox-rpg/pkg/pcg/faction.go:454.82,456.3 1 0
goldbox-rpg/pkg/pcg/faction.go:459.2,459.82 1 1
goldbox-rpg/pkg/pcg/faction.go:459.82,461.3 1 1
goldbox-rpg/pkg/pcg/faction.go:463.2,463.17 1 1
goldbox-rpg/pkg/pcg/faction.go:466.93,467.20 1 1
goldbox-rpg/pkg/pcg/faction.go:467.20,469.3 1 1
goldbox-rpg/pkg/pcg/faction.go:469.8,469.27 1 1
goldbox-rpg/pkg/pcg/faction.go:469.27,471.3 1 1
goldbox-rpg/pkg/pcg/faction.go:471.8,471.28 1 1
goldbox-rpg/pkg/pcg/faction.go:471.28,473.3 1 1
goldbox-rpg/pkg/pcg/faction.go:473.8,473.28 1 1
goldbox-rpg/pkg/pcg/faction.go:473.28,475.3 1 1
goldbox-rpg/pkg/pcg/faction.go:475.8,475.28 1 1
goldbox-rpg/pkg/pcg/faction.go:475.28,477.3 1 1
goldbox-rpg/pkg/pcg/faction.go:478.2,478.26 1 1
goldbox-rpg/pkg/pcg/faction.go:481.103,485.82 2 1
goldbox-rpg/pkg/pcg/faction.go:485.82,487.3 1 1
goldbox-rpg/pkg/pcg/faction.go:490.2,490.82 1 1
goldbox-rpg/pkg/pcg/faction.go:490.82,492.3 1 1
goldbox-rpg/pkg/pcg/faction.go:494.2,494.38 1 1
goldbox-rpg/pkg/pcg/faction.go:497.96,505.2 3 1
goldbox-rpg/pkg/pcg/faction.go:507.68,517.34 4 1
goldbox-rpg/pkg/pcg/faction.go:517.34,520.3 2 1
goldbox-rpg/pkg/pcg/faction.go:522.2,522.16 1 1
goldbox-rpg/pkg/pcg/faction.go:525.88,527.36 1 1
goldbox-rpg/pkg/pcg/faction.go:527.36,529.29 1 1
goldbox-rpg/pkg/pcg/faction.go:529.29,533.4 2 1
goldbox-rpg/pkg/pcg/faction.go:538.130,541.42 1 1
goldbox-rpg/pkg/pcg/faction.go:541.42,543.39 2 1
goldbox-rpg/pkg/pcg/faction.go:543.39,558.4 2 1
goldbox-rpg/pkg/pcg/faction.go:560.2,560.12 1 1
goldbox-rpg/pkg/pcg/faction.go:563.129,565.43 1 1
goldbox-rpg/pkg/pcg/faction.go:565.43,566.70 1 1
goldbox-rpg/pkg/pcg/faction.go:566.70,583.4 2 1
goldbox-rpg/pkg/pcg/faction.go:585.2,585.12 1 1
goldbox-rpg/pkg/pcg/faction.go:588.128,590.43 1 1
goldbox-rpg/pkg/pcg/faction.go:590.43,591.69 1 1
goldbox-rpg/pkg/pcg/faction.go:591.69,606.4 2 0
goldbox-rpg/pkg/pcg/faction.go:608.2,608.12 1 1
goldbox-rpg/pkg/pcg/faction.go:613.65,619.2 2 1
goldbox-rpg/pkg/pcg/faction.go:621.64,627.2 2 1
goldbox-rpg/pkg/pcg/faction.go:629.63,635.2 2 0
goldbox-rpg/pkg/pcg/faction.go:637.59,644.2 2 0
goldbox-rpg/pkg/pcg/faction.go:646.60,653.2 2 0
goldbox-rpg/pkg/pcg/manager.go:27.74,28.19 1 0
goldbox-rpg/pkg/pcg/manager.go:28.19,30.3 1 0
goldbox-rpg/pkg/pcg/manager.go:32.2,46.3 6 0
goldbox-rpg/pkg/pcg/manager.go:50.55,53.2 2 0
goldbox-rpg/pkg/pcg/manager.go:56.58,61.84 3 0
goldbox-rpg/pkg/pcg/manager.go:61.84,63.3 1 0
goldbox-rpg/pkg/pcg/manager.go:66.2,67.86 2 0
goldbox-rpg/pkg/pcg/manager.go:67.86,69.3 1 0
goldbox-rpg/pkg/pcg/manager.go:75.2,75.12 1 0
goldbox-rpg/pkg/pcg/manager.go:79.160,81.15 2 0
goldbox-rpg/pkg/pcg/manager.go:81.15,89.3 3 0
goldbox-rpg/pkg/pcg/manager.go:91.2,113.16 6 0
goldbox-rpg/pkg/pcg/manager.go:113.16,115.3 1 0
goldbox-rpg/pkg/pcg/manager.go:117.2,117.21 1 0
goldbox-rpg/pkg/pcg/manager.go:121.176,123.15 2 0
goldbox-rpg/pkg/pcg/manager.go:123.15,132.3 3 0
goldbox-rpg/pkg/pcg/manager.go:134.2,154.16 4 0
goldbox-rpg/pkg/pcg/manager.go:154.16,156.3 1 0
goldbox-rpg/pkg/pcg/manager.go:158.2,158.19 1 0
goldbox-rpg/pkg/pcg/manager.go:162.161,182.2 2 0
goldbox-rpg/pkg/pcg/manager.go:185.140,203.2 2 0
goldbox-rpg/pkg/pcg/manager.go:206.97,207.29 1 0
goldbox-rpg/pkg/pcg/manager.go:208.21,209.47 1 0
goldbox-rpg/pkg/pcg/manager.go:210.18,211.44 1 0
goldbox-rpg/pkg/pcg/manager.go:212.19,213.45 1 0
goldbox-rpg/pkg/pcg/manager.go:214.19,215.45 1 0
goldbox-rpg/pkg/pcg/manager.go:216.10,217.81 1 0
goldbox-rpg/pkg/pcg/manager.go:222.96,225.16 2 0
goldbox-rpg/pkg/pcg/manager.go:225.16,227.3 1 0
goldbox-rpg/pkg/pcg/manager.go:229.2,229.33 1 0
goldbox-rpg/pkg/pcg/manager.go:229.33,231.3 1 0
goldbox-rpg/pkg/pcg/manager.go:234.2,234.36 1 0
goldbox-rpg/pkg/pcg/manager.go:234.36,239.3 1 0
goldbox-rpg/pkg/pcg/manager.go:242.2,242.29 1 0
goldbox-rpg/pkg/pcg/manager.go:243.19,244.52 1 0
goldbox-rpg/pkg/pcg/manager.go:245.18,246.51 1 0
goldbox-rpg/pkg/pcg/manager.go:247.20,248.26 1 0
goldbox-rpg/pkg/pcg/manager.go:248.26,249.71 1 0
goldbox-rpg/pkg/pcg/manager.go:249.71,251.5 1 0
goldbox-rpg/pkg/pcg/manager.go:253.3,253.13 1 0
goldbox-rpg/pkg/pcg/manager.go:254.10,255.77 1 0
goldbox-rpg/pkg/pcg/manager.go:260.139,270.21 4 0
goldbox-rpg/pkg/pcg/manager.go:271.26,272.88 1 0
goldbox-rpg/pkg/pcg/manager.go:273.24,274.97 1 0
goldbox-rpg/pkg/pcg/manager.go:275.25,276.84 1 0
goldbox-rpg/pkg/pcg/manager.go:277.25,278.80 1 0
goldbox-rpg/pkg/pcg/manager.go:279.10,280.87 1 0
goldbox-rpg/pkg/pcg/manager.go:285.73,298.2 5 0
goldbox-rpg/pkg/pcg/manager.go:301.48,303.2 1 0
goldbox-rpg/pkg/pcg/manager.go:306.56,308.2 1 0
goldbox-rpg/pkg/pcg/manager.go:311.39,314.2 2 0
goldbox-rpg/pkg/pcg/manager.go:318.92,331.2 3 0
goldbox-rpg/pkg/pcg/manager.go:333.89,335.30 1 0
goldbox-rpg/pkg/pcg/manager.go:335.30,337.3 1 0
goldbox-rpg/pkg/pcg/manager.go:339.2,342.35 2 0
goldbox-rpg/pkg/pcg/manager.go:342.35,343.61 1 0
goldbox-rpg/pkg/pcg/manager.go:343.61,348.4 1 0
goldbox-rpg/pkg/pcg/manager.go:351.2,358.12 2 0
goldbox-rpg/pkg/pcg/manager.go:363.75,373.2 1 0
goldbox-rpg/pkg/pcg/manager.go:375.67,378.2 1 0
goldbox-rpg/pkg/pcg/manager.go:380.51,381.22 1 0
goldbox-rpg/pkg/pcg/manager.go:381.22,383.3 1 0
goldbox-rpg/pkg/pcg/manager.go:386.2,386.33 1 0
goldbox-rpg/pkg/pcg/manager.go:386.33,388.3 1 0
goldbox-rpg/pkg/pcg/manager.go:390.2,393.43 3 0
goldbox-rpg/pkg/pcg/manager.go:393.43,395.33 1 0
goldbox-rpg/pkg/pcg/manager.go:395.33,398.4 2 0
goldbox-rpg/pkg/pcg/manager.go:401.2,401.16 1 0
goldbox-rpg/pkg/pcg/manager.go:401.16,403.3 1 0
goldbox-rpg/pkg/pcg/manager.go:405.2,405.27 1 0
goldbox-rpg/pkg/pcg/manager.go:409.115,412.16 2 0
goldbox-rpg/pkg/pcg/manager.go:412.16,414.3 1 0
goldbox-rpg/pkg/pcg/manager.go:416.2,416.21 1 0
goldbox-rpg/pkg/pcg/manager.go:417.16,419.58 2 0
goldbox-rpg/pkg/pcg/manager.go:419.58,421.4 1 0
goldbox-rpg/pkg/pcg/manager.go:422.3,422.21 1 0
goldbox-rpg/pkg/pcg/manager.go:423.15,425.57 2 0
goldbox-rpg/pkg/pcg/manager.go:425.57,427.4 1 0
goldbox-rpg/pkg/pcg/manager.go:428.3,428.20 1 0
goldbox-rpg/pkg/pcg/manager.go:429.16,431.58 2 0
goldbox-rpg/pkg/pcg/manager.go:431.58,433.4 1 0
goldbox-rpg/pkg/pcg/manager.go:434.3,434.21 1 0
goldbox-rpg/pkg/pcg/manager.go:435.14,437.60 2 0
goldbox-rpg/pkg/pcg/manager.go:437.60,439.4 1 0
goldbox-rpg/pkg/pcg/manager.go:440.3,440.23 1 0
goldbox-rpg/pkg/pcg/manager.go:441.10,442.85 1 0
goldbox-rpg/pkg/pcg/manager.go:447.125,449.60 1 0
goldbox-rpg/pkg/pcg/manager.go:449.60,451.17 2 0
goldbox-rpg/pkg/pcg/manager.go:451.17,453.4 1 0
goldbox-rpg/pkg/pcg/manager.go:454.3,454.29 1 0
goldbox-rpg/pkg/pcg/manager.go:457.2,457.46 1 0
goldbox-rpg/pkg/pcg/metrics.go:20.48,26.2 1 1
goldbox-rpg/pkg/pcg/metrics.go:29.96,37.63 5 1
goldbox-rpg/pkg/pcg/metrics.go:37.63,40.3 2 1
goldbox-rpg/pkg/pcg/metrics.go:40.8,42.3 1 1
goldbox-rpg/pkg/pcg/metrics.go:46.67,51.2 3 1
goldbox-rpg/pkg/pcg/metrics.go:54.47,59.2 3 1
goldbox-rpg/pkg/pcg/metrics.go:62.48,67.2 3 1
goldbox-rpg/pkg/pcg/metrics.go:70.64,82.2 3 1
goldbox-rpg/pkg/pcg/metrics.go:85.80,90.2 3 1
goldbox-rpg/pkg/pcg/metrics.go:93.86,98.2 3 1
goldbox-rpg/pkg/pcg/metrics.go:101.75,106.2 3 1
goldbox-rpg/pkg/pcg/metrics.go:109.57,114.16 4 1
goldbox-rpg/pkg/pcg/metrics.go:114.16,116.3 1 1
goldbox-rpg/pkg/pcg/metrics.go:118.2,118.55 1 1
goldbox-rpg/pkg/pcg/metrics.go:122.38,132.2 8 1
goldbox-rpg/pkg/pcg/narrative.go:184.71,185.19 1 1
goldbox-rpg/pkg/pcg/narrative.go:185.19,187.3 1 0
goldbox-rpg/pkg/pcg/narrative.go:189.2,199.11 3 1
goldbox-rpg/pkg/pcg/narrative.go:203.107,205.9 2 1
goldbox-rpg/pkg/pcg/narrative.go:205.9,207.3 1 1
goldbox-rpg/pkg/pcg/narrative.go:209.2,209.44 1 1
goldbox-rpg/pkg/pcg/narrative.go:209.44,211.3 1 1
goldbox-rpg/pkg/pcg/narrative.go:214.2,223.16 4 1
goldbox-rpg/pkg/pcg/narrative.go:223.16,225.3 1 0
goldbox-rpg/pkg/pcg/narrative.go:227.2,228.23 2 1
goldbox-rpg/pkg/pcg/narrative.go:232.164,252.16 5 1
goldbox-rpg/pkg/pcg/narrative.go:252.16,254.3 1 0
goldbox-rpg/pkg/pcg/narrative.go:255.2,265.36 5 1
goldbox-rpg/pkg/pcg/narrative.go:265.36,268.3 2 1
goldbox-rpg/pkg/pcg/narrative.go:271.2,279.23 6 1
goldbox-rpg/pkg/pcg/narrative.go:283.145,297.32 3 1
goldbox-rpg/pkg/pcg/narrative.go:297.32,300.3 2 1
goldbox-rpg/pkg/pcg/narrative.go:303.2,306.22 3 1
goldbox-rpg/pkg/pcg/narrative.go:310.119,314.90 2 1
goldbox-rpg/pkg/pcg/narrative.go:314.90,317.3 2 1
goldbox-rpg/pkg/pcg/narrative.go:320.2,327.39 5 1
goldbox-rpg/pkg/pcg/narrative.go:327.39,331.3 3 1
goldbox-rpg/pkg/pcg/narrative.go:333.2,333.19 1 1
goldbox-rpg/pkg/pcg/narrative.go:337.113,356.2 4 1
goldbox-rpg/pkg/pcg/narrative.go:361.53,420.2 7 1
goldbox-rpg/pkg/pcg/narrative.go:423.111,425.15 1 1
goldbox-rpg/pkg/pcg/narrative.go:426.17,427.44 1 1
goldbox-rpg/pkg/pcg/narrative.go:428.18,429.39 1 1
goldbox-rpg/pkg/pcg/narrative.go:430.17,431.39 1 0
goldbox-rpg/pkg/pcg/narrative.go:432.10,433.44 1 0
goldbox-rpg/pkg/pcg/narrative.go:438.82,439.65 1 1
goldbox-rpg/pkg/pcg/narrative.go:439.65,441.3 1 1
goldbox-rpg/pkg/pcg/narrative.go:442.2,442.38 1 0
goldbox-rpg/pkg/pcg/narrative.go:446.96,447.14 1 1
goldbox-rpg/pkg/pcg/narrative.go:448.33,449.46 1 1
goldbox-rpg/pkg/pcg/narrative.go:450.22,451.45 1 1
goldbox-rpg/pkg/pcg/narrative.go:452.10,453.46 1 1
goldbox-rpg/pkg/pcg/narrative.go:458.67,459.21 1 1
goldbox-rpg/pkg/pcg/narrative.go:459.21,461.3 1 0
goldbox-rpg/pkg/pcg/narrative.go:462.2,462.39 1 1
goldbox-rpg/pkg/pcg/narrative.go:465.91,466.21 1 1
goldbox-rpg/pkg/pcg/narrative.go:466.21,468.3 1 0
goldbox-rpg/pkg/pcg/narrative.go:470.2,471.24 2 1
goldbox-rpg/pkg/pcg/narrative.go:471.24,473.3 1 0
goldbox-rpg/pkg/pcg/narrative.go:476.2,479.41 3 1
goldbox-rpg/pkg/pcg/narrative.go:479.41,482.3 2 1
goldbox-rpg/pkg/pcg/narrative.go:484.2,484.25 1 1
goldbox-rpg/pkg/pcg/narrative.go:488.102,496.2 5 1
goldbox-rpg/pkg/pcg/narrative.go:498.78,507.2 2 1
goldbox-rpg/pkg/pcg/narrative.go:509.83,511.2 1 1
goldbox-rpg/pkg/pcg/narrative.go:513.108,520.2 2 1
goldbox-rpg/pkg/pcg/narrative.go:522.103,530.2 3 1
goldbox-rpg/pkg/pcg/narrative.go:532.107,534.2 1 1
goldbox-rpg/pkg/pcg/narrative.go:536.91,542.2 3 1
goldbox-rpg/pkg/pcg/narrative.go:544.121,551.2 2 1
goldbox-rpg/pkg/pcg/narrative.go:553.121,560.2 1 1
goldbox-rpg/pkg/pcg/narrative.go:563.72,564.16 1 1
goldbox-rpg/pkg/pcg/narrative.go:565.15,566.28 1 1
goldbox-rpg/pkg/pcg/narrative.go:567.16,568.28 1 1
goldbox-rpg/pkg/pcg/narrative.go:569.14,570.28 1 1
goldbox-rpg/pkg/pcg/narrative.go:571.10,572.11 1 0
goldbox-rpg/pkg/pcg/narrative.go:576.68,577.16 1 1
goldbox-rpg/pkg/pcg/narrative.go:578.15,579.11 1 1
goldbox-rpg/pkg/pcg/narrative.go:580.16,581.11 1 1
goldbox-rpg/pkg/pcg/narrative.go:582.14,583.11 1 1
goldbox-rpg/pkg/pcg/narrative.go:584.10,585.11 1 0
goldbox-rpg/pkg/pcg/narrative.go:589.84,590.16 1 1
goldbox-rpg/pkg/pcg/narrative.go:591.15,592.28 1 1
goldbox-rpg/pkg/pcg/narrative.go:593.16,594.28 1 1
goldbox-rpg/pkg/pcg/narrative.go:595.14,596.28 1 1
goldbox-rpg/pkg/pcg/narrative.go:597.10,598.11 1 0
goldbox-rpg/pkg/pcg/narrative.go:603.150,612.2 1 1
goldbox-rpg/pkg/pcg/narrative.go:614.117,618.40 3 1
goldbox-rpg/pkg/pcg/narrative.go:618.40,629.3 2 1
goldbox-rpg/pkg/pcg/narrative.go:631.2,631.18 1 1
goldbox-rpg/pkg/pcg/narrative.go:634.81,653.2 5 1
goldbox-rpg/pkg/pcg/narrative.go:655.170,668.2 1 1
goldbox-rpg/pkg/pcg/narrative.go:670.102,674.36 2 1
goldbox-rpg/pkg/pcg/narrative.go:674.36,687.3 2 1
goldbox-rpg/pkg/pcg/narrative.go:689.2,689.15 1 1
goldbox-rpg/pkg/pcg/narrative.go:695.53,697.2 1 1
goldbox-rpg/pkg/pcg/narrative.go:700.51,702.2 1 1
goldbox-rpg/pkg/pcg/narrative.go:705.71,707.9 2 1
goldbox-rpg/pkg/pcg/narrative.go:707.9,709.3 1 1
goldbox-rpg/pkg/pcg/narrative.go:711.2,713.38 3 1
goldbox-rpg/pkg/pcg/narrative.go:713.38,714.47 1 1
goldbox-rpg/pkg/pcg/narrative.go:714.47,716.9 2 1
goldbox-rpg/pkg/pcg/narrative.go:719.2,719.18 1 1
goldbox-rpg/pkg/pcg/narrative.go:719.18,721.3 1 1
goldbox-rpg/pkg/pcg/narrative.go:723.2,723.33 1 1
goldbox-rpg/pkg/pcg/narrative.go:723.33,725.3 1 1
goldbox-rpg/pkg/pcg/narrative.go:727.2,727.12 1 1
goldbox-rpg/pkg/pcg/registry.go:22.51,23.19 1 0
goldbox-rpg/pkg/pcg/registry.go:23.19,25.3 1 0
goldbox-rpg/pkg/pcg/registry.go:27.2,30.3 1 0
goldbox-rpg/pkg/pcg/registry.go:35.78,42.38 4 0
goldbox-rpg/pkg/pcg/registry.go:42.38,44.3 1 0
goldbox-rpg/pkg/pcg/registry.go:47.2,47.58 1 0
goldbox-rpg/pkg/pcg/registry.go:47.58,49.3 1 0
goldbox-rpg/pkg/pcg/registry.go:51.2,59.12 3 0
goldbox-rpg/pkg/pcg/registry.go:63.84,67.38 3 0
goldbox-rpg/pkg/pcg/registry.go:67.38,69.3 1 0
goldbox-rpg/pkg/pcg/registry.go:71.2,71.59 1 0
goldbox-rpg/pkg/pcg/registry.go:71.59,73.3 1 0
goldbox-rpg/pkg/pcg/registry.go:75.2,82.12 3 0
goldbox-rpg/pkg/pcg/registry.go:86.90,90.38 3 0
goldbox-rpg/pkg/pcg/registry.go:90.38,92.3 1 0
goldbox-rpg/pkg/pcg/registry.go:94.2,95.13 2 0
goldbox-rpg/pkg/pcg/registry.go:95.13,97.3 1 0
goldbox-rpg/pkg/pcg/registry.go:99.2,99.23 1 0
goldbox-rpg/pkg/pcg/registry.go:103.69,107.38 3 0
goldbox-rpg/pkg/pcg/registry.go:107.38,109.3 1 0
goldbox-rpg/pkg/pcg/registry.go:111.2,112.46 2 0
goldbox-rpg/pkg/pcg/registry.go:112.46,114.3 1 0
goldbox-rpg/pkg/pcg/registry.go:116.2,116.14 1 0
goldbox-rpg/pkg/pcg/registry.go:120.65,125.52 4 0
goldbox-rpg/pkg/pcg/registry.go:125.52,127.32 2 0
goldbox-rpg/pkg/pcg/registry.go:127.32,129.4 1 0
goldbox-rpg/pkg/pcg/registry.go:130.3,130.30 1 0
goldbox-rpg/pkg/pcg/registry.go:133.2,133.15 1 0
goldbox-rpg/pkg/pcg/registry.go:137.150,139.16 2 0
goldbox-rpg/pkg/pcg/registry.go:139.16,141.3 1 0
goldbox-rpg/pkg/pcg/registry.go:144.2,144.51 1 0
goldbox-rpg/pkg/pcg/registry.go:144.51,146.3 1 0
goldbox-rpg/pkg/pcg/registry.go:148.2,159.12 4 0
goldbox-rpg/pkg/pcg/registry.go:159.12,161.17 2 0
goldbox-rpg/pkg/pcg/registry.go:161.17,164.4 2 0
goldbox-rpg/pkg/pcg/registry.go:165.3,165.23 1 0
goldbox-rpg/pkg/pcg/registry.go:168.2,168.9 1 0
goldbox-rpg/pkg/pcg/registry.go:169.30,174.21 2 0
goldbox-rpg/pkg/pcg/registry.go:176.26,182.18 2 0
goldbox-rpg/pkg/pcg/registry.go:184.20,189.24 2 0
goldbox-rpg/pkg/pcg/registry.go:200.69,205.2 1 0
goldbox-rpg/pkg/pcg/registry.go:208.123,210.16 2 0
goldbox-rpg/pkg/pcg/registry.go:210.16,212.3 1 0
goldbox-rpg/pkg/pcg/registry.go:214.2,215.9 2 0
goldbox-rpg/pkg/pcg/registry.go:215.9,217.3 1 0
goldbox-rpg/pkg/pcg/registry.go:219.2,219.21 1 0
goldbox-rpg/pkg/pcg/registry.go:223.117,225.16 2 0
goldbox-rpg/pkg/pcg/registry.go:225.16,227.3 1 0
goldbox-rpg/pkg/pcg/registry.go:230.2,230.28 1 0
goldbox-rpg/pkg/pcg/registry.go:231.18,232.30 1 0
goldbox-rpg/pkg/pcg/registry.go:233.20,234.16 1 0
goldbox-rpg/pkg/pcg/registry.go:235.19,237.20 2 0
goldbox-rpg/pkg/pcg/registry.go:237.20,239.4 1 0
goldbox-rpg/pkg/pcg/registry.go:240.3,240.20 1 0
goldbox-rpg/pkg/pcg/registry.go:241.10,242.80 1 0
goldbox-rpg/pkg/pcg/registry.go:247.117,249.16 2 0
goldbox-rpg/pkg/pcg/registry.go:249.16,251.3 1 0
goldbox-rpg/pkg/pcg/registry.go:253.2,254.9 2 0
goldbox-rpg/pkg/pcg/registry.go:254.9,256.3 1 0
goldbox-rpg/pkg/pcg/registry.go:258.2,258.19 1 0
goldbox-rpg/pkg/pcg/registry.go:262.117,264.16 2 0
goldbox-rpg/pkg/pcg/registry.go:264.16,266.3 1 0
goldbox-rpg/pkg/pcg/registry.go:268.2,269.9 2 0
goldbox-rpg/pkg/pcg/registry.go:269.9,271.3 1 0
goldbox-rpg/pkg/pcg/registry.go:273.2,273.19 1 0
goldbox-rpg/pkg/pcg/registry.go:277.58,284.2 2 0
goldbox-rpg/pkg/pcg/seed.go:19.50,20.19 1 1
goldbox-rpg/pkg/pcg/seed.go:20.19,22.3 1 1
goldbox-rpg/pkg/pcg/seed.go:24.2,27.3 1 1
goldbox-rpg/pkg/pcg/seed.go:31.44,33.2 1 1
goldbox-rpg/pkg/pcg/seed.go:38.86,41.54 2 1
goldbox-rpg/pkg/pcg/seed.go:41.54,43.3 1 1
goldbox-rpg/pkg/pcg/seed.go:46.2,54.13 6 1
goldbox-rpg/pkg/pcg/seed.go:59.91,69.45 3 1
goldbox-rpg/pkg/pcg/seed.go:69.45,71.3 1 1
goldbox-rpg/pkg/pcg/seed.go:73.2,76.49 3 1
goldbox-rpg/pkg/pcg/seed.go:81.108,86.2 3 1
goldbox-rpg/pkg/pcg/seed.go:90.84,101.2 6 1
goldbox-rpg/pkg/pcg/seed.go:110.57,115.2 1 1
goldbox-rpg/pkg/pcg/seed.go:118.55,122.48 3 1
goldbox-rpg/pkg/pcg/seed.go:122.48,124.3 1 1
goldbox-rpg/pkg/pcg/seed.go:137.131,147.2 2 1
goldbox-rpg/pkg/pcg/seed.go:150.65,151.49 1 1
goldbox-rpg/pkg/pcg/seed.go:151.49,153.3 1 1
goldbox-rpg/pkg/pcg/seed.go:155.2,157.15 3 1
goldbox-rpg/pkg/pcg/seed.go:162.54,163.16 1 1
goldbox-rpg/pkg/pcg/seed.go:163.16,165.3 1 1
goldbox-rpg/pkg/pcg/seed.go:166.2,166.31 1 1
goldbox-rpg/pkg/pcg/seed.go:170.71,172.29 2 1
goldbox-rpg/pkg/pcg/seed.go:172.29,174.3 1 1
goldbox-rpg/pkg/pcg/seed.go:175.2,175.16 1 1
goldbox-rpg/pkg/pcg/seed.go:179.64,181.29 2 1
goldbox-rpg/pkg/pcg/seed.go:181.29,183.3 1 1
goldbox-rpg/pkg/pcg/seed.go:184.2,184.14 1 1
goldbox-rpg/pkg/pcg/seed.go:188.68,189.23 1 1
goldbox-rpg/pkg/pcg/seed.go:189.23,191.3 1 1
goldbox-rpg/pkg/pcg/seed.go:192.2,192.43 1 1
goldbox-rpg/pkg/pcg/seed.go:196.52,198.2 1 1
goldbox-rpg/pkg/pcg/seed.go:201.73,203.2 1 1
goldbox-rpg/pkg/pcg/seed.go:206.63,207.16 1 1
goldbox-rpg/pkg/pcg/seed.go:207.16,209.3 1 1
goldbox-rpg/pkg/pcg/seed.go:210.2,210.37 1 1
goldbox-rpg/pkg/pcg/seed.go:214.89,215.55 1 1
goldbox-rpg/pkg/pcg/seed.go:215.55,217.3 1 1
goldbox-rpg/pkg/pcg/seed.go:220.2,221.33 2 1
goldbox-rpg/pkg/pcg/seed.go:221.33,223.3 1 1
goldbox-rpg/pkg/pcg/seed.go:225.2,225.22 1 1
goldbox-rpg/pkg/pcg/seed.go:225.22,227.3 1 1
goldbox-rpg/pkg/pcg/seed.go:230.2,234.33 3 1
goldbox-rpg/pkg/pcg/seed.go:234.33,236.35 2 1
goldbox-rpg/pkg/pcg/seed.go:236.35,238.4 1 1
goldbox-rpg/pkg/pcg/seed.go:242.2,242.32 1 0
goldbox-rpg/pkg/pcg/types.go:160.44,162.2 1 1
goldbox-rpg/pkg/pcg/types.go:165.53,170.2 1 1
goldbox-rpg/pkg/pcg/validation.go:18.44,20.2 1 0
goldbox-rpg/pkg/pcg/validation.go:23.48,25.2 1 0
goldbox-rpg/pkg/pcg/validation.go:28.54,31.2 2 0
goldbox-rpg/pkg/pcg/validation.go:34.56,36.2 1 0
goldbox-rpg/pkg/pcg/validation.go:39.60,42.18 3 0
goldbox-rpg/pkg/pcg/validation.go:42.18,44.3 1 0
goldbox-rpg/pkg/pcg/validation.go:53.47,57.2 1 0
goldbox-rpg/pkg/pcg/validation.go:60.89,66.53 2 0
goldbox-rpg/pkg/pcg/validation.go:66.53,68.3 1 0
goldbox-rpg/pkg/pcg/validation.go:71.2,71.55 1 0
goldbox-rpg/pkg/pcg/validation.go:71.55,73.3 1 0
goldbox-rpg/pkg/pcg/validation.go:76.2,76.25 1 0
goldbox-rpg/pkg/pcg/validation.go:76.25,78.3 1 0
goldbox-rpg/pkg/pcg/validation.go:80.2,80.15 1 0
goldbox-rpg/pkg/pcg/validation.go:84.83,94.41 4 0
goldbox-rpg/pkg/pcg/validation.go:94.41,95.37 1 0
goldbox-rpg/pkg/pcg/validation.go:95.37,97.9 2 0
goldbox-rpg/pkg/pcg/validation.go:100.2,100.12 1 0
goldbox-rpg/pkg/pcg/validation.go:100.12,102.3 1 0
goldbox-rpg/pkg/pcg/validation.go:105.2,105.50 1 0
goldbox-rpg/pkg/pcg/validation.go:105.50,107.3 1 0
goldbox-rpg/pkg/pcg/validation.go:110.2,110.56 1 0
goldbox-rpg/pkg/pcg/validation.go:110.56,112.3 1 0
goldbox-rpg/pkg/pcg/validation.go:115.2,115.54 1 0
goldbox-rpg/pkg/pcg/validation.go:115.54,117.3 1 0
goldbox-rpg/pkg/pcg/validation.go:119.2,119.15 1 0
goldbox-rpg/pkg/pcg/validation.go:123.77,134.44 4 0
goldbox-rpg/pkg/pcg/validation.go:134.44,135.38 1 0
goldbox-rpg/pkg/pcg/validation.go:135.38,137.9 2 0
goldbox-rpg/pkg/pcg/validation.go:140.2,140.15 1 0
goldbox-rpg/pkg/pcg/validation.go:140.15,142.3 1 0
goldbox-rpg/pkg/pcg/validation.go:145.2,146.44 2 0
goldbox-rpg/pkg/pcg/validation.go:146.44,147.38 1 0
goldbox-rpg/pkg/pcg/validation.go:147.38,149.9 2 0
goldbox-rpg/pkg/pcg/validation.go:152.2,152.15 1 0
goldbox-rpg/pkg/pcg/validation.go:152.15,154.3 1 0
goldbox-rpg/pkg/pcg/validation.go:157.2,157.66 1 0
goldbox-rpg/pkg/pcg/validation.go:157.66,159.3 1 0
goldbox-rpg/pkg/pcg/validation.go:162.2,162.60 1 0
goldbox-rpg/pkg/pcg/validation.go:162.60,164.3 1 0
goldbox-rpg/pkg/pcg/validation.go:166.2,166.15 1 0
goldbox-rpg/pkg/pcg/validation.go:170.79,174.25 2 0
goldbox-rpg/pkg/pcg/validation.go:174.25,176.3 1 0
goldbox-rpg/pkg/pcg/validation.go:178.2,178.39 1 0
goldbox-rpg/pkg/pcg/validation.go:178.39,180.3 1 0
goldbox-rpg/pkg/pcg/validation.go:182.2,182.27 1 0
goldbox-rpg/pkg/pcg/validation.go:182.27,184.3 1 0
goldbox-rpg/pkg/pcg/validation.go:187.2,187.28 1 0
goldbox-rpg/pkg/pcg/validation.go:187.28,189.3 1 0
goldbox-rpg/pkg/pcg/validation.go:191.2,191.44 1 0
goldbox-rpg/pkg/pcg/validation.go:191.44,193.3 1 0
goldbox-rpg/pkg/pcg/validation.go:195.2,195.15 1 0
goldbox-rpg/pkg/pcg/validation.go:199.78,202.20 2 0
goldbox-rpg/pkg/pcg/validation.go:202.20,205.3 2 0
goldbox-rpg/pkg/pcg/validation.go:208.2,208.47 1 0
goldbox-rpg/pkg/pcg/validation.go:208.47,210.3 1 0
goldbox-rpg/pkg/pcg/validation.go:213.2,213.42 1 0
goldbox-rpg/pkg/pcg/validation.go:213.42,215.3 1 0
goldbox-rpg/pkg/pcg/validation.go:217.2,217.36 1 0
goldbox-rpg/pkg/pcg/validation.go:217.36,218.32 1 0
goldbox-rpg/pkg/pcg/validation.go:218.32,220.4 1 0
goldbox-rpg/pkg/pcg/validation.go:224.2,224.18 1 0
goldbox-rpg/pkg/pcg/validation.go:224.18,225.42 1 0
goldbox-rpg/pkg/pcg/validation.go:225.42,227.4 1 0
goldbox-rpg/pkg/pcg/validation.go:230.2,230.15 1 0
goldbox-rpg/pkg/pcg/validation.go:234.69,237.17 2 0
goldbox-rpg/pkg/pcg/validation.go:237.17,240.3 2 0
goldbox-rpg/pkg/pcg/validation.go:243.2,243.38 1 0
goldbox-rpg/pkg/pcg/validation.go:243.38,245.3 1 0
goldbox-rpg/pkg/pcg/validation.go:247.2,247.40 1 0
goldbox-rpg/pkg/pcg/validation.go:247.40,249.3 1 0
goldbox-rpg/pkg/pcg/validation.go:251.2,251.40 1 0
goldbox-rpg/pkg/pcg/validation.go:251.40,253.3 1 0
goldbox-rpg/pkg/pcg/validation.go:256.2,256.20 1 0
goldbox-rpg/pkg/pcg/validation.go:256.20,258.3 1 0
goldbox-rpg/pkg/pcg/validation.go:261.2,261.21 1 0
goldbox-rpg/pkg/pcg/validation.go:261.21,263.3 1 0
goldbox-rpg/pkg/pcg/validation.go:266.2,266.42 1 0
goldbox-rpg/pkg/pcg/validation.go:266.42,268.3 1 0
goldbox-rpg/pkg/pcg/validation.go:271.2,271.67 1 0
goldbox-rpg/pkg/pcg/validation.go:271.67,273.3 1 0
goldbox-rpg/pkg/pcg/validation.go:275.2,275.15 1 0
goldbox-rpg/pkg/pcg/validation.go:279.72,282.18 2 0
goldbox-rpg/pkg/pcg/validation.go:282.18,285.3 2 0
goldbox-rpg/pkg/pcg/validation.go:288.2,288.39 1 0
goldbox-rpg/pkg/pcg/validation.go:288.39,290.3 1 0
goldbox-rpg/pkg/pcg/validation.go:292.2,292.41 1 0
goldbox-rpg/pkg/pcg/validation.go:292.41,294.3 1 0
goldbox-rpg/pkg/pcg/validation.go:297.2,297.43 1 0
goldbox-rpg/pkg/pcg/validation.go:297.43,299.3 1 0
goldbox-rpg/pkg/pcg/validation.go:302.2,302.38 1 0
goldbox-rpg/pkg/pcg/validation.go:302.38,304.3 1 0
goldbox-rpg/pkg/pcg/validation.go:306.2,306.34 1 0
goldbox-rpg/pkg/pcg/validation.go:306.34,307.30 1 0
goldbox-rpg/pkg/pcg/validation.go:307.30,309.4 1 0
goldbox-rpg/pkg/pcg/validation.go:312.2,312.15 1 0
goldbox-rpg/pkg/pcg/validation.go:316.72,319.18 2 0
goldbox-rpg/pkg/pcg/validation.go:319.18,322.3 2 0
goldbox-rpg/pkg/pcg/validation.go:324.2,328.15 4 0
goldbox-rpg/pkg/pcg/validation.go:332.86,333.39 1 0
goldbox-rpg/pkg/pcg/validation.go:333.39,335.3 1 0
goldbox-rpg/pkg/pcg/validation.go:337.2,337.42 1 0
goldbox-rpg/pkg/pcg/validation.go:337.42,339.3 1 0
goldbox-rpg/pkg/pcg/validation.go:341.2,341.48 1 0
goldbox-rpg/pkg/pcg/validation.go:341.48,343.3 1 0
goldbox-rpg/pkg/pcg/validation.go:347.86,353.44 2 0
goldbox-rpg/pkg/pcg/validation.go:353.44,354.34 1 0
goldbox-rpg/pkg/pcg/validation.go:354.34,356.4 1 0
goldbox-rpg/pkg/pcg/validation.go:358.2,358.72 1 0
goldbox-rpg/pkg/pcg/validation.go:362.91,363.32 1 0
goldbox-rpg/pkg/pcg/validation.go:363.32,365.3 1 0
goldbox-rpg/pkg/pcg/validation.go:367.2,367.29 1 0
goldbox-rpg/pkg/pcg/validation.go:367.29,369.3 1 0
goldbox-rpg/pkg/pcg/validation.go:373.73,374.38 1 0
goldbox-rpg/pkg/pcg/validation.go:374.38,376.3 1 0
goldbox-rpg/pkg/pcg/validation.go:378.2,379.29 2 0
goldbox-rpg/pkg/pcg/validation.go:379.29,381.3 1 0
goldbox-rpg/pkg/pcg/validation.go:383.2,384.45 2 0
goldbox-rpg/pkg/pcg/validation.go:388.70,390.2 1 0
goldbox-rpg/pkg/pcg/validation.go:393.78,395.38 2 0
goldbox-rpg/pkg/pcg/validation.go:395.38,396.38 1 0
goldbox-rpg/pkg/pcg/validation.go:396.38,397.36 1 0
goldbox-rpg/pkg/pcg/validation.go:397.36,399.5 1 0
goldbox-rpg/pkg/pcg/validation.go:402.2,402.22 1 0
goldbox-rpg/pkg/pcg/validation.go:406.101,414.21 6 0
goldbox-rpg/pkg/pcg/validation.go:414.21,419.41 4 0
goldbox-rpg/pkg/pcg/validation.go:419.41,423.4 3 0
goldbox-rpg/pkg/pcg/validation.go:426.2,426.23 1 0
goldbox-rpg/pkg/pcg/validation.go:430.61,437.2 1 0
goldbox-rpg/pkg/pcg/validation.go:440.172,443.33 2 0
goldbox-rpg/pkg/pcg/validation.go:443.33,449.99 2 0
goldbox-rpg/pkg/pcg/validation.go:449.99,451.4 1 0
goldbox-rpg/pkg/pcg/validation.go:454.2,454.17 1 0
goldbox-rpg/pkg/pcg/validation.go:458.84,460.2 1 0
goldbox-rpg/pkg/pcg/world.go:244.63,245.19 1 1
goldbox-rpg/pkg/pcg/world.go:245.19,247.3 1 1
goldbox-rpg/pkg/pcg/world.go:249.2,253.3 1 1
goldbox-rpg/pkg/pcg/world.go:258.103,260.9 2 1
goldbox-rpg/pkg/pcg/world.go:260.9,262.3 1 1
goldbox-rpg/pkg/pcg/world.go:265.2,265.44 1 1
goldbox-rpg/pkg/pcg/world.go:265.44,267.3 1 0
goldbox-rpg/pkg/pcg/world.go:270.2,280.16 4 1
goldbox-rpg/pkg/pcg/world.go:280.16,282.3 1 0
goldbox-rpg/pkg/pcg/world.go:284.2,285.19 2 1
goldbox-rpg/pkg/pcg/world.go:289.137,305.63 2 1
goldbox-rpg/pkg/pcg/world.go:305.63,307.3 1 0
goldbox-rpg/pkg/pcg/world.go:310.2,310.65 1 1
goldbox-rpg/pkg/pcg/world.go:310.65,312.3 1 0
goldbox-rpg/pkg/pcg/world.go:315.2,315.67 1 1
goldbox-rpg/pkg/pcg/world.go:315.67,317.3 1 0
goldbox-rpg/pkg/pcg/world.go:320.2,320.69 1 1
goldbox-rpg/pkg/pcg/world.go:320.69,322.3 1 0
goldbox-rpg/pkg/pcg/world.go:325.2,329.19 4 1
goldbox-rpg/pkg/pcg/world.go:333.92,339.50 4 1
goldbox-rpg/pkg/pcg/world.go:339.50,340.49 1 1
goldbox-rpg/pkg/pcg/world.go:340.49,341.38 1 1
goldbox-rpg/pkg/pcg/world.go:341.38,342.10 1 0
goldbox-rpg/pkg/pcg/world.go:346.4,348.29 3 1
goldbox-rpg/pkg/pcg/world.go:348.29,350.5 1 0
goldbox-rpg/pkg/pcg/world.go:351.4,351.31 1 1
goldbox-rpg/pkg/pcg/world.go:351.31,353.5 1 0
goldbox-rpg/pkg/pcg/world.go:355.4,369.14 3 1
goldbox-rpg/pkg/pcg/world.go:371.3,371.37 1 1
goldbox-rpg/pkg/pcg/world.go:371.37,372.9 1 1
goldbox-rpg/pkg/pcg/world.go:376.2,376.12 1 1
goldbox-rpg/pkg/pcg/world.go:380.94,381.44 1 1
goldbox-rpg/pkg/pcg/world.go:381.44,393.3 2 1
goldbox-rpg/pkg/pcg/world.go:395.2,395.12 1 1
goldbox-rpg/pkg/pcg/world.go:399.96,402.46 2 1
goldbox-rpg/pkg/pcg/world.go:402.46,408.30 4 1
goldbox-rpg/pkg/pcg/world.go:408.30,416.47 3 1
goldbox-rpg/pkg/pcg/world.go:416.47,418.31 2 1
goldbox-rpg/pkg/pcg/world.go:418.31,420.11 2 1
goldbox-rpg/pkg/pcg/world.go:424.4,424.21 1 1
goldbox-rpg/pkg/pcg/world.go:424.21,425.10 1 1
goldbox-rpg/pkg/pcg/world.go:427.4,427.14 1 1
goldbox-rpg/pkg/pcg/world.go:430.3,430.30 1 1
goldbox-rpg/pkg/pcg/world.go:430.30,432.12 2 0
goldbox-rpg/pkg/pcg/world.go:436.3,454.60 3 1
goldbox-rpg/pkg/pcg/world.go:457.2,457.12 1 1
goldbox-rpg/pkg/pcg/world.go:461.98,463.47 1 1
goldbox-rpg/pkg/pcg/world.go:463.47,466.45 2 1
goldbox-rpg/pkg/pcg/world.go:466.45,469.47 2 1
goldbox-rpg/pkg/pcg/world.go:469.47,471.69 1 1
goldbox-rpg/pkg/pcg/world.go:471.69,473.11 2 1
goldbox-rpg/pkg/pcg/world.go:477.4,477.25 1 1
goldbox-rpg/pkg/pcg/world.go:477.25,484.5 4 1
goldbox-rpg/pkg/pcg/world.go:488.2,488.12 1 1
goldbox-rpg/pkg/pcg/world.go:493.73,508.2 5 1
goldbox-rpg/pkg/pcg/world.go:510.61,518.2 5 1
goldbox-rpg/pkg/pcg/world.go:520.59,528.2 5 1
goldbox-rpg/pkg/pcg/world.go:530.57,538.2 5 1
goldbox-rpg/pkg/pcg/world.go:540.64,551.2 2 1
goldbox-rpg/pkg/pcg/world.go:553.70,563.2 2 1
goldbox-rpg/pkg/pcg/world.go:565.84,567.33 2 1
goldbox-rpg/pkg/pcg/world.go:567.33,569.3 1 1
goldbox-rpg/pkg/pcg/world.go:571.2,574.37 3 1
goldbox-rpg/pkg/pcg/world.go:574.37,576.34 2 1
goldbox-rpg/pkg/pcg/world.go:576.34,578.4 1 1
goldbox-rpg/pkg/pcg/world.go:581.2,581.20 1 0
goldbox-rpg/pkg/pcg/world.go:584.62,589.37 4 1
goldbox-rpg/pkg/pcg/world.go:589.37,593.38 3 1
goldbox-rpg/pkg/pcg/world.go:593.38,594.28 1 1
goldbox-rpg/pkg/pcg/world.go:594.28,596.10 2 1
goldbox-rpg/pkg/pcg/world.go:599.3,599.13 1 1
goldbox-rpg/pkg/pcg/world.go:599.13,601.4 1 1
goldbox-rpg/pkg/pcg/world.go:604.2,604.18 1 1
goldbox-rpg/pkg/pcg/world.go:607.68,612.36 4 1
goldbox-rpg/pkg/pcg/world.go:612.36,615.3 2 1
goldbox-rpg/pkg/pcg/world.go:617.2,617.17 1 1
goldbox-rpg/pkg/pcg/world.go:620.61,623.2 2 1
goldbox-rpg/pkg/pcg/world.go:625.90,629.16 2 1
goldbox-rpg/pkg/pcg/world.go:629.16,631.3 1 1
goldbox-rpg/pkg/pcg/world.go:631.8,631.23 1 1
goldbox-rpg/pkg/pcg/world.go:631.23,633.3 1 1
goldbox-rpg/pkg/pcg/world.go:633.8,633.23 1 1
goldbox-rpg/pkg/pcg/world.go:633.23,635.3 1 1
goldbox-rpg/pkg/pcg/world.go:635.8,637.3 1 1
goldbox-rpg/pkg/pcg/world.go:640.88,644.2 3 1
goldbox-rpg/pkg/pcg/world.go:646.65,649.2 2 1
goldbox-rpg/pkg/pcg/world.go:651.59,654.2 2 1
goldbox-rpg/pkg/pcg/world.go:656.76,660.15 2 1
goldbox-rpg/pkg/pcg/world.go:660.15,662.3 1 0
goldbox-rpg/pkg/pcg/world.go:662.8,662.22 1 1
goldbox-rpg/pkg/pcg/world.go:662.22,664.3 1 0
goldbox-rpg/pkg/pcg/world.go:664.8,664.21 1 1
goldbox-rpg/pkg/pcg/world.go:664.21,666.3 1 1
goldbox-rpg/pkg/pcg/world.go:666.8,666.21 1 1
goldbox-rpg/pkg/pcg/world.go:666.21,668.3 1 1
goldbox-rpg/pkg/pcg/world.go:668.8,670.3 1 1
goldbox-rpg/pkg/pcg/world.go:673.60,678.36 4 1
goldbox-rpg/pkg/pcg/world.go:678.36,681.3 2 1
goldbox-rpg/pkg/pcg/world.go:683.2,683.17 1 1
goldbox-rpg/pkg/pcg/world.go:686.75,690.2 3 1
goldbox-rpg/pkg/pcg/world.go:692.103,693.39 1 1
goldbox-rpg/pkg/pcg/world.go:693.39,694.53 1 1
goldbox-rpg/pkg/pcg/world.go:694.53,696.4 1 1
goldbox-rpg/pkg/pcg/world.go:698.2,698.18 1 1
goldbox-rpg/pkg/pcg/world.go:701.122,709.42 3 1
goldbox-rpg/pkg/pcg/world.go:709.42,710.32 1 1
goldbox-rpg/pkg/pcg/world.go:710.32,713.4 2 1
goldbox-rpg/pkg/pcg/world.go:717.2,717.40 1 1
goldbox-rpg/pkg/pcg/world.go:717.40,718.43 1 1
goldbox-rpg/pkg/pcg/world.go:718.43,719.53 1 1
goldbox-rpg/pkg/pcg/world.go:719.53,721.5 1 1
goldbox-rpg/pkg/pcg/world.go:726.2,727.51 2 1
goldbox-rpg/pkg/pcg/world.go:727.51,729.3 1 1
goldbox-rpg/pkg/pcg/world.go:731.2,731.15 1 1
goldbox-rpg/pkg/pcg/world.go:734.78,749.2 2 1
goldbox-rpg/pkg/pcg/world.go:751.62,756.35 4 1
goldbox-rpg/pkg/pcg/world.go:756.35,759.3 2 1
goldbox-rpg/pkg/pcg/world.go:761.2,761.16 1 1
goldbox-rpg/pkg/pcg/world.go:764.79,766.47 2 1
goldbox-rpg/pkg/pcg/world.go:766.47,768.3 1 1
goldbox-rpg/pkg/pcg/world.go:769.2,769.14 1 1
goldbox-rpg/pkg/pcg/world.go:775.49,777.2 1 1
goldbox-rpg/pkg/pcg/world.go:780.47,782.2 1 1
goldbox-rpg/pkg/pcg/world.go:785.67,787.9 2 1
goldbox-rpg/pkg/pcg/world.go:787.9,789.3 1 1
goldbox-rpg/pkg/pcg/world.go:791.2,791.66 1 1
goldbox-rpg/pkg/pcg/world.go:791.66,793.3 1 1
goldbox-rpg/pkg/pcg/world.go:795.2,795.68 1 1
goldbox-rpg/pkg/pcg/world.go:795.68,797.3 1 0
goldbox-rpg/pkg/pcg/world.go:799.2,799.66 1 1
goldbox-rpg/pkg/pcg/world.go:799.66,801.3 1 0
goldbox-rpg/pkg/pcg/world.go:803.2,803.74 1 1
goldbox-rpg/pkg/pcg/world.go:803.74,805.3 1 0
goldbox-rpg/pkg/pcg/world.go:807.2,807.81 1 1
goldbox-rpg/pkg/pcg/world.go:807.81,809.3 1 1
goldbox-rpg/pkg/pcg/world.go:811.2,811.63 1 1
goldbox-rpg/pkg/pcg/world.go:811.63,813.3 1 1
goldbox-rpg/pkg/pcg/world.go:815.2,815.65 1 1
goldbox-rpg/pkg/pcg/world.go:815.65,817.3 1 0
goldbox-rpg/pkg/pcg/world.go:819.2,819.12 1 1
