mode: set
goldbox-rpg/pkg/server/combat.go:91.36,102.2 1 1
goldbox-rpg/pkg/server/combat.go:111.73,117.57 2 0
goldbox-rpg/pkg/server/combat.go:117.57,119.3 1 0
goldbox-rpg/pkg/server/combat.go:121.2,121.70 1 0
goldbox-rpg/pkg/server/combat.go:121.70,123.64 1 0
goldbox-rpg/pkg/server/combat.go:123.64,129.4 2 0
goldbox-rpg/pkg/server/combat.go:130.3,130.29 1 0
goldbox-rpg/pkg/server/combat.go:133.2,133.57 1 0
goldbox-rpg/pkg/server/combat.go:133.57,135.3 1 0
goldbox-rpg/pkg/server/combat.go:137.2,137.57 1 0
goldbox-rpg/pkg/server/combat.go:137.57,139.3 1 0
goldbox-rpg/pkg/server/combat.go:141.2,141.74 1 0
goldbox-rpg/pkg/server/combat.go:141.74,143.3 1 0
goldbox-rpg/pkg/server/combat.go:145.2,145.73 1 0
goldbox-rpg/pkg/server/combat.go:145.73,147.3 1 0
goldbox-rpg/pkg/server/combat.go:149.2,153.12 2 0
goldbox-rpg/pkg/server/combat.go:157.45,172.36 3 0
goldbox-rpg/pkg/server/combat.go:172.36,176.3 3 0
goldbox-rpg/pkg/server/combat.go:179.2,181.14 2 0
goldbox-rpg/pkg/server/combat.go:185.59,194.2 1 0
goldbox-rpg/pkg/server/combat.go:233.60,239.61 2 1
goldbox-rpg/pkg/server/combat.go:239.61,247.3 2 0
goldbox-rpg/pkg/server/combat.go:249.2,256.18 3 1
goldbox-rpg/pkg/server/combat.go:263.63,270.63 2 1
goldbox-rpg/pkg/server/combat.go:270.63,276.3 2 0
goldbox-rpg/pkg/server/combat.go:278.2,288.12 7 1
goldbox-rpg/pkg/server/combat.go:291.41,292.25 1 1
goldbox-rpg/pkg/server/combat.go:292.25,294.3 1 0
goldbox-rpg/pkg/server/combat.go:295.2,295.60 1 1
goldbox-rpg/pkg/server/combat.go:298.34,300.70 1 0
goldbox-rpg/pkg/server/combat.go:300.70,307.3 2 0
goldbox-rpg/pkg/server/combat.go:309.2,313.43 3 0
goldbox-rpg/pkg/server/combat.go:313.43,314.37 1 0
goldbox-rpg/pkg/server/combat.go:314.37,316.9 2 0
goldbox-rpg/pkg/server/combat.go:320.2,320.21 1 0
goldbox-rpg/pkg/server/combat.go:320.21,321.64 1 0
goldbox-rpg/pkg/server/combat.go:321.64,328.4 1 0
goldbox-rpg/pkg/server/combat.go:332.2,336.26 3 0
goldbox-rpg/pkg/server/combat.go:336.26,338.3 1 0
goldbox-rpg/pkg/server/combat.go:340.2,340.19 1 0
goldbox-rpg/pkg/server/combat.go:340.19,342.3 1 0
goldbox-rpg/pkg/server/combat.go:350.45,356.20 2 1
goldbox-rpg/pkg/server/combat.go:356.20,361.3 2 0
goldbox-rpg/pkg/server/combat.go:364.2,364.29 1 1
goldbox-rpg/pkg/server/combat.go:364.29,369.3 2 0
goldbox-rpg/pkg/server/combat.go:372.2,372.43 1 1
goldbox-rpg/pkg/server/combat.go:372.43,379.3 2 0
goldbox-rpg/pkg/server/combat.go:381.2,384.26 3 1
goldbox-rpg/pkg/server/combat.go:384.26,390.3 2 0
goldbox-rpg/pkg/server/combat.go:392.2,400.19 3 1
goldbox-rpg/pkg/server/combat.go:405.45,419.41 5 0
goldbox-rpg/pkg/server/combat.go:419.41,430.55 3 0
goldbox-rpg/pkg/server/combat.go:430.55,442.4 3 0
goldbox-rpg/pkg/server/combat.go:445.2,448.49 1 0
goldbox-rpg/pkg/server/combat.go:455.43,461.37 2 0
goldbox-rpg/pkg/server/combat.go:461.37,466.3 2 0
goldbox-rpg/pkg/server/combat.go:468.2,474.29 3 0
goldbox-rpg/pkg/server/combat.go:474.29,480.3 3 0
goldbox-rpg/pkg/server/combat.go:482.2,485.14 2 0
goldbox-rpg/pkg/server/combat.go:493.65,495.2 0 0
goldbox-rpg/pkg/server/combat.go:501.51,514.51 5 0
goldbox-rpg/pkg/server/combat.go:514.51,515.21 1 0
goldbox-rpg/pkg/server/combat.go:515.21,518.35 3 0
goldbox-rpg/pkg/server/combat.go:518.35,520.5 1 0
goldbox-rpg/pkg/server/combat.go:522.4,526.31 1 0
goldbox-rpg/pkg/server/combat.go:530.2,535.15 2 0
goldbox-rpg/pkg/server/combat.go:539.33,545.42 2 0
goldbox-rpg/pkg/server/combat.go:545.42,548.3 2 0
goldbox-rpg/pkg/server/combat.go:550.2,568.37 6 0
goldbox-rpg/pkg/server/combat.go:579.75,588.45 3 1
goldbox-rpg/pkg/server/combat.go:588.45,590.3 1 1
goldbox-rpg/pkg/server/combat.go:590.8,590.58 1 0
goldbox-rpg/pkg/server/combat.go:590.58,592.3 1 0
goldbox-rpg/pkg/server/combat.go:592.8,599.3 3 0
goldbox-rpg/pkg/server/combat.go:601.2,604.17 3 1
goldbox-rpg/pkg/server/combat.go:604.17,610.3 2 0
goldbox-rpg/pkg/server/combat.go:612.2,620.18 2 1
goldbox-rpg/pkg/server/combat.go:620.18,626.3 2 0
goldbox-rpg/pkg/server/combat.go:627.2,627.12 1 1
goldbox-rpg/pkg/server/combat.go:648.74,650.19 1 1
goldbox-rpg/pkg/server/combat.go:650.19,660.24 4 1
goldbox-rpg/pkg/server/combat.go:660.24,662.4 1 1
goldbox-rpg/pkg/server/combat.go:664.3,671.23 2 1
goldbox-rpg/pkg/server/combat.go:674.2,690.30 5 0
goldbox-rpg/pkg/server/combat.go:697.69,713.43 5 0
goldbox-rpg/pkg/server/combat.go:713.43,719.3 2 0
goldbox-rpg/pkg/server/combat.go:720.2,737.47 4 0
goldbox-rpg/pkg/server/combat.go:758.103,785.2 4 0
goldbox-rpg/pkg/server/combat.go:797.110,806.13 3 1
goldbox-rpg/pkg/server/combat.go:806.13,813.3 3 0
goldbox-rpg/pkg/server/combat.go:815.2,821.20 3 1
goldbox-rpg/pkg/server/combat.go:821.20,823.47 2 0
goldbox-rpg/pkg/server/combat.go:823.47,829.4 3 0
goldbox-rpg/pkg/server/combat.go:832.2,838.54 3 1
goldbox-rpg/pkg/server/combat.go:838.54,844.3 2 0
goldbox-rpg/pkg/server/combat.go:846.2,856.20 3 1
goldbox-rpg/pkg/server/combat.go:860.64,866.39 2 0
goldbox-rpg/pkg/server/combat.go:866.39,869.3 2 0
goldbox-rpg/pkg/server/combat.go:871.2,879.12 4 0
goldbox-rpg/pkg/server/combat.go:882.69,890.35 4 0
goldbox-rpg/pkg/server/combat.go:890.35,892.29 2 0
goldbox-rpg/pkg/server/combat.go:892.29,893.17 1 0
goldbox-rpg/pkg/server/combat.go:893.17,895.10 2 0
goldbox-rpg/pkg/server/combat.go:898.3,898.15 1 0
goldbox-rpg/pkg/server/combat.go:898.15,900.4 1 0
goldbox-rpg/pkg/server/combat.go:904.2,904.61 1 0
goldbox-rpg/pkg/server/combat.go:904.61,911.3 2 0
goldbox-rpg/pkg/server/combat.go:913.2,915.12 3 0
goldbox-rpg/pkg/server/combat.go:918.48,925.43 3 0
goldbox-rpg/pkg/server/combat.go:925.43,926.49 1 0
goldbox-rpg/pkg/server/combat.go:926.49,928.4 1 0
goldbox-rpg/pkg/server/combat.go:928.9,930.4 1 0
goldbox-rpg/pkg/server/combat.go:932.2,932.38 1 0
goldbox-rpg/pkg/server/combat.go:935.52,937.2 1 0
goldbox-rpg/pkg/server/combat.go:940.36,946.25 2 1
goldbox-rpg/pkg/server/combat.go:946.25,949.3 2 1
goldbox-rpg/pkg/server/combat.go:951.2,958.41 4 1
goldbox-rpg/pkg/server/combat.go:968.75,969.26 1 1
goldbox-rpg/pkg/server/combat.go:969.26,971.3 1 0
goldbox-rpg/pkg/server/combat.go:974.2,975.38 2 1
goldbox-rpg/pkg/server/combat.go:975.38,976.21 1 1
goldbox-rpg/pkg/server/combat.go:976.21,978.4 1 0
goldbox-rpg/pkg/server/combat.go:979.3,979.21 1 1
goldbox-rpg/pkg/server/combat.go:979.21,981.4 1 0
goldbox-rpg/pkg/server/combat.go:982.3,982.24 1 1
goldbox-rpg/pkg/server/combat.go:985.2,985.12 1 1
goldbox-rpg/pkg/server/handlers.go:43.77,53.53 3 1
goldbox-rpg/pkg/server/handlers.go:53.53,59.3 2 0
goldbox-rpg/pkg/server/handlers.go:61.2,62.16 2 1
goldbox-rpg/pkg/server/handlers.go:62.16,68.3 2 0
goldbox-rpg/pkg/server/handlers.go:69.2,72.36 2 1
goldbox-rpg/pkg/server/handlers.go:72.36,73.65 1 0
goldbox-rpg/pkg/server/handlers.go:73.65,79.4 2 0
goldbox-rpg/pkg/server/handlers.go:82.3,82.61 1 0
goldbox-rpg/pkg/server/handlers.go:82.61,91.4 2 0
goldbox-rpg/pkg/server/handlers.go:94.2,105.72 5 1
goldbox-rpg/pkg/server/handlers.go:105.72,111.3 2 0
goldbox-rpg/pkg/server/handlers.go:114.2,114.36 1 1
goldbox-rpg/pkg/server/handlers.go:114.36,115.55 1 0
goldbox-rpg/pkg/server/handlers.go:115.55,121.4 2 0
goldbox-rpg/pkg/server/handlers.go:122.3,127.49 1 0
goldbox-rpg/pkg/server/handlers.go:130.2,130.51 1 1
goldbox-rpg/pkg/server/handlers.go:130.51,136.3 2 0
goldbox-rpg/pkg/server/handlers.go:138.2,159.8 4 1
goldbox-rpg/pkg/server/handlers.go:183.79,194.53 3 1
goldbox-rpg/pkg/server/handlers.go:194.53,200.3 2 0
goldbox-rpg/pkg/server/handlers.go:202.2,203.16 2 1
goldbox-rpg/pkg/server/handlers.go:203.16,209.3 2 1
goldbox-rpg/pkg/server/handlers.go:210.2,212.37 2 1
goldbox-rpg/pkg/server/handlers.go:212.37,217.3 2 1
goldbox-rpg/pkg/server/handlers.go:219.2,219.64 1 1
goldbox-rpg/pkg/server/handlers.go:219.64,225.3 2 1
goldbox-rpg/pkg/server/handlers.go:228.2,228.62 1 1
goldbox-rpg/pkg/server/handlers.go:228.62,237.3 2 1
goldbox-rpg/pkg/server/handlers.go:239.2,247.16 3 1
goldbox-rpg/pkg/server/handlers.go:247.16,253.3 2 0
goldbox-rpg/pkg/server/handlers.go:256.2,256.64 1 1
goldbox-rpg/pkg/server/handlers.go:256.64,263.3 2 0
goldbox-rpg/pkg/server/handlers.go:264.2,275.20 3 1
goldbox-rpg/pkg/server/handlers.go:300.82,312.53 3 1
goldbox-rpg/pkg/server/handlers.go:312.53,318.3 2 0
goldbox-rpg/pkg/server/handlers.go:320.2,321.16 2 1
goldbox-rpg/pkg/server/handlers.go:321.16,327.3 2 0
goldbox-rpg/pkg/server/handlers.go:328.2,331.36 2 1
goldbox-rpg/pkg/server/handlers.go:331.36,333.65 1 1
goldbox-rpg/pkg/server/handlers.go:333.65,339.4 2 1
goldbox-rpg/pkg/server/handlers.go:342.3,342.62 1 1
goldbox-rpg/pkg/server/handlers.go:342.62,351.4 2 0
goldbox-rpg/pkg/server/handlers.go:354.2,356.16 3 1
goldbox-rpg/pkg/server/handlers.go:356.16,363.3 2 0
goldbox-rpg/pkg/server/handlers.go:366.2,366.37 1 1
goldbox-rpg/pkg/server/handlers.go:366.37,373.3 2 1
goldbox-rpg/pkg/server/handlers.go:375.2,383.16 3 0
goldbox-rpg/pkg/server/handlers.go:383.16,390.3 2 0
goldbox-rpg/pkg/server/handlers.go:393.2,393.36 1 0
goldbox-rpg/pkg/server/handlers.go:393.36,394.56 1 0
goldbox-rpg/pkg/server/handlers.go:394.56,401.4 2 0
goldbox-rpg/pkg/server/handlers.go:402.3,407.54 1 0
goldbox-rpg/pkg/server/handlers.go:410.2,414.20 2 0
goldbox-rpg/pkg/server/handlers.go:436.84,446.53 3 0
goldbox-rpg/pkg/server/handlers.go:446.53,452.3 2 0
goldbox-rpg/pkg/server/handlers.go:454.2,454.36 1 0
goldbox-rpg/pkg/server/handlers.go:454.36,459.3 2 0
goldbox-rpg/pkg/server/handlers.go:461.2,467.68 3 0
goldbox-rpg/pkg/server/handlers.go:467.68,473.3 2 0
goldbox-rpg/pkg/server/handlers.go:476.2,477.43 2 0
goldbox-rpg/pkg/server/handlers.go:477.43,478.38 1 0
goldbox-rpg/pkg/server/handlers.go:478.38,479.47 1 0
goldbox-rpg/pkg/server/handlers.go:479.47,486.10 3 0
goldbox-rpg/pkg/server/handlers.go:490.2,505.8 4 0
goldbox-rpg/pkg/server/handlers.go:527.80,536.53 3 1
goldbox-rpg/pkg/server/handlers.go:536.53,542.3 2 0
goldbox-rpg/pkg/server/handlers.go:544.2,545.13 2 1
goldbox-rpg/pkg/server/handlers.go:545.13,551.3 2 0
goldbox-rpg/pkg/server/handlers.go:552.2,554.37 2 1
goldbox-rpg/pkg/server/handlers.go:554.37,559.3 2 0
goldbox-rpg/pkg/server/handlers.go:561.2,561.64 1 1
goldbox-rpg/pkg/server/handlers.go:561.64,567.3 2 0
goldbox-rpg/pkg/server/handlers.go:569.2,582.20 5 1
goldbox-rpg/pkg/server/handlers.go:582.20,584.42 2 1
goldbox-rpg/pkg/server/handlers.go:584.42,585.46 1 1
goldbox-rpg/pkg/server/handlers.go:585.46,592.10 3 1
goldbox-rpg/pkg/server/handlers.go:595.3,595.17 1 1
goldbox-rpg/pkg/server/handlers.go:598.2,598.43 1 1
goldbox-rpg/pkg/server/handlers.go:598.43,603.3 2 0
goldbox-rpg/pkg/server/handlers.go:605.2,612.8 2 1
goldbox-rpg/pkg/server/handlers.go:685.85,695.53 4 0
goldbox-rpg/pkg/server/handlers.go:695.53,698.3 2 0
goldbox-rpg/pkg/server/handlers.go:701.2,702.16 2 0
goldbox-rpg/pkg/server/handlers.go:702.16,705.3 2 0
goldbox-rpg/pkg/server/handlers.go:706.2,710.18 3 0
goldbox-rpg/pkg/server/handlers.go:710.18,713.3 2 0
goldbox-rpg/pkg/server/handlers.go:715.2,716.19 2 0
goldbox-rpg/pkg/server/handlers.go:746.84,759.53 3 0
goldbox-rpg/pkg/server/handlers.go:759.53,765.3 2 0
goldbox-rpg/pkg/server/handlers.go:767.2,768.13 2 0
goldbox-rpg/pkg/server/handlers.go:768.13,774.3 2 0
goldbox-rpg/pkg/server/handlers.go:777.2,787.13 5 0
goldbox-rpg/pkg/server/handlers.go:787.13,793.3 2 0
goldbox-rpg/pkg/server/handlers.go:795.2,796.9 2 0
goldbox-rpg/pkg/server/handlers.go:796.9,802.3 2 0
goldbox-rpg/pkg/server/handlers.go:804.2,804.55 1 0
goldbox-rpg/pkg/server/handlers.go:804.55,810.3 2 0
goldbox-rpg/pkg/server/handlers.go:812.2,824.8 3 0
goldbox-rpg/pkg/server/handlers.go:827.81,836.53 3 0
goldbox-rpg/pkg/server/handlers.go:836.53,842.3 2 0
goldbox-rpg/pkg/server/handlers.go:844.2,844.26 1 0
goldbox-rpg/pkg/server/handlers.go:844.26,849.3 2 0
goldbox-rpg/pkg/server/handlers.go:852.2,879.8 9 0
goldbox-rpg/pkg/server/handlers.go:906.88,920.53 3 1
goldbox-rpg/pkg/server/handlers.go:920.53,926.3 2 0
goldbox-rpg/pkg/server/handlers.go:929.2,939.13 3 1
goldbox-rpg/pkg/server/handlers.go:939.13,945.3 2 0
goldbox-rpg/pkg/server/handlers.go:948.2,948.27 1 1
goldbox-rpg/pkg/server/handlers.go:948.27,958.3 2 0
goldbox-rpg/pkg/server/handlers.go:961.2,974.21 4 1
goldbox-rpg/pkg/server/handlers.go:974.21,984.3 2 0
goldbox-rpg/pkg/server/handlers.go:987.2,992.6 4 1
goldbox-rpg/pkg/server/handlers.go:992.6,994.50 2 1
goldbox-rpg/pkg/server/handlers.go:994.50,995.9 1 1
goldbox-rpg/pkg/server/handlers.go:997.3,1000.62 1 0
goldbox-rpg/pkg/server/handlers.go:1003.2,1033.8 5 1
goldbox-rpg/pkg/server/handlers.go:1037.82,1048.53 3 1
goldbox-rpg/pkg/server/handlers.go:1048.53,1054.3 2 0
goldbox-rpg/pkg/server/handlers.go:1057.2,1058.16 2 1
goldbox-rpg/pkg/server/handlers.go:1058.16,1060.3 1 1
goldbox-rpg/pkg/server/handlers.go:1062.2,1066.16 3 1
goldbox-rpg/pkg/server/handlers.go:1066.16,1072.3 2 0
goldbox-rpg/pkg/server/handlers.go:1075.2,1076.66 2 1
goldbox-rpg/pkg/server/handlers.go:1076.66,1078.3 1 0
goldbox-rpg/pkg/server/handlers.go:1081.2,1081.59 1 1
goldbox-rpg/pkg/server/handlers.go:1081.59,1092.3 2 1
goldbox-rpg/pkg/server/handlers.go:1095.2,1111.25 4 1
goldbox-rpg/pkg/server/handlers.go:1111.25,1113.3 1 0
goldbox-rpg/pkg/server/handlers.go:1115.2,1115.22 1 1
goldbox-rpg/pkg/server/handlers.go:1134.84,1144.53 3 1
goldbox-rpg/pkg/server/handlers.go:1144.53,1150.3 2 0
goldbox-rpg/pkg/server/handlers.go:1153.2,1154.16 2 1
goldbox-rpg/pkg/server/handlers.go:1154.16,1156.3 1 0
goldbox-rpg/pkg/server/handlers.go:1158.2,1162.16 3 1
goldbox-rpg/pkg/server/handlers.go:1162.16,1168.3 2 0
goldbox-rpg/pkg/server/handlers.go:1171.2,1172.16 2 1
goldbox-rpg/pkg/server/handlers.go:1172.16,1182.3 2 0
goldbox-rpg/pkg/server/handlers.go:1184.2,1195.8 2 1
goldbox-rpg/pkg/server/handlers.go:1212.85,1221.53 3 1
goldbox-rpg/pkg/server/handlers.go:1221.53,1227.3 2 0
goldbox-rpg/pkg/server/handlers.go:1230.2,1231.16 2 1
goldbox-rpg/pkg/server/handlers.go:1231.16,1233.3 1 0
goldbox-rpg/pkg/server/handlers.go:1235.2,1243.40 5 1
goldbox-rpg/pkg/server/handlers.go:1243.40,1247.3 3 1
goldbox-rpg/pkg/server/handlers.go:1250.2,1264.8 3 1
goldbox-rpg/pkg/server/handlers.go:1268.70,1283.47 2 1
goldbox-rpg/pkg/server/handlers.go:1283.47,1285.3 1 1
goldbox-rpg/pkg/server/handlers.go:1287.2,1287.74 1 1
goldbox-rpg/pkg/server/handlers.go:1291.60,1304.45 2 1
goldbox-rpg/pkg/server/handlers.go:1304.45,1306.3 1 1
goldbox-rpg/pkg/server/handlers.go:1308.2,1308.18 1 0
goldbox-rpg/pkg/server/handlers.go:1312.80,1317.13 4 1
goldbox-rpg/pkg/server/handlers.go:1317.13,1319.3 1 1
goldbox-rpg/pkg/server/handlers.go:1321.2,1321.27 1 1
goldbox-rpg/pkg/server/handlers.go:1321.27,1323.3 1 0
goldbox-rpg/pkg/server/handlers.go:1325.2,1325.21 1 1
goldbox-rpg/pkg/server/handlers.go:1343.83,1354.53 4 0
goldbox-rpg/pkg/server/handlers.go:1354.53,1359.3 2 0
goldbox-rpg/pkg/server/handlers.go:1362.2,1363.16 2 0
goldbox-rpg/pkg/server/handlers.go:1363.16,1369.3 2 0
goldbox-rpg/pkg/server/handlers.go:1372.2,1372.61 1 0
goldbox-rpg/pkg/server/handlers.go:1372.61,1378.3 2 0
goldbox-rpg/pkg/server/handlers.go:1380.2,1389.8 2 0
goldbox-rpg/pkg/server/handlers.go:1407.86,1418.53 4 1
goldbox-rpg/pkg/server/handlers.go:1418.53,1423.3 2 0
goldbox-rpg/pkg/server/handlers.go:1426.2,1427.16 2 1
goldbox-rpg/pkg/server/handlers.go:1427.16,1433.3 2 0
goldbox-rpg/pkg/server/handlers.go:1436.2,1437.16 2 1
goldbox-rpg/pkg/server/handlers.go:1437.16,1443.3 2 0
goldbox-rpg/pkg/server/handlers.go:1446.2,1446.33 1 1
goldbox-rpg/pkg/server/handlers.go:1446.33,1447.22 1 1
goldbox-rpg/pkg/server/handlers.go:1448.14,1449.76 1 1
goldbox-rpg/pkg/server/handlers.go:1449.76,1457.5 2 0
goldbox-rpg/pkg/server/handlers.go:1458.4,1462.40 1 1
goldbox-rpg/pkg/server/handlers.go:1464.15,1476.34 3 1
goldbox-rpg/pkg/server/handlers.go:1478.15,1479.27 1 1
goldbox-rpg/pkg/server/handlers.go:1479.27,1486.77 2 1
goldbox-rpg/pkg/server/handlers.go:1486.77,1494.6 2 0
goldbox-rpg/pkg/server/handlers.go:1495.5,1499.35 1 1
goldbox-rpg/pkg/server/handlers.go:1502.11,1507.44 1 0
goldbox-rpg/pkg/server/handlers.go:1511.2,1527.8 3 1
goldbox-rpg/pkg/server/handlers.go:1547.88,1560.53 4 0
goldbox-rpg/pkg/server/handlers.go:1560.53,1565.3 2 0
goldbox-rpg/pkg/server/handlers.go:1568.2,1569.16 2 0
goldbox-rpg/pkg/server/handlers.go:1569.16,1575.3 2 0
goldbox-rpg/pkg/server/handlers.go:1578.2,1578.107 1 0
goldbox-rpg/pkg/server/handlers.go:1578.107,1585.3 2 0
goldbox-rpg/pkg/server/handlers.go:1587.2,1600.8 2 0
goldbox-rpg/pkg/server/handlers.go:1617.82,1628.53 4 0
goldbox-rpg/pkg/server/handlers.go:1628.53,1633.3 2 0
goldbox-rpg/pkg/server/handlers.go:1636.2,1637.16 2 0
goldbox-rpg/pkg/server/handlers.go:1637.16,1643.3 2 0
goldbox-rpg/pkg/server/handlers.go:1646.2,1646.62 1 0
goldbox-rpg/pkg/server/handlers.go:1646.62,1652.3 2 0
goldbox-rpg/pkg/server/handlers.go:1654.2,1663.8 2 0
goldbox-rpg/pkg/server/handlers.go:1680.81,1691.53 4 0
goldbox-rpg/pkg/server/handlers.go:1691.53,1696.3 2 0
goldbox-rpg/pkg/server/handlers.go:1699.2,1700.16 2 0
goldbox-rpg/pkg/server/handlers.go:1700.16,1706.3 2 0
goldbox-rpg/pkg/server/handlers.go:1709.2,1710.16 2 0
goldbox-rpg/pkg/server/handlers.go:1710.16,1716.3 2 0
goldbox-rpg/pkg/server/handlers.go:1718.2,1726.8 2 0
goldbox-rpg/pkg/server/handlers.go:1741.88,1751.53 4 0
goldbox-rpg/pkg/server/handlers.go:1751.53,1756.3 2 0
goldbox-rpg/pkg/server/handlers.go:1759.2,1760.16 2 0
goldbox-rpg/pkg/server/handlers.go:1760.16,1766.3 2 0
goldbox-rpg/pkg/server/handlers.go:1769.2,1780.8 3 0
goldbox-rpg/pkg/server/handlers.go:1795.91,1805.53 4 0
goldbox-rpg/pkg/server/handlers.go:1805.53,1810.3 2 0
goldbox-rpg/pkg/server/handlers.go:1813.2,1814.16 2 0
goldbox-rpg/pkg/server/handlers.go:1814.16,1820.3 2 0
goldbox-rpg/pkg/server/handlers.go:1823.2,1834.8 3 0
goldbox-rpg/pkg/server/handlers.go:1849.84,1859.53 4 0
goldbox-rpg/pkg/server/handlers.go:1859.53,1864.3 2 0
goldbox-rpg/pkg/server/handlers.go:1867.2,1868.16 2 0
goldbox-rpg/pkg/server/handlers.go:1868.16,1874.3 2 0
goldbox-rpg/pkg/server/handlers.go:1877.2,1888.8 3 0
goldbox-rpg/pkg/server/handlers.go:1906.81,1915.53 3 0
goldbox-rpg/pkg/server/handlers.go:1915.53,1921.3 2 0
goldbox-rpg/pkg/server/handlers.go:1923.2,1923.23 1 0
goldbox-rpg/pkg/server/handlers.go:1923.23,1925.3 1 0
goldbox-rpg/pkg/server/handlers.go:1927.2,1928.16 2 0
goldbox-rpg/pkg/server/handlers.go:1928.16,1935.3 2 0
goldbox-rpg/pkg/server/handlers.go:1937.2,1945.8 2 0
goldbox-rpg/pkg/server/handlers.go:1958.89,1967.53 3 0
goldbox-rpg/pkg/server/handlers.go:1967.53,1973.3 2 0
goldbox-rpg/pkg/server/handlers.go:1975.2,1975.19 1 0
goldbox-rpg/pkg/server/handlers.go:1975.19,1977.3 1 0
goldbox-rpg/pkg/server/handlers.go:1979.2,1992.8 3 0
goldbox-rpg/pkg/server/handlers.go:2006.90,2015.53 3 0
goldbox-rpg/pkg/server/handlers.go:2015.53,2021.3 2 0
goldbox-rpg/pkg/server/handlers.go:2023.2,2023.22 1 0
goldbox-rpg/pkg/server/handlers.go:2023.22,2025.3 1 0
goldbox-rpg/pkg/server/handlers.go:2027.2,2041.8 4 0
goldbox-rpg/pkg/server/handlers.go:2054.85,2073.2 5 0
goldbox-rpg/pkg/server/handlers.go:2086.85,2095.53 3 0
goldbox-rpg/pkg/server/handlers.go:2095.53,2101.3 2 0
goldbox-rpg/pkg/server/handlers.go:2103.2,2103.21 1 0
goldbox-rpg/pkg/server/handlers.go:2103.21,2105.3 1 0
goldbox-rpg/pkg/server/handlers.go:2107.2,2120.8 3 0
goldbox-rpg/pkg/server/handlers.go:2141.90,2154.53 3 1
goldbox-rpg/pkg/server/handlers.go:2154.53,2160.3 2 0
goldbox-rpg/pkg/server/handlers.go:2162.2,2163.13 2 1
goldbox-rpg/pkg/server/handlers.go:2163.13,2169.3 2 1
goldbox-rpg/pkg/server/handlers.go:2171.2,2194.8 5 1
goldbox-rpg/pkg/server/handlers.go:2214.91,2226.53 3 1
goldbox-rpg/pkg/server/handlers.go:2226.53,2232.3 2 0
goldbox-rpg/pkg/server/handlers.go:2234.2,2235.13 2 1
goldbox-rpg/pkg/server/handlers.go:2235.13,2241.3 2 0
goldbox-rpg/pkg/server/handlers.go:2243.2,2259.8 5 1
goldbox-rpg/pkg/server/handlers.go:2279.90,2291.53 3 1
goldbox-rpg/pkg/server/handlers.go:2291.53,2297.3 2 0
goldbox-rpg/pkg/server/handlers.go:2299.2,2300.13 2 1
goldbox-rpg/pkg/server/handlers.go:2300.13,2306.3 2 0
goldbox-rpg/pkg/server/handlers.go:2308.2,2324.8 5 1
goldbox-rpg/pkg/server/handlers.go:2348.80,2359.53 3 1
goldbox-rpg/pkg/server/handlers.go:2359.53,2365.3 2 0
goldbox-rpg/pkg/server/handlers.go:2367.2,2367.25 1 1
goldbox-rpg/pkg/server/handlers.go:2367.25,2372.3 2 0
goldbox-rpg/pkg/server/handlers.go:2374.2,2374.22 1 1
goldbox-rpg/pkg/server/handlers.go:2374.22,2379.3 2 1
goldbox-rpg/pkg/server/handlers.go:2381.2,2385.13 4 1
goldbox-rpg/pkg/server/handlers.go:2385.13,2391.3 2 1
goldbox-rpg/pkg/server/handlers.go:2393.2,2393.27 1 1
goldbox-rpg/pkg/server/handlers.go:2393.27,2399.3 2 0
goldbox-rpg/pkg/server/handlers.go:2402.2,2402.36 1 1
goldbox-rpg/pkg/server/handlers.go:2402.36,2404.65 1 1
goldbox-rpg/pkg/server/handlers.go:2404.65,2410.4 2 1
goldbox-rpg/pkg/server/handlers.go:2413.2,2422.17 3 1
goldbox-rpg/pkg/server/handlers.go:2422.17,2431.3 2 1
goldbox-rpg/pkg/server/handlers.go:2434.2,2435.24 2 1
goldbox-rpg/pkg/server/handlers.go:2435.24,2437.3 1 1
goldbox-rpg/pkg/server/handlers.go:2440.2,2440.31 1 1
goldbox-rpg/pkg/server/handlers.go:2440.31,2448.3 1 1
goldbox-rpg/pkg/server/handlers.go:2450.2,2458.8 2 1
goldbox-rpg/pkg/server/handlers.go:2477.82,2486.53 3 1
goldbox-rpg/pkg/server/handlers.go:2486.53,2492.3 2 0
goldbox-rpg/pkg/server/handlers.go:2494.2,2494.25 1 1
goldbox-rpg/pkg/server/handlers.go:2494.25,2499.3 2 1
goldbox-rpg/pkg/server/handlers.go:2501.2,2503.12 3 1
goldbox-rpg/pkg/server/handlers.go:2503.12,2505.28 1 1
goldbox-rpg/pkg/server/handlers.go:2505.28,2506.49 1 0
goldbox-rpg/pkg/server/handlers.go:2506.49,2512.5 1 0
goldbox-rpg/pkg/server/handlers.go:2516.3,2516.33 1 1
goldbox-rpg/pkg/server/handlers.go:2516.33,2518.4 1 1
goldbox-rpg/pkg/server/handlers.go:2521.3,2521.28 1 1
goldbox-rpg/pkg/server/handlers.go:2521.28,2523.70 1 1
goldbox-rpg/pkg/server/handlers.go:2523.70,2525.5 1 1
goldbox-rpg/pkg/server/handlers.go:2529.3,2534.50 2 1
goldbox-rpg/pkg/server/handlers.go:2536.2,2538.13 2 1
goldbox-rpg/pkg/server/handlers.go:2538.13,2544.3 2 1
goldbox-rpg/pkg/server/handlers.go:2546.2,2548.8 1 1
goldbox-rpg/pkg/server/movement.go:27.119,42.19 4 1
goldbox-rpg/pkg/server/movement.go:43.18,44.22 1 1
goldbox-rpg/pkg/server/movement.go:44.22,46.4 1 1
goldbox-rpg/pkg/server/movement.go:47.18,48.31 1 1
goldbox-rpg/pkg/server/movement.go:48.31,50.4 1 1
goldbox-rpg/pkg/server/movement.go:51.17,52.30 1 1
goldbox-rpg/pkg/server/movement.go:52.30,54.4 1 1
goldbox-rpg/pkg/server/movement.go:55.17,56.22 1 1
goldbox-rpg/pkg/server/movement.go:56.22,58.4 1 1
goldbox-rpg/pkg/server/movement.go:61.2,66.15 2 1
goldbox-rpg/pkg/server/movement.go:72.99,75.19 2 1
goldbox-rpg/pkg/server/movement.go:76.18,77.13 1 1
goldbox-rpg/pkg/server/movement.go:78.18,79.13 1 1
goldbox-rpg/pkg/server/movement.go:80.17,81.13 1 1
goldbox-rpg/pkg/server/movement.go:82.17,83.13 1 1
goldbox-rpg/pkg/server/movement.go:86.2,86.15 1 1
goldbox-rpg/pkg/server/process.go:30.67,36.19 3 0
goldbox-rpg/pkg/server/process.go:36.19,39.3 2 0
goldbox-rpg/pkg/server/process.go:41.2,47.21 3 0
goldbox-rpg/pkg/server/process.go:48.33,49.39 1 0
goldbox-rpg/pkg/server/process.go:50.31,51.37 1 0
goldbox-rpg/pkg/server/process.go:52.52,53.37 1 0
goldbox-rpg/pkg/server/process.go:54.10,56.60 2 0
goldbox-rpg/pkg/server/process.go:59.2,59.16 1 0
goldbox-rpg/pkg/server/process.go:59.16,61.3 1 0
goldbox-rpg/pkg/server/process.go:62.2,62.12 1 0
goldbox-rpg/pkg/server/process.go:82.69,89.13 4 0
goldbox-rpg/pkg/server/process.go:89.13,92.3 2 0
goldbox-rpg/pkg/server/process.go:94.2,94.46 1 0
goldbox-rpg/pkg/server/process.go:94.46,97.18 3 0
goldbox-rpg/pkg/server/process.go:97.18,103.4 2 0
goldbox-rpg/pkg/server/process.go:103.9,109.4 1 0
goldbox-rpg/pkg/server/process.go:110.3,110.13 1 0
goldbox-rpg/pkg/server/process.go:113.2,114.51 2 0
goldbox-rpg/pkg/server/process.go:152.67,159.13 4 0
goldbox-rpg/pkg/server/process.go:159.13,162.3 2 0
goldbox-rpg/pkg/server/process.go:164.2,164.46 1 0
goldbox-rpg/pkg/server/process.go:164.46,175.3 5 0
goldbox-rpg/pkg/server/process.go:177.2,178.46 2 0
goldbox-rpg/pkg/server/process.go:214.67,221.13 4 0
goldbox-rpg/pkg/server/process.go:221.13,224.3 2 0
goldbox-rpg/pkg/server/process.go:226.2,226.46 1 0
goldbox-rpg/pkg/server/process.go:226.46,235.30 3 0
goldbox-rpg/pkg/server/process.go:236.19,237.30 1 0
goldbox-rpg/pkg/server/process.go:238.20,239.31 1 0
goldbox-rpg/pkg/server/process.go:240.23,241.34 1 0
goldbox-rpg/pkg/server/process.go:242.23,243.34 1 0
goldbox-rpg/pkg/server/process.go:244.17,245.28 1 0
goldbox-rpg/pkg/server/process.go:246.19,247.30 1 0
goldbox-rpg/pkg/server/process.go:248.11,250.67 2 0
goldbox-rpg/pkg/server/process.go:252.3,252.13 1 0
goldbox-rpg/pkg/server/process.go:255.2,256.57 2 0
goldbox-rpg/pkg/server/server.go:34.39,36.2 1 0
goldbox-rpg/pkg/server/server.go:39.80,45.2 1 0
goldbox-rpg/pkg/server/server.go:105.54,114.16 4 1
goldbox-rpg/pkg/server/server.go:114.16,117.3 2 0
goldbox-rpg/pkg/server/server.go:120.2,121.54 2 1
goldbox-rpg/pkg/server/server.go:121.54,124.55 2 1
goldbox-rpg/pkg/server/server.go:124.55,131.4 2 0
goldbox-rpg/pkg/server/server.go:134.2,137.50 2 1
goldbox-rpg/pkg/server/server.go:137.50,140.3 2 0
goldbox-rpg/pkg/server/server.go:141.2,169.20 8 1
goldbox-rpg/pkg/server/server.go:205.71,214.16 4 0
goldbox-rpg/pkg/server/server.go:214.16,218.3 3 0
goldbox-rpg/pkg/server/server.go:219.2,224.44 4 0
goldbox-rpg/pkg/server/server.go:224.44,227.3 2 0
goldbox-rpg/pkg/server/server.go:229.2,229.33 1 0
goldbox-rpg/pkg/server/server.go:229.33,233.3 3 0
goldbox-rpg/pkg/server/server.go:235.2,242.61 2 0
goldbox-rpg/pkg/server/server.go:242.61,246.3 3 0
goldbox-rpg/pkg/server/server.go:249.2,249.26 1 0
goldbox-rpg/pkg/server/server.go:249.26,253.3 3 0
goldbox-rpg/pkg/server/server.go:255.2,255.22 1 0
goldbox-rpg/pkg/server/server.go:255.22,259.3 3 0
goldbox-rpg/pkg/server/server.go:261.2,268.16 3 0
goldbox-rpg/pkg/server/server.go:268.16,272.48 2 0
goldbox-rpg/pkg/server/server.go:272.48,274.4 1 0
goldbox-rpg/pkg/server/server.go:274.9,277.4 1 0
goldbox-rpg/pkg/server/server.go:278.3,278.9 1 0
goldbox-rpg/pkg/server/server.go:282.2,283.35 2 0
goldbox-rpg/pkg/server/server.go:322.97,332.16 5 1
goldbox-rpg/pkg/server/server.go:333.22,335.41 2 0
goldbox-rpg/pkg/server/server.go:336.29,338.48 2 0
goldbox-rpg/pkg/server/server.go:339.18,341.37 2 0
goldbox-rpg/pkg/server/server.go:342.20,344.39 2 0
goldbox-rpg/pkg/server/server.go:345.23,347.42 2 0
goldbox-rpg/pkg/server/server.go:348.25,350.44 2 0
goldbox-rpg/pkg/server/server.go:351.25,353.44 2 0
goldbox-rpg/pkg/server/server.go:354.21,356.40 2 0
goldbox-rpg/pkg/server/server.go:357.26,359.45 2 0
goldbox-rpg/pkg/server/server.go:360.23,362.42 2 0
goldbox-rpg/pkg/server/server.go:363.25,365.44 2 0
goldbox-rpg/pkg/server/server.go:366.26,368.45 2 0
goldbox-rpg/pkg/server/server.go:369.24,371.43 2 0
goldbox-rpg/pkg/server/server.go:372.27,374.46 2 0
goldbox-rpg/pkg/server/server.go:375.29,377.48 2 0
goldbox-rpg/pkg/server/server.go:378.23,380.42 2 0
goldbox-rpg/pkg/server/server.go:381.22,383.41 2 0
goldbox-rpg/pkg/server/server.go:384.29,386.48 2 0
goldbox-rpg/pkg/server/server.go:387.32,389.51 2 0
goldbox-rpg/pkg/server/server.go:390.25,392.44 2 0
goldbox-rpg/pkg/server/server.go:393.22,395.41 2 0
goldbox-rpg/pkg/server/server.go:396.30,398.49 2 0
goldbox-rpg/pkg/server/server.go:399.31,401.50 2 0
goldbox-rpg/pkg/server/server.go:402.26,404.45 2 0
goldbox-rpg/pkg/server/server.go:405.26,407.45 2 0
goldbox-rpg/pkg/server/server.go:408.31,410.50 2 0
goldbox-rpg/pkg/server/server.go:411.32,413.51 2 0
goldbox-rpg/pkg/server/server.go:414.31,416.50 2 0
goldbox-rpg/pkg/server/server.go:417.21,419.40 2 1
goldbox-rpg/pkg/server/server.go:420.23,422.42 2 1
goldbox-rpg/pkg/server/server.go:423.10,426.18 3 0
goldbox-rpg/pkg/server/server.go:429.2,429.16 1 1
goldbox-rpg/pkg/server/server.go:429.16,432.3 2 1
goldbox-rpg/pkg/server/server.go:434.2,435.20 2 1
goldbox-rpg/pkg/server/server.go:453.67,470.60 5 0
goldbox-rpg/pkg/server/server.go:470.60,473.3 2 0
goldbox-rpg/pkg/server/server.go:475.2,478.39 2 0
goldbox-rpg/pkg/server/server.go:502.84,532.60 5 0
goldbox-rpg/pkg/server/server.go:532.60,535.3 2 0
goldbox-rpg/pkg/server/server.go:537.2,540.36 2 0
goldbox-rpg/pkg/server/server.go:552.28,554.2 1 0
goldbox-rpg/pkg/server/server.go:572.56,584.75 5 0
goldbox-rpg/pkg/server/server.go:584.75,587.3 2 0
goldbox-rpg/pkg/server/server.go:589.2,590.12 2 0
goldbox-rpg/pkg/server/session.go:22.67,23.50 1 1
goldbox-rpg/pkg/server/session.go:23.50,25.3 1 1
goldbox-rpg/pkg/server/session.go:27.2,27.9 1 1
goldbox-rpg/pkg/server/session.go:28.38,29.14 1 1
goldbox-rpg/pkg/server/session.go:30.40,35.15 2 1
goldbox-rpg/pkg/server/session.go:64.104,74.16 5 1
goldbox-rpg/pkg/server/session.go:74.16,75.58 1 1
goldbox-rpg/pkg/server/session.go:75.58,83.4 4 1
goldbox-rpg/pkg/server/session.go:84.3,87.49 1 1
goldbox-rpg/pkg/server/session.go:90.2,118.21 8 1
goldbox-rpg/pkg/server/session.go:191.43,193.12 2 1
goldbox-rpg/pkg/server/session.go:193.12,194.7 1 1
goldbox-rpg/pkg/server/session.go:194.7,195.11 1 1
goldbox-rpg/pkg/server/session.go:196.20,197.31 1 0
goldbox-rpg/pkg/server/session.go:198.18,200.11 2 1
goldbox-rpg/pkg/server/session.go:206.46,211.38 4 1
goldbox-rpg/pkg/server/session.go:211.38,212.51 1 1
goldbox-rpg/pkg/server/session.go:212.51,214.25 1 1
goldbox-rpg/pkg/server/session.go:214.25,216.13 1 1
goldbox-rpg/pkg/server/session.go:219.4,219.29 1 1
goldbox-rpg/pkg/server/session.go:219.29,221.5 1 0
goldbox-rpg/pkg/server/session.go:222.4,222.26 1 1
goldbox-rpg/pkg/server/session.go:228.73,233.12 4 1
goldbox-rpg/pkg/server/session.go:233.12,235.3 1 1
goldbox-rpg/pkg/server/session.go:236.2,236.24 1 1
goldbox-rpg/pkg/server/session.go:240.74,245.2 3 0
goldbox-rpg/pkg/server/session.go:248.60,249.20 1 1
goldbox-rpg/pkg/server/session.go:249.20,251.3 1 1
goldbox-rpg/pkg/server/spell.go:32.135,41.59 2 1
goldbox-rpg/pkg/server/spell.go:41.59,47.3 2 1
goldbox-rpg/pkg/server/spell.go:49.2,57.22 4 1
goldbox-rpg/pkg/server/spell.go:58.28,59.65 1 1
goldbox-rpg/pkg/server/spell.go:60.30,61.67 1 1
goldbox-rpg/pkg/server/spell.go:62.27,63.59 1 1
goldbox-rpg/pkg/server/spell.go:64.10,69.63 2 1
goldbox-rpg/pkg/server/spell.go:72.2,72.16 1 1
goldbox-rpg/pkg/server/spell.go:72.16,77.3 1 0
goldbox-rpg/pkg/server/spell.go:79.2,79.20 1 1
goldbox-rpg/pkg/server/spells.go:11.96,18.19 2 1
goldbox-rpg/pkg/server/spells.go:19.28,21.40 1 1
goldbox-rpg/pkg/server/spells.go:21.40,27.4 2 0
goldbox-rpg/pkg/server/spells.go:28.3,28.14 1 1
goldbox-rpg/pkg/server/spells.go:30.29,32.40 1 1
goldbox-rpg/pkg/server/spells.go:32.40,38.4 2 0
goldbox-rpg/pkg/server/spells.go:39.3,39.14 1 1
goldbox-rpg/pkg/server/spells.go:41.30,43.41 1 1
goldbox-rpg/pkg/server/spells.go:43.41,44.37 1 1
goldbox-rpg/pkg/server/spells.go:44.37,49.5 2 1
goldbox-rpg/pkg/server/spells.go:51.3,55.15 2 1
goldbox-rpg/pkg/server/spells.go:57.10,62.15 2 0
goldbox-rpg/pkg/server/spells.go:66.85,74.32 2 1
goldbox-rpg/pkg/server/spells.go:74.32,81.3 2 1
goldbox-rpg/pkg/server/spells.go:84.2,84.45 1 1
goldbox-rpg/pkg/server/spells.go:84.45,85.46 1 1
goldbox-rpg/pkg/server/spells.go:85.46,91.4 2 1
goldbox-rpg/pkg/server/spells.go:94.2,97.12 2 1
goldbox-rpg/pkg/server/spells.go:100.121,116.28 6 1
goldbox-rpg/pkg/server/spells.go:116.28,118.17 2 0
goldbox-rpg/pkg/server/spells.go:118.17,121.4 2 0
goldbox-rpg/pkg/server/spells.go:122.3,128.23 5 0
goldbox-rpg/pkg/server/spells.go:128.23,130.4 1 0
goldbox-rpg/pkg/server/spells.go:131.3,131.74 1 0
goldbox-rpg/pkg/server/spells.go:131.74,134.4 2 0
goldbox-rpg/pkg/server/spells.go:138.2,138.29 1 1
goldbox-rpg/pkg/server/spells.go:138.29,140.17 2 0
goldbox-rpg/pkg/server/spells.go:140.17,143.4 2 0
goldbox-rpg/pkg/server/spells.go:144.3,149.64 4 0
goldbox-rpg/pkg/server/spells.go:149.64,152.4 2 0
goldbox-rpg/pkg/server/spells.go:156.2,156.55 1 1
goldbox-rpg/pkg/server/spells.go:156.55,160.73 3 1
goldbox-rpg/pkg/server/spells.go:160.73,163.4 2 0
goldbox-rpg/pkg/server/spells.go:166.2,182.23 2 1
goldbox-rpg/pkg/server/spells.go:182.23,184.3 1 0
goldbox-rpg/pkg/server/spells.go:185.2,185.24 1 1
goldbox-rpg/pkg/server/spells.go:185.24,187.3 1 0
goldbox-rpg/pkg/server/spells.go:189.2,197.20 2 1
goldbox-rpg/pkg/server/spells.go:200.123,220.2 4 1
goldbox-rpg/pkg/server/spells.go:222.122,242.2 4 1
goldbox-rpg/pkg/server/spells.go:244.119,264.2 4 1
goldbox-rpg/pkg/server/spells.go:267.70,273.21 3 1
goldbox-rpg/pkg/server/spells.go:273.21,275.3 1 1
goldbox-rpg/pkg/server/spells.go:278.2,280.45 2 1
goldbox-rpg/pkg/server/spells.go:284.61,285.18 1 0
goldbox-rpg/pkg/server/spells.go:286.18,288.37 1 0
goldbox-rpg/pkg/server/spells.go:289.24,291.37 1 0
goldbox-rpg/pkg/server/spells.go:292.23,294.41 1 0
goldbox-rpg/pkg/server/spells.go:295.10,297.47 1 0
goldbox-rpg/pkg/server/spells.go:302.62,303.18 1 0
goldbox-rpg/pkg/server/spells.go:304.14,306.37 1 0
goldbox-rpg/pkg/server/spells.go:307.21,309.37 1 0
goldbox-rpg/pkg/server/spells.go:310.22,312.37 1 0
goldbox-rpg/pkg/server/spells.go:313.10,315.47 1 0
goldbox-rpg/pkg/server/spells.go:320.41,321.34 1 0
goldbox-rpg/pkg/server/spells.go:321.34,323.3 1 0
goldbox-rpg/pkg/server/spells.go:325.2,326.31 2 0
goldbox-rpg/pkg/server/spells.go:326.31,328.3 1 0
goldbox-rpg/pkg/server/spells.go:329.2,329.14 1 0
goldbox-rpg/pkg/server/spells.go:333.92,343.37 3 1
goldbox-rpg/pkg/server/spells.go:343.37,344.41 1 0
goldbox-rpg/pkg/server/spells.go:344.41,350.17 4 0
goldbox-rpg/pkg/server/spells.go:350.17,352.5 1 0
goldbox-rpg/pkg/server/spells.go:354.4,364.14 3 0
goldbox-rpg/pkg/server/spells.go:367.2,376.12 3 1
goldbox-rpg/pkg/server/spells.go:380.75,389.37 3 0
goldbox-rpg/pkg/server/spells.go:389.37,390.41 1 0
goldbox-rpg/pkg/server/spells.go:390.41,397.21 5 0
goldbox-rpg/pkg/server/spells.go:397.21,399.5 1 0
goldbox-rpg/pkg/server/spells.go:401.4,412.14 3 0
goldbox-rpg/pkg/server/spells.go:415.2,424.12 3 0
goldbox-rpg/pkg/server/state.go:56.56,57.45 1 0
goldbox-rpg/pkg/server/state.go:57.45,59.3 1 0
goldbox-rpg/pkg/server/state.go:61.2,65.26 3 0
goldbox-rpg/pkg/server/state.go:65.26,67.3 1 0
goldbox-rpg/pkg/server/state.go:70.2,70.34 1 0
goldbox-rpg/pkg/server/state.go:70.34,72.3 1 0
goldbox-rpg/pkg/server/state.go:75.2,75.64 1 0
goldbox-rpg/pkg/server/state.go:79.56,81.52 1 0
goldbox-rpg/pkg/server/state.go:81.52,82.55 1 0
goldbox-rpg/pkg/server/state.go:82.55,83.63 1 0
goldbox-rpg/pkg/server/state.go:83.63,85.5 1 0
goldbox-rpg/pkg/server/state.go:90.2,112.39 14 0
goldbox-rpg/pkg/server/state.go:112.39,114.3 1 0
goldbox-rpg/pkg/server/state.go:115.2,124.14 6 0
goldbox-rpg/pkg/server/state.go:127.39,131.22 1 0
goldbox-rpg/pkg/server/state.go:131.22,133.3 1 0
goldbox-rpg/pkg/server/state.go:134.2,134.12 1 0
goldbox-rpg/pkg/server/state.go:138.72,150.15 9 0
goldbox-rpg/pkg/server/state.go:150.15,155.3 4 0
goldbox-rpg/pkg/server/state.go:158.2,158.27 1 0
goldbox-rpg/pkg/server/state.go:158.27,160.3 1 0
goldbox-rpg/pkg/server/state.go:163.2,164.12 2 0
goldbox-rpg/pkg/server/state.go:164.12,166.3 1 0
goldbox-rpg/pkg/server/state.go:168.2,168.9 1 0
goldbox-rpg/pkg/server/state.go:169.21,170.17 1 0
goldbox-rpg/pkg/server/state.go:170.17,173.4 2 0
goldbox-rpg/pkg/server/state.go:174.37,176.40 2 0
goldbox-rpg/pkg/server/state.go:179.2,183.12 3 0
goldbox-rpg/pkg/server/state.go:186.45,187.52 1 0
goldbox-rpg/pkg/server/state.go:187.52,196.3 6 0
goldbox-rpg/pkg/server/state.go:196.8,198.3 1 0
goldbox-rpg/pkg/server/state.go:201.73,203.71 1 0
goldbox-rpg/pkg/server/state.go:203.71,204.60 1 0
goldbox-rpg/pkg/server/state.go:204.60,206.4 1 0
goldbox-rpg/pkg/server/state.go:210.2,210.69 1 0
goldbox-rpg/pkg/server/state.go:210.69,211.82 1 0
goldbox-rpg/pkg/server/state.go:211.82,212.60 1 0
goldbox-rpg/pkg/server/state.go:212.60,214.5 1 0
goldbox-rpg/pkg/server/state.go:219.2,219.70 1 0
goldbox-rpg/pkg/server/state.go:219.70,220.60 1 0
goldbox-rpg/pkg/server/state.go:220.60,222.4 1 0
goldbox-rpg/pkg/server/state.go:226.2,226.76 1 0
goldbox-rpg/pkg/server/state.go:226.76,227.42 1 0
goldbox-rpg/pkg/server/state.go:227.42,228.50 1 0
goldbox-rpg/pkg/server/state.go:228.50,229.61 1 0
goldbox-rpg/pkg/server/state.go:229.61,230.54 1 0
goldbox-rpg/pkg/server/state.go:230.54,232.7 1 0
goldbox-rpg/pkg/server/state.go:238.2,238.12 1 0
goldbox-rpg/pkg/server/state.go:241.43,259.39 3 0
goldbox-rpg/pkg/server/state.go:259.39,261.3 1 0
goldbox-rpg/pkg/server/state.go:263.2,263.17 1 0
goldbox-rpg/pkg/server/state.go:287.58,296.45 1 0
goldbox-rpg/pkg/server/state.go:296.45,298.44 2 0
goldbox-rpg/pkg/server/state.go:298.44,306.5 1 0
goldbox-rpg/pkg/server/state.go:307.4,307.17 1 0
goldbox-rpg/pkg/server/state.go:368.36,391.2 4 1
goldbox-rpg/pkg/server/types.go:87.72,88.14 1 1
goldbox-rpg/pkg/server/types.go:88.14,90.3 1 1
goldbox-rpg/pkg/server/types.go:92.2,92.36 1 1
goldbox-rpg/pkg/server/types.go:92.36,93.14 1 1
goldbox-rpg/pkg/server/types.go:94.17,95.60 1 1
goldbox-rpg/pkg/server/types.go:95.60,97.5 1 1
goldbox-rpg/pkg/server/types.go:98.20,99.41 1 1
goldbox-rpg/pkg/server/types.go:99.41,101.5 1 1
goldbox-rpg/pkg/server/types.go:102.21,103.46 1 1
goldbox-rpg/pkg/server/types.go:103.46,105.5 1 1
goldbox-rpg/pkg/server/types.go:106.20,107.43 1 1
goldbox-rpg/pkg/server/types.go:107.43,109.5 1 1
goldbox-rpg/pkg/server/types.go:113.2,113.12 1 1
goldbox-rpg/pkg/server/types.go:117.48,118.14 1 1
goldbox-rpg/pkg/server/types.go:118.14,120.3 1 1
goldbox-rpg/pkg/server/types.go:122.2,132.14 2 1
goldbox-rpg/pkg/server/types.go:136.50,148.2 1 1
goldbox-rpg/pkg/server/types.go:151.34,153.2 1 1
goldbox-rpg/pkg/server/types.go:156.35,158.2 1 1
goldbox-rpg/pkg/server/types.go:161.40,163.2 1 1
goldbox-rpg/pkg/server/util.go:32.68,45.34 5 0
goldbox-rpg/pkg/server/util.go:45.34,47.60 2 0
goldbox-rpg/pkg/server/util.go:47.60,48.45 1 0
goldbox-rpg/pkg/server/util.go:48.45,60.5 4 0
goldbox-rpg/pkg/server/util.go:60.10,67.5 3 0
goldbox-rpg/pkg/server/util.go:68.9,70.4 1 0
goldbox-rpg/pkg/server/util.go:73.2,73.40 1 0
goldbox-rpg/pkg/server/util.go:73.40,75.3 1 0
goldbox-rpg/pkg/server/util.go:77.2,78.29 2 0
goldbox-rpg/pkg/server/util.go:78.29,80.3 1 0
goldbox-rpg/pkg/server/util.go:82.2,83.15 2 0
goldbox-rpg/pkg/server/util.go:100.78,112.49 6 0
goldbox-rpg/pkg/server/util.go:112.49,114.45 2 0
goldbox-rpg/pkg/server/util.go:114.45,120.4 2 0
goldbox-rpg/pkg/server/util.go:123.2,124.23 2 0
goldbox-rpg/pkg/server/util.go:142.74,149.63 3 0
goldbox-rpg/pkg/server/util.go:149.63,153.3 3 0
goldbox-rpg/pkg/server/util.go:154.2,155.12 2 0
goldbox-rpg/pkg/server/util.go:175.78,182.37 3 0
goldbox-rpg/pkg/server/util.go:182.37,185.3 2 0
goldbox-rpg/pkg/server/util.go:187.2,200.14 3 0
goldbox-rpg/pkg/server/util.go:217.65,225.52 4 0
goldbox-rpg/pkg/server/util.go:225.52,227.60 2 0
goldbox-rpg/pkg/server/util.go:227.60,228.49 1 0
goldbox-rpg/pkg/server/util.go:228.49,230.31 2 0
goldbox-rpg/pkg/server/util.go:230.31,233.43 3 0
goldbox-rpg/pkg/server/util.go:233.43,235.7 1 0
goldbox-rpg/pkg/server/util.go:236.11,238.6 1 0
goldbox-rpg/pkg/server/util.go:239.10,241.5 1 0
goldbox-rpg/pkg/server/util.go:242.9,244.4 1 0
goldbox-rpg/pkg/server/util.go:247.2,248.16 2 0
goldbox-rpg/pkg/server/util.go:266.68,286.2 8 0
goldbox-rpg/pkg/server/util.go:303.70,310.53 3 1
goldbox-rpg/pkg/server/util.go:310.53,314.34 3 1
goldbox-rpg/pkg/server/util.go:314.34,316.67 2 0
goldbox-rpg/pkg/server/util.go:316.67,319.5 2 0
goldbox-rpg/pkg/server/util.go:319.10,321.5 1 0
goldbox-rpg/pkg/server/util.go:323.8,325.3 1 0
goldbox-rpg/pkg/server/util.go:337.39,352.2 8 0
goldbox-rpg/pkg/server/util.go:382.59,393.2 5 1
goldbox-rpg/pkg/server/util.go:409.65,416.24 3 1
goldbox-rpg/pkg/server/util.go:416.24,417.30 1 1
goldbox-rpg/pkg/server/util.go:417.30,420.4 2 1
goldbox-rpg/pkg/server/util.go:423.2,424.12 2 1
goldbox-rpg/pkg/server/util.go:441.73,448.27 3 1
goldbox-rpg/pkg/server/util.go:448.27,449.32 1 1
goldbox-rpg/pkg/server/util.go:449.32,452.4 2 1
goldbox-rpg/pkg/server/util.go:455.2,456.12 2 1
goldbox-rpg/pkg/server/util.go:496.43,507.50 4 1
goldbox-rpg/pkg/server/util.go:507.50,510.3 2 1
goldbox-rpg/pkg/server/util.go:512.2,513.20 2 1
goldbox-rpg/pkg/server/util.go:513.20,516.3 2 1
goldbox-rpg/pkg/server/util.go:519.2,520.22 2 1
goldbox-rpg/pkg/server/util.go:520.22,523.17 3 1
goldbox-rpg/pkg/server/util.go:523.17,526.4 2 1
goldbox-rpg/pkg/server/util.go:529.2,530.16 2 1
goldbox-rpg/pkg/server/util.go:530.16,533.3 2 1
goldbox-rpg/pkg/server/util.go:535.2,536.22 2 1
goldbox-rpg/pkg/server/util.go:536.22,539.17 3 1
goldbox-rpg/pkg/server/util.go:539.17,542.4 2 1
goldbox-rpg/pkg/server/util.go:546.2,556.15 4 1
goldbox-rpg/pkg/server/util.go:570.24,578.11 3 1
goldbox-rpg/pkg/server/util.go:578.11,581.3 2 1
goldbox-rpg/pkg/server/util.go:582.2,583.10 2 1
goldbox-rpg/pkg/server/util.go:601.44,616.45 5 1
goldbox-rpg/pkg/server/util.go:616.45,617.23 1 1
goldbox-rpg/pkg/server/util.go:617.23,620.4 2 1
goldbox-rpg/pkg/server/util.go:622.2,623.14 2 1
goldbox-rpg/pkg/server/websocket.go:33.51,36.26 2 1
goldbox-rpg/pkg/server/websocket.go:36.26,37.26 1 1
goldbox-rpg/pkg/server/websocket.go:37.26,39.4 1 1
goldbox-rpg/pkg/server/websocket.go:39.9,39.38 1 1
goldbox-rpg/pkg/server/websocket.go:39.38,41.4 1 1
goldbox-rpg/pkg/server/websocket.go:41.9,43.4 1 0
goldbox-rpg/pkg/server/websocket.go:47.2,57.15 8 1
goldbox-rpg/pkg/server/websocket.go:69.50,71.19 2 1
goldbox-rpg/pkg/server/websocket.go:71.19,77.20 4 1
goldbox-rpg/pkg/server/websocket.go:77.20,79.32 2 0
goldbox-rpg/pkg/server/websocket.go:79.32,81.5 1 0
goldbox-rpg/pkg/server/websocket.go:83.3,84.20 2 1
goldbox-rpg/pkg/server/websocket.go:84.20,86.32 2 0
goldbox-rpg/pkg/server/websocket.go:86.32,89.5 1 0
goldbox-rpg/pkg/server/websocket.go:91.3,92.42 2 1
goldbox-rpg/pkg/server/websocket.go:92.42,95.4 2 1
goldbox-rpg/pkg/server/websocket.go:97.3,97.15 1 1
goldbox-rpg/pkg/server/websocket.go:99.2,99.36 1 0
goldbox-rpg/pkg/server/websocket.go:111.82,112.41 1 1
goldbox-rpg/pkg/server/websocket.go:112.41,113.43 1 1
goldbox-rpg/pkg/server/websocket.go:113.43,115.4 1 1
goldbox-rpg/pkg/server/websocket.go:117.2,117.14 1 1
goldbox-rpg/pkg/server/websocket.go:133.52,137.43 1 1
goldbox-rpg/pkg/server/websocket.go:137.43,142.16 4 1
goldbox-rpg/pkg/server/websocket.go:142.16,147.5 1 1
goldbox-rpg/pkg/server/websocket.go:149.4,149.18 1 1
goldbox-rpg/pkg/server/websocket.go:152.2,152.18 1 1
goldbox-rpg/pkg/server/websocket.go:198.54,204.2 1 1
goldbox-rpg/pkg/server/websocket.go:215.62,224.2 1 1
goldbox-rpg/pkg/server/websocket.go:244.77,247.20 3 0
goldbox-rpg/pkg/server/websocket.go:247.20,250.3 2 0
goldbox-rpg/pkg/server/websocket.go:252.2,253.16 2 0
goldbox-rpg/pkg/server/websocket.go:253.16,256.3 2 0
goldbox-rpg/pkg/server/websocket.go:257.2,266.17 2 0
goldbox-rpg/pkg/server/websocket.go:266.17,269.3 2 0
goldbox-rpg/pkg/server/websocket.go:271.2,275.6 3 0
goldbox-rpg/pkg/server/websocket.go:275.6,277.45 2 0
goldbox-rpg/pkg/server/websocket.go:277.45,278.9 1 0
goldbox-rpg/pkg/server/websocket.go:282.3,282.24 1 0
goldbox-rpg/pkg/server/websocket.go:282.24,284.4 1 0
goldbox-rpg/pkg/server/websocket.go:285.3,292.17 4 0
goldbox-rpg/pkg/server/websocket.go:292.17,295.12 3 0
goldbox-rpg/pkg/server/websocket.go:298.3,299.17 2 0
goldbox-rpg/pkg/server/websocket.go:299.17,302.12 3 0
goldbox-rpg/pkg/server/websocket.go:305.3,305.69 1 0
goldbox-rpg/pkg/server/websocket.go:305.69,307.9 2 0
goldbox-rpg/pkg/server/websocket.go:323.92,325.9 2 0
goldbox-rpg/pkg/server/websocket.go:325.9,327.3 1 0
goldbox-rpg/pkg/server/websocket.go:329.2,329.38 1 0
goldbox-rpg/pkg/server/websocket.go:347.82,367.56 6 0
goldbox-rpg/pkg/server/websocket.go:367.56,369.3 1 0
goldbox-rpg/pkg/server/websocket.go:369.8,371.3 1 0
goldbox-rpg/pkg/server/websocket.go:391.103,424.56 6 0
goldbox-rpg/pkg/server/websocket.go:424.56,426.3 1 0
goldbox-rpg/pkg/server/websocket.go:426.8,428.3 1 0
goldbox-rpg/pkg/server/websocket.go:449.80,450.21 1 1
goldbox-rpg/pkg/server/websocket.go:450.21,452.3 1 1
goldbox-rpg/pkg/server/websocket.go:454.2,456.13 3 1
goldbox-rpg/pkg/server/websocket.go:456.13,459.3 2 1
goldbox-rpg/pkg/server/websocket.go:462.2,462.27 1 1
goldbox-rpg/pkg/server/websocket.go:462.27,465.3 2 1
goldbox-rpg/pkg/server/websocket.go:468.2,472.21 4 1
goldbox-rpg/pkg/server/websocket.go:506.71,512.2 1 1
goldbox-rpg/pkg/server/websocket.go:523.41,527.15 3 1
goldbox-rpg/pkg/server/websocket.go:527.15,529.3 1 0
goldbox-rpg/pkg/server/websocket.go:532.2,541.39 8 1
goldbox-rpg/pkg/server/websocket.go:541.39,543.3 1 1
goldbox-rpg/pkg/server/websocket.go:545.2,546.76 2 1
goldbox-rpg/pkg/server/websocket.go:550.40,557.2 5 0
goldbox-rpg/pkg/server/websocket.go:563.67,569.33 5 1
goldbox-rpg/pkg/server/websocket.go:569.33,571.3 1 0
goldbox-rpg/pkg/server/websocket.go:574.2,584.28 2 1
goldbox-rpg/pkg/server/websocket.go:591.69,594.45 3 1
goldbox-rpg/pkg/server/websocket.go:594.45,595.67 1 1
goldbox-rpg/pkg/server/websocket.go:595.67,597.4 1 1
goldbox-rpg/pkg/server/websocket.go:599.2,601.24 2 1
goldbox-rpg/pkg/server/websocket.go:601.24,603.3 1 0
goldbox-rpg/pkg/server/websocket.go:605.2,606.35 2 1
goldbox-rpg/pkg/server/websocket.go:606.35,608.28 1 1
goldbox-rpg/pkg/server/websocket.go:608.28,610.11 1 1
goldbox-rpg/pkg/server/websocket.go:610.11,611.18 1 1
goldbox-rpg/pkg/server/websocket.go:611.18,612.34 1 1
goldbox-rpg/pkg/server/websocket.go:612.34,617.7 1 1
goldbox-rpg/pkg/server/websocket.go:620.5,620.61 1 1
goldbox-rpg/pkg/server/websocket.go:620.61,625.6 1 0
goldbox-rpg/pkg/server/websocket.go:625.11,627.6 1 0
goldbox-rpg/pkg/server/websocket.go:632.2,636.43 1 1
