mode: set
goldbox-rpg/pkg/game/character.go:87.40,119.38 4 1
goldbox-rpg/pkg/game/character.go:119.38,121.3 1 0
goldbox-rpg/pkg/game/character.go:124.2,132.14 4 1
goldbox-rpg/pkg/game/character.go:143.37,145.2 1 1
goldbox-rpg/pkg/game/character.go:155.39,158.2 1 1
goldbox-rpg/pkg/game/character.go:173.43,179.14 4 1
goldbox-rpg/pkg/game/character.go:179.14,181.3 1 1
goldbox-rpg/pkg/game/character.go:183.2,183.20 1 1
goldbox-rpg/pkg/game/character.go:183.20,185.3 1 1
goldbox-rpg/pkg/game/character.go:193.43,197.2 3 0
goldbox-rpg/pkg/game/character.go:204.55,210.24 4 0
goldbox-rpg/pkg/game/character.go:210.24,212.3 1 0
goldbox-rpg/pkg/game/character.go:214.2,214.40 1 0
goldbox-rpg/pkg/game/character.go:214.40,216.3 1 0
goldbox-rpg/pkg/game/character.go:224.46,228.2 3 0
goldbox-rpg/pkg/game/character.go:238.56,242.27 3 0
goldbox-rpg/pkg/game/character.go:242.27,244.3 1 0
goldbox-rpg/pkg/game/character.go:246.2,247.13 2 0
goldbox-rpg/pkg/game/character.go:253.43,257.2 3 0
goldbox-rpg/pkg/game/character.go:265.36,269.2 3 1
goldbox-rpg/pkg/game/character.go:280.38,284.2 3 1
goldbox-rpg/pkg/game/character.go:294.45,298.2 3 1
goldbox-rpg/pkg/game/character.go:305.44,309.2 3 1
goldbox-rpg/pkg/game/character.go:327.53,332.27 3 1
goldbox-rpg/pkg/game/character.go:332.27,334.3 1 1
goldbox-rpg/pkg/game/character.go:336.2,337.12 2 1
goldbox-rpg/pkg/game/character.go:347.37,351.2 3 1
goldbox-rpg/pkg/game/character.go:365.44,369.2 3 1
goldbox-rpg/pkg/game/character.go:385.40,389.2 3 1
goldbox-rpg/pkg/game/character.go:403.46,407.2 3 1
goldbox-rpg/pkg/game/character.go:421.49,425.2 3 1
goldbox-rpg/pkg/game/character.go:446.72,453.35 5 1
goldbox-rpg/pkg/game/character.go:453.35,454.24 1 1
goldbox-rpg/pkg/game/character.go:454.24,457.9 3 1
goldbox-rpg/pkg/game/character.go:461.2,461.21 1 1
goldbox-rpg/pkg/game/character.go:461.21,463.3 1 1
goldbox-rpg/pkg/game/character.go:466.2,466.46 1 1
goldbox-rpg/pkg/game/character.go:466.46,468.3 1 1
goldbox-rpg/pkg/game/character.go:471.2,471.55 1 1
goldbox-rpg/pkg/game/character.go:471.55,473.56 1 0
goldbox-rpg/pkg/game/character.go:473.56,475.4 1 0
goldbox-rpg/pkg/game/character.go:479.2,484.12 3 1
goldbox-rpg/pkg/game/character.go:497.68,502.2 3 1
goldbox-rpg/pkg/game/character.go:505.76,508.13 2 1
goldbox-rpg/pkg/game/character.go:508.13,510.3 1 1
goldbox-rpg/pkg/game/character.go:513.2,518.27 3 1
goldbox-rpg/pkg/game/character.go:533.83,540.35 5 1
goldbox-rpg/pkg/game/character.go:540.35,541.24 1 1
goldbox-rpg/pkg/game/character.go:541.24,544.9 3 1
goldbox-rpg/pkg/game/character.go:548.2,548.12 1 1
goldbox-rpg/pkg/game/character.go:548.12,550.3 1 1
goldbox-rpg/pkg/game/character.go:552.2,552.53 1 1
goldbox-rpg/pkg/game/character.go:556.76,572.13 3 1
goldbox-rpg/pkg/game/character.go:572.13,574.3 1 0
goldbox-rpg/pkg/game/character.go:576.2,577.39 2 1
goldbox-rpg/pkg/game/character.go:577.39,578.29 1 1
goldbox-rpg/pkg/game/character.go:578.29,580.9 2 1
goldbox-rpg/pkg/game/character.go:583.2,583.23 1 1
goldbox-rpg/pkg/game/character.go:583.23,585.3 1 1
goldbox-rpg/pkg/game/character.go:588.2,591.53 2 1
goldbox-rpg/pkg/game/character.go:591.53,593.53 1 1
goldbox-rpg/pkg/game/character.go:593.53,595.4 1 1
goldbox-rpg/pkg/game/character.go:598.3,601.66 2 1
goldbox-rpg/pkg/game/character.go:601.66,603.4 1 0
goldbox-rpg/pkg/game/character.go:603.9,605.60 1 1
goldbox-rpg/pkg/game/character.go:605.60,606.35 1 1
goldbox-rpg/pkg/game/character.go:606.35,608.11 2 1
goldbox-rpg/pkg/game/character.go:613.3,613.20 1 1
goldbox-rpg/pkg/game/character.go:613.20,615.4 1 1
goldbox-rpg/pkg/game/character.go:619.2,619.104 1 1
goldbox-rpg/pkg/game/character.go:619.104,620.106 1 1
goldbox-rpg/pkg/game/character.go:620.106,626.58 3 1
goldbox-rpg/pkg/game/character.go:626.58,627.34 1 1
goldbox-rpg/pkg/game/character.go:627.34,629.11 2 1
goldbox-rpg/pkg/game/character.go:632.4,632.21 1 1
goldbox-rpg/pkg/game/character.go:632.21,634.5 1 1
goldbox-rpg/pkg/game/character.go:638.2,638.13 1 1
goldbox-rpg/pkg/game/character.go:651.71,655.47 3 0
goldbox-rpg/pkg/game/character.go:655.47,657.3 1 0
goldbox-rpg/pkg/game/character.go:658.2,658.19 1 0
goldbox-rpg/pkg/game/character.go:667.66,672.38 4 0
goldbox-rpg/pkg/game/character.go:672.38,674.3 1 0
goldbox-rpg/pkg/game/character.go:675.2,675.22 1 0
goldbox-rpg/pkg/game/character.go:682.57,687.2 1 0
goldbox-rpg/pkg/game/character.go:696.64,702.35 4 1
goldbox-rpg/pkg/game/character.go:702.35,704.44 1 1
goldbox-rpg/pkg/game/character.go:704.44,706.25 1 1
goldbox-rpg/pkg/game/character.go:706.25,713.45 5 1
goldbox-rpg/pkg/game/character.go:713.45,714.50 1 1
goldbox-rpg/pkg/game/character.go:714.50,716.12 2 1
goldbox-rpg/pkg/game/character.go:720.5,720.49 1 1
goldbox-rpg/pkg/game/character.go:720.49,722.34 2 1
goldbox-rpg/pkg/game/character.go:722.34,724.7 1 1
goldbox-rpg/pkg/game/character.go:724.12,726.7 1 1
goldbox-rpg/pkg/game/character.go:727.6,729.20 2 1
goldbox-rpg/pkg/game/character.go:729.20,731.7 1 1
goldbox-rpg/pkg/game/character.go:737.3,737.42 1 1
goldbox-rpg/pkg/game/character.go:737.42,739.4 1 1
goldbox-rpg/pkg/game/character.go:742.2,742.16 1 1
goldbox-rpg/pkg/game/character.go:760.57,765.19 3 1
goldbox-rpg/pkg/game/character.go:765.19,767.3 1 1
goldbox-rpg/pkg/game/character.go:770.2,773.43 3 1
goldbox-rpg/pkg/game/character.go:773.43,776.3 1 1
goldbox-rpg/pkg/game/character.go:779.2,780.12 2 1
goldbox-rpg/pkg/game/character.go:793.75,797.35 3 1
goldbox-rpg/pkg/game/character.go:797.35,798.24 1 1
goldbox-rpg/pkg/game/character.go:798.24,803.4 3 1
goldbox-rpg/pkg/game/character.go:806.2,806.67 1 1
goldbox-rpg/pkg/game/character.go:819.69,823.35 3 0
goldbox-rpg/pkg/game/character.go:823.35,824.24 1 0
goldbox-rpg/pkg/game/character.go:824.24,826.4 1 0
goldbox-rpg/pkg/game/character.go:828.2,828.16 1 0
goldbox-rpg/pkg/game/character.go:837.43,844.2 5 0
goldbox-rpg/pkg/game/character.go:852.46,857.2 3 1
goldbox-rpg/pkg/game/character.go:860.48,864.35 2 1
goldbox-rpg/pkg/game/character.go:864.35,866.3 1 1
goldbox-rpg/pkg/game/character.go:869.2,869.35 1 1
goldbox-rpg/pkg/game/character.go:869.35,871.3 1 1
goldbox-rpg/pkg/game/character.go:873.2,873.20 1 1
goldbox-rpg/pkg/game/character.go:877.56,882.2 3 1
goldbox-rpg/pkg/game/character.go:893.49,897.35 3 1
goldbox-rpg/pkg/game/character.go:897.35,898.24 1 1
goldbox-rpg/pkg/game/character.go:898.24,900.4 1 1
goldbox-rpg/pkg/game/character.go:902.2,902.14 1 1
goldbox-rpg/pkg/game/character.go:914.53,919.35 4 1
goldbox-rpg/pkg/game/character.go:919.35,920.28 1 1
goldbox-rpg/pkg/game/character.go:920.28,922.4 1 1
goldbox-rpg/pkg/game/character.go:924.2,924.14 1 1
goldbox-rpg/pkg/game/character.go:937.85,939.31 1 1
goldbox-rpg/pkg/game/character.go:939.31,944.3 4 1
goldbox-rpg/pkg/game/character.go:944.8,949.3 4 0
goldbox-rpg/pkg/game/character.go:952.2,954.35 3 1
goldbox-rpg/pkg/game/character.go:954.35,955.24 1 1
goldbox-rpg/pkg/game/character.go:955.24,958.9 3 1
goldbox-rpg/pkg/game/character.go:962.2,962.21 1 1
goldbox-rpg/pkg/game/character.go:962.21,964.3 1 1
goldbox-rpg/pkg/game/character.go:967.2,970.63 3 1
goldbox-rpg/pkg/game/character.go:970.63,972.3 1 0
goldbox-rpg/pkg/game/character.go:975.2,980.12 3 1
goldbox-rpg/pkg/game/character.go:984.43,986.43 1 1
goldbox-rpg/pkg/game/character.go:986.43,987.19 1 1
goldbox-rpg/pkg/game/character.go:988.31,989.18 1 1
goldbox-rpg/pkg/game/character.go:990.33,991.19 1 0
goldbox-rpg/pkg/game/character.go:992.31,993.18 1 1
goldbox-rpg/pkg/game/character.go:998.2,999.9 2 1
goldbox-rpg/pkg/game/character.go:1000.122,1001.17 1 1
goldbox-rpg/pkg/game/character.go:1002.123,1003.18 1 1
goldbox-rpg/pkg/game/character.go:1004.120,1005.17 1 1
goldbox-rpg/pkg/game/character.go:1006.10,1008.17 1 1
goldbox-rpg/pkg/game/character.go:1014.43,1015.28 1 1
goldbox-rpg/pkg/game/character.go:1015.28,1018.3 2 1
goldbox-rpg/pkg/game/character.go:1022.38,1035.2 1 1
goldbox-rpg/pkg/game/character.go:1038.55,1040.28 2 0
goldbox-rpg/pkg/game/character.go:1040.28,1043.3 2 0
goldbox-rpg/pkg/game/character.go:1044.2,1049.24 5 0
goldbox-rpg/pkg/game/character.go:1055.53,1060.2 4 0
goldbox-rpg/pkg/game/character.go:1063.57,1068.2 4 0
goldbox-rpg/pkg/game/character.go:1071.59,1074.28 3 0
goldbox-rpg/pkg/game/character.go:1074.28,1076.3 1 0
goldbox-rpg/pkg/game/character.go:1077.2,1077.46 1 0
goldbox-rpg/pkg/game/character.go:1081.44,1084.28 3 0
goldbox-rpg/pkg/game/character.go:1084.28,1086.3 1 0
goldbox-rpg/pkg/game/character.go:1087.2,1087.37 1 0
goldbox-rpg/pkg/game/character.go:1091.39,1093.28 2 0
goldbox-rpg/pkg/game/character.go:1093.28,1096.3 2 0
goldbox-rpg/pkg/game/character.go:1097.2,1102.35 5 0
goldbox-rpg/pkg/game/character.go:1106.44,1111.2 4 0
goldbox-rpg/pkg/game/character.go:1114.43,1116.28 2 0
goldbox-rpg/pkg/game/character.go:1116.28,1119.3 2 0
goldbox-rpg/pkg/game/character.go:1120.2,1125.39 5 0
goldbox-rpg/pkg/game/character.go:1136.36,1140.2 3 1
goldbox-rpg/pkg/game/character.go:1148.43,1152.2 3 1
goldbox-rpg/pkg/game/character.go:1164.59,1165.12 1 1
goldbox-rpg/pkg/game/character.go:1165.12,1167.3 1 1
goldbox-rpg/pkg/game/character.go:1169.2,1177.25 6 1
goldbox-rpg/pkg/game/character.go:1177.25,1180.32 2 1
goldbox-rpg/pkg/game/character.go:1180.32,1182.4 1 1
goldbox-rpg/pkg/game/character.go:1183.3,1183.19 1 1
goldbox-rpg/pkg/game/character.go:1186.2,1186.19 1 1
goldbox-rpg/pkg/game/character.go:1198.47,1199.15 1 1
goldbox-rpg/pkg/game/character.go:1199.15,1201.3 1 1
goldbox-rpg/pkg/game/character.go:1203.2,1206.12 4 1
goldbox-rpg/pkg/game/character.go:1218.51,1219.12 1 1
goldbox-rpg/pkg/game/character.go:1219.12,1221.3 1 1
goldbox-rpg/pkg/game/character.go:1223.2,1226.12 4 1
goldbox-rpg/pkg/game/character.go:1235.54,1240.23 4 1
goldbox-rpg/pkg/game/character.go:1240.23,1242.3 1 0
goldbox-rpg/pkg/game/character.go:1244.2,1245.19 2 1
goldbox-rpg/pkg/game/character.go:1245.19,1247.3 1 0
goldbox-rpg/pkg/game/character.go:1248.2,1248.18 1 1
goldbox-rpg/pkg/game/character.go:1253.56,1255.6 2 1
goldbox-rpg/pkg/game/character.go:1255.6,1257.52 2 1
goldbox-rpg/pkg/game/character.go:1257.52,1258.9 1 1
goldbox-rpg/pkg/game/character.go:1260.3,1260.10 1 1
goldbox-rpg/pkg/game/character.go:1262.2,1262.14 1 1
goldbox-rpg/pkg/game/character.go:1267.68,1268.16 1 1
goldbox-rpg/pkg/game/character.go:1268.16,1270.3 1 1
goldbox-rpg/pkg/game/character.go:1271.2,1271.16 1 1
goldbox-rpg/pkg/game/character.go:1271.16,1273.3 1 1
goldbox-rpg/pkg/game/character.go:1277.2,1277.15 1 1
goldbox-rpg/pkg/game/character.go:1278.9,1279.14 1 1
goldbox-rpg/pkg/game/character.go:1280.9,1281.14 1 1
goldbox-rpg/pkg/game/character.go:1282.9,1283.14 1 1
goldbox-rpg/pkg/game/character.go:1284.9,1285.14 1 1
goldbox-rpg/pkg/game/character.go:1286.9,1287.15 1 1
goldbox-rpg/pkg/game/character.go:1288.9,1289.15 1 0
goldbox-rpg/pkg/game/character.go:1290.9,1291.15 1 0
goldbox-rpg/pkg/game/character.go:1292.9,1293.16 1 0
goldbox-rpg/pkg/game/character.go:1294.10,1295.16 1 1
goldbox-rpg/pkg/game/character.go:1296.10,1299.31 2 0
goldbox-rpg/pkg/game/character.go:1299.31,1301.4 1 0
goldbox-rpg/pkg/game/character.go:1302.3,1302.16 1 0
goldbox-rpg/pkg/game/character_creation.go:88.46,102.2 4 1
goldbox-rpg/pkg/game/character_creation.go:122.101,133.50 2 1
goldbox-rpg/pkg/game/character_creation.go:133.50,136.3 2 1
goldbox-rpg/pkg/game/character_creation.go:139.2,140.16 2 1
goldbox-rpg/pkg/game/character_creation.go:140.16,143.3 2 0
goldbox-rpg/pkg/game/character_creation.go:146.2,146.79 1 1
goldbox-rpg/pkg/game/character_creation.go:146.79,149.3 2 1
goldbox-rpg/pkg/game/character_creation.go:152.2,176.30 3 1
goldbox-rpg/pkg/game/character_creation.go:176.30,180.3 3 1
goldbox-rpg/pkg/game/character_creation.go:183.2,196.15 6 1
goldbox-rpg/pkg/game/character_creation.go:214.104,217.32 2 1
goldbox-rpg/pkg/game/character_creation.go:218.14,224.46 6 1
goldbox-rpg/pkg/game/character_creation.go:226.18,227.41 1 1
goldbox-rpg/pkg/game/character_creation.go:229.18,232.39 3 1
goldbox-rpg/pkg/game/character_creation.go:232.39,234.4 1 1
goldbox-rpg/pkg/game/character_creation.go:236.16,237.37 1 1
goldbox-rpg/pkg/game/character_creation.go:237.37,239.4 1 0
goldbox-rpg/pkg/game/character_creation.go:240.3,240.51 1 1
goldbox-rpg/pkg/game/character_creation.go:240.51,241.31 1 1
goldbox-rpg/pkg/game/character_creation.go:241.31,243.5 1 0
goldbox-rpg/pkg/game/character_creation.go:244.4,244.27 1 1
goldbox-rpg/pkg/game/character_creation.go:247.10,248.81 1 0
goldbox-rpg/pkg/game/character_creation.go:251.2,251.24 1 1
goldbox-rpg/pkg/game/character_creation.go:259.49,261.25 2 1
goldbox-rpg/pkg/game/character_creation.go:261.25,263.3 1 1
goldbox-rpg/pkg/game/character_creation.go:266.2,268.25 3 1
goldbox-rpg/pkg/game/character_creation.go:268.25,269.26 1 1
goldbox-rpg/pkg/game/character_creation.go:269.26,272.4 2 1
goldbox-rpg/pkg/game/character_creation.go:275.2,276.25 2 1
goldbox-rpg/pkg/game/character_creation.go:276.25,277.20 1 1
goldbox-rpg/pkg/game/character_creation.go:277.20,279.4 1 1
goldbox-rpg/pkg/game/character_creation.go:282.2,282.14 1 1
goldbox-rpg/pkg/game/character_creation.go:291.82,305.53 4 1
goldbox-rpg/pkg/game/character_creation.go:305.53,309.32 3 1
goldbox-rpg/pkg/game/character_creation.go:309.32,311.34 2 1
goldbox-rpg/pkg/game/character_creation.go:311.34,313.5 1 1
goldbox-rpg/pkg/game/character_creation.go:315.4,315.36 1 1
goldbox-rpg/pkg/game/character_creation.go:315.36,318.5 2 1
goldbox-rpg/pkg/game/character_creation.go:318.10,321.5 1 0
goldbox-rpg/pkg/game/character_creation.go:322.9,325.4 1 0
goldbox-rpg/pkg/game/character_creation.go:328.2,328.24 1 1
goldbox-rpg/pkg/game/character_creation.go:338.82,339.23 1 1
goldbox-rpg/pkg/game/character_creation.go:339.23,341.3 1 1
goldbox-rpg/pkg/game/character_creation.go:343.2,343.27 1 1
goldbox-rpg/pkg/game/character_creation.go:343.27,345.3 1 1
goldbox-rpg/pkg/game/character_creation.go:347.2,354.43 2 1
goldbox-rpg/pkg/game/character_creation.go:354.43,356.3 1 1
goldbox-rpg/pkg/game/character_creation.go:358.2,358.12 1 1
goldbox-rpg/pkg/game/character_creation.go:369.110,371.13 2 1
goldbox-rpg/pkg/game/character_creation.go:371.13,373.3 1 0
goldbox-rpg/pkg/game/character_creation.go:375.2,375.62 1 1
goldbox-rpg/pkg/game/character_creation.go:375.62,378.3 1 1
goldbox-rpg/pkg/game/character_creation.go:380.2,380.63 1 1
goldbox-rpg/pkg/game/character_creation.go:380.63,383.3 1 0
goldbox-rpg/pkg/game/character_creation.go:385.2,385.66 1 1
goldbox-rpg/pkg/game/character_creation.go:385.66,388.3 1 0
goldbox-rpg/pkg/game/character_creation.go:390.2,390.66 1 1
goldbox-rpg/pkg/game/character_creation.go:390.66,393.3 1 0
goldbox-rpg/pkg/game/character_creation.go:395.2,395.60 1 1
goldbox-rpg/pkg/game/character_creation.go:395.60,398.3 1 0
goldbox-rpg/pkg/game/character_creation.go:400.2,400.62 1 1
goldbox-rpg/pkg/game/character_creation.go:400.62,403.3 1 0
goldbox-rpg/pkg/game/character_creation.go:405.2,405.12 1 1
goldbox-rpg/pkg/game/character_creation.go:413.95,438.2 9 1
goldbox-rpg/pkg/game/character_creation.go:447.79,450.15 2 1
goldbox-rpg/pkg/game/character_creation.go:451.20,453.66 2 1
goldbox-rpg/pkg/game/character_creation.go:454.17,456.8 1 1
goldbox-rpg/pkg/game/character_creation.go:457.19,458.66 1 0
goldbox-rpg/pkg/game/character_creation.go:459.18,460.70 1 1
goldbox-rpg/pkg/game/character_creation.go:461.19,463.66 2 0
goldbox-rpg/pkg/game/character_creation.go:464.20,466.66 2 0
goldbox-rpg/pkg/game/character_creation.go:469.2,469.18 1 1
goldbox-rpg/pkg/game/character_creation.go:473.61,575.2 6 1
goldbox-rpg/pkg/game/character_creation.go:578.54,597.2 2 1
goldbox-rpg/pkg/game/classes.go:32.42,41.2 1 1
goldbox-rpg/pkg/game/classes.go:113.69,160.13 3 1
goldbox-rpg/pkg/game/classes.go:160.13,163.3 1 0
goldbox-rpg/pkg/game/classes.go:165.2,165.22 1 1
goldbox-rpg/pkg/game/default_world.go:8.34,22.36 3 1
goldbox-rpg/pkg/game/default_world.go:22.36,24.36 2 1
goldbox-rpg/pkg/game/default_world.go:24.36,26.69 1 1
goldbox-rpg/pkg/game/default_world.go:26.69,36.5 1 1
goldbox-rpg/pkg/game/default_world.go:36.10,47.5 1 1
goldbox-rpg/pkg/game/default_world.go:52.2,57.14 2 1
goldbox-rpg/pkg/game/dice.go:26.34,30.2 1 1
goldbox-rpg/pkg/game/dice.go:33.52,37.2 1 1
goldbox-rpg/pkg/game/dice.go:40.66,41.22 1 1
goldbox-rpg/pkg/game/dice.go:41.22,43.3 1 1
goldbox-rpg/pkg/game/dice.go:46.2,53.22 5 1
goldbox-rpg/pkg/game/dice.go:53.22,55.3 1 1
goldbox-rpg/pkg/game/dice.go:58.2,59.32 2 1
goldbox-rpg/pkg/game/dice.go:59.32,61.3 1 1
goldbox-rpg/pkg/game/dice.go:64.2,65.32 2 1
goldbox-rpg/pkg/game/dice.go:65.32,67.3 1 1
goldbox-rpg/pkg/game/dice.go:70.2,71.43 2 1
goldbox-rpg/pkg/game/dice.go:71.43,73.17 2 1
goldbox-rpg/pkg/game/dice.go:73.17,75.4 1 0
goldbox-rpg/pkg/game/dice.go:79.2,82.31 3 1
goldbox-rpg/pkg/game/dice.go:82.31,86.3 3 1
goldbox-rpg/pkg/game/dice.go:88.2,95.8 2 1
goldbox-rpg/pkg/game/dice.go:99.77,104.35 4 1
goldbox-rpg/pkg/game/dice.go:104.35,105.17 1 1
goldbox-rpg/pkg/game/dice.go:105.17,106.12 1 0
goldbox-rpg/pkg/game/dice.go:109.3,110.17 2 1
goldbox-rpg/pkg/game/dice.go:110.17,112.4 1 0
goldbox-rpg/pkg/game/dice.go:114.3,116.33 3 1
goldbox-rpg/pkg/game/dice.go:119.2,126.8 2 1
goldbox-rpg/pkg/game/dice.go:130.37,131.24 1 1
goldbox-rpg/pkg/game/dice.go:131.24,133.3 1 1
goldbox-rpg/pkg/game/dice.go:135.2,136.22 2 1
goldbox-rpg/pkg/game/dice.go:136.22,138.3 1 1
goldbox-rpg/pkg/game/dice.go:138.8,138.28 1 1
goldbox-rpg/pkg/game/dice.go:138.28,140.3 1 1
goldbox-rpg/pkg/game/dice.go:140.8,142.3 1 1
goldbox-rpg/pkg/game/dice.go:146.63,147.22 1 1
goldbox-rpg/pkg/game/dice.go:147.22,149.3 1 1
goldbox-rpg/pkg/game/dice.go:152.2,159.22 5 1
goldbox-rpg/pkg/game/dice.go:159.22,161.3 1 1
goldbox-rpg/pkg/game/dice.go:164.2,165.32 2 1
goldbox-rpg/pkg/game/dice.go:165.32,167.3 1 0
goldbox-rpg/pkg/game/dice.go:169.2,170.32 2 1
goldbox-rpg/pkg/game/dice.go:170.32,172.3 1 1
goldbox-rpg/pkg/game/dice.go:174.2,175.43 2 1
goldbox-rpg/pkg/game/dice.go:175.43,177.17 2 1
goldbox-rpg/pkg/game/dice.go:177.17,179.4 1 0
goldbox-rpg/pkg/game/dice.go:183.2,186.22 3 1
goldbox-rpg/pkg/game/dispel_info.go:32.93,38.2 1 1
goldbox-rpg/pkg/game/dispel_info.go:42.68,43.19 1 1
goldbox-rpg/pkg/game/dispel_info.go:43.19,45.3 1 1
goldbox-rpg/pkg/game/dispel_info.go:47.2,47.29 1 1
goldbox-rpg/pkg/game/dispel_info.go:47.29,48.40 1 1
goldbox-rpg/pkg/game/dispel_info.go:48.40,50.4 1 1
goldbox-rpg/pkg/game/dispel_info.go:53.2,53.32 1 1
goldbox-rpg/pkg/game/duration.go:28.70,34.2 1 1
goldbox-rpg/pkg/game/duration.go:39.36,41.2 1 1
goldbox-rpg/pkg/game/duration.go:45.35,46.18 1 1
goldbox-rpg/pkg/game/duration.go:46.18,48.3 1 1
goldbox-rpg/pkg/game/duration.go:49.2,49.17 1 1
goldbox-rpg/pkg/game/duration.go:49.17,51.3 1 1
goldbox-rpg/pkg/game/duration.go:52.2,52.20 1 1
goldbox-rpg/pkg/game/duration.go:52.20,54.3 1 1
goldbox-rpg/pkg/game/duration.go:55.2,55.18 1 1
goldbox-rpg/pkg/game/effectbehavior.go:49.45,51.2 1 1
goldbox-rpg/pkg/game/effectbehavior.go:55.83,67.2 1 1
goldbox-rpg/pkg/game/effectbehavior.go:87.84,99.2 1 1
goldbox-rpg/pkg/game/effectbehavior.go:119.85,131.2 1 1
goldbox-rpg/pkg/game/effectbehavior.go:156.54,157.14 1 1
goldbox-rpg/pkg/game/effectbehavior.go:157.14,159.3 1 1
goldbox-rpg/pkg/game/effectbehavior.go:160.2,160.16 1 1
goldbox-rpg/pkg/game/effectbehavior.go:161.51,168.10 1 1
goldbox-rpg/pkg/game/effectbehavior.go:169.10,170.20 1 1
goldbox-rpg/pkg/game/effectbehavior.go:197.91,198.44 1 0
goldbox-rpg/pkg/game/effectbehavior.go:198.44,200.3 1 0
goldbox-rpg/pkg/game/effectbehavior.go:203.2,212.28 4 0
goldbox-rpg/pkg/game/effectbehavior.go:213.21,214.34 1 0
goldbox-rpg/pkg/game/effectbehavior.go:215.22,216.29 1 0
goldbox-rpg/pkg/game/effectbehavior.go:217.20,218.27 1 0
goldbox-rpg/pkg/game/effectbehavior.go:219.28,219.28 0 0
goldbox-rpg/pkg/game/effectbehavior.go:220.26,220.26 0 0
goldbox-rpg/pkg/game/effectbehavior.go:221.18,221.18 0 0
goldbox-rpg/pkg/game/effectbehavior.go:222.23,222.23 0 0
goldbox-rpg/pkg/game/effectbehavior.go:223.25,223.25 0 0
goldbox-rpg/pkg/game/effectbehavior.go:224.18,224.18 0 0
goldbox-rpg/pkg/game/effectbehavior.go:225.10,226.109 1 0
goldbox-rpg/pkg/game/effectbehavior.go:251.106,262.22 6 1
goldbox-rpg/pkg/game/effectbehavior.go:262.22,266.3 1 1
goldbox-rpg/pkg/game/effectbehavior.go:266.8,268.3 1 0
goldbox-rpg/pkg/game/effectbehavior.go:269.2,271.60 2 1
goldbox-rpg/pkg/game/effectbehavior.go:294.81,296.17 1 1
goldbox-rpg/pkg/game/effectbehavior.go:297.18,298.39 1 1
goldbox-rpg/pkg/game/effectbehavior.go:299.20,300.38 1 0
goldbox-rpg/pkg/game/effectbehavior.go:301.10,302.11 1 0
goldbox-rpg/pkg/game/effectbehavior.go:322.62,326.2 3 0
goldbox-rpg/pkg/game/effectbehavior.go:341.65,344.2 1 0
goldbox-rpg/pkg/game/effectbehavior.go:367.60,368.52 1 0
goldbox-rpg/pkg/game/effectbehavior.go:368.52,371.3 2 0
goldbox-rpg/pkg/game/effectbehavior.go:374.2,374.21 1 0
goldbox-rpg/pkg/game/effectbehavior.go:375.28,376.70 1 0
goldbox-rpg/pkg/game/effectbehavior.go:377.26,379.30 2 0
goldbox-rpg/pkg/game/effectbehavior.go:379.30,381.4 1 0
goldbox-rpg/pkg/game/effectbehavior.go:382.3,385.4 1 0
goldbox-rpg/pkg/game/effectbehavior.go:386.22,386.22 0 0
goldbox-rpg/pkg/game/effectbehavior.go:387.21,387.21 0 0
goldbox-rpg/pkg/game/effectbehavior.go:388.20,388.20 0 0
goldbox-rpg/pkg/game/effectbehavior.go:389.18,389.18 0 0
goldbox-rpg/pkg/game/effectbehavior.go:390.23,390.23 0 0
goldbox-rpg/pkg/game/effectbehavior.go:391.25,391.25 0 0
goldbox-rpg/pkg/game/effectbehavior.go:392.18,392.18 0 0
goldbox-rpg/pkg/game/effectbehavior.go:393.10,394.100 1 0
goldbox-rpg/pkg/game/effectimmunity.go:23.56,31.2 1 1
goldbox-rpg/pkg/game/effectimmunity.go:50.84,54.27 3 1
goldbox-rpg/pkg/game/effectimmunity.go:54.27,57.3 2 1
goldbox-rpg/pkg/game/effectimmunity.go:57.8,59.3 1 1
goldbox-rpg/pkg/game/effectimmunity.go:86.77,91.63 3 1
goldbox-rpg/pkg/game/effectimmunity.go:91.63,92.44 1 1
goldbox-rpg/pkg/game/effectimmunity.go:92.44,94.4 1 1
goldbox-rpg/pkg/game/effectimmunity.go:96.3,96.40 1 1
goldbox-rpg/pkg/game/effectimmunity.go:100.2,100.59 1 1
goldbox-rpg/pkg/game/effectimmunity.go:100.59,102.3 1 1
goldbox-rpg/pkg/game/effectimmunity.go:104.2,109.3 1 1
goldbox-rpg/pkg/game/effectimmunity.go:132.83,145.43 5 1
goldbox-rpg/pkg/game/effectimmunity.go:145.43,146.35 1 1
goldbox-rpg/pkg/game/effectimmunity.go:146.35,147.12 1 1
goldbox-rpg/pkg/game/effectimmunity.go:150.3,150.49 1 1
goldbox-rpg/pkg/game/effectimmunity.go:150.49,151.54 1 1
goldbox-rpg/pkg/game/effectimmunity.go:151.54,157.10 2 1
goldbox-rpg/pkg/game/effectimmunity.go:163.2,163.45 1 1
goldbox-rpg/pkg/game/effectimmunity.go:163.45,165.3 1 1
goldbox-rpg/pkg/game/effectimmunity.go:168.2,169.52 2 1
goldbox-rpg/pkg/game/effectimmunity.go:169.52,172.3 2 1
goldbox-rpg/pkg/game/effectimmunity.go:174.2,174.22 1 1
goldbox-rpg/pkg/game/effectimmunity.go:174.22,176.3 1 1
goldbox-rpg/pkg/game/effectimmunity.go:178.2,178.16 1 1
goldbox-rpg/pkg/game/effectimmunity.go:200.118,204.2 3 1
goldbox-rpg/pkg/game/effectimmunity.go:223.93,231.2 3 1
goldbox-rpg/pkg/game/effectimmunity.go:250.60,253.23 2 1
goldbox-rpg/pkg/game/effectimmunity.go:254.24,255.67 1 1
goldbox-rpg/pkg/game/effectimmunity.go:257.23,259.40 1 1
goldbox-rpg/pkg/game/effectimmunity.go:261.23,262.48 1 1
goldbox-rpg/pkg/game/effectimmunity.go:263.20,263.20 0 1
goldbox-rpg/pkg/game/effectimmunity.go:265.10,266.64 1 1
goldbox-rpg/pkg/game/effectimmunity.go:270.2,270.39 1 1
goldbox-rpg/pkg/game/effectimmunity.go:293.28,319.2 7 1
goldbox-rpg/pkg/game/effectmanager.go:72.31,84.2 1 1
goldbox-rpg/pkg/game/effectmanager.go:103.62,107.58 3 0
goldbox-rpg/pkg/game/effectmanager.go:107.58,112.3 4 0
goldbox-rpg/pkg/game/effectmanager.go:113.2,113.53 1 0
goldbox-rpg/pkg/game/effectmanager.go:133.63,139.43 4 0
goldbox-rpg/pkg/game/effectmanager.go:139.43,141.36 1 0
goldbox-rpg/pkg/game/effectmanager.go:141.36,144.12 3 0
goldbox-rpg/pkg/game/effectmanager.go:148.3,148.37 1 0
goldbox-rpg/pkg/game/effectmanager.go:148.37,150.4 1 0
goldbox-rpg/pkg/game/effectmanager.go:153.2,153.17 1 0
goldbox-rpg/pkg/game/effectmanager.go:153.17,155.3 1 0
goldbox-rpg/pkg/game/effectmanager.go:172.45,181.42 5 1
goldbox-rpg/pkg/game/effectmanager.go:181.42,184.40 2 1
goldbox-rpg/pkg/game/effectmanager.go:184.40,185.25 1 0
goldbox-rpg/pkg/game/effectmanager.go:186.16,187.47 1 0
goldbox-rpg/pkg/game/effectmanager.go:188.21,189.76 1 0
goldbox-rpg/pkg/game/effectmanager.go:190.16,191.77 1 0
goldbox-rpg/pkg/game/effectmanager.go:191.77,193.6 1 0
goldbox-rpg/pkg/game/effectmanager.go:199.2,201.28 2 1
goldbox-rpg/pkg/game/effectmanager.go:220.106,222.55 1 1
goldbox-rpg/pkg/game/effectmanager.go:222.55,223.39 1 1
goldbox-rpg/pkg/game/effectmanager.go:223.39,225.4 1 0
goldbox-rpg/pkg/game/effectmanager.go:226.3,226.41 1 1
goldbox-rpg/pkg/game/effectmanager.go:226.41,228.4 1 0
goldbox-rpg/pkg/game/effectmanager.go:229.3,229.39 1 1
goldbox-rpg/pkg/game/effectmanager.go:229.39,231.4 1 0
goldbox-rpg/pkg/game/effectmanager.go:235.2,239.48 5 1
goldbox-rpg/pkg/game/effectmanager.go:256.32,268.2 1 1
goldbox-rpg/pkg/game/effectmanager.go:293.44,294.12 1 1
goldbox-rpg/pkg/game/effectmanager.go:295.65,296.14 1 1
goldbox-rpg/pkg/game/effectmanager.go:297.10,298.15 1 1
goldbox-rpg/pkg/game/effectmanager.go:322.68,327.44 3 1
goldbox-rpg/pkg/game/effectmanager.go:327.44,328.35 1 1
goldbox-rpg/pkg/game/effectmanager.go:328.35,329.11 1 1
goldbox-rpg/pkg/game/effectmanager.go:330.38,332.15 2 1
goldbox-rpg/pkg/game/effectmanager.go:333.47,336.10 2 0
goldbox-rpg/pkg/game/effectmanager.go:337.12,338.65 1 0
goldbox-rpg/pkg/game/effectmanager.go:344.2,351.12 5 1
goldbox-rpg/pkg/game/effectmanager.go:357.64,361.42 3 0
goldbox-rpg/pkg/game/effectmanager.go:361.42,362.51 1 0
goldbox-rpg/pkg/game/effectmanager.go:362.51,364.4 1 0
goldbox-rpg/pkg/game/effectmanager.go:366.2,366.14 1 0
goldbox-rpg/pkg/game/effectmanager.go:370.58,372.2 1 0
goldbox-rpg/pkg/game/effectmanager.go:375.49,380.42 4 0
goldbox-rpg/pkg/game/effectmanager.go:380.42,381.22 1 0
goldbox-rpg/pkg/game/effectmanager.go:381.22,383.4 1 0
goldbox-rpg/pkg/game/effectmanager.go:385.2,385.16 1 0
goldbox-rpg/pkg/game/effectmanager.go:389.44,393.2 3 0
goldbox-rpg/pkg/game/effectmanager.go:396.49,400.2 3 0
goldbox-rpg/pkg/game/effectmanager.go:403.48,407.2 3 0
goldbox-rpg/pkg/game/effects.go:225.56,236.2 3 1
goldbox-rpg/pkg/game/effects.go:264.85,293.2 1 1
goldbox-rpg/pkg/game/effects.go:313.119,326.2 4 1
goldbox-rpg/pkg/game/effects.go:344.56,345.29 1 1
goldbox-rpg/pkg/game/effects.go:345.29,347.3 1 1
goldbox-rpg/pkg/game/effects.go:348.2,348.27 1 1
goldbox-rpg/pkg/game/effects.go:348.27,351.3 1 1
goldbox-rpg/pkg/game/effects.go:352.2,352.26 1 1
goldbox-rpg/pkg/game/effects.go:352.26,355.3 1 0
goldbox-rpg/pkg/game/effects.go:358.2,358.78 1 1
goldbox-rpg/pkg/game/effects.go:358.78,360.3 1 1
goldbox-rpg/pkg/game/effects.go:363.2,363.81 1 1
goldbox-rpg/pkg/game/effects.go:363.81,365.3 1 1
goldbox-rpg/pkg/game/effects.go:367.2,367.14 1 0
goldbox-rpg/pkg/game/effects.go:386.57,387.30 1 1
goldbox-rpg/pkg/game/effects.go:387.30,389.3 1 1
goldbox-rpg/pkg/game/effects.go:390.2,391.48 2 1
goldbox-rpg/pkg/game/effects.go:412.45,414.2 1 1
goldbox-rpg/pkg/game/effects.go:424.52,426.2 1 1
goldbox-rpg/pkg/game/effects.go:437.44,439.2 1 1
goldbox-rpg/pkg/game/effects.go:457.54,458.16 1 1
goldbox-rpg/pkg/game/effects.go:459.51,466.10 1 1
goldbox-rpg/pkg/game/effects.go:467.10,468.20 1 1
goldbox-rpg/pkg/game/equipment.go:19.41,32.46 2 1
goldbox-rpg/pkg/game/equipment.go:32.46,34.3 1 1
goldbox-rpg/pkg/game/equipment.go:35.2,35.18 1 1
goldbox-rpg/pkg/game/events.go:134.36,138.2 1 1
goldbox-rpg/pkg/game/events.go:153.77,158.2 3 1
goldbox-rpg/pkg/game/events.go:175.46,180.35 4 1
goldbox-rpg/pkg/game/events.go:180.35,182.3 1 1
goldbox-rpg/pkg/game/events.go:198.64,210.2 2 1
goldbox-rpg/pkg/game/events.go:224.33,228.2 1 1
goldbox-rpg/pkg/game/events.go:244.13,246.67 1 1
goldbox-rpg/pkg/game/events.go:246.67,252.3 3 1
goldbox-rpg/pkg/game/item.go:50.44,52.2 1 1
goldbox-rpg/pkg/game/item.go:62.40,64.2 1 1
goldbox-rpg/pkg/game/item.go:75.32,77.2 1 1
goldbox-rpg/pkg/game/item.go:84.31,86.2 1 1
goldbox-rpg/pkg/game/item.go:93.33,95.2 1 1
goldbox-rpg/pkg/game/item.go:105.39,107.2 1 1
goldbox-rpg/pkg/game/item.go:119.35,121.2 1 1
goldbox-rpg/pkg/game/item.go:129.32,131.2 1 1
goldbox-rpg/pkg/game/item.go:138.34,140.2 1 1
goldbox-rpg/pkg/game/item.go:150.39,152.2 0 1
goldbox-rpg/pkg/game/item.go:167.48,169.2 1 1
goldbox-rpg/pkg/game/item.go:180.41,182.2 1 1
goldbox-rpg/pkg/game/logger.go:23.31,25.2 1 1
goldbox-rpg/pkg/game/map.go:21.46,22.53 1 1
goldbox-rpg/pkg/game/map.go:22.53,24.3 1 1
goldbox-rpg/pkg/game/map.go:25.2,25.23 1 1
goldbox-rpg/pkg/game/map.go:29.49,38.2 2 1
goldbox-rpg/pkg/game/modifier.go:33.77,39.2 1 1
goldbox-rpg/pkg/game/modifier.go:44.53,45.21 1 1
goldbox-rpg/pkg/game/modifier.go:46.14,47.29 1 1
goldbox-rpg/pkg/game/modifier.go:48.19,49.29 1 1
goldbox-rpg/pkg/game/modifier.go:50.14,51.17 1 1
goldbox-rpg/pkg/game/modifier.go:52.10,53.19 1 1
goldbox-rpg/pkg/game/player.go:42.30,46.2 3 0
goldbox-rpg/pkg/game/player.go:53.32,57.12 3 0
goldbox-rpg/pkg/game/player.go:57.12,59.3 1 0
goldbox-rpg/pkg/game/player.go:59.8,59.25 1 0
goldbox-rpg/pkg/game/player.go:59.25,61.3 1 0
goldbox-rpg/pkg/game/player.go:61.8,63.3 1 0
goldbox-rpg/pkg/game/player.go:71.33,75.2 3 0
goldbox-rpg/pkg/game/player.go:106.60,111.49 3 1
goldbox-rpg/pkg/game/player.go:111.49,113.3 1 1
goldbox-rpg/pkg/game/player.go:114.2,114.63 1 1
goldbox-rpg/pkg/game/player.go:114.63,116.3 1 1
goldbox-rpg/pkg/game/player.go:117.2,117.59 1 1
goldbox-rpg/pkg/game/player.go:117.59,119.3 1 1
goldbox-rpg/pkg/game/player.go:122.2,122.49 1 1
goldbox-rpg/pkg/game/player.go:122.49,124.3 1 1
goldbox-rpg/pkg/game/player.go:125.2,125.49 1 1
goldbox-rpg/pkg/game/player.go:125.49,127.3 1 1
goldbox-rpg/pkg/game/player.go:128.2,128.57 1 1
goldbox-rpg/pkg/game/player.go:128.57,130.3 1 1
goldbox-rpg/pkg/game/player.go:131.2,131.65 1 1
goldbox-rpg/pkg/game/player.go:131.65,133.3 1 1
goldbox-rpg/pkg/game/player.go:136.2,136.49 1 1
goldbox-rpg/pkg/game/player.go:136.49,138.3 1 1
goldbox-rpg/pkg/game/player.go:139.2,139.53 1 1
goldbox-rpg/pkg/game/player.go:139.53,141.3 1 1
goldbox-rpg/pkg/game/player.go:142.2,142.50 1 1
goldbox-rpg/pkg/game/player.go:142.50,144.3 1 1
goldbox-rpg/pkg/game/player.go:145.2,145.55 1 1
goldbox-rpg/pkg/game/player.go:145.55,147.3 1 1
goldbox-rpg/pkg/game/player.go:148.2,148.50 1 1
goldbox-rpg/pkg/game/player.go:148.50,150.3 1 1
goldbox-rpg/pkg/game/player.go:151.2,151.54 1 1
goldbox-rpg/pkg/game/player.go:151.54,153.3 1 1
goldbox-rpg/pkg/game/player.go:156.2,156.42 1 1
goldbox-rpg/pkg/game/player.go:156.42,158.3 1 1
goldbox-rpg/pkg/game/player.go:159.2,159.49 1 1
goldbox-rpg/pkg/game/player.go:159.49,161.3 1 1
goldbox-rpg/pkg/game/player.go:162.2,162.51 1 1
goldbox-rpg/pkg/game/player.go:162.51,164.3 1 1
goldbox-rpg/pkg/game/player.go:165.2,165.48 1 1
goldbox-rpg/pkg/game/player.go:165.48,167.3 1 1
goldbox-rpg/pkg/game/player.go:170.2,170.46 1 1
goldbox-rpg/pkg/game/player.go:170.46,172.3 1 1
goldbox-rpg/pkg/game/player.go:175.2,175.48 1 1
goldbox-rpg/pkg/game/player.go:175.48,177.3 1 1
goldbox-rpg/pkg/game/player.go:178.2,178.53 1 1
goldbox-rpg/pkg/game/player.go:178.53,180.3 1 0
goldbox-rpg/pkg/game/player.go:180.8,180.58 1 1
goldbox-rpg/pkg/game/player.go:180.58,183.3 1 1
goldbox-rpg/pkg/game/player.go:192.34,193.14 1 1
goldbox-rpg/pkg/game/player.go:193.14,195.3 1 1
goldbox-rpg/pkg/game/player.go:197.2,213.14 7 1
goldbox-rpg/pkg/game/player.go:222.54,231.2 1 1
goldbox-rpg/pkg/game/player.go:271.49,275.13 3 1
goldbox-rpg/pkg/game/player.go:275.13,277.3 1 1
goldbox-rpg/pkg/game/player.go:280.2,280.65 1 1
goldbox-rpg/pkg/game/player.go:280.65,282.3 1 1
goldbox-rpg/pkg/game/player.go:284.2,287.66 2 1
goldbox-rpg/pkg/game/player.go:287.66,289.3 1 1
goldbox-rpg/pkg/game/player.go:291.2,291.12 1 1
goldbox-rpg/pkg/game/player.go:310.46,328.2 10 1
goldbox-rpg/pkg/game/player.go:339.36,351.2 1 1
goldbox-rpg/pkg/game/player.go:366.48,370.20 3 0
goldbox-rpg/pkg/game/player.go:370.20,372.3 1 0
goldbox-rpg/pkg/game/player.go:375.2,375.43 1 0
goldbox-rpg/pkg/game/player.go:375.43,376.35 1 0
goldbox-rpg/pkg/game/player.go:376.35,378.4 1 0
goldbox-rpg/pkg/game/player.go:382.2,385.12 3 0
goldbox-rpg/pkg/game/player.go:403.71,407.19 3 0
goldbox-rpg/pkg/game/player.go:407.19,409.3 1 0
goldbox-rpg/pkg/game/player.go:412.2,412.35 1 0
goldbox-rpg/pkg/game/player.go:412.35,413.26 1 0
goldbox-rpg/pkg/game/player.go:413.26,414.38 1 0
goldbox-rpg/pkg/game/player.go:414.38,416.5 1 0
goldbox-rpg/pkg/game/player.go:417.4,417.35 1 0
goldbox-rpg/pkg/game/player.go:417.35,419.5 1 0
goldbox-rpg/pkg/game/player.go:422.4,422.47 1 0
goldbox-rpg/pkg/game/player.go:422.47,423.29 1 0
goldbox-rpg/pkg/game/player.go:423.29,425.6 1 0
goldbox-rpg/pkg/game/player.go:429.4,431.29 2 0
goldbox-rpg/pkg/game/player.go:435.2,435.68 1 0
goldbox-rpg/pkg/game/player.go:454.95,458.19 3 0
goldbox-rpg/pkg/game/player.go:458.19,460.3 1 0
goldbox-rpg/pkg/game/player.go:461.2,461.18 1 0
goldbox-rpg/pkg/game/player.go:461.18,463.3 1 0
goldbox-rpg/pkg/game/player.go:466.2,466.35 1 0
goldbox-rpg/pkg/game/player.go:466.35,467.26 1 0
goldbox-rpg/pkg/game/player.go:467.26,468.35 1 0
goldbox-rpg/pkg/game/player.go:468.35,470.5 1 0
goldbox-rpg/pkg/game/player.go:473.4,473.69 1 0
goldbox-rpg/pkg/game/player.go:473.69,475.5 1 0
goldbox-rpg/pkg/game/player.go:478.4,479.38 2 0
goldbox-rpg/pkg/game/player.go:479.38,482.5 2 0
goldbox-rpg/pkg/game/player.go:482.10,485.5 2 0
goldbox-rpg/pkg/game/player.go:487.4,487.14 1 0
goldbox-rpg/pkg/game/player.go:491.2,491.63 1 0
goldbox-rpg/pkg/game/player.go:504.50,508.19 3 0
goldbox-rpg/pkg/game/player.go:508.19,510.3 1 0
goldbox-rpg/pkg/game/player.go:513.2,513.35 1 0
goldbox-rpg/pkg/game/player.go:513.35,514.26 1 0
goldbox-rpg/pkg/game/player.go:514.26,515.38 1 0
goldbox-rpg/pkg/game/player.go:515.38,517.5 1 0
goldbox-rpg/pkg/game/player.go:518.4,518.35 1 0
goldbox-rpg/pkg/game/player.go:518.35,520.5 1 0
goldbox-rpg/pkg/game/player.go:523.4,524.14 2 0
goldbox-rpg/pkg/game/player.go:528.2,528.63 1 0
goldbox-rpg/pkg/game/player.go:540.59,544.19 3 0
goldbox-rpg/pkg/game/player.go:544.19,546.3 1 0
goldbox-rpg/pkg/game/player.go:548.2,548.35 1 0
goldbox-rpg/pkg/game/player.go:548.35,549.26 1 0
goldbox-rpg/pkg/game/player.go:549.26,553.4 2 0
goldbox-rpg/pkg/game/player.go:556.2,556.68 1 0
goldbox-rpg/pkg/game/player.go:566.44,571.35 4 0
goldbox-rpg/pkg/game/player.go:571.35,572.34 1 0
goldbox-rpg/pkg/game/player.go:572.34,574.4 1 0
goldbox-rpg/pkg/game/player.go:577.2,577.21 1 0
goldbox-rpg/pkg/game/player.go:587.47,592.35 4 0
goldbox-rpg/pkg/game/player.go:592.35,593.37 1 0
goldbox-rpg/pkg/game/player.go:593.37,595.4 1 0
goldbox-rpg/pkg/game/player.go:598.2,598.24 1 0
goldbox-rpg/pkg/game/player.go:608.40,616.2 5 1
goldbox-rpg/pkg/game/player.go:620.50,624.38 3 1
goldbox-rpg/pkg/game/player.go:624.38,625.26 1 1
goldbox-rpg/pkg/game/player.go:625.26,627.4 1 1
goldbox-rpg/pkg/game/player.go:629.2,629.14 1 1
goldbox-rpg/pkg/game/player.go:634.48,639.43 3 1
goldbox-rpg/pkg/game/player.go:639.43,640.32 1 1
goldbox-rpg/pkg/game/player.go:640.32,642.4 1 1
goldbox-rpg/pkg/game/player.go:646.2,646.24 1 1
goldbox-rpg/pkg/game/player.go:646.24,648.3 1 1
goldbox-rpg/pkg/game/player.go:651.2,651.27 1 1
goldbox-rpg/pkg/game/player.go:651.27,653.3 1 1
goldbox-rpg/pkg/game/player.go:656.2,657.12 2 1
goldbox-rpg/pkg/game/player.go:662.39,663.17 1 1
goldbox-rpg/pkg/game/player.go:664.17,665.14 1 1
goldbox-rpg/pkg/game/player.go:666.19,667.14 1 0
goldbox-rpg/pkg/game/player.go:668.20,669.22 1 1
goldbox-rpg/pkg/game/player.go:670.19,671.22 1 0
goldbox-rpg/pkg/game/player.go:672.10,673.15 1 1
goldbox-rpg/pkg/game/spatial_index.go:38.65,51.2 1 1
goldbox-rpg/pkg/game/spatial_index.go:54.54,59.34 4 1
goldbox-rpg/pkg/game/spatial_index.go:59.34,61.3 1 1
goldbox-rpg/pkg/game/spatial_index.go:63.2,63.36 1 1
goldbox-rpg/pkg/game/spatial_index.go:67.55,72.2 3 1
goldbox-rpg/pkg/game/spatial_index.go:75.72,82.2 5 1
goldbox-rpg/pkg/game/spatial_index.go:85.90,105.33 9 1
goldbox-rpg/pkg/game/spatial_index.go:105.33,112.39 5 1
goldbox-rpg/pkg/game/spatial_index.go:112.39,114.4 1 1
goldbox-rpg/pkg/game/spatial_index.go:117.2,117.15 1 1
goldbox-rpg/pkg/game/spatial_index.go:121.80,129.26 5 1
goldbox-rpg/pkg/game/spatial_index.go:129.26,131.24 2 1
goldbox-rpg/pkg/game/spatial_index.go:131.24,134.24 2 1
goldbox-rpg/pkg/game/spatial_index.go:134.24,136.5 1 1
goldbox-rpg/pkg/game/spatial_index.go:137.4,137.18 1 1
goldbox-rpg/pkg/game/spatial_index.go:139.3,139.14 1 0
goldbox-rpg/pkg/game/spatial_index.go:143.2,146.25 4 0
goldbox-rpg/pkg/game/spatial_index.go:146.25,148.3 1 0
goldbox-rpg/pkg/game/spatial_index.go:149.2,149.19 1 0
goldbox-rpg/pkg/game/spatial_index.go:153.65,159.2 2 1
goldbox-rpg/pkg/game/spatial_index.go:162.72,168.73 4 1
goldbox-rpg/pkg/game/spatial_index.go:168.73,170.3 1 1
goldbox-rpg/pkg/game/spatial_index.go:173.2,173.36 1 1
goldbox-rpg/pkg/game/spatial_index.go:177.33,186.2 3 1
goldbox-rpg/pkg/game/spatial_index.go:189.54,196.2 5 1
goldbox-rpg/pkg/game/spatial_index.go:209.77,212.36 2 1
goldbox-rpg/pkg/game/spatial_index.go:212.36,214.3 1 0
goldbox-rpg/pkg/game/spatial_index.go:216.2,216.17 1 1
goldbox-rpg/pkg/game/spatial_index.go:216.17,220.56 2 1
goldbox-rpg/pkg/game/spatial_index.go:220.56,222.4 1 1
goldbox-rpg/pkg/game/spatial_index.go:223.3,223.13 1 1
goldbox-rpg/pkg/game/spatial_index.go:227.2,227.38 1 1
goldbox-rpg/pkg/game/spatial_index.go:227.38,228.37 1 1
goldbox-rpg/pkg/game/spatial_index.go:228.37,230.4 1 1
goldbox-rpg/pkg/game/spatial_index.go:233.2,233.72 1 0
goldbox-rpg/pkg/game/spatial_index.go:236.78,237.17 1 1
goldbox-rpg/pkg/game/spatial_index.go:237.17,238.36 1 1
goldbox-rpg/pkg/game/spatial_index.go:238.36,239.31 1 1
goldbox-rpg/pkg/game/spatial_index.go:239.31,244.5 3 1
goldbox-rpg/pkg/game/spatial_index.go:246.3,246.53 1 1
goldbox-rpg/pkg/game/spatial_index.go:250.2,250.38 1 0
goldbox-rpg/pkg/game/spatial_index.go:250.38,251.56 1 0
goldbox-rpg/pkg/game/spatial_index.go:251.56,253.4 1 0
goldbox-rpg/pkg/game/spatial_index.go:256.2,256.65 1 0
goldbox-rpg/pkg/game/spatial_index.go:259.105,260.17 1 1
goldbox-rpg/pkg/game/spatial_index.go:260.17,261.34 1 1
goldbox-rpg/pkg/game/spatial_index.go:261.34,262.29 1 1
goldbox-rpg/pkg/game/spatial_index.go:262.29,267.5 4 1
goldbox-rpg/pkg/game/spatial_index.go:269.3,269.53 1 1
goldbox-rpg/pkg/game/spatial_index.go:272.2,272.38 1 0
goldbox-rpg/pkg/game/spatial_index.go:272.38,273.71 1 0
goldbox-rpg/pkg/game/spatial_index.go:273.71,275.4 1 0
goldbox-rpg/pkg/game/spatial_index.go:278.2,278.65 1 0
goldbox-rpg/pkg/game/spatial_index.go:281.92,282.39 1 1
goldbox-rpg/pkg/game/spatial_index.go:282.39,284.3 1 1
goldbox-rpg/pkg/game/spatial_index.go:286.2,286.17 1 1
goldbox-rpg/pkg/game/spatial_index.go:286.17,287.36 1 1
goldbox-rpg/pkg/game/spatial_index.go:287.36,289.30 2 1
goldbox-rpg/pkg/game/spatial_index.go:289.30,291.5 1 1
goldbox-rpg/pkg/game/spatial_index.go:293.3,293.9 1 1
goldbox-rpg/pkg/game/spatial_index.go:296.2,296.38 1 1
goldbox-rpg/pkg/game/spatial_index.go:296.38,298.3 1 1
goldbox-rpg/pkg/game/spatial_index.go:301.54,302.44 1 1
goldbox-rpg/pkg/game/spatial_index.go:302.44,304.3 1 0
goldbox-rpg/pkg/game/spatial_index.go:306.2,319.35 5 1
goldbox-rpg/pkg/game/spatial_index.go:319.35,321.39 2 1
goldbox-rpg/pkg/game/spatial_index.go:321.39,322.38 1 1
goldbox-rpg/pkg/game/spatial_index.go:322.38,324.10 2 1
goldbox-rpg/pkg/game/spatial_index.go:330.2,331.21 2 1
goldbox-rpg/pkg/game/spatial_index.go:334.57,338.2 3 1
goldbox-rpg/pkg/game/spatial_index.go:340.69,343.2 1 1
goldbox-rpg/pkg/game/spatial_index.go:345.65,348.2 1 1
goldbox-rpg/pkg/game/spatial_index.go:350.63,354.2 3 1
goldbox-rpg/pkg/game/spatial_index.go:356.79,357.38 1 1
goldbox-rpg/pkg/game/spatial_index.go:357.38,358.41 1 1
goldbox-rpg/pkg/game/spatial_index.go:358.41,361.21 3 1
goldbox-rpg/pkg/game/spatial_index.go:361.21,363.5 1 0
goldbox-rpg/pkg/game/spatial_index.go:368.94,370.28 2 1
goldbox-rpg/pkg/game/spatial_index.go:370.28,372.3 1 1
goldbox-rpg/pkg/game/spatial_index.go:374.2,374.17 1 1
goldbox-rpg/pkg/game/spatial_index.go:374.17,377.3 2 1
goldbox-rpg/pkg/game/spatial_index.go:377.8,378.39 1 1
goldbox-rpg/pkg/game/spatial_index.go:378.39,380.4 1 1
goldbox-rpg/pkg/game/spell.go:84.38,85.11 1 1
goldbox-rpg/pkg/game/spell.go:86.24,87.22 1 1
goldbox-rpg/pkg/game/spell.go:88.25,89.23 1 1
goldbox-rpg/pkg/game/spell.go:90.24,91.22 1 1
goldbox-rpg/pkg/game/spell.go:92.25,93.23 1 1
goldbox-rpg/pkg/game/spell.go:94.23,95.21 1 1
goldbox-rpg/pkg/game/spell.go:96.22,97.20 1 1
goldbox-rpg/pkg/game/spell.go:98.24,99.22 1 1
goldbox-rpg/pkg/game/spell.go:100.27,101.25 1 1
goldbox-rpg/pkg/game/spell.go:102.10,103.19 1 0
goldbox-rpg/pkg/game/spell.go:108.45,109.11 1 1
goldbox-rpg/pkg/game/spell.go:110.34,111.26 1 1
goldbox-rpg/pkg/game/spell.go:112.36,113.27 1 0
goldbox-rpg/pkg/game/spell.go:114.34,115.26 1 0
goldbox-rpg/pkg/game/spell.go:116.36,117.27 1 0
goldbox-rpg/pkg/game/spell.go:118.32,119.25 1 1
goldbox-rpg/pkg/game/spell.go:120.30,121.24 1 0
goldbox-rpg/pkg/game/spell.go:122.34,123.26 1 0
goldbox-rpg/pkg/game/spell.go:124.40,125.29 1 0
goldbox-rpg/pkg/game/spell.go:126.10,127.25 1 1
goldbox-rpg/pkg/game/spell.go:132.41,133.11 1 1
goldbox-rpg/pkg/game/spell.go:134.23,135.18 1 1
goldbox-rpg/pkg/game/spell.go:136.24,137.19 1 1
goldbox-rpg/pkg/game/spell.go:138.25,139.20 1 1
goldbox-rpg/pkg/game/spell.go:140.10,141.19 1 0
goldbox-rpg/pkg/game/spell.go:146.51,147.11 1 1
goldbox-rpg/pkg/game/spell.go:148.31,149.25 1 1
goldbox-rpg/pkg/game/spell.go:150.33,151.26 1 1
goldbox-rpg/pkg/game/spell.go:152.35,153.27 1 1
goldbox-rpg/pkg/game/spell.go:154.10,155.25 1 1
goldbox-rpg/pkg/game/spell_manager.go:20.54,25.2 1 1
goldbox-rpg/pkg/game/spell_manager.go:28.44,29.57 1 1
goldbox-rpg/pkg/game/spell_manager.go:29.57,31.3 1 0
goldbox-rpg/pkg/game/spell_manager.go:33.2,34.16 2 1
goldbox-rpg/pkg/game/spell_manager.go:34.16,36.3 1 0
goldbox-rpg/pkg/game/spell_manager.go:38.2,38.29 1 1
goldbox-rpg/pkg/game/spell_manager.go:38.29,39.90 1 1
goldbox-rpg/pkg/game/spell_manager.go:39.90,40.12 1 0
goldbox-rpg/pkg/game/spell_manager.go:43.3,44.52 2 1
goldbox-rpg/pkg/game/spell_manager.go:44.52,46.4 1 0
goldbox-rpg/pkg/game/spell_manager.go:49.2,49.12 1 1
goldbox-rpg/pkg/game/spell_manager.go:53.62,55.16 2 1
goldbox-rpg/pkg/game/spell_manager.go:55.16,57.3 1 0
goldbox-rpg/pkg/game/spell_manager.go:59.2,60.58 2 1
goldbox-rpg/pkg/game/spell_manager.go:60.58,62.3 1 0
goldbox-rpg/pkg/game/spell_manager.go:64.2,64.35 1 1
goldbox-rpg/pkg/game/spell_manager.go:64.35,68.49 2 1
goldbox-rpg/pkg/game/spell_manager.go:68.49,70.4 1 0
goldbox-rpg/pkg/game/spell_manager.go:72.3,72.30 1 1
goldbox-rpg/pkg/game/spell_manager.go:75.2,75.12 1 1
goldbox-rpg/pkg/game/spell_manager.go:79.59,80.20 1 1
goldbox-rpg/pkg/game/spell_manager.go:80.20,82.3 1 0
goldbox-rpg/pkg/game/spell_manager.go:83.2,83.22 1 1
goldbox-rpg/pkg/game/spell_manager.go:83.22,85.3 1 0
goldbox-rpg/pkg/game/spell_manager.go:86.2,86.21 1 1
goldbox-rpg/pkg/game/spell_manager.go:86.21,88.3 1 0
goldbox-rpg/pkg/game/spell_manager.go:89.2,89.21 1 1
goldbox-rpg/pkg/game/spell_manager.go:89.21,91.3 1 0
goldbox-rpg/pkg/game/spell_manager.go:92.2,92.24 1 1
goldbox-rpg/pkg/game/spell_manager.go:92.24,94.3 1 0
goldbox-rpg/pkg/game/spell_manager.go:95.2,95.12 1 1
goldbox-rpg/pkg/game/spell_manager.go:99.72,100.48 1 1
goldbox-rpg/pkg/game/spell_manager.go:100.48,102.3 1 0
goldbox-rpg/pkg/game/spell_manager.go:104.2,109.16 3 1
goldbox-rpg/pkg/game/spell_manager.go:109.16,111.3 1 0
goldbox-rpg/pkg/game/spell_manager.go:113.2,114.59 2 1
goldbox-rpg/pkg/game/spell_manager.go:114.59,116.3 1 0
goldbox-rpg/pkg/game/spell_manager.go:119.2,121.12 2 1
goldbox-rpg/pkg/game/spell_manager.go:125.51,129.34 2 0
goldbox-rpg/pkg/game/spell_manager.go:129.34,131.3 1 0
goldbox-rpg/pkg/game/spell_manager.go:134.2,134.43 1 0
goldbox-rpg/pkg/game/spell_manager.go:134.43,136.42 1 0
goldbox-rpg/pkg/game/spell_manager.go:136.42,138.4 1 0
goldbox-rpg/pkg/game/spell_manager.go:140.3,142.17 3 0
goldbox-rpg/pkg/game/spell_manager.go:142.17,144.4 1 0
goldbox-rpg/pkg/game/spell_manager.go:146.3,147.17 2 0
goldbox-rpg/pkg/game/spell_manager.go:147.17,149.4 1 0
goldbox-rpg/pkg/game/spell_manager.go:149.9,151.4 1 0
goldbox-rpg/pkg/game/spell_manager.go:153.3,154.60 2 0
goldbox-rpg/pkg/game/spell_manager.go:154.60,156.4 1 0
goldbox-rpg/pkg/game/spell_manager.go:159.2,159.12 1 0
goldbox-rpg/pkg/game/spell_manager.go:163.66,165.13 2 1
goldbox-rpg/pkg/game/spell_manager.go:165.13,167.3 1 0
goldbox-rpg/pkg/game/spell_manager.go:170.2,171.24 2 1
goldbox-rpg/pkg/game/spell_manager.go:175.62,178.34 2 1
goldbox-rpg/pkg/game/spell_manager.go:178.34,179.27 1 1
goldbox-rpg/pkg/game/spell_manager.go:179.27,182.4 2 1
goldbox-rpg/pkg/game/spell_manager.go:186.2,186.41 1 1
goldbox-rpg/pkg/game/spell_manager.go:186.41,188.3 1 1
goldbox-rpg/pkg/game/spell_manager.go:190.2,190.15 1 1
goldbox-rpg/pkg/game/spell_manager.go:194.72,197.34 2 1
goldbox-rpg/pkg/game/spell_manager.go:197.34,198.29 1 1
goldbox-rpg/pkg/game/spell_manager.go:198.29,201.4 2 1
goldbox-rpg/pkg/game/spell_manager.go:205.2,205.41 1 1
goldbox-rpg/pkg/game/spell_manager.go:205.41,206.41 1 1
goldbox-rpg/pkg/game/spell_manager.go:206.41,208.4 1 1
goldbox-rpg/pkg/game/spell_manager.go:209.3,209.41 1 0
goldbox-rpg/pkg/game/spell_manager.go:212.2,212.15 1 1
goldbox-rpg/pkg/game/spell_manager.go:216.49,219.34 2 0
goldbox-rpg/pkg/game/spell_manager.go:219.34,222.3 2 0
goldbox-rpg/pkg/game/spell_manager.go:225.2,225.41 1 0
goldbox-rpg/pkg/game/spell_manager.go:225.41,226.41 1 0
goldbox-rpg/pkg/game/spell_manager.go:226.41,228.4 1 0
goldbox-rpg/pkg/game/spell_manager.go:229.3,229.41 1 0
goldbox-rpg/pkg/game/spell_manager.go:232.2,232.15 1 0
goldbox-rpg/pkg/game/spell_manager.go:236.54,237.48 1 1
goldbox-rpg/pkg/game/spell_manager.go:237.48,239.3 1 0
goldbox-rpg/pkg/game/spell_manager.go:241.2,241.46 1 1
goldbox-rpg/pkg/game/spell_manager.go:241.46,243.3 1 0
goldbox-rpg/pkg/game/spell_manager.go:245.2,246.12 2 1
goldbox-rpg/pkg/game/spell_manager.go:250.57,251.48 1 0
goldbox-rpg/pkg/game/spell_manager.go:251.48,253.3 1 0
goldbox-rpg/pkg/game/spell_manager.go:255.2,255.47 1 0
goldbox-rpg/pkg/game/spell_manager.go:255.47,257.3 1 0
goldbox-rpg/pkg/game/spell_manager.go:259.2,260.12 2 0
goldbox-rpg/pkg/game/spell_manager.go:264.59,265.46 1 0
goldbox-rpg/pkg/game/spell_manager.go:265.46,267.3 1 0
goldbox-rpg/pkg/game/spell_manager.go:269.2,270.12 2 0
goldbox-rpg/pkg/game/spell_manager.go:274.45,276.2 1 0
goldbox-rpg/pkg/game/spell_manager.go:279.60,282.34 2 0
goldbox-rpg/pkg/game/spell_manager.go:282.34,284.3 1 0
goldbox-rpg/pkg/game/spell_manager.go:286.2,286.15 1 0
goldbox-rpg/pkg/game/spell_manager.go:290.61,294.34 3 1
goldbox-rpg/pkg/game/spell_manager.go:294.34,296.59 1 1
goldbox-rpg/pkg/game/spell_manager.go:296.59,299.12 3 1
goldbox-rpg/pkg/game/spell_manager.go:303.3,303.66 1 1
goldbox-rpg/pkg/game/spell_manager.go:303.66,306.12 3 1
goldbox-rpg/pkg/game/spell_manager.go:310.3,310.48 1 1
goldbox-rpg/pkg/game/spell_manager.go:310.48,311.57 1 1
goldbox-rpg/pkg/game/spell_manager.go:311.57,314.10 3 1
goldbox-rpg/pkg/game/spell_manager.go:320.2,320.41 1 1
goldbox-rpg/pkg/game/spell_manager.go:320.41,321.41 1 1
goldbox-rpg/pkg/game/spell_manager.go:321.41,323.4 1 0
goldbox-rpg/pkg/game/spell_manager.go:324.3,324.41 1 1
goldbox-rpg/pkg/game/spell_manager.go:327.2,327.15 1 1
goldbox-rpg/pkg/game/tile.go:78.26,91.2 1 1
goldbox-rpg/pkg/game/tile.go:113.25,126.2 1 1
goldbox-rpg/pkg/game/utils.go:18.22,22.2 3 1
goldbox-rpg/pkg/game/utils.go:37.41,41.2 1 1
goldbox-rpg/pkg/game/utils.go:64.36,66.13 1 1
goldbox-rpg/pkg/game/utils.go:66.13,68.3 1 1
goldbox-rpg/pkg/game/utils.go:72.2,76.35 3 1
goldbox-rpg/pkg/game/utils.go:76.35,77.23 1 1
goldbox-rpg/pkg/game/utils.go:77.23,79.4 1 1
goldbox-rpg/pkg/game/utils.go:79.9,80.9 1 1
goldbox-rpg/pkg/game/utils.go:84.2,84.21 1 1
goldbox-rpg/pkg/game/utils.go:89.70,101.2 3 1
goldbox-rpg/pkg/game/utils.go:107.37,108.11 1 0
goldbox-rpg/pkg/game/utils.go:108.11,110.3 1 0
goldbox-rpg/pkg/game/utils.go:111.2,111.10 1 0
goldbox-rpg/pkg/game/utils.go:116.37,117.11 1 0
goldbox-rpg/pkg/game/utils.go:117.11,119.3 1 0
goldbox-rpg/pkg/game/utils.go:120.2,120.10 1 0
goldbox-rpg/pkg/game/utils.go:125.27,126.11 1 1
goldbox-rpg/pkg/game/utils.go:126.11,128.3 1 0
goldbox-rpg/pkg/game/utils.go:129.2,129.10 1 1
goldbox-rpg/pkg/game/utils.go:133.27,134.11 1 0
goldbox-rpg/pkg/game/utils.go:134.11,136.3 1 0
goldbox-rpg/pkg/game/utils.go:137.2,137.10 1 0
goldbox-rpg/pkg/game/utils.go:142.54,144.2 1 0
goldbox-rpg/pkg/game/utils.go:167.57,168.15 1 1
goldbox-rpg/pkg/game/utils.go:168.15,170.3 1 1
goldbox-rpg/pkg/game/utils.go:173.2,181.16 3 1
goldbox-rpg/pkg/game/utils.go:181.16,183.3 1 1
goldbox-rpg/pkg/game/utils.go:186.2,187.20 2 1
goldbox-rpg/pkg/game/utils.go:187.20,189.3 1 1
goldbox-rpg/pkg/game/utils.go:191.2,191.50 1 1
goldbox-rpg/pkg/game/world.go:25.67,29.39 3 1
goldbox-rpg/pkg/game/world.go:29.39,30.14 1 1
goldbox-rpg/pkg/game/world.go:31.18,32.56 1 1
goldbox-rpg/pkg/game/world.go:32.56,33.34 1 1
goldbox-rpg/pkg/game/world.go:33.34,39.31 4 1
goldbox-rpg/pkg/game/world.go:39.31,40.56 1 1
goldbox-rpg/pkg/game/world.go:40.57,44.8 0 0
goldbox-rpg/pkg/game/world.go:48.18,49.53 1 1
goldbox-rpg/pkg/game/world.go:49.53,50.37 1 1
goldbox-rpg/pkg/game/world.go:50.37,52.6 1 1
goldbox-rpg/pkg/game/world.go:54.15,55.47 1 1
goldbox-rpg/pkg/game/world.go:55.47,56.31 1 1
goldbox-rpg/pkg/game/world.go:56.31,58.6 1 1
goldbox-rpg/pkg/game/world.go:60.23,61.40 1 1
goldbox-rpg/pkg/game/world.go:61.40,63.5 1 1
goldbox-rpg/pkg/game/world.go:64.11,65.52 1 1
goldbox-rpg/pkg/game/world.go:69.2,69.12 1 1
goldbox-rpg/pkg/game/world.go:73.32,92.30 5 1
goldbox-rpg/pkg/game/world.go:92.30,94.3 1 1
goldbox-rpg/pkg/game/world.go:97.2,97.30 1 1
goldbox-rpg/pkg/game/world.go:97.30,99.3 1 1
goldbox-rpg/pkg/game/world.go:102.2,102.27 1 1
goldbox-rpg/pkg/game/world.go:102.27,104.3 1 1
goldbox-rpg/pkg/game/world.go:107.2,107.34 1 1
goldbox-rpg/pkg/game/world.go:107.34,111.3 3 1
goldbox-rpg/pkg/game/world.go:114.2,114.27 1 1
goldbox-rpg/pkg/game/world.go:114.27,116.37 2 1
goldbox-rpg/pkg/game/world.go:116.37,117.57 1 1
goldbox-rpg/pkg/game/world.go:117.57,120.13 1 0
goldbox-rpg/pkg/game/world.go:125.2,125.14 1 1
goldbox-rpg/pkg/game/world.go:155.24,165.2 1 1
goldbox-rpg/pkg/game/world.go:168.59,178.2 1 1
goldbox-rpg/pkg/game/world.go:181.49,185.49 3 1
goldbox-rpg/pkg/game/world.go:185.49,187.3 1 1
goldbox-rpg/pkg/game/world.go:189.2,196.27 4 1
goldbox-rpg/pkg/game/world.go:196.27,197.52 1 1
goldbox-rpg/pkg/game/world.go:197.52,201.4 1 0
goldbox-rpg/pkg/game/world.go:204.2,204.12 1 1
goldbox-rpg/pkg/game/world.go:208.57,213.40 4 1
goldbox-rpg/pkg/game/world.go:213.40,214.43 1 1
goldbox-rpg/pkg/game/world.go:214.43,216.4 1 1
goldbox-rpg/pkg/game/world.go:219.2,219.16 1 1
goldbox-rpg/pkg/game/world.go:223.69,225.39 1 1
goldbox-rpg/pkg/game/world.go:225.39,227.3 1 1
goldbox-rpg/pkg/game/world.go:230.2,231.38 2 1
goldbox-rpg/pkg/game/world.go:231.38,232.23 1 1
goldbox-rpg/pkg/game/world.go:232.23,234.4 1 1
goldbox-rpg/pkg/game/world.go:239.2,239.12 1 1
goldbox-rpg/pkg/game/world.go:243.59,246.2 1 1
goldbox-rpg/pkg/game/world.go:249.52,253.2 1 1
goldbox-rpg/pkg/game/world.go:256.64,260.27 3 1
goldbox-rpg/pkg/game/world.go:260.27,262.3 1 1
goldbox-rpg/pkg/game/world.go:265.2,266.32 2 1
goldbox-rpg/pkg/game/world.go:266.32,269.45 2 1
goldbox-rpg/pkg/game/world.go:269.45,271.4 1 1
goldbox-rpg/pkg/game/world.go:273.2,273.16 1 1
goldbox-rpg/pkg/game/world.go:277.82,281.27 3 1
goldbox-rpg/pkg/game/world.go:281.27,283.3 1 1
goldbox-rpg/pkg/game/world.go:286.2,287.32 2 1
goldbox-rpg/pkg/game/world.go:287.32,292.25 5 1
goldbox-rpg/pkg/game/world.go:292.25,294.4 1 1
goldbox-rpg/pkg/game/world.go:296.2,296.16 1 1
goldbox-rpg/pkg/game/world.go:300.72,304.27 3 1
goldbox-rpg/pkg/game/world.go:304.27,306.3 1 1
goldbox-rpg/pkg/game/world.go:309.2,315.32 3 1
goldbox-rpg/pkg/game/world.go:315.32,321.3 5 1
goldbox-rpg/pkg/game/world.go:324.2,324.41 1 1
goldbox-rpg/pkg/game/world.go:324.41,325.44 1 1
goldbox-rpg/pkg/game/world.go:325.44,326.55 1 1
goldbox-rpg/pkg/game/world.go:326.55,328.5 1 0
goldbox-rpg/pkg/game/world.go:332.2,334.25 3 1
goldbox-rpg/pkg/game/world.go:334.25,336.3 1 0
goldbox-rpg/pkg/game/world.go:337.2,337.29 1 1
goldbox-rpg/pkg/game/world.go:337.29,339.3 1 1
goldbox-rpg/pkg/game/world.go:340.2,340.15 1 1
goldbox-rpg/pkg/game/world.go:344.78,349.13 4 1
goldbox-rpg/pkg/game/world.go:349.13,351.3 1 0
goldbox-rpg/pkg/game/world.go:353.2,356.48 2 1
goldbox-rpg/pkg/game/world.go:356.48,358.3 1 0
goldbox-rpg/pkg/game/world.go:362.2,362.57 1 1
goldbox-rpg/pkg/game/world.go:362.57,363.33 1 1
goldbox-rpg/pkg/game/world.go:363.33,364.22 1 1
goldbox-rpg/pkg/game/world.go:364.22,366.10 2 1
goldbox-rpg/pkg/game/world.go:369.3,369.38 1 1
goldbox-rpg/pkg/game/world.go:369.38,371.4 1 1
goldbox-rpg/pkg/game/world.go:374.2,377.27 2 1
goldbox-rpg/pkg/game/world.go:377.27,378.65 1 1
goldbox-rpg/pkg/game/world.go:378.65,380.4 1 0
goldbox-rpg/pkg/game/world.go:383.2,383.12 1 1
goldbox-rpg/pkg/game/world.go:387.53,392.13 4 1
goldbox-rpg/pkg/game/world.go:392.13,394.3 1 0
goldbox-rpg/pkg/game/world.go:396.2,402.51 3 1
goldbox-rpg/pkg/game/world.go:402.51,403.30 1 1
goldbox-rpg/pkg/game/world.go:403.30,404.22 1 1
goldbox-rpg/pkg/game/world.go:404.22,406.10 2 1
goldbox-rpg/pkg/game/world.go:409.3,409.35 1 1
goldbox-rpg/pkg/game/world.go:409.35,411.4 1 1
goldbox-rpg/pkg/game/world.go:415.2,415.27 1 1
goldbox-rpg/pkg/game/world.go:415.27,416.57 1 1
goldbox-rpg/pkg/game/world.go:416.57,418.4 1 0
goldbox-rpg/pkg/game/world.go:421.2,421.12 1 1
goldbox-rpg/pkg/game/world.go:425.59,429.27 3 1
goldbox-rpg/pkg/game/world.go:429.27,432.3 2 1
goldbox-rpg/pkg/game/world.go:433.2,433.12 1 0
goldbox-rpg/pkg/game/world_types.go:64.56,70.2 5 1
goldbox-rpg/pkg/game/world_types.go:73.53,77.2 3 1
